#
# There is insufficient memory for the Java Runtime Environment to continue.
# Native memory allocation (malloc) failed to allocate 2097152 bytes for AllocateHeap
# Possible reasons:
#   The system is out of physical RAM or swap space
#   The process is running with CompressedOops enabled, and the Java Heap may be blocking the growth of the native heap
# Possible solutions:
#   Reduce memory load on the system
#   Increase physical memory or swap space
#   Check if swap backing store is full
#   Decrease Java heap size (-Xmx/-Xms)
#   Decrease number of Java threads
#   Decrease Java thread stack sizes (-Xss)
#   Set larger code cache with -XX:ReservedCodeCacheSize=
#   JVM is running with Unscaled Compressed Oops mode in which the Java heap is
#     placed in the first 4GB address space. The Java Heap base address is the
#     maximum limit for the native heap growth. Please use -XX:HeapBaseMinAddress
#     to set the Java Heap base and to place the Java Heap above 4GB virtual address.
# This output file may be truncated or incomplete.
#
#  Out of Memory Error (allocation.cpp:44), pid=22652, tid=17048
#
# JRE version: OpenJDK Runtime Environment Temurin-17.0.7+7 (17.0.7+7) (build 17.0.7+7)
# Java VM: OpenJDK 64-Bit Server VM Temurin-17.0.7+7 (17.0.7+7, mixed mode, emulated-client, tiered, compressed oops, compressed class ptrs, g1 gc, windows-amd64)
# No core dump will be written. Minidumps are not enabled by default on client versions of Windows
#

---------------  S U M M A R Y ------------

Command Line: -XX:+HeapDumpOnOutOfMemoryError -Xmx1024m -Dsts.lsp.client=vscode -Dsts.log.file=/dev/null -XX:TieredStopAtLevel=1 -Xlog:jni+resolve=off -Dspring.config.location=file:c:\Users\23020224\.vscode\extensions\vmware.vscode-spring-boot-1.47.0\language-server\BOOT-INF\classes\application.properties org.springframework.ide.vscode.boot.app.BootLanguageServerBootApp

Host: 11th Gen Intel(R) Core(TM) i7-1165G7 @ 2.80GHz, 8 cores, 15G,  Windows 10 , 64 bit Build 19041 (10.0.19041.2364)
Time: Thu Jul  6 16:19:31 2023 SE Asia Standard Time elapsed time: 5037.134131 seconds (0d 1h 23m 57s)

---------------  T H R E A D  ---------------

Current thread (0x0000024aa0960c20):  VMThread "VM Thread" [stack: 0x000000c946800000,0x000000c946900000] [id=17048]

Stack: [0x000000c946800000,0x000000c946900000]
Native frames: (J=compiled Java code, j=interpreted, Vv=VM code, C=native code)
V  [jvm.dll+0x67754a]
V  [jvm.dll+0x834304]
V  [jvm.dll+0x835aae]
V  [jvm.dll+0x836113]
V  [jvm.dll+0x24696f]
V  [jvm.dll+0xa681f]
V  [jvm.dll+0x2f7481]
V  [jvm.dll+0x2f30f0]
V  [jvm.dll+0x2db6c7]
V  [jvm.dll+0x31e777]
V  [jvm.dll+0x83a5bb]
V  [jvm.dll+0x83b2f4]
V  [jvm.dll+0x83b80c]
V  [jvm.dll+0x83bbe4]
V  [jvm.dll+0x83bcb0]
V  [jvm.dll+0x7e4e7a]
V  [jvm.dll+0x676395]
C  [ucrtbase.dll+0x21bb2]
C  [KERNEL32.DLL+0x17614]
C  [ntdll.dll+0x526a1]

VM_Operation (0x000000c9481fe9f0): G1CollectFull, mode: safepoint, requested by thread 0x0000024aa62bc380


---------------  P R O C E S S  ---------------

Threads class SMR info:
_java_thread_list=0x0000024aa643d7e0, length=18, elements={
0x0000024aa0963d80, 0x0000024aa09648c0, 0x0000024aa09c0130, 0x0000024aa09c09f0,
0x0000024aa09c12b0, 0x0000024aa09c7080, 0x0000024aa09c9950, 0x0000024aa09d2660,
0x0000024aa0bd9340, 0x0000024aa0beae80, 0x0000024aa61bd2a0, 0x0000024aa5c8eec0,
0x0000024aa62bc380, 0x0000024aa62e5870, 0x0000024a952edb50, 0x0000024aa6466c40,
0x0000024aa6469eb0, 0x0000024aa646b790
}

Java Threads: ( => current thread )
  0x0000024aa0963d80 JavaThread "Reference Handler" daemon [_thread_blocked, id=22164, stack(0x000000c946900000,0x000000c946a00000)]
  0x0000024aa09648c0 JavaThread "Finalizer" daemon [_thread_blocked, id=12272, stack(0x000000c946a00000,0x000000c946b00000)]
  0x0000024aa09c0130 JavaThread "Signal Dispatcher" daemon [_thread_blocked, id=5408, stack(0x000000c946b00000,0x000000c946c00000)]
  0x0000024aa09c09f0 JavaThread "Attach Listener" daemon [_thread_blocked, id=24212, stack(0x000000c946c00000,0x000000c946d00000)]
  0x0000024aa09c12b0 JavaThread "Service Thread" daemon [_thread_blocked, id=24696, stack(0x000000c946d00000,0x000000c946e00000)]
  0x0000024aa09c7080 JavaThread "Monitor Deflation Thread" daemon [_thread_blocked, id=19440, stack(0x000000c946e00000,0x000000c946f00000)]
  0x0000024aa09c9950 JavaThread "C1 CompilerThread0" daemon [_thread_blocked, id=25072, stack(0x000000c946f00000,0x000000c947000000)]
  0x0000024aa09d2660 JavaThread "Sweeper thread" daemon [_thread_blocked, id=24492, stack(0x000000c947000000,0x000000c947100000)]
  0x0000024aa0bd9340 JavaThread "Notification Thread" daemon [_thread_blocked, id=10956, stack(0x000000c947200000,0x000000c947300000)]
  0x0000024aa0beae80 JavaThread "Common-Cleaner" daemon [_thread_blocked, id=25696, stack(0x000000c947400000,0x000000c947500000)]
  0x0000024aa61bd2a0 JavaThread "boundedElastic-evictor-1" daemon [_thread_blocked, id=16804, stack(0x000000c947c00000,0x000000c947d00000)]
  0x0000024aa5c8eec0 JavaThread "boundedElastic-evictor-2" daemon [_thread_blocked, id=3324, stack(0x000000c948000000,0x000000c948100000)]
  0x0000024aa62bc380 JavaThread "pool-10-thread-1" [_thread_blocked, id=13140, stack(0x000000c948100000,0x000000c948200000)]
  0x0000024aa62e5870 JavaThread "LanguageServerApp-lifecycle" [_thread_blocked, id=16652, stack(0x000000c948200000,0x000000c948300000)]
  0x0000024a952edb50 JavaThread "DestroyJavaVM" [_thread_blocked, id=6652, stack(0x000000c946200000,0x000000c946300000)]
  0x0000024aa6466c40 JavaThread "pool-11-thread-1" [_thread_in_native, id=7864, stack(0x000000c948300000,0x000000c948400000)]
  0x0000024aa6469eb0 JavaThread "Simple-Language-Server main thread" daemon [_thread_blocked, id=3064, stack(0x000000c948400000,0x000000c948500000)]
  0x0000024aa646b790 JavaThread "pool-6-thread-1" [_thread_blocked, id=13596, stack(0x000000c948500000,0x000000c948600000)]

Other Threads:
=>0x0000024aa0960c20 VMThread "VM Thread" [stack: 0x000000c946800000,0x000000c946900000] [id=17048]
  0x0000024a9534c420 WatcherThread [stack: 0x000000c947300000,0x000000c947400000] [id=13816]
  0x0000024a9532e060 GCTaskThread "GC Thread#0" [stack: 0x000000c946300000,0x000000c946400000] [id=3180]
  0x0000024aa5889590 GCTaskThread "GC Thread#1" [stack: 0x000000c947500000,0x000000c947600000] [id=10908]
  0x0000024aa5889840 GCTaskThread "GC Thread#2" [stack: 0x000000c947600000,0x000000c947700000] [id=20696]
  0x0000024aa5889af0 GCTaskThread "GC Thread#3" [stack: 0x000000c947700000,0x000000c947800000] [id=11044]
  0x0000024aa5889da0 GCTaskThread "GC Thread#4" [stack: 0x000000c947800000,0x000000c947900000] [id=17164]
  0x0000024aa588a050 GCTaskThread "GC Thread#5" [stack: 0x000000c947900000,0x000000c947a00000] [id=15848]
  0x0000024aa5b69770 GCTaskThread "GC Thread#6" [stack: 0x000000c947a00000,0x000000c947b00000] [id=14268]
  0x0000024aa5b69a20 GCTaskThread "GC Thread#7" [stack: 0x000000c947b00000,0x000000c947c00000] [id=6052]
  0x0000024a95336ea0 ConcurrentGCThread "G1 Main Marker" [stack: 0x000000c946400000,0x000000c946500000] [id=21336]
  0x0000024a95337f50 ConcurrentGCThread "G1 Conc#0" [stack: 0x000000c946500000,0x000000c946600000] [id=11716]
  0x0000024aa5d5f400 ConcurrentGCThread "G1 Conc#1" [stack: 0x000000c947f00000,0x000000c948000000] [id=16752]
  0x0000024aa07da520 ConcurrentGCThread "G1 Refine#0" [stack: 0x000000c946600000,0x000000c946700000] [id=22384]
  0x0000024aa07dae40 ConcurrentGCThread "G1 Service" [stack: 0x000000c946700000,0x000000c946800000] [id=17392]

Threads with active compile tasks:

VM state: at safepoint (normal execution)

VM Mutex/Monitor currently owned by a thread:  ([mutex/lock_event])
[0x0000024a938fc870] Threads_lock - owner thread: 0x0000024aa0960c20
[0x0000024a952eaac0] Heap_lock - owner thread: 0x0000024aa62bc380

Heap address: 0x00000000c0000000, size: 1024 MB, Compressed Oops mode: 32-bit

CDS archive(s) not mapped
Compressed class space mapped at: 0x0000000100000000-0x0000000140000000, reserved size: 1073741824
Narrow klass base: 0x0000000000000000, Narrow klass shift: 3, Narrow klass range: 0x140000000

GC Precious Log:
 CPUs: 8 total, 8 available
 Memory: 16118M
 Large Page Support: Disabled
 NUMA Support: Disabled
 Compressed Oops: Enabled (32-bit)
 Heap Region Size: 1M
 Heap Min Capacity: 8M
 Heap Initial Capacity: 252M
 Heap Max Capacity: 1G
 Pre-touch: Disabled
 Parallel Workers: 8
 Concurrent Workers: 2
 Concurrent Refinement Workers: 8
 Periodic GC: Disabled

Heap:
 garbage-first heap   total 65536K, used 18069K [0x00000000c0000000, 0x0000000100000000)
  region size 1024K, 1 young (1024K), 0 survivors (0K)
 Metaspace       used 37067K, committed 37568K, reserved 1114112K
  class space    used 4796K, committed 4992K, reserved 1048576K

Heap Regions: E=young(eden), S=young(survivor), O=old, HS=humongous(starts), HC=humongous(continues), CS=collection set, F=free, OA=open archive, CA=closed archive, TAMS=top-at-mark-start (previous, next)
|   0|0x00000000c0000000, 0x00000000c0100000, 0x00000000c0100000|100%|HS|  |TAMS 0x00000000c0100000, 0x00000000c0000000| Untracked 
|   1|0x00000000c0100000, 0x00000000c01ffff8, 0x00000000c0200000| 99%| O|  |TAMS 0x00000000c01ffff8, 0x00000000c0100000| Untracked 
|   2|0x00000000c0200000, 0x00000000c0300000, 0x00000000c0300000|100%| O|  |TAMS 0x00000000c0300000, 0x00000000c0200000| Untracked 
|   3|0x00000000c0300000, 0x00000000c03ffff8, 0x00000000c0400000| 99%| O|  |TAMS 0x00000000c03ffff8, 0x00000000c0300000| Untracked 
|   4|0x00000000c0400000, 0x00000000c0500000, 0x00000000c0500000|100%| O|  |TAMS 0x00000000c0500000, 0x00000000c0400000| Untracked 
|   5|0x00000000c0500000, 0x00000000c0600000, 0x00000000c0600000|100%| O|  |TAMS 0x00000000c0600000, 0x00000000c0500000| Untracked 
|   6|0x00000000c0600000, 0x00000000c0700000, 0x00000000c0700000|100%| O|  |TAMS 0x00000000c0700000, 0x00000000c0600000| Untracked 
|   7|0x00000000c0700000, 0x00000000c07fffe8, 0x00000000c0800000| 99%| O|  |TAMS 0x00000000c07fffe8, 0x00000000c0700000| Untracked 
|   8|0x00000000c0800000, 0x00000000c0900000, 0x00000000c0900000|100%| O|  |TAMS 0x00000000c0900000, 0x00000000c0800000| Untracked 
|   9|0x00000000c0900000, 0x00000000c09fffe8, 0x00000000c0a00000| 99%| O|  |TAMS 0x00000000c09fffe8, 0x00000000c0900000| Untracked 
|  10|0x00000000c0a00000, 0x00000000c0b00000, 0x00000000c0b00000|100%| O|  |TAMS 0x00000000c0b00000, 0x00000000c0a00000| Untracked 
|  11|0x00000000c0b00000, 0x00000000c0bfffd0, 0x00000000c0c00000| 99%| O|  |TAMS 0x00000000c0bfffd0, 0x00000000c0b00000| Untracked 
|  12|0x00000000c0c00000, 0x00000000c0cfffe0, 0x00000000c0d00000| 99%| O|  |TAMS 0x00000000c0cfffe0, 0x00000000c0c00000| Untracked 
|  13|0x00000000c0d00000, 0x00000000c0e00000, 0x00000000c0e00000|100%| O|  |TAMS 0x00000000c0e00000, 0x00000000c0d00000| Untracked 
|  14|0x00000000c0e00000, 0x00000000c0effff8, 0x00000000c0f00000| 99%| O|  |TAMS 0x00000000c0effff8, 0x00000000c0e00000| Untracked 
|  15|0x00000000c0f00000, 0x00000000c0fffff8, 0x00000000c1000000| 99%| O|  |TAMS 0x00000000c0fffff8, 0x00000000c0f00000| Untracked 
|  16|0x00000000c1000000, 0x00000000c10fffc0, 0x00000000c1100000| 99%| O|  |TAMS 0x00000000c10fffc0, 0x00000000c1000000| Untracked 
|  17|0x00000000c1100000, 0x00000000c11a5460, 0x00000000c1200000| 64%| O|  |TAMS 0x00000000c1100000, 0x00000000c1100000| Untracked 
|  18|0x00000000c1200000, 0x00000000c12002c0, 0x00000000c1300000|  0%| O|  |TAMS 0x00000000c1200000, 0x00000000c1200000| Untracked 
|  19|0x00000000c1300000, 0x00000000c1300000, 0x00000000c1400000|  0%| F|  |TAMS 0x00000000c1300000, 0x00000000c1300000| Untracked 
|  20|0x00000000c1400000, 0x00000000c1400000, 0x00000000c1500000|  0%| F|  |TAMS 0x00000000c1400000, 0x00000000c1400000| Untracked 
|  21|0x00000000c1500000, 0x00000000c1500000, 0x00000000c1600000|  0%| F|  |TAMS 0x00000000c1500000, 0x00000000c1500000| Untracked 
|  22|0x00000000c1600000, 0x00000000c1600000, 0x00000000c1700000|  0%| F|  |TAMS 0x00000000c1600000, 0x00000000c1600000| Untracked 
|  23|0x00000000c1700000, 0x00000000c1700000, 0x00000000c1800000|  0%| F|  |TAMS 0x00000000c1700000, 0x00000000c1700000| Untracked 
|  24|0x00000000c1800000, 0x00000000c1800000, 0x00000000c1900000|  0%| F|  |TAMS 0x00000000c1800000, 0x00000000c1800000| Untracked 
|  25|0x00000000c1900000, 0x00000000c1900000, 0x00000000c1a00000|  0%| F|  |TAMS 0x00000000c1900000, 0x00000000c1900000| Untracked 
|  26|0x00000000c1a00000, 0x00000000c1a00000, 0x00000000c1b00000|  0%| F|  |TAMS 0x00000000c1a00000, 0x00000000c1a00000| Untracked 
|  27|0x00000000c1b00000, 0x00000000c1b00000, 0x00000000c1c00000|  0%| F|  |TAMS 0x00000000c1b00000, 0x00000000c1b00000| Untracked 
|  28|0x00000000c1c00000, 0x00000000c1c00000, 0x00000000c1d00000|  0%| F|  |TAMS 0x00000000c1c00000, 0x00000000c1c00000| Untracked 
|  29|0x00000000c1d00000, 0x00000000c1d00000, 0x00000000c1e00000|  0%| F|  |TAMS 0x00000000c1d00000, 0x00000000c1d00000| Untracked 
|  30|0x00000000c1e00000, 0x00000000c1e00000, 0x00000000c1f00000|  0%| F|  |TAMS 0x00000000c1e00000, 0x00000000c1e00000| Untracked 
|  31|0x00000000c1f00000, 0x00000000c1f00000, 0x00000000c2000000|  0%| F|  |TAMS 0x00000000c1f00000, 0x00000000c1f00000| Untracked 
|  32|0x00000000c2000000, 0x00000000c2000000, 0x00000000c2100000|  0%| F|  |TAMS 0x00000000c2000000, 0x00000000c2000000| Untracked 
|  33|0x00000000c2100000, 0x00000000c2100000, 0x00000000c2200000|  0%| F|  |TAMS 0x00000000c2100000, 0x00000000c2100000| Untracked 
|  34|0x00000000c2200000, 0x00000000c2200000, 0x00000000c2300000|  0%| F|  |TAMS 0x00000000c2200000, 0x00000000c2200000| Untracked 
|  35|0x00000000c2300000, 0x00000000c2300000, 0x00000000c2400000|  0%| F|  |TAMS 0x00000000c2300000, 0x00000000c2300000| Untracked 
|  36|0x00000000c2400000, 0x00000000c2400000, 0x00000000c2500000|  0%| F|  |TAMS 0x00000000c2400000, 0x00000000c2400000| Untracked 
|  37|0x00000000c2500000, 0x00000000c2500000, 0x00000000c2600000|  0%| F|  |TAMS 0x00000000c2500000, 0x00000000c2500000| Untracked 
|  38|0x00000000c2600000, 0x00000000c2600000, 0x00000000c2700000|  0%| F|  |TAMS 0x00000000c2600000, 0x00000000c2600000| Untracked 
|  39|0x00000000c2700000, 0x00000000c2700000, 0x00000000c2800000|  0%| F|  |TAMS 0x00000000c2700000, 0x00000000c2700000| Untracked 
|  40|0x00000000c2800000, 0x00000000c2800000, 0x00000000c2900000|  0%| F|  |TAMS 0x00000000c2800000, 0x00000000c2800000| Untracked 
|  41|0x00000000c2900000, 0x00000000c2900000, 0x00000000c2a00000|  0%| F|  |TAMS 0x00000000c2900000, 0x00000000c2900000| Untracked 
|  42|0x00000000c2a00000, 0x00000000c2a00000, 0x00000000c2b00000|  0%| F|  |TAMS 0x00000000c2a00000, 0x00000000c2a00000| Untracked 
|  43|0x00000000c2b00000, 0x00000000c2b00000, 0x00000000c2c00000|  0%| F|  |TAMS 0x00000000c2b00000, 0x00000000c2b00000| Untracked 
|  44|0x00000000c2c00000, 0x00000000c2c00000, 0x00000000c2d00000|  0%| F|  |TAMS 0x00000000c2c00000, 0x00000000c2c00000| Untracked 
|  45|0x00000000c2d00000, 0x00000000c2d00000, 0x00000000c2e00000|  0%| F|  |TAMS 0x00000000c2d00000, 0x00000000c2d00000| Untracked 
|  46|0x00000000c2e00000, 0x00000000c2e00000, 0x00000000c2f00000|  0%| F|  |TAMS 0x00000000c2e00000, 0x00000000c2e00000| Untracked 
|  47|0x00000000c2f00000, 0x00000000c2f00000, 0x00000000c3000000|  0%| F|  |TAMS 0x00000000c2f00000, 0x00000000c2f00000| Untracked 
|  48|0x00000000c3000000, 0x00000000c3000000, 0x00000000c3100000|  0%| F|  |TAMS 0x00000000c3000000, 0x00000000c3000000| Untracked 
|  49|0x00000000c3100000, 0x00000000c3100000, 0x00000000c3200000|  0%| F|  |TAMS 0x00000000c3100000, 0x00000000c3100000| Untracked 
|  50|0x00000000c3200000, 0x00000000c3200000, 0x00000000c3300000|  0%| F|  |TAMS 0x00000000c3200000, 0x00000000c3200000| Untracked 
|  51|0x00000000c3300000, 0x00000000c3300000, 0x00000000c3400000|  0%| F|  |TAMS 0x00000000c3300000, 0x00000000c3300000| Untracked 
|  52|0x00000000c3400000, 0x00000000c3400000, 0x00000000c3500000|  0%| F|  |TAMS 0x00000000c3400000, 0x00000000c3400000| Untracked 
|  53|0x00000000c3500000, 0x00000000c3500000, 0x00000000c3600000|  0%| F|  |TAMS 0x00000000c3500000, 0x00000000c3500000| Untracked 
|  54|0x00000000c3600000, 0x00000000c3600000, 0x00000000c3700000|  0%| F|  |TAMS 0x00000000c3600000, 0x00000000c3600000| Untracked 
|  55|0x00000000c3700000, 0x00000000c3700000, 0x00000000c3800000|  0%| F|  |TAMS 0x00000000c3700000, 0x00000000c3700000| Untracked 
|  56|0x00000000c3800000, 0x00000000c3800000, 0x00000000c3900000|  0%| F|  |TAMS 0x00000000c3800000, 0x00000000c3800000| Untracked 
|  57|0x00000000c3900000, 0x00000000c3900000, 0x00000000c3a00000|  0%| F|  |TAMS 0x00000000c3900000, 0x00000000c3900000| Untracked 
|  58|0x00000000c3a00000, 0x00000000c3a00000, 0x00000000c3b00000|  0%| F|  |TAMS 0x00000000c3a00000, 0x00000000c3a00000| Untracked 
|  59|0x00000000c3b00000, 0x00000000c3b00000, 0x00000000c3c00000|  0%| F|  |TAMS 0x00000000c3b00000, 0x00000000c3b00000| Untracked 
|  60|0x00000000c3c00000, 0x00000000c3c00000, 0x00000000c3d00000|  0%| F|  |TAMS 0x00000000c3c00000, 0x00000000c3c00000| Untracked 
|  61|0x00000000c3d00000, 0x00000000c3d00000, 0x00000000c3e00000|  0%| F|  |TAMS 0x00000000c3d00000, 0x00000000c3d00000| Untracked 
|  62|0x00000000c3e00000, 0x00000000c3e00000, 0x00000000c3f00000|  0%| F|  |TAMS 0x00000000c3e00000, 0x00000000c3e00000| Untracked 
|  63|0x00000000c3f00000, 0x00000000c3f297c8, 0x00000000c4000000| 16%| E|  |TAMS 0x00000000c3f00000, 0x00000000c3f00000| Complete 

Card table byte_map: [0x0000024a9ba90000,0x0000024a9bc90000] _byte_map_base: 0x0000024a9b490000

Marking Bits (Prev, Next): (CMBitMap*) 0x0000024a9532e5b0, (CMBitMap*) 0x0000024a9532e570
 Prev Bits: [0x0000024a9ce90000, 0x0000024a9de90000)
 Next Bits: [0x0000024a9be90000, 0x0000024a9ce90000)

Polling page: 0x0000024a95280000

Metaspace:

Usage:
  Non-class:     31.51 MB used.
      Class:      4.68 MB used.
       Both:     36.20 MB used.

Virtual space:
  Non-class space:       64.00 MB reserved,      31.81 MB ( 50%) committed,  1 nodes.
      Class space:        1.00 GB reserved,       4.88 MB ( <1%) committed,  1 nodes.
             Both:        1.06 GB reserved,      36.69 MB (  3%) committed. 

Chunk freelists:
   Non-Class:  15.59 MB
       Class:  11.08 MB
        Both:  26.67 MB

MaxMetaspaceSize: unlimited
CompressedClassSpaceSize: 1.00 GB
Initial GC threshold: 21.00 MB
Current GC threshold: 61.19 MB
CDS: off
MetaspaceReclaimPolicy: balanced
 - commit_granule_bytes: 65536.
 - commit_granule_words: 8192.
 - virtual_space_node_default_size: 8388608.
 - enlarge_chunks_in_place: 1.
 - new_chunks_are_fully_committed: 0.
 - uncommit_free_chunks: 1.
 - use_allocation_guard: 0.
 - handle_deallocations: 1.


Internal statistics:

num_allocs_failed_limit: 6.
num_arena_births: 464.
num_arena_deaths: 132.
num_vsnodes_births: 2.
num_vsnodes_deaths: 0.
num_space_committed: 587.
num_space_uncommitted: 0.
num_chunks_returned_to_freelist: 154.
num_chunks_taken_from_freelist: 1566.
num_chunk_merges: 51.
num_chunk_splits: 1068.
num_chunks_enlarged: 803.
num_inconsistent_stats: 0.

CodeCache: size=49152Kb used=6720Kb max_used=8148Kb free=42432Kb
 bounds [0x0000024a97fb0000, 0x0000024a987b0000, 0x0000024a9afb0000]
 total_blobs=4112 nmethods=3578 adapters=461
 compilation: enabled
              stopped_count=0, restarted_count=0
 full_count=0

Compilation events (20 events):
Event: 2664.381 Thread 0x0000024aa09c9950 3566       1       java.lang.ProcessImpl$2::<init> (20 bytes)
Event: 2664.381 Thread 0x0000024aa09c9950 nmethod 3566 0x0000024a9811c890 code [0x0000024a9811ca20, 0x0000024a9811cb98]
Event: 2664.381 Thread 0x0000024aa09c9950 3567       1       java.lang.ProcessImpl$2::run (5 bytes)
Event: 2664.381 Thread 0x0000024aa09c9950 nmethod 3567 0x0000024a9811c590 code [0x0000024a9811c720, 0x0000024a9811c808]
Event: 2664.381 Thread 0x0000024aa09c9950 3568       1       java.lang.ProcessImpl$2::run (242 bytes)
Event: 2664.381 Thread 0x0000024aa09c9950 nmethod 3568 0x0000024a9811af10 code [0x0000024a9811b1c0, 0x0000024a9811bf58]
Event: 2664.381 Thread 0x0000024aa09c9950 3569       1       java.lang.ProcessImpl::waitFor (136 bytes)
Event: 2664.382 Thread 0x0000024aa09c9950 nmethod 3569 0x0000024a9811a690 code [0x0000024a9811a8a0, 0x0000024a9811acd8]
Event: 2664.607 Thread 0x0000024aa09c9950 3570   !   1       java.io.FilterOutputStream::close (183 bytes)
Event: 2664.621 Thread 0x0000024aa09c9950 nmethod 3570 0x0000024a98119510 code [0x0000024a98119720, 0x0000024a98119bf8]
Event: 2664.621 Thread 0x0000024aa09c9950 3571   !   1       java.io.FileOutputStream::close (69 bytes)
Event: 2664.621 Thread 0x0000024aa09c9950 nmethod 3571 0x0000024a98118e90 code [0x0000024a98119060, 0x0000024a981193d8]
Event: 2664.621 Thread 0x0000024aa09c9950 3572       1       java.io.FileOutputStream$1::<init> (10 bytes)
Event: 2664.621 Thread 0x0000024aa09c9950 nmethod 3572 0x0000024a98118b90 code [0x0000024a98118d20, 0x0000024a98118e38]
Event: 2664.621 Thread 0x0000024aa09c9950 3573       1       java.io.FileOutputStream$1::close (11 bytes)
Event: 2664.621 Thread 0x0000024aa09c9950 nmethod 3573 0x0000024a98118510 code [0x0000024a981186c0, 0x0000024a981189d8]
Event: 2664.621 Thread 0x0000024aa09c9950 3575       1       java.lang.ProcessImpl$$Lambda$692/0x00000001003d83b8::run (8 bytes)
Event: 2664.621 Thread 0x0000024aa09c9950 nmethod 3575 0x0000024a98118210 code [0x0000024a981183a0, 0x0000024a98118488]
Event: 2664.621 Thread 0x0000024aa09c9950 3576       1       java.lang.ProcessImpl::lambda$new$0 (6 bytes)
Event: 2664.621 Thread 0x0000024aa09c9950 nmethod 3576 0x0000024a98117f10 code [0x0000024a981180a0, 0x0000024a98118168]

GC Heap History (20 events):
Event: 4933.755 GC heap before
{Heap before GC invocations=484 (full 475):
 garbage-first heap   total 65536K, used 18069K [0x00000000c0000000, 0x0000000100000000)
  region size 1024K, 1 young (1024K), 0 survivors (0K)
 Metaspace       used 37067K, committed 37568K, reserved 1114112K
  class space    used 4796K, committed 4992K, reserved 1048576K
}
Event: 4933.776 GC heap after
{Heap after GC invocations=485 (full 476):
 garbage-first heap   total 65536K, used 18069K [0x00000000c0000000, 0x0000000100000000)
  region size 1024K, 0 young (0K), 0 survivors (0K)
 Metaspace       used 37067K, committed 37568K, reserved 1114112K
  class space    used 4796K, committed 4992K, reserved 1048576K
}
Event: 4944.120 GC heap before
{Heap before GC invocations=485 (full 476):
 garbage-first heap   total 65536K, used 18069K [0x00000000c0000000, 0x0000000100000000)
  region size 1024K, 1 young (1024K), 0 survivors (0K)
 Metaspace       used 37067K, committed 37568K, reserved 1114112K
  class space    used 4796K, committed 4992K, reserved 1048576K
}
Event: 4944.139 GC heap after
{Heap after GC invocations=486 (full 477):
 garbage-first heap   total 65536K, used 18069K [0x00000000c0000000, 0x0000000100000000)
  region size 1024K, 0 young (0K), 0 survivors (0K)
 Metaspace       used 37067K, committed 37568K, reserved 1114112K
  class space    used 4796K, committed 4992K, reserved 1048576K
}
Event: 4954.421 GC heap before
{Heap before GC invocations=486 (full 477):
 garbage-first heap   total 65536K, used 18069K [0x00000000c0000000, 0x0000000100000000)
  region size 1024K, 1 young (1024K), 0 survivors (0K)
 Metaspace       used 37067K, committed 37568K, reserved 1114112K
  class space    used 4796K, committed 4992K, reserved 1048576K
}
Event: 4954.437 GC heap after
{Heap after GC invocations=487 (full 478):
 garbage-first heap   total 65536K, used 18069K [0x00000000c0000000, 0x0000000100000000)
  region size 1024K, 0 young (0K), 0 survivors (0K)
 Metaspace       used 37067K, committed 37568K, reserved 1114112K
  class space    used 4796K, committed 4992K, reserved 1048576K
}
Event: 4964.717 GC heap before
{Heap before GC invocations=487 (full 478):
 garbage-first heap   total 65536K, used 18069K [0x00000000c0000000, 0x0000000100000000)
  region size 1024K, 1 young (1024K), 0 survivors (0K)
 Metaspace       used 37067K, committed 37568K, reserved 1114112K
  class space    used 4796K, committed 4992K, reserved 1048576K
}
Event: 4964.733 GC heap after
{Heap after GC invocations=488 (full 479):
 garbage-first heap   total 65536K, used 18069K [0x00000000c0000000, 0x0000000100000000)
  region size 1024K, 0 young (0K), 0 survivors (0K)
 Metaspace       used 37067K, committed 37568K, reserved 1114112K
  class space    used 4796K, committed 4992K, reserved 1048576K
}
Event: 4975.017 GC heap before
{Heap before GC invocations=488 (full 479):
 garbage-first heap   total 65536K, used 18069K [0x00000000c0000000, 0x0000000100000000)
  region size 1024K, 1 young (1024K), 0 survivors (0K)
 Metaspace       used 37067K, committed 37568K, reserved 1114112K
  class space    used 4796K, committed 4992K, reserved 1048576K
}
Event: 4975.032 GC heap after
{Heap after GC invocations=489 (full 480):
 garbage-first heap   total 65536K, used 18069K [0x00000000c0000000, 0x0000000100000000)
  region size 1024K, 0 young (0K), 0 survivors (0K)
 Metaspace       used 37067K, committed 37568K, reserved 1114112K
  class space    used 4796K, committed 4992K, reserved 1048576K
}
Event: 4985.327 GC heap before
{Heap before GC invocations=489 (full 480):
 garbage-first heap   total 65536K, used 18069K [0x00000000c0000000, 0x0000000100000000)
  region size 1024K, 1 young (1024K), 0 survivors (0K)
 Metaspace       used 37067K, committed 37568K, reserved 1114112K
  class space    used 4796K, committed 4992K, reserved 1048576K
}
Event: 4985.342 GC heap after
{Heap after GC invocations=490 (full 481):
 garbage-first heap   total 65536K, used 18069K [0x00000000c0000000, 0x0000000100000000)
  region size 1024K, 0 young (0K), 0 survivors (0K)
 Metaspace       used 37067K, committed 37568K, reserved 1114112K
  class space    used 4796K, committed 4992K, reserved 1048576K
}
Event: 4995.630 GC heap before
{Heap before GC invocations=490 (full 481):
 garbage-first heap   total 65536K, used 18069K [0x00000000c0000000, 0x0000000100000000)
  region size 1024K, 1 young (1024K), 0 survivors (0K)
 Metaspace       used 37067K, committed 37568K, reserved 1114112K
  class space    used 4796K, committed 4992K, reserved 1048576K
}
Event: 4995.649 GC heap after
{Heap after GC invocations=491 (full 482):
 garbage-first heap   total 65536K, used 18069K [0x00000000c0000000, 0x0000000100000000)
  region size 1024K, 0 young (0K), 0 survivors (0K)
 Metaspace       used 37067K, committed 37568K, reserved 1114112K
  class space    used 4796K, committed 4992K, reserved 1048576K
}
Event: 5006.001 GC heap before
{Heap before GC invocations=491 (full 482):
 garbage-first heap   total 65536K, used 18069K [0x00000000c0000000, 0x0000000100000000)
  region size 1024K, 1 young (1024K), 0 survivors (0K)
 Metaspace       used 37067K, committed 37568K, reserved 1114112K
  class space    used 4796K, committed 4992K, reserved 1048576K
}
Event: 5006.018 GC heap after
{Heap after GC invocations=492 (full 483):
 garbage-first heap   total 65536K, used 18069K [0x00000000c0000000, 0x0000000100000000)
  region size 1024K, 0 young (0K), 0 survivors (0K)
 Metaspace       used 37067K, committed 37568K, reserved 1114112K
  class space    used 4796K, committed 4992K, reserved 1048576K
}
Event: 5016.313 GC heap before
{Heap before GC invocations=492 (full 483):
 garbage-first heap   total 65536K, used 18069K [0x00000000c0000000, 0x0000000100000000)
  region size 1024K, 1 young (1024K), 0 survivors (0K)
 Metaspace       used 37067K, committed 37568K, reserved 1114112K
  class space    used 4796K, committed 4992K, reserved 1048576K
}
Event: 5016.328 GC heap after
{Heap after GC invocations=493 (full 484):
 garbage-first heap   total 65536K, used 18069K [0x00000000c0000000, 0x0000000100000000)
  region size 1024K, 0 young (0K), 0 survivors (0K)
 Metaspace       used 37067K, committed 37568K, reserved 1114112K
  class space    used 4796K, committed 4992K, reserved 1048576K
}
Event: 5026.699 GC heap before
{Heap before GC invocations=493 (full 484):
 garbage-first heap   total 65536K, used 18069K [0x00000000c0000000, 0x0000000100000000)
  region size 1024K, 1 young (1024K), 0 survivors (0K)
 Metaspace       used 37067K, committed 37568K, reserved 1114112K
  class space    used 4796K, committed 4992K, reserved 1048576K
}
Event: 5026.722 GC heap after
{Heap after GC invocations=494 (full 485):
 garbage-first heap   total 65536K, used 18069K [0x00000000c0000000, 0x0000000100000000)
  region size 1024K, 0 young (0K), 0 survivors (0K)
 Metaspace       used 37067K, committed 37568K, reserved 1114112K
  class space    used 4796K, committed 4992K, reserved 1048576K
}

Dll operation events (7 events):
Event: 0.014 Loaded shared library c:\Users\23020224\.vscode\extensions\redhat.java-1.20.0-win32-x64\jre\17.0.7-win32-x86_64\bin\java.dll
Event: 0.227 Loaded shared library C:\Users\23020224\.vscode\extensions\redhat.java-1.20.0-win32-x64\jre\17.0.7-win32-x86_64\bin\net.dll
Event: 0.230 Loaded shared library C:\Users\23020224\.vscode\extensions\redhat.java-1.20.0-win32-x64\jre\17.0.7-win32-x86_64\bin\nio.dll
Event: 0.235 Loaded shared library C:\Users\23020224\.vscode\extensions\redhat.java-1.20.0-win32-x64\jre\17.0.7-win32-x86_64\bin\zip.dll
Event: 0.348 Loaded shared library C:\Users\23020224\.vscode\extensions\redhat.java-1.20.0-win32-x64\jre\17.0.7-win32-x86_64\bin\jimage.dll
Event: 2.404 Loaded shared library C:\Users\23020224\.vscode\extensions\redhat.java-1.20.0-win32-x64\jre\17.0.7-win32-x86_64\bin\management.dll
Event: 2.407 Loaded shared library C:\Users\23020224\.vscode\extensions\redhat.java-1.20.0-win32-x64\jre\17.0.7-win32-x86_64\bin\management_ext.dll

Deoptimization events (4 events):
Event: 1.496 Thread 0x0000024a952edb50 DEOPT PACKING pc=0x0000024a985b0d19 sp=0x000000c9462fd3a0
Event: 1.496 Thread 0x0000024a952edb50 DEOPT UNPACKING pc=0x0000024a9800ace3 sp=0x000000c9462fc880 mode 3
Event: 2.592 Thread 0x0000024aa6469eb0 DEOPT PACKING pc=0x0000024a9879d235 sp=0x000000c9484fd690
Event: 2.592 Thread 0x0000024aa6469eb0 DEOPT UNPACKING pc=0x0000024a9800ace3 sp=0x000000c9484fcbb8 mode 3

Classes unloaded (20 events):
Event: 73.492 Thread 0x0000024aa0960c20 Unloading class 0x0000000100221000 'java/lang/invoke/LambdaForm$MH+0x0000000100221000'
Event: 73.492 Thread 0x0000024aa0960c20 Unloading class 0x0000000100215000 'java/lang/invoke/LambdaForm$DMH+0x0000000100215000'
Event: 73.492 Thread 0x0000024aa0960c20 Unloading class 0x0000000100091c00 'java/lang/invoke/LambdaForm$MH+0x0000000100091c00'
Event: 73.492 Thread 0x0000024aa0960c20 Unloading class 0x0000000100091800 'java/lang/invoke/LambdaForm$MH+0x0000000100091800'
Event: 73.492 Thread 0x0000024aa0960c20 Unloading class 0x0000000100091400 'java/lang/invoke/LambdaForm$MH+0x0000000100091400'
Event: 73.492 Thread 0x0000024aa0960c20 Unloading class 0x0000000100091000 'java/lang/invoke/LambdaForm$MH+0x0000000100091000'
Event: 73.492 Thread 0x0000024aa0960c20 Unloading class 0x0000000100090c00 'java/lang/invoke/LambdaForm$MH+0x0000000100090c00'
Event: 73.492 Thread 0x0000024aa0960c20 Unloading class 0x0000000100090800 'java/lang/invoke/LambdaForm$MH+0x0000000100090800'
Event: 73.492 Thread 0x0000024aa0960c20 Unloading class 0x0000000100090400 'java/lang/invoke/LambdaForm$MH+0x0000000100090400'
Event: 73.492 Thread 0x0000024aa0960c20 Unloading class 0x0000000100090000 'java/lang/invoke/LambdaForm$MH+0x0000000100090000'
Event: 73.492 Thread 0x0000024aa0960c20 Unloading class 0x000000010008b800 'java/lang/invoke/LambdaForm$MH+0x000000010008b800'
Event: 73.492 Thread 0x0000024aa0960c20 Unloading class 0x000000010008b400 'java/lang/invoke/LambdaForm$MH+0x000000010008b400'
Event: 73.492 Thread 0x0000024aa0960c20 Unloading class 0x000000010008b000 'java/lang/invoke/LambdaForm$MH+0x000000010008b000'
Event: 73.492 Thread 0x0000024aa0960c20 Unloading class 0x000000010008ac00 'java/lang/invoke/LambdaForm$MH+0x000000010008ac00'
Event: 73.492 Thread 0x0000024aa0960c20 Unloading class 0x000000010008a800 'java/lang/invoke/LambdaForm$MH+0x000000010008a800'
Event: 73.492 Thread 0x0000024aa0960c20 Unloading class 0x000000010008a400 'java/lang/invoke/LambdaForm$MH+0x000000010008a400'
Event: 73.492 Thread 0x0000024aa0960c20 Unloading class 0x0000000100089c00 'java/lang/invoke/LambdaForm$MH+0x0000000100089c00'
Event: 73.492 Thread 0x0000024aa0960c20 Unloading class 0x0000000100089400 'java/lang/invoke/LambdaForm$MH+0x0000000100089400'
Event: 73.492 Thread 0x0000024aa0960c20 Unloading class 0x0000000100088c00 'java/lang/invoke/LambdaForm$MH+0x0000000100088c00'
Event: 73.492 Thread 0x0000024aa0960c20 Unloading class 0x0000000100088400 'java/lang/invoke/LambdaForm$MH+0x0000000100088400'

Classes redefined (0 events):
No events

Internal exceptions (20 events):
Event: 1.841 Thread 0x0000024a952edb50 Exception <a 'java/lang/NoSuchMethodError'{0x00000000c2bde740}: 'java.lang.Object java.lang.invoke.DirectMethodHandle$Holder.invokeSpecial(java.lang.Object, java.lang.Object, java.lang.Object, java.lang.Object, java.lang.Object, java.lang.Object, java.lang.Object, java.lang.Object, java.lang.Object, java.lang.Object)'> (0x00000000c2bde740) 
thrown [s\src\hotspot\share\interpreter\linkResolver.cpp, line 759]
Event: 1.841 Thread 0x0000024a952edb50 Exception <a 'java/lang/NoSuchMethodError'{0x00000000c2be2d28}: 'java.lang.Object java.lang.invoke.Invokers$Holder.invoke_MT(java.lang.Object, java.lang.Object, java.lang.Object, java.lang.Object, java.lang.Object, java.lang.Object, java.lang.Object, java.lang.Object, java.lang.Object, java.lang.Object)'> (0x00000000c2be2d28) 
thrown [s\src\hotspot\share\interpreter\linkResolver.cpp, line 759]
Event: 1.846 Thread 0x0000024a952edb50 Exception <a 'java/lang/NoSuchMethodError'{0x00000000c2a28278}: 'java.lang.Object java.lang.invoke.DirectMethodHandle$Holder.invokeSpecial(java.lang.Object, java.lang.Object, int, java.lang.Object, java.lang.Object)'> (0x00000000c2a28278) 
thrown [s\src\hotspot\share\interpreter\linkResolver.cpp, line 759]
Event: 1.846 Thread 0x0000024a952edb50 Exception <a 'java/lang/NoSuchMethodError'{0x00000000c2a2bf20}: 'java.lang.Object java.lang.invoke.DelegatingMethodHandle$Holder.delegate(java.lang.Object, int, java.lang.Object, java.lang.Object)'> (0x00000000c2a2bf20) 
thrown [s\src\hotspot\share\interpreter\linkResolver.cpp, line 759]
Event: 1.846 Thread 0x0000024a952edb50 Exception <a 'java/lang/NoSuchMethodError'{0x00000000c2a3cda8}: 'int java.lang.invoke.Invokers$Holder.linkToTargetMethod(java.lang.Object, java.lang.Object, java.lang.Object)'> (0x00000000c2a3cda8) 
thrown [s\src\hotspot\share\interpreter\linkResolver.cpp, line 759]
Event: 1.892 Thread 0x0000024a952edb50 Exception <a 'java/lang/NoSuchMethodError'{0x00000000c28a9338}: 'void java.lang.invoke.DirectMethodHandle$Holder.invokeSpecial(java.lang.Object, java.lang.Object, java.lang.Object, java.lang.Object, java.lang.Object, java.lang.Object)'> (0x00000000c28a9338) 
thrown [s\src\hotspot\share\interpreter\linkResolver.cpp, line 759]
Event: 1.915 Thread 0x0000024a952edb50 Exception <a 'java/lang/NoSuchMethodError'{0x00000000c264e038}: 'java.lang.Object java.lang.invoke.DirectMethodHandle$Holder.invokeStaticInit(java.lang.Object, int, int, int, int)'> (0x00000000c264e038) 
thrown [s\src\hotspot\share\interpreter\linkResolver.cpp, line 759]
Event: 1.985 Thread 0x0000024a952edb50 Exception <a 'java/lang/NoSuchMethodError'{0x00000000cfb36bb8}: 'java.lang.Object java.lang.invoke.DirectMethodHandle$Holder.invokeStaticInit(java.lang.Object, java.lang.Object, int, int, int, int)'> (0x00000000cfb36bb8) 
thrown [s\src\hotspot\share\interpreter\linkResolver.cpp, line 759]
Event: 2.084 Thread 0x0000024a952edb50 Exception <a 'java/lang/NoSuchMethodError'{0x00000000c31b9008}: 'void java.lang.invoke.DirectMethodHandle$Holder.invokeSpecialIFC(java.lang.Object, java.lang.Object, java.lang.Object)'> (0x00000000c31b9008) 
thrown [s\src\hotspot\share\interpreter\linkResolver.cpp, line 759]
Event: 2.275 Thread 0x0000024a952edb50 Exception <a 'java/lang/NoSuchMethodError'{0x00000000cdc8c1b8}: 'void java.lang.invoke.DirectMethodHandle$Holder.invokeSpecial(java.lang.Object, java.lang.Object, java.lang.Object, java.lang.Object, java.lang.Object, java.lang.Object, java.lang.Object)'> (0x00000000cdc8c1b8) 
thrown [s\src\hotspot\share\interpreter\linkResolver.cpp, line 759]
Event: 2.331 Thread 0x0000024a952edb50 Exception <a 'java/lang/NoSuchMethodError'{0x00000000c3057350}: 'java.lang.Object java.lang.invoke.DirectMethodHandle$Holder.invokeInterface(java.lang.Object, java.lang.Object, int)'> (0x00000000c3057350) 
thrown [s\src\hotspot\share\interpreter\linkResolver.cpp, line 759]
Event: 2.331 Thread 0x0000024a952edb50 Exception <a 'java/lang/IncompatibleClassChangeError'{0x00000000c306a130}: Found class java.lang.Object, but interface was expected> (0x00000000c306a130) 
thrown [s\src\hotspot\share\interpreter\linkResolver.cpp, line 826]
Event: 2.398 Thread 0x0000024a952edb50 Exception <a 'java/lang/NoSuchMethodError'{0x00000000c2c44c10}: 'java.lang.Object java.lang.invoke.DirectMethodHandle$Holder.newInvokeSpecial(java.lang.Object, java.lang.Object, int, java.lang.Object, java.lang.Object)'> (0x00000000c2c44c10) 
thrown [s\src\hotspot\share\interpreter\linkResolver.cpp, line 759]
Event: 2.398 Thread 0x0000024a952edb50 Exception <a 'java/lang/NoSuchMethodError'{0x00000000c2c56cc8}: 'java.lang.Object java.lang.invoke.DirectMethodHandle$Holder.invokeSpecial(java.lang.Object, java.lang.Object, int, java.lang.Object, int, java.lang.Object)'> (0x00000000c2c56cc8) 
thrown [s\src\hotspot\share\interpreter\linkResolver.cpp, line 759]
Event: 2.399 Thread 0x0000024a952edb50 Exception <a 'java/lang/NoSuchMethodError'{0x00000000c2c5ead0}: 'java.lang.Object java.lang.invoke.DirectMethodHandle$Holder.newInvokeSpecial(java.lang.Object, java.lang.Object, int, java.lang.Object, int)'> (0x00000000c2c5ead0) 
thrown [s\src\hotspot\share\interpreter\linkResolver.cpp, line 759]
Event: 2.399 Thread 0x0000024a952edb50 Exception <a 'java/lang/NoSuchMethodError'{0x00000000c2c62bd0}: 'java.lang.Object java.lang.invoke.DirectMethodHandle$Holder.invokeSpecial(java.lang.Object, java.lang.Object, java.lang.Object, int, java.lang.Object, int)'> (0x00000000c2c62bd0) 
thrown [s\src\hotspot\share\interpreter\linkResolver.cpp, line 759]
Event: 2.583 Thread 0x0000024aa6466c40 Exception <a 'java/lang/NoSuchMethodError'{0x00000000c4f24ba8}: 'java.lang.Object java.lang.invoke.DirectMethodHandle$Holder.invokeStatic(java.lang.Object, java.lang.Object, java.lang.Object, int, java.lang.Object, java.lang.Object)'> (0x00000000c4f24ba8) 
thrown [s\src\hotspot\share\interpreter\linkResolver.cpp, line 759]
Event: 2.587 Thread 0x0000024aa6469eb0 Exception <a 'java/lang/NoSuchMethodError'{0x00000000c4f70d30}: 'java.lang.Object java.lang.invoke.DirectMethodHandle$Holder.invokeStatic(java.lang.Object, int, java.lang.Object)'> (0x00000000c4f70d30) 
thrown [s\src\hotspot\share\interpreter\linkResolver.cpp, line 759]
Event: 42.474 Thread 0x0000024aa62bc380 Exception <a 'java/lang/NoSuchMethodError'{0x00000000c4c02c90}: 'void java.lang.invoke.DirectMethodHandle$Holder.invokeStatic(java.lang.Object, long)'> (0x00000000c4c02c90) 
thrown [s\src\hotspot\share\interpreter\linkResolver.cpp, line 759]
Event: 42.474 Thread 0x0000024aa62bc380 Exception <a 'java/lang/NoSuchMethodError'{0x00000000c4c08038}: 'java.lang.Object java.lang.invoke.DirectMethodHandle$Holder.newInvokeSpecial(java.lang.Object, long)'> (0x00000000c4c08038) 
thrown [s\src\hotspot\share\interpreter\linkResolver.cpp, line 759]

VM Operations (20 events):
Event: 4933.776 Executing VM operation: G1CollectFull done
Event: 4944.119 Executing VM operation: G1CollectFull
Event: 4944.139 Executing VM operation: G1CollectFull done
Event: 4954.421 Executing VM operation: G1CollectFull
Event: 4954.437 Executing VM operation: G1CollectFull done
Event: 4964.717 Executing VM operation: G1CollectFull
Event: 4964.733 Executing VM operation: G1CollectFull done
Event: 4975.017 Executing VM operation: G1CollectFull
Event: 4975.032 Executing VM operation: G1CollectFull done
Event: 4985.327 Executing VM operation: G1CollectFull
Event: 4985.343 Executing VM operation: G1CollectFull done
Event: 4995.630 Executing VM operation: G1CollectFull
Event: 4995.649 Executing VM operation: G1CollectFull done
Event: 5006.001 Executing VM operation: G1CollectFull
Event: 5006.019 Executing VM operation: G1CollectFull done
Event: 5016.313 Executing VM operation: G1CollectFull
Event: 5016.329 Executing VM operation: G1CollectFull done
Event: 5026.698 Executing VM operation: G1CollectFull
Event: 5026.722 Executing VM operation: G1CollectFull done
Event: 5037.128 Executing VM operation: G1CollectFull

Events (20 events):
Event: 2.616 Thread 0x0000024aa61be8f0 Thread added: 0x0000024aa61be8f0
Event: 2.618 loading class java/util/concurrent/CompletableFuture$UniRelay
Event: 2.618 loading class java/util/concurrent/CompletableFuture$UniRelay done
Event: 7.624 Thread 0x0000024aa5cfa7d0 Thread exited: 0x0000024aa5cfa7d0
Event: 7.624 Thread 0x0000024aa5ba6120 Thread exited: 0x0000024aa5ba6120
Event: 12.626 Thread 0x0000024aa0bc8550 Thread exited: 0x0000024aa0bc8550
Event: 42.432 loading class java/lang/ProcessBuilder
Event: 42.433 loading class java/lang/ProcessBuilder done
Event: 42.433 loading class java/lang/ProcessImpl
Event: 42.433 loading class java/lang/ProcessImpl done
Event: 42.475 loading class java/lang/ProcessImpl$2
Event: 42.475 loading class java/lang/ProcessImpl$2 done
Event: 42.475 loading class java/lang/Process$PipeInputStream
Event: 42.475 loading class java/lang/Process$PipeInputStream done
Event: 42.475 loading class jdk/internal/event/ProcessStartEvent
Event: 42.475 loading class jdk/internal/event/ProcessStartEvent done
Event: 42.701 loading class java/io/FileOutputStream$1
Event: 42.701 loading class java/io/FileOutputStream$1 done
Event: 62.620 Thread 0x0000024aa61be8f0 Thread exited: 0x0000024aa61be8f0
Event: 62.854 Thread 0x0000024aa61bedc0 Thread exited: 0x0000024aa61bedc0


Dynamic libraries:
0x00007ff6a1fe0000 - 0x00007ff6a1fee000 	c:\Users\23020224\.vscode\extensions\redhat.java-1.20.0-win32-x64\jre\17.0.7-win32-x86_64\bin\java.exe
0x00007ffea60b0000 - 0x00007ffea62a8000 	C:\Windows\SYSTEM32\ntdll.dll
0x00007ffea5a60000 - 0x00007ffea5b1f000 	C:\Windows\System32\KERNEL32.DLL
0x00007ffea3ce0000 - 0x00007ffea3fb2000 	C:\Windows\System32\KERNELBASE.dll
0x00007ffea3960000 - 0x00007ffea3a60000 	C:\Windows\System32\ucrtbase.dll
0x00007ffe5b9b0000 - 0x00007ffe5b9c7000 	c:\Users\23020224\.vscode\extensions\redhat.java-1.20.0-win32-x64\jre\17.0.7-win32-x86_64\bin\jli.dll
0x00007ffe5b850000 - 0x00007ffe5b869000 	c:\Users\23020224\.vscode\extensions\redhat.java-1.20.0-win32-x64\jre\17.0.7-win32-x86_64\bin\VCRUNTIME140.dll
0x00007ffea44e0000 - 0x00007ffea4681000 	C:\Windows\System32\USER32.dll
0x00007ffea3cb0000 - 0x00007ffea3cd2000 	C:\Windows\System32\win32u.dll
0x00007ffe916d0000 - 0x00007ffe9196a000 	C:\Windows\WinSxS\amd64_microsoft.windows.common-controls_6595b64144ccf1df_6.0.19041.1110_none_60b5254171f9507e\COMCTL32.dll
0x00007ffea44b0000 - 0x00007ffea44db000 	C:\Windows\System32\GDI32.dll
0x00007ffea46a0000 - 0x00007ffea473e000 	C:\Windows\System32\msvcrt.dll
0x00007ffea37a0000 - 0x00007ffea38af000 	C:\Windows\System32\gdi32full.dll
0x00007ffea3bc0000 - 0x00007ffea3c5d000 	C:\Windows\System32\msvcp_win.dll
0x00007ffea5bc0000 - 0x00007ffea5bf2000 	C:\Windows\System32\IMM32.DLL
0x0000024a95290000 - 0x0000024a952a4000 	C:\Windows\System32\umppc16812.dll
0x00007ffe90700000 - 0x00007ffe9070c000 	c:\Users\23020224\.vscode\extensions\redhat.java-1.20.0-win32-x64\jre\17.0.7-win32-x86_64\bin\vcruntime140_1.dll
0x00007ffe3e4b0000 - 0x00007ffe3e541000 	c:\Users\23020224\.vscode\extensions\redhat.java-1.20.0-win32-x64\jre\17.0.7-win32-x86_64\bin\msvcp140.dll
0x00007ffe3bbe0000 - 0x00007ffe3c828000 	c:\Users\23020224\.vscode\extensions\redhat.java-1.20.0-win32-x64\jre\17.0.7-win32-x86_64\bin\server\jvm.dll
0x00007ffea59a0000 - 0x00007ffea5a4e000 	C:\Windows\System32\ADVAPI32.dll
0x00007ffea5b20000 - 0x00007ffea5bbc000 	C:\Windows\System32\sechost.dll
0x00007ffea5cb0000 - 0x00007ffea5dd5000 	C:\Windows\System32\RPCRT4.dll
0x00007ffe9d070000 - 0x00007ffe9d079000 	C:\Windows\SYSTEM32\WSOCK32.dll
0x00007ffea54c0000 - 0x00007ffea552b000 	C:\Windows\System32\WS2_32.dll
0x00007ffe956a0000 - 0x00007ffe956c7000 	C:\Windows\SYSTEM32\WINMM.dll
0x00007ffe99f50000 - 0x00007ffe99f5a000 	C:\Windows\SYSTEM32\VERSION.dll
0x00007ffea1f80000 - 0x00007ffea1f92000 	C:\Windows\SYSTEM32\kernel.appcore.dll
0x00007ffe8c570000 - 0x00007ffe8c57a000 	c:\Users\23020224\.vscode\extensions\redhat.java-1.20.0-win32-x64\jre\17.0.7-win32-x86_64\bin\jimage.dll
0x00007ffea1c50000 - 0x00007ffea1e34000 	C:\Windows\SYSTEM32\DBGHELP.DLL
0x00007ffe8ab10000 - 0x00007ffe8ab45000 	C:\Windows\SYSTEM32\dbgcore.DLL
0x00007ffea4030000 - 0x00007ffea40b2000 	C:\Windows\System32\bcryptPrimitives.dll
0x00007ffe458d0000 - 0x00007ffe458f5000 	c:\Users\23020224\.vscode\extensions\redhat.java-1.20.0-win32-x64\jre\17.0.7-win32-x86_64\bin\java.dll
0x00007ffe58e70000 - 0x00007ffe58e88000 	c:\Users\23020224\.vscode\extensions\redhat.java-1.20.0-win32-x64\jre\17.0.7-win32-x86_64\bin\zip.dll
0x00007ffea4c40000 - 0x00007ffea5384000 	C:\Windows\System32\SHELL32.dll
0x00007ffea11d0000 - 0x00007ffea1962000 	C:\Windows\SYSTEM32\windows.storage.dll
0x00007ffea4150000 - 0x00007ffea44a5000 	C:\Windows\System32\combase.dll
0x00007ffea3080000 - 0x00007ffea30b0000 	C:\Windows\SYSTEM32\Wldp.dll
0x00007ffea4740000 - 0x00007ffea47ed000 	C:\Windows\System32\SHCORE.dll
0x00007ffea5390000 - 0x00007ffea53e5000 	C:\Windows\System32\shlwapi.dll
0x00007ffea36b0000 - 0x00007ffea36cf000 	C:\Windows\SYSTEM32\profapi.dll
0x00007ffe536b0000 - 0x00007ffe536c9000 	C:\Users\23020224\.vscode\extensions\redhat.java-1.20.0-win32-x64\jre\17.0.7-win32-x86_64\bin\net.dll
0x00007ffe9c000000 - 0x00007ffe9c10c000 	C:\Windows\SYSTEM32\WINHTTP.dll
0x00007ffea2e60000 - 0x00007ffea2eca000 	C:\Windows\system32\mswsock.dll
0x00007ffe4f890000 - 0x00007ffe4f8a5000 	C:\Users\23020224\.vscode\extensions\redhat.java-1.20.0-win32-x64\jre\17.0.7-win32-x86_64\bin\nio.dll
0x00007ffea3130000 - 0x00007ffea3148000 	C:\Windows\SYSTEM32\CRYPTSP.dll
0x00007ffea2720000 - 0x00007ffea2754000 	C:\Windows\system32\rsaenh.dll
0x00007ffea3770000 - 0x00007ffea3797000 	C:\Windows\System32\bcrypt.dll
0x00007ffea3670000 - 0x00007ffea369e000 	C:\Windows\SYSTEM32\USERENV.dll
0x00007ffea2ff0000 - 0x00007ffea2ffc000 	C:\Windows\SYSTEM32\CRYPTBASE.dll
0x00007ffea2b60000 - 0x00007ffea2b9b000 	C:\Windows\SYSTEM32\IPHLPAPI.DLL
0x00007ffea4690000 - 0x00007ffea4698000 	C:\Windows\System32\NSI.dll
0x00007ffe9b2f0000 - 0x00007ffe9b307000 	C:\Windows\SYSTEM32\dhcpcsvc6.DLL
0x00007ffe9b2d0000 - 0x00007ffe9b2ed000 	C:\Windows\SYSTEM32\dhcpcsvc.DLL
0x00007ffea2ba0000 - 0x00007ffea2c6a000 	C:\Windows\SYSTEM32\DNSAPI.dll
0x00007ffe9d8b0000 - 0x00007ffe9d8b9000 	C:\Users\23020224\.vscode\extensions\redhat.java-1.20.0-win32-x64\jre\17.0.7-win32-x86_64\bin\management.dll
0x00007ffe9d8a0000 - 0x00007ffe9d8ab000 	C:\Users\23020224\.vscode\extensions\redhat.java-1.20.0-win32-x64\jre\17.0.7-win32-x86_64\bin\management_ext.dll
0x00007ffea47f0000 - 0x00007ffea47f8000 	C:\Windows\System32\PSAPI.DLL

dbghelp: loaded successfully - version: 4.0.5 - missing functions: none
symbol engine: initialized successfully - sym options: 0x614 - pdb path: .;c:\Users\23020224\.vscode\extensions\redhat.java-1.20.0-win32-x64\jre\17.0.7-win32-x86_64\bin;C:\Windows\SYSTEM32;C:\Windows\WinSxS\amd64_microsoft.windows.common-controls_6595b64144ccf1df_6.0.19041.1110_none_60b5254171f9507e;c:\Users\23020224\.vscode\extensions\redhat.java-1.20.0-win32-x64\jre\17.0.7-win32-x86_64\bin\server

VM Arguments:
jvm_args: -XX:+HeapDumpOnOutOfMemoryError -Xmx1024m -Dsts.lsp.client=vscode -Dsts.log.file=/dev/null -XX:TieredStopAtLevel=1 -Xlog:jni+resolve=off -Dspring.config.location=file:c:\Users\23020224\.vscode\extensions\vmware.vscode-spring-boot-1.47.0\language-server\BOOT-INF\classes\application.properties 
java_command: org.springframework.ide.vscode.boot.app.BootLanguageServerBootApp
java_class_path (initial): c:\Users\23020224\.vscode\extensions\vmware.vscode-spring-boot-1.47.0\language-server\BOOT-INF\classes;c:\Users\23020224\.vscode\extensions\vmware.vscode-spring-boot-1.47.0\language-server\BOOT-INF\lib\annotations-24.0.1.jar;c:\Users\23020224\.vscode\extensions\vmware.vscode-spring-boot-1.47.0\language-server\BOOT-INF\lib\antlr-runtime-3.5.3.jar;c:\Users\23020224\.vscode\extensions\vmware.vscode-spring-boot-1.47.0\language-server\BOOT-INF\lib\antlr4-4.11.1.jar;c:\Users\23020224\.vscode\extensions\vmware.vscode-spring-boot-1.47.0\language-server\BOOT-INF\lib\antlr4-runtime-4.11.1.jar;c:\Users\23020224\.vscode\extensions\vmware.vscode-spring-boot-1.47.0\language-server\BOOT-INF\lib\aopalliance-1.0.jar;c:\Users\23020224\.vscode\extensions\vmware.vscode-spring-boot-1.47.0\language-server\BOOT-INF\lib\asm-9.5.jar;c:\Users\23020224\.vscode\extensions\vmware.vscode-spring-boot-1.47.0\language-server\BOOT-INF\lib\asm-analysis-9.5.jar;c:\Users\23020224\.vscode\extensions\vmware.vscode-spring-boot-1.47.0\language-server\BOOT-INF\lib\asm-tree-9.5.jar;c:\Users\23020224\.vscode\extensions\vmware.vscode-spring-boot-1.47.0\language-server\BOOT-INF\lib\asm-util-9.5.jar;c:\Users\23020224\.vscode\extensions\vmware.vscode-spring-boot-1.47.0\language-server\BOOT-INF\lib\auto-common-1.2.1.jar;c:\Users\23020224\.vscode\extensions\vmware.vscode-spring-boot-1.47.0\language-server\BOOT-INF\lib\auto-value-annotations-1.9.jar;c:\Users\23020224\.vscode\extensions\vmware.vscode-spring-boot-1.47.0\language-server\BOOT-INF\lib\caffeine-3.1.2.jar;c:\Users\23020224\.vscode\extensions\vmware.vscode-spring-boot-1.47.0\language-server\BOOT-INF\lib\checker-qual-3.12.0.jar;c:\Users\23020224\.vscode\extensions\vmware.vscode-spring-boot-1.47.0\language-server\BOOT-INF\lib\classgraph-4.8.149.jar;c:\Users\23020224\.vscode\extensions\vmware.vscode-spring-boot-1.47.0\language-server\BOOT-INF\lib\commons-codec-1.15.jar;c:\Users\23020224\.vscode\extensions\vmware.vscode-spring-boot-
Launcher Type: SUN_STANDARD

[Global flags]
     intx CICompilerCount                          = 4                                         {product} {ergonomic}
     uint ConcGCThreads                            = 2                                         {product} {ergonomic}
     uint G1ConcRefinementThreads                  = 8                                         {product} {ergonomic}
   size_t G1HeapRegionSize                         = 1048576                                   {product} {ergonomic}
    uintx GCDrainStackTargetSize                   = 64                                        {product} {ergonomic}
     bool HeapDumpOnOutOfMemoryError               = true                                   {manageable} {command line}
   size_t InitialHeapSize                          = 264241152                                 {product} {ergonomic}
   size_t MarkStackSize                            = 4194304                                   {product} {ergonomic}
   size_t MaxHeapSize                              = 1073741824                                {product} {command line}
   size_t MaxNewSize                               = 643825664                                 {product} {ergonomic}
   size_t MinHeapDeltaBytes                        = 1048576                                   {product} {ergonomic}
   size_t MinHeapSize                              = 8388608                                   {product} {ergonomic}
    uintx NonProfiledCodeHeapSize                  = 0                                      {pd product} {ergonomic}
     bool ProfileInterpreter                       = false                                  {pd product} {command line}
    uintx ProfiledCodeHeapSize                     = 0                                      {pd product} {ergonomic}
   size_t SoftMaxHeapSize                          = 1073741824                             {manageable} {ergonomic}
     intx TieredStopAtLevel                        = 1                                         {product} {command line}
     bool UseCompressedClassPointers               = true                           {product lp64_product} {ergonomic}
     bool UseCompressedOops                        = true                           {product lp64_product} {ergonomic}
     bool UseG1GC                                  = true                                      {product} {ergonomic}
     bool UseLargePagesIndividualAllocation        = false                                  {pd product} {ergonomic}

Logging:
Log output configuration:
 #0: stdout all=warning,jni+resolve=off uptime,level,tags
 #1: stderr all=off uptime,level,tags

Environment Variables:
JAVA_HOME=C:\Program Files\Java\jdk-19\
PATH=C:\Windows\system32;C:\Program Files\Java\jdk-19\\bin;C:\Windows;C:\Windows\System32\Wbem;C:\Windows\System32\WindowsPowerShell\v1.0\;C:\Windows\System32\OpenSSH\;C:\Program Files (x86)\IBM\Client Access\Emulator;C:\Program Files (x86)\IBM\Client Access\Shared;C:\Program Files (x86)\IBM\Client Access\;C:\Program Files\dotnet\;C:\Program Files\Microsoft SQL Server\Client SDK\ODBC\170\Tools\Binn\;C:\Program Files (x86)\Microsoft SQL Server\150\Tools\Binn\;C:\Program Files\Microsoft SQL Server\150\Tools\Binn\;C:\Program Files\Microsoft SQL Server\150\DTS\Binn\;C:\Program Files (x86)\Microsoft SQL Server\150\DTS\Binn\;C:\Program Files\Azure Data Studio\bin;D:\Git\Git\cmd;C:\Program Files\Calibre2\;C:\Program Files\Java\jdk-18.0.2.1\bin;D:\Maven\apache-maven-3.8.6\bin;C:\Program Files\PuTTY\;C:\Program Files\Java\jdk-19.0.2\bin;C:\Program Files\Docker\Docker\resources\bin;C:\Program Files\Cloudflare\Cloudflare WARP\;D:\Apps\nvm\nvm;C:\Program Files\nodejs;C:\Users\23020224\AppData\Local\Microsoft\WindowsApps;D:\Apps\Visual Studio Code\Microsoft VS Code\bin;C:\Users\23020224\AppData\Local\GitHubDesktop\bin;D:\Apps\nvm\nvm;C:\Program Files\nodejs;D:\flutter\flutter\bin;
USERNAME=23020224
OS=Windows_NT
PROCESSOR_IDENTIFIER=Intel64 Family 6 Model 140 Stepping 1, GenuineIntel
TMP=C:\Users\23020224\AppData\Local\Temp
TEMP=C:\Users\23020224\AppData\Local\Temp



---------------  S Y S T E M  ---------------

OS:
 Windows 10 , 64 bit Build 19041 (10.0.19041.2364)
OS uptime: 13 days 0:27 hours
Hyper-V role detected

CPU: total 8 (initial active 8) (4 cores per cpu, 2 threads per core) family 6 model 140 stepping 1 microcode 0xa4, cx8, cmov, fxsr, ht, mmx, 3dnowpref, sse, sse2, sse3, ssse3, sse4.1, sse4.2, popcnt, lzcnt, tsc, tscinvbit, avx, avx2, aes, erms, clmul, bmi1, bmi2, adx, avx512f, avx512dq, avx512cd, avx512bw, avx512vl, sha, fma, vzeroupper, avx512_vpopcntdq, avx512_vpclmulqdq, avx512_vaes, avx512_vnni, clflush, clflushopt, clwb, avx512_vbmi2, avx512_vbmi, hv

Memory: 4k page, system-wide physical 16118M (4518M free)
TotalPageFile size 18166M (AvailPageFile size 6M)
current process WorkingSet (physical memory assigned to process): 61M, peak: 151M
current process commit charge ("private bytes"): 197M, peak: 362M

vm_info: OpenJDK 64-Bit Server VM (17.0.7+7) for windows-amd64 JRE (17.0.7+7), built on Apr 18 2023 22:10:42 by "temurin" with MS VC++ 16.7 (VS2019)

END.
