#
# There is insufficient memory for the Java Runtime Environment to continue.
# Native memory allocation (malloc) failed to allocate 1449296 bytes for Chunk::new
# Possible reasons:
#   The system is out of physical RAM or swap space
#   The process is running with CompressedOops enabled, and the Java Heap may be blocking the growth of the native heap
# Possible solutions:
#   Reduce memory load on the system
#   Increase physical memory or swap space
#   Check if swap backing store is full
#   Decrease Java heap size (-Xmx/-Xms)
#   Decrease number of Java threads
#   Decrease Java thread stack sizes (-Xss)
#   Set larger code cache with -XX:ReservedCodeCacheSize=
#   JVM is running with Unscaled Compressed Oops mode in which the Java heap is
#     placed in the first 4GB address space. The Java Heap base address is the
#     maximum limit for the native heap growth. Please use -XX:HeapBaseMinAddress
#     to set the Java Heap base and to place the Java Heap above 4GB virtual address.
# This output file may be truncated or incomplete.
#
#  Out of Memory Error (arena.cpp:189), pid=12720, tid=20780
#
# JRE version: OpenJDK Runtime Environment Temurin-17.0.7+7 (17.0.7+7) (build 17.0.7+7)
# Java VM: OpenJDK 64-Bit Server VM Temurin-17.0.7+7 (17.0.7+7, mixed mode, tiered, compressed oops, compressed class ptrs, parallel gc, windows-amd64)
# No core dump will be written. Minidumps are not enabled by default on client versions of Windows
#

---------------  S U M M A R Y ------------

Command Line: --add-modules=ALL-SYSTEM --add-opens=java.base/java.util=ALL-UNNAMED --add-opens=java.base/java.lang=ALL-UNNAMED --add-opens=java.base/sun.nio.fs=ALL-UNNAMED -Declipse.application=org.eclipse.jdt.ls.core.id1 -Dosgi.bundles.defaultStartLevel=4 -Declipse.product=org.eclipse.jdt.ls.core.product -Djava.import.generatesMetadataFilesAtProjectRoot=false -Dfile.encoding=utf8 -XX:+UseParallelGC -XX:GCTimeRatio=4 -XX:AdaptiveSizePolicyWeight=90 -Dsun.zip.disableMemoryMapping=true -Xmx1G -Xms100m -Xlog:disable -javaagent:c:\Users\John Sung\.vscode\extensions\redhat.java-1.20.0-win32-x64\lombok\lombok-1.18.28.jar -XX:+HeapDumpOnOutOfMemoryError -XX:HeapDumpPath=c:\Users\John Sung\AppData\Roaming\Code\User\workspaceStorage\37f014769b6f50b4735773d030c886f1\redhat.java -Daether.dependencyCollector.impl=bf c:\Users\John Sung\.vscode\extensions\redhat.java-1.20.0-win32-x64\server\plugins\org.eclipse.equinox.launcher_1.6.500.v20230622-2056.jar -configuration c:\Users\John Sung\AppData\Roaming\Code\User\globalStorage\redhat.java\1.20.0\config_win -data c:\Users\John Sung\AppData\Roaming\Code\User\workspaceStorage\37f014769b6f50b4735773d030c886f1\redhat.java\jdt_ws

Host: 11th Gen Intel(R) Core(TM) i7-1165G7 @ 2.80GHz, 8 cores, 15G,  Windows 10 , 64 bit Build 19041 (10.0.19041.2364)
Time: Mon Jul 10 09:47:54 2023 SE Asia Standard Time elapsed time: 577.628338 seconds (0d 0h 9m 37s)

---------------  T H R E A D  ---------------

Current thread (0x0000020a46d281e0):  JavaThread "C2 CompilerThread0" daemon [_thread_in_native, id=20780, stack(0x0000001c50600000,0x0000001c50700000)]


Current CompileTask:
C2: 577628 12338       4       java.net.URI::<init> (51 bytes)

Stack: [0x0000001c50600000,0x0000001c50700000]
Native frames: (J=compiled Java code, j=interpreted, Vv=VM code, C=native code)
V  [jvm.dll+0x67754a]
V  [jvm.dll+0x834304]
V  [jvm.dll+0x835aae]
V  [jvm.dll+0x836113]
V  [jvm.dll+0x24696f]
V  [jvm.dll+0xac0ac]
V  [jvm.dll+0xac67c]
V  [jvm.dll+0x364de2]
V  [jvm.dll+0x32f6b1]
V  [jvm.dll+0x32eb5a]
V  [jvm.dll+0x219641]
V  [jvm.dll+0x218a61]
V  [jvm.dll+0x1a4d8d]
V  [jvm.dll+0x2284da]
V  [jvm.dll+0x226615]
V  [jvm.dll+0x7ea90b]
V  [jvm.dll+0x7e4e7a]
V  [jvm.dll+0x676395]
C  [ucrtbase.dll+0x21bb2]
C  [KERNEL32.DLL+0x17614]
C  [ntdll.dll+0x526a1]


---------------  P R O C E S S  ---------------

Threads class SMR info:
_java_thread_list=0x0000020a4ce2a500, length=47, elements={
0x0000020a2d3466e0, 0x0000020a419a7740, 0x0000020a419a94d0, 0x0000020a46d23150,
0x0000020a46d23c10, 0x0000020a46d26c80, 0x0000020a46d27540, 0x0000020a46d281e0,
0x0000020a46d78410, 0x0000020a46d8e8b0, 0x0000020a46e22c30, 0x0000020a46ff2620,
0x0000020a484ba240, 0x0000020a481fd6a0, 0x0000020a48208a00, 0x0000020a48260110,
0x0000020a48572420, 0x0000020a47df64d0, 0x0000020a482c93b0, 0x0000020a482ca6f0,
0x0000020a482cba30, 0x0000020a482c8a10, 0x0000020a482cb560, 0x0000020a482c8070,
0x0000020a49b87ab0, 0x0000020a49b840f0, 0x0000020a49b85430, 0x0000020a49b88450,
0x0000020a49b88df0, 0x0000020a49b82410, 0x0000020a48c19af0, 0x0000020a48c1b300,
0x0000020a48c19fc0, 0x0000020a48c1a960, 0x0000020a48c20000, 0x0000020a48c20e70,
0x0000020a48c1e320, 0x0000020a48c1c640, 0x0000020a48c204d0, 0x0000020a48c1b7d0,
0x0000020a49b828e0, 0x0000020a49b845c0, 0x0000020a488a1f30, 0x0000020a49b85900,
0x0000020a49b875e0, 0x0000020a48100cd0, 0x0000020a49b85dd0
}

Java Threads: ( => current thread )
  0x0000020a2d3466e0 JavaThread "main" [_thread_blocked, id=12680, stack(0x0000001c4fd00000,0x0000001c4fe00000)]
  0x0000020a419a7740 JavaThread "Reference Handler" daemon [_thread_blocked, id=7228, stack(0x0000001c50000000,0x0000001c50100000)]
  0x0000020a419a94d0 JavaThread "Finalizer" daemon [_thread_blocked, id=3696, stack(0x0000001c50100000,0x0000001c50200000)]
  0x0000020a46d23150 JavaThread "Signal Dispatcher" daemon [_thread_blocked, id=14180, stack(0x0000001c50200000,0x0000001c50300000)]
  0x0000020a46d23c10 JavaThread "Attach Listener" daemon [_thread_blocked, id=16192, stack(0x0000001c50300000,0x0000001c50400000)]
  0x0000020a46d26c80 JavaThread "Service Thread" daemon [_thread_blocked, id=20816, stack(0x0000001c50400000,0x0000001c50500000)]
  0x0000020a46d27540 JavaThread "Monitor Deflation Thread" daemon [_thread_blocked, id=15356, stack(0x0000001c50500000,0x0000001c50600000)]
=>0x0000020a46d281e0 JavaThread "C2 CompilerThread0" daemon [_thread_in_native, id=20780, stack(0x0000001c50600000,0x0000001c50700000)]
  0x0000020a46d78410 JavaThread "C1 CompilerThread0" daemon [_thread_blocked, id=10488, stack(0x0000001c50700000,0x0000001c50800000)]
  0x0000020a46d8e8b0 JavaThread "Sweeper thread" daemon [_thread_blocked, id=17996, stack(0x0000001c50800000,0x0000001c50900000)]
  0x0000020a46e22c30 JavaThread "Common-Cleaner" daemon [_thread_blocked, id=11680, stack(0x0000001c50900000,0x0000001c50a00000)]
  0x0000020a46ff2620 JavaThread "Notification Thread" daemon [_thread_blocked, id=17752, stack(0x0000001c50a00000,0x0000001c50b00000)]
  0x0000020a484ba240 JavaThread "Active Thread: Equinox Container: 8ba54ebd-4594-4100-ad81-fcd4b5a93612" [_thread_blocked, id=8268, stack(0x0000001c51300000,0x0000001c51400000)]
  0x0000020a481fd6a0 JavaThread "Framework Event Dispatcher: Equinox Container: 8ba54ebd-4594-4100-ad81-fcd4b5a93612" daemon [_thread_blocked, id=19620, stack(0x0000001c51200000,0x0000001c51300000)]
  0x0000020a48208a00 JavaThread "Start Level: Equinox Container: 8ba54ebd-4594-4100-ad81-fcd4b5a93612" daemon [_thread_blocked, id=17072, stack(0x0000001c51400000,0x0000001c51500000)]
  0x0000020a48260110 JavaThread "SCR Component Actor" daemon [_thread_blocked, id=12236, stack(0x0000001c51500000,0x0000001c51600000)]
  0x0000020a48572420 JavaThread "Bundle File Closer" daemon [_thread_blocked, id=15664, stack(0x0000001c51800000,0x0000001c51900000)]
  0x0000020a47df64d0 JavaThread "Worker-JM" [_thread_blocked, id=18996, stack(0x0000001c51a00000,0x0000001c51b00000)]
  0x0000020a482c93b0 JavaThread "Worker-1: Initialize Workspace" [_thread_blocked, id=20788, stack(0x0000001c51b00000,0x0000001c51c00000)]
  0x0000020a482ca6f0 JavaThread "Java indexing" daemon [_thread_blocked, id=1556, stack(0x0000001c51c00000,0x0000001c51d00000)]
  0x0000020a482cba30 JavaThread "Worker-2" [_thread_blocked, id=21400, stack(0x0000001c51d00000,0x0000001c51e00000)]
  0x0000020a482c8a10 JavaThread "JNA Cleaner" daemon [_thread_blocked, id=7140, stack(0x0000001c52000000,0x0000001c52100000)]
  0x0000020a482cb560 JavaThread "Worker-4: Synchronizing projects" [_thread_blocked, id=15204, stack(0x0000001c51e00000,0x0000001c51f00000)]
  0x0000020a482c8070 JavaThread "pool-2-thread-1" [_thread_blocked, id=13916, stack(0x0000001c52400000,0x0000001c52500000)]
  0x0000020a49b87ab0 JavaThread "WorkspaceEventsHandler" [_thread_blocked, id=19768, stack(0x0000001c52500000,0x0000001c52600000)]
  0x0000020a49b840f0 JavaThread "pool-1-thread-1" [_thread_in_native, id=6908, stack(0x0000001c52600000,0x0000001c52700000)]
  0x0000020a49b85430 JavaThread "OkHttp repo.maven.apache.org" [_thread_in_native, id=18960, stack(0x0000001c51700000,0x0000001c51800000)]
  0x0000020a49b88450 JavaThread "OkHttp ConnectionPool" daemon [_thread_blocked, id=20636, stack(0x0000001c52700000,0x0000001c52800000)]
  0x0000020a49b88df0 JavaThread "Okio Watchdog" daemon [_thread_blocked, id=10136, stack(0x0000001c52800000,0x0000001c52900000)]
  0x0000020a49b82410 JavaThread "OkHttp repo.maven.apache.org Writer" [_thread_blocked, id=18676, stack(0x0000001c52900000,0x0000001c52a00000)]
  0x0000020a48c19af0 JavaThread "OkHttp repo.maven.apache.org" [_thread_in_native, id=4088, stack(0x0000001c4fb00000,0x0000001c4fc00000)]
  0x0000020a48c1b300 JavaThread "OkHttp ConnectionPool" daemon [_thread_blocked, id=16508, stack(0x0000001c4fc00000,0x0000001c4fd00000)]
  0x0000020a48c19fc0 JavaThread "OkHttp repo.maven.apache.org Writer" [_thread_blocked, id=7116, stack(0x0000001c51900000,0x0000001c51a00000)]
  0x0000020a48c1a960 JavaThread "OkHttp Http2Connection" daemon [_thread_blocked, id=10004, stack(0x0000001c51f00000,0x0000001c52000000)]
  0x0000020a48c20000 JavaThread "Worker-5" [_thread_blocked, id=20056, stack(0x0000001c52d00000,0x0000001c52e00000)]
  0x0000020a48c20e70 JavaThread "Worker-6: Synchronizing projects" [_thread_blocked, id=19368, stack(0x0000001c52300000,0x0000001c52400000)]
  0x0000020a48c1e320 JavaThread "Worker-7" [_thread_blocked, id=4860, stack(0x0000001c52100000,0x0000001c52200000)]
  0x0000020a48c1c640 JavaThread "Worker-8: Initialize workspace" [_thread_in_native, id=20800, stack(0x0000001c52200000,0x0000001c52300000)]
  0x0000020a48c204d0 JavaThread "Worker-9: Refreshing workspace" [_thread_blocked, id=20836, stack(0x0000001c52a00000,0x0000001c52b00000)]
  0x0000020a48c1b7d0 JavaThread "ForkJoinPool.commonPool-worker-1" daemon [_thread_blocked, id=11440, stack(0x0000001c52b00000,0x0000001c52c00000)]
  0x0000020a49b828e0 JavaThread "ForkJoinPool.commonPool-worker-2" daemon [_thread_in_Java, id=8264, stack(0x0000001c52c00000,0x0000001c52d00000)]
  0x0000020a49b845c0 JavaThread "ForkJoinPool.commonPool-worker-3" daemon [_thread_blocked, id=8188, stack(0x0000001c52e00000,0x0000001c52f00000)]
  0x0000020a488a1f30 JavaThread "C2 CompilerThread1" daemon [_thread_in_native, id=15228, stack(0x0000001c52f00000,0x0000001c53000000)]
  0x0000020a49b85900 JavaThread "Worker-10" [_thread_blocked, id=8, stack(0x0000001c53000000,0x0000001c53100000)]
  0x0000020a49b875e0 JavaThread "Worker-11" [_thread_blocked, id=11080, stack(0x0000001c53100000,0x0000001c53200000)]
  0x0000020a48100cd0 JavaThread "C2 CompilerThread2" daemon [_thread_in_native, id=19300, stack(0x0000001c53200000,0x0000001c53300000)]
  0x0000020a49b85dd0 JavaThread "SCR Component Registry" daemon [_thread_blocked, id=18796, stack(0x0000001c53300000,0x0000001c53400000)]

Other Threads:
  0x0000020a46cf0dc0 VMThread "VM Thread" [stack: 0x0000001c4ff00000,0x0000001c50000000] [id=12940]
  0x0000020a4700ced0 WatcherThread [stack: 0x0000001c50b00000,0x0000001c50c00000] [id=11140]
  0x0000020a2d35cba0 GCTaskThread "GC Thread#0" [stack: 0x0000001c4fe00000,0x0000001c4ff00000] [id=12636]
  0x0000020a47bf8ba0 GCTaskThread "GC Thread#1" [stack: 0x0000001c50c00000,0x0000001c50d00000] [id=2692]
  0x0000020a47cd3d70 GCTaskThread "GC Thread#2" [stack: 0x0000001c50d00000,0x0000001c50e00000] [id=16992]
  0x0000020a47ccd020 GCTaskThread "GC Thread#3" [stack: 0x0000001c50e00000,0x0000001c50f00000] [id=6752]
  0x0000020a4815b040 GCTaskThread "GC Thread#4" [stack: 0x0000001c50f00000,0x0000001c51000000] [id=13188]
  0x0000020a4815bb00 GCTaskThread "GC Thread#5" [stack: 0x0000001c51000000,0x0000001c51100000] [id=10360]
  0x0000020a4815bdb0 GCTaskThread "GC Thread#6" [stack: 0x0000001c51100000,0x0000001c51200000] [id=16460]
  0x0000020a48298e50 GCTaskThread "GC Thread#7" [stack: 0x0000001c51600000,0x0000001c51700000] [id=12996]

Threads with active compile tasks:
C2 CompilerThread0   577665 12338       4       java.net.URI::<init> (51 bytes)
C2 CompilerThread1   577665 12370       4       org.eclipse.jdt.internal.compiler.util.JrtFileSystem$2::visitFile (10 bytes)
C2 CompilerThread2   577665 12337       4       java.net.URI::<init> (13 bytes)

VM state: not at safepoint (normal execution)

VM Mutex/Monitor currently owned by a thread: None

Heap address: 0x00000000c0000000, size: 1024 MB, Compressed Oops mode: 32-bit

CDS archive(s) not mapped
Compressed class space mapped at: 0x0000000100000000-0x0000000140000000, reserved size: 1073741824
Narrow klass base: 0x0000000000000000, Narrow klass shift: 3, Narrow klass range: 0x140000000

GC Precious Log:
 CPUs: 8 total, 8 available
 Memory: 16118M
 Large Page Support: Disabled
 NUMA Support: Disabled
 Compressed Oops: Enabled (32-bit)
 Alignments: Space 512K, Generation 512K, Heap 2M
 Heap Min Capacity: 100M
 Heap Initial Capacity: 100M
 Heap Max Capacity: 1G
 Pre-touch: Disabled
 Parallel Workers: 8

Heap:
 PSYoungGen      total 7168K, used 2803K [0x00000000eab00000, 0x00000000eb300000, 0x0000000100000000)
  eden space 6144K, 34% used [0x00000000eab00000,0x00000000ead0cf28,0x00000000eb100000)
  from space 1024K, 68% used [0x00000000eb200000,0x00000000eb2b0000,0x00000000eb300000)
  to   space 1024K, 0% used [0x00000000eb100000,0x00000000eb100000,0x00000000eb200000)
 ParOldGen       total 207872K, used 192723K [0x00000000c0000000, 0x00000000ccb00000, 0x00000000eab00000)
  object space 207872K, 92% used [0x00000000c0000000,0x00000000cbc34c38,0x00000000ccb00000)
 Metaspace       used 70829K, committed 71936K, reserved 1114112K
  class space    used 7485K, committed 8000K, reserved 1048576K

Card table byte_map: [0x0000020a3f240000,0x0000020a3f450000] _byte_map_base: 0x0000020a3ec40000

Marking Bits: (ParMarkBitMap*) 0x00007ff889a952c0
 Begin Bits: [0x0000020a3f5b0000, 0x0000020a405b0000)
 End Bits:   [0x0000020a405b0000, 0x0000020a415b0000)

Polling page: 0x0000020a2d2d0000

Metaspace:

Usage:
  Non-class:     61.86 MB used.
      Class:      7.31 MB used.
       Both:     69.17 MB used.

Virtual space:
  Non-class space:       64.00 MB reserved,      62.44 MB ( 98%) committed,  1 nodes.
      Class space:        1.00 GB reserved,       7.81 MB ( <1%) committed,  1 nodes.
             Both:        1.06 GB reserved,      70.25 MB (  6%) committed. 

Chunk freelists:
   Non-Class:  704.00 KB
       Class:  8.00 MB
        Both:  8.69 MB

MaxMetaspaceSize: unlimited
CompressedClassSpaceSize: 1.00 GB
Initial GC threshold: 21.00 MB
Current GC threshold: 111.88 MB
CDS: off
MetaspaceReclaimPolicy: balanced
 - commit_granule_bytes: 65536.
 - commit_granule_words: 8192.
 - virtual_space_node_default_size: 8388608.
 - enlarge_chunks_in_place: 1.
 - new_chunks_are_fully_committed: 0.
 - uncommit_free_chunks: 1.
 - use_allocation_guard: 0.
 - handle_deallocations: 1.


Internal statistics:

num_allocs_failed_limit: 6.
num_arena_births: 736.
num_arena_deaths: 22.
num_vsnodes_births: 2.
num_vsnodes_deaths: 0.
num_space_committed: 1124.
num_space_uncommitted: 0.
num_chunks_returned_to_freelist: 31.
num_chunks_taken_from_freelist: 3482.
num_chunk_merges: 11.
num_chunk_splits: 2158.
num_chunks_enlarged: 1263.
num_inconsistent_stats: 0.

CodeHeap 'non-profiled nmethods': size=120000Kb used=8173Kb max_used=8434Kb free=111826Kb
 bounds [0x0000020a37b30000, 0x0000020a38370000, 0x0000020a3f060000]
CodeHeap 'profiled nmethods': size=120000Kb used=21295Kb max_used=22496Kb free=98704Kb
 bounds [0x0000020a30060000, 0x0000020a31660000, 0x0000020a37590000]
CodeHeap 'non-nmethods': size=5760Kb used=1388Kb max_used=1465Kb free=4372Kb
 bounds [0x0000020a37590000, 0x0000020a37800000, 0x0000020a37b30000]
 total_blobs=10854 nmethods=10135 adapters=633
 compilation: enabled
              stopped_count=0, restarted_count=0
 full_count=0

Compilation events (20 events):
Event: 577.574 Thread 0x0000020a46d78410 12372       3       org.eclipse.jdt.internal.compiler.util.JrtFileSystem$2::visitFile (72 bytes)
Event: 577.574 Thread 0x0000020a46d78410 nmethod 12372 0x0000020a31657690 code [0x0000020a316578a0, 0x0000020a31657fe8]
Event: 577.575 Thread 0x0000020a46d78410 12379       2       org.eclipse.jdt.internal.core.util.HashSetOfArray::hashCode (35 bytes)
Event: 577.575 Thread 0x0000020a46d78410 nmethod 12379 0x0000020a31658210 code [0x0000020a316583c0, 0x0000020a316585e8]
Event: 577.575 Thread 0x0000020a46d78410 12380       2       org.eclipse.jdt.internal.core.util.HashSetOfArray::add (100 bytes)
Event: 577.575 Thread 0x0000020a46d78410 nmethod 12380 0x0000020a31658790 code [0x0000020a31658980, 0x0000020a31658da8]
Event: 577.575 Thread 0x0000020a46d78410 12381       2       org.eclipse.jdt.internal.core.util.HashSetOfArray::hashCode (8 bytes)
Event: 577.575 Thread 0x0000020a46d78410 nmethod 12381 0x0000020a31659090 code [0x0000020a31659220, 0x0000020a31659348]
Event: 577.584 Thread 0x0000020a46d78410 12382       2       java.util.TimSort::countRunAndMakeAscending (128 bytes)
Event: 577.585 Thread 0x0000020a46d78410 nmethod 12382 0x0000020a31659410 code [0x0000020a31659600, 0x0000020a316599d8]
Event: 577.585 Thread 0x0000020a46d78410 12383       3       org.eclipse.jdt.internal.core.util.Util::equalArraysOrNull (72 bytes)
Event: 577.585 Thread 0x0000020a46d78410 nmethod 12383 0x0000020a31659c10 code [0x0000020a31659e00, 0x0000020a3165a348]
Event: 577.585 Thread 0x0000020a46d78410 12384       2       org.eclipse.jdt.internal.core.util.HashtableOfArrayToObject::<init> (49 bytes)
Event: 577.586 Thread 0x0000020a46d78410 nmethod 12384 0x0000020a3165a490 code [0x0000020a3165a640, 0x0000020a3165a8d8]
Event: 577.606 Thread 0x0000020a488a1f30 nmethod 12350 0x0000020a38366e90 code [0x0000020a38367240, 0x0000020a3836a938]
Event: 577.606 Thread 0x0000020a488a1f30 12364       4       java.nio.file.Files::provider (10 bytes)
Event: 577.607 Thread 0x0000020a488a1f30 nmethod 12364 0x0000020a37b57790 code [0x0000020a37b57900, 0x0000020a37b57998]
Event: 577.607 Thread 0x0000020a488a1f30 12370       4       org.eclipse.jdt.internal.compiler.util.JrtFileSystem$2::visitFile (10 bytes)
Event: 577.617 Thread 0x0000020a46d78410 12388       2       java.util.Properties::containsKey (9 bytes)
Event: 577.617 Thread 0x0000020a46d78410 nmethod 12388 0x0000020a30503d90 code [0x0000020a30503f20, 0x0000020a30504068]

GC Heap History (20 events):
Event: 577.258 GC heap before
{Heap before GC invocations=794 (full 18):
 PSYoungGen      total 4608K, used 4351K [0x00000000eab00000, 0x00000000eb100000, 0x0000000100000000)
  eden space 3072K, 99% used [0x00000000eab00000,0x00000000eadffff8,0x00000000eae00000)
  from space 1536K, 83% used [0x00000000eaf80000,0x00000000eb0c0000,0x00000000eb100000)
  to   space 1536K, 0% used [0x00000000eae00000,0x00000000eae00000,0x00000000eaf80000)
 ParOldGen       total 207872K, used 187312K [0x00000000c0000000, 0x00000000ccb00000, 0x00000000eab00000)
  object space 207872K, 90% used [0x00000000c0000000,0x00000000cb6ec280,0x00000000ccb00000)
 Metaspace       used 70392K, committed 71552K, reserved 1114112K
  class space    used 7459K, committed 8000K, reserved 1048576K
}
Event: 577.262 GC heap after
{Heap after GC invocations=794 (full 18):
 PSYoungGen      total 4608K, used 1280K [0x00000000eab00000, 0x00000000eb200000, 0x0000000100000000)
  eden space 3072K, 0% used [0x00000000eab00000,0x00000000eab00000,0x00000000eae00000)
  from space 1536K, 83% used [0x00000000eae00000,0x00000000eaf40000,0x00000000eaf80000)
  to   space 1536K, 0% used [0x00000000eb080000,0x00000000eb080000,0x00000000eb200000)
 ParOldGen       total 207872K, used 187472K [0x00000000c0000000, 0x00000000ccb00000, 0x00000000eab00000)
  object space 207872K, 90% used [0x00000000c0000000,0x00000000cb714290,0x00000000ccb00000)
 Metaspace       used 70392K, committed 71552K, reserved 1114112K
  class space    used 7459K, committed 8000K, reserved 1048576K
}
Event: 577.275 GC heap before
{Heap before GC invocations=795 (full 18):
 PSYoungGen      total 4608K, used 4352K [0x00000000eab00000, 0x00000000eb200000, 0x0000000100000000)
  eden space 3072K, 100% used [0x00000000eab00000,0x00000000eae00000,0x00000000eae00000)
  from space 1536K, 83% used [0x00000000eae00000,0x00000000eaf40000,0x00000000eaf80000)
  to   space 1536K, 0% used [0x00000000eb080000,0x00000000eb080000,0x00000000eb200000)
 ParOldGen       total 207872K, used 187472K [0x00000000c0000000, 0x00000000ccb00000, 0x00000000eab00000)
  object space 207872K, 90% used [0x00000000c0000000,0x00000000cb714290,0x00000000ccb00000)
 Metaspace       used 70402K, committed 71552K, reserved 1114112K
  class space    used 7461K, committed 8000K, reserved 1048576K
}
Event: 577.279 GC heap after
{Heap after GC invocations=795 (full 18):
 PSYoungGen      total 5632K, used 1376K [0x00000000eab00000, 0x00000000eb200000, 0x0000000100000000)
  eden space 4096K, 0% used [0x00000000eab00000,0x00000000eab00000,0x00000000eaf00000)
  from space 1536K, 89% used [0x00000000eb080000,0x00000000eb1d8000,0x00000000eb200000)
  to   space 1536K, 0% used [0x00000000eaf00000,0x00000000eaf00000,0x00000000eb080000)
 ParOldGen       total 207872K, used 187648K [0x00000000c0000000, 0x00000000ccb00000, 0x00000000eab00000)
  object space 207872K, 90% used [0x00000000c0000000,0x00000000cb740290,0x00000000ccb00000)
 Metaspace       used 70402K, committed 71552K, reserved 1114112K
  class space    used 7461K, committed 8000K, reserved 1048576K
}
Event: 577.300 GC heap before
{Heap before GC invocations=796 (full 18):
 PSYoungGen      total 5632K, used 5355K [0x00000000eab00000, 0x00000000eb200000, 0x0000000100000000)
  eden space 4096K, 97% used [0x00000000eab00000,0x00000000eaee2c38,0x00000000eaf00000)
  from space 1536K, 89% used [0x00000000eb080000,0x00000000eb1d8000,0x00000000eb200000)
  to   space 1536K, 0% used [0x00000000eaf00000,0x00000000eaf00000,0x00000000eb080000)
 ParOldGen       total 207872K, used 187648K [0x00000000c0000000, 0x00000000ccb00000, 0x00000000eab00000)
  object space 207872K, 90% used [0x00000000c0000000,0x00000000cb740290,0x00000000ccb00000)
 Metaspace       used 70406K, committed 71552K, reserved 1114112K
  class space    used 7462K, committed 8000K, reserved 1048576K
}
Event: 577.302 GC heap after
{Heap after GC invocations=796 (full 18):
 PSYoungGen      total 5632K, used 1536K [0x00000000eab00000, 0x00000000eb500000, 0x0000000100000000)
  eden space 4096K, 0% used [0x00000000eab00000,0x00000000eab00000,0x00000000eaf00000)
  from space 1536K, 100% used [0x00000000eaf00000,0x00000000eb080000,0x00000000eb080000)
  to   space 2560K, 0% used [0x00000000eb280000,0x00000000eb280000,0x00000000eb500000)
 ParOldGen       total 207872K, used 188445K [0x00000000c0000000, 0x00000000ccb00000, 0x00000000eab00000)
  object space 207872K, 90% used [0x00000000c0000000,0x00000000cb8075e8,0x00000000ccb00000)
 Metaspace       used 70406K, committed 71552K, reserved 1114112K
  class space    used 7462K, committed 8000K, reserved 1048576K
}
Event: 577.336 GC heap before
{Heap before GC invocations=797 (full 18):
 PSYoungGen      total 5632K, used 5616K [0x00000000eab00000, 0x00000000eb500000, 0x0000000100000000)
  eden space 4096K, 99% used [0x00000000eab00000,0x00000000eaefc180,0x00000000eaf00000)
  from space 1536K, 100% used [0x00000000eaf00000,0x00000000eb080000,0x00000000eb080000)
  to   space 2560K, 0% used [0x00000000eb280000,0x00000000eb280000,0x00000000eb500000)
 ParOldGen       total 207872K, used 188445K [0x00000000c0000000, 0x00000000ccb00000, 0x00000000eab00000)
  object space 207872K, 90% used [0x00000000c0000000,0x00000000cb8075e8,0x00000000ccb00000)
 Metaspace       used 70409K, committed 71552K, reserved 1114112K
  class space    used 7462K, committed 8000K, reserved 1048576K
}
Event: 577.339 GC heap after
{Heap after GC invocations=797 (full 18):
 PSYoungGen      total 6144K, used 1752K [0x00000000eab00000, 0x00000000eb480000, 0x0000000100000000)
  eden space 4096K, 0% used [0x00000000eab00000,0x00000000eab00000,0x00000000eaf00000)
  from space 2048K, 85% used [0x00000000eb280000,0x00000000eb436398,0x00000000eb480000)
  to   space 2048K, 0% used [0x00000000eb080000,0x00000000eb080000,0x00000000eb280000)
 ParOldGen       total 207872K, used 188789K [0x00000000c0000000, 0x00000000ccb00000, 0x00000000eab00000)
  object space 207872K, 90% used [0x00000000c0000000,0x00000000cb85d5e8,0x00000000ccb00000)
 Metaspace       used 70409K, committed 71552K, reserved 1114112K
  class space    used 7462K, committed 8000K, reserved 1048576K
}
Event: 577.501 GC heap before
{Heap before GC invocations=798 (full 18):
 PSYoungGen      total 6144K, used 5799K [0x00000000eab00000, 0x00000000eb480000, 0x0000000100000000)
  eden space 4096K, 98% used [0x00000000eab00000,0x00000000eaef3bd8,0x00000000eaf00000)
  from space 2048K, 85% used [0x00000000eb280000,0x00000000eb436398,0x00000000eb480000)
  to   space 2048K, 0% used [0x00000000eb080000,0x00000000eb080000,0x00000000eb280000)
 ParOldGen       total 207872K, used 188789K [0x00000000c0000000, 0x00000000ccb00000, 0x00000000eab00000)
  object space 207872K, 90% used [0x00000000c0000000,0x00000000cb85d5e8,0x00000000ccb00000)
 Metaspace       used 70427K, committed 71552K, reserved 1114112K
  class space    used 7464K, committed 8000K, reserved 1048576K
}
Event: 577.503 GC heap after
{Heap after GC invocations=798 (full 18):
 PSYoungGen      total 5632K, used 1208K [0x00000000eab00000, 0x00000000eb300000, 0x0000000100000000)
  eden space 4096K, 0% used [0x00000000eab00000,0x00000000eab00000,0x00000000eaf00000)
  from space 1536K, 78% used [0x00000000eb080000,0x00000000eb1ae1d8,0x00000000eb200000)
  to   space 1024K, 0% used [0x00000000eb200000,0x00000000eb200000,0x00000000eb300000)
 ParOldGen       total 207872K, used 189077K [0x00000000c0000000, 0x00000000ccb00000, 0x00000000eab00000)
  object space 207872K, 90% used [0x00000000c0000000,0x00000000cb8a55e8,0x00000000ccb00000)
 Metaspace       used 70427K, committed 71552K, reserved 1114112K
  class space    used 7464K, committed 8000K, reserved 1048576K
}
Event: 577.565 GC heap before
{Heap before GC invocations=799 (full 18):
 PSYoungGen      total 5632K, used 5304K [0x00000000eab00000, 0x00000000eb300000, 0x0000000100000000)
  eden space 4096K, 99% used [0x00000000eab00000,0x00000000eaeffff0,0x00000000eaf00000)
  from space 1536K, 78% used [0x00000000eb080000,0x00000000eb1ae1d8,0x00000000eb200000)
  to   space 1024K, 0% used [0x00000000eb200000,0x00000000eb200000,0x00000000eb300000)
 ParOldGen       total 207872K, used 189077K [0x00000000c0000000, 0x00000000ccb00000, 0x00000000eab00000)
  object space 207872K, 90% used [0x00000000c0000000,0x00000000cb8a55e8,0x00000000ccb00000)
 Metaspace       used 70824K, committed 71936K, reserved 1114112K
  class space    used 7485K, committed 8000K, reserved 1048576K
}
Event: 577.568 GC heap after
{Heap after GC invocations=799 (full 18):
 PSYoungGen      total 4608K, used 512K [0x00000000eab00000, 0x00000000eb280000, 0x0000000100000000)
  eden space 4096K, 0% used [0x00000000eab00000,0x00000000eab00000,0x00000000eaf00000)
  from space 512K, 100% used [0x00000000eb200000,0x00000000eb280000,0x00000000eb280000)
  to   space 1024K, 0% used [0x00000000eb080000,0x00000000eb080000,0x00000000eb180000)
 ParOldGen       total 207872K, used 190093K [0x00000000c0000000, 0x00000000ccb00000, 0x00000000eab00000)
  object space 207872K, 91% used [0x00000000c0000000,0x00000000cb9a35e8,0x00000000ccb00000)
 Metaspace       used 70824K, committed 71936K, reserved 1114112K
  class space    used 7485K, committed 8000K, reserved 1048576K
}
Event: 577.581 GC heap before
{Heap before GC invocations=800 (full 18):
 PSYoungGen      total 4608K, used 4608K [0x00000000eab00000, 0x00000000eb280000, 0x0000000100000000)
  eden space 4096K, 100% used [0x00000000eab00000,0x00000000eaf00000,0x00000000eaf00000)
  from space 512K, 100% used [0x00000000eb200000,0x00000000eb280000,0x00000000eb280000)
  to   space 1024K, 0% used [0x00000000eb080000,0x00000000eb080000,0x00000000eb180000)
 ParOldGen       total 207872K, used 190093K [0x00000000c0000000, 0x00000000ccb00000, 0x00000000eab00000)
  object space 207872K, 91% used [0x00000000c0000000,0x00000000cb9a35e8,0x00000000ccb00000)
 Metaspace       used 70827K, committed 71936K, reserved 1114112K
  class space    used 7485K, committed 8000K, reserved 1048576K
}
Event: 577.583 GC heap after
{Heap after GC invocations=800 (full 18):
 PSYoungGen      total 5120K, used 864K [0x00000000eab00000, 0x00000000eb280000, 0x0000000100000000)
  eden space 4096K, 0% used [0x00000000eab00000,0x00000000eab00000,0x00000000eaf00000)
  from space 1024K, 84% used [0x00000000eb080000,0x00000000eb158000,0x00000000eb180000)
  to   space 1024K, 0% used [0x00000000eb180000,0x00000000eb180000,0x00000000eb280000)
 ParOldGen       total 207872K, used 190093K [0x00000000c0000000, 0x00000000ccb00000, 0x00000000eab00000)
  object space 207872K, 91% used [0x00000000c0000000,0x00000000cb9a35e8,0x00000000ccb00000)
 Metaspace       used 70827K, committed 71936K, reserved 1114112K
  class space    used 7485K, committed 8000K, reserved 1048576K
}
Event: 577.601 GC heap before
{Heap before GC invocations=801 (full 18):
 PSYoungGen      total 5120K, used 4960K [0x00000000eab00000, 0x00000000eb280000, 0x0000000100000000)
  eden space 4096K, 100% used [0x00000000eab00000,0x00000000eaf00000,0x00000000eaf00000)
  from space 1024K, 84% used [0x00000000eb080000,0x00000000eb158000,0x00000000eb180000)
  to   space 1024K, 0% used [0x00000000eb180000,0x00000000eb180000,0x00000000eb280000)
 ParOldGen       total 207872K, used 190093K [0x00000000c0000000, 0x00000000ccb00000, 0x00000000eab00000)
  object space 207872K, 91% used [0x00000000c0000000,0x00000000cb9a35e8,0x00000000ccb00000)
 Metaspace       used 70827K, committed 71936K, reserved 1114112K
  class space    used 7485K, committed 8000K, reserved 1048576K
}
Event: 577.603 GC heap after
{Heap after GC invocations=801 (full 18):
 PSYoungGen      total 5120K, used 1024K [0x00000000eab00000, 0x00000000eb280000, 0x0000000100000000)
  eden space 4096K, 0% used [0x00000000eab00000,0x00000000eab00000,0x00000000eaf00000)
  from space 1024K, 100% used [0x00000000eb180000,0x00000000eb280000,0x00000000eb280000)
  to   space 1536K, 0% used [0x00000000eaf80000,0x00000000eaf80000,0x00000000eb100000)
 ParOldGen       total 207872K, used 190197K [0x00000000c0000000, 0x00000000ccb00000, 0x00000000eab00000)
  object space 207872K, 91% used [0x00000000c0000000,0x00000000cb9bd5e8,0x00000000ccb00000)
 Metaspace       used 70827K, committed 71936K, reserved 1114112K
  class space    used 7485K, committed 8000K, reserved 1048576K
}
Event: 577.611 GC heap before
{Heap before GC invocations=802 (full 18):
 PSYoungGen      total 5120K, used 5120K [0x00000000eab00000, 0x00000000eb280000, 0x0000000100000000)
  eden space 4096K, 100% used [0x00000000eab00000,0x00000000eaf00000,0x00000000eaf00000)
  from space 1024K, 100% used [0x00000000eb180000,0x00000000eb280000,0x00000000eb280000)
  to   space 1536K, 0% used [0x00000000eaf80000,0x00000000eaf80000,0x00000000eb100000)
 ParOldGen       total 207872K, used 190197K [0x00000000c0000000, 0x00000000ccb00000, 0x00000000eab00000)
  object space 207872K, 91% used [0x00000000c0000000,0x00000000cb9bd5e8,0x00000000ccb00000)
 Metaspace       used 70827K, committed 71936K, reserved 1114112K
  class space    used 7485K, committed 8000K, reserved 1048576K
}
Event: 577.614 GC heap after
{Heap after GC invocations=802 (full 18):
 PSYoungGen      total 5632K, used 896K [0x00000000eab00000, 0x00000000eb200000, 0x0000000100000000)
  eden space 4096K, 0% used [0x00000000eab00000,0x00000000eab00000,0x00000000eaf00000)
  from space 1536K, 58% used [0x00000000eaf80000,0x00000000eb060000,0x00000000eb100000)
  to   space 1024K, 0% used [0x00000000eb100000,0x00000000eb100000,0x00000000eb200000)
 ParOldGen       total 207872K, used 190875K [0x00000000c0000000, 0x00000000ccb00000, 0x00000000eab00000)
  object space 207872K, 91% used [0x00000000c0000000,0x00000000cba66c38,0x00000000ccb00000)
 Metaspace       used 70827K, committed 71936K, reserved 1114112K
  class space    used 7485K, committed 8000K, reserved 1048576K
}
Event: 577.621 GC heap before
{Heap before GC invocations=803 (full 18):
 PSYoungGen      total 5632K, used 4992K [0x00000000eab00000, 0x00000000eb200000, 0x0000000100000000)
  eden space 4096K, 100% used [0x00000000eab00000,0x00000000eaf00000,0x00000000eaf00000)
  from space 1536K, 58% used [0x00000000eaf80000,0x00000000eb060000,0x00000000eb100000)
  to   space 1024K, 0% used [0x00000000eb100000,0x00000000eb100000,0x00000000eb200000)
 ParOldGen       total 207872K, used 190875K [0x00000000c0000000, 0x00000000ccb00000, 0x00000000eab00000)
  object space 207872K, 91% used [0x00000000c0000000,0x00000000cba66c38,0x00000000ccb00000)
 Metaspace       used 70827K, committed 71936K, reserved 1114112K
  class space    used 7485K, committed 8000K, reserved 1048576K
}
Event: 577.623 GC heap after
{Heap after GC invocations=803 (full 18):
 PSYoungGen      total 6144K, used 608K [0x00000000eab00000, 0x00000000eb200000, 0x0000000100000000)
  eden space 5120K, 0% used [0x00000000eab00000,0x00000000eab00000,0x00000000eb000000)
  from space 1024K, 59% used [0x00000000eb100000,0x00000000eb198000,0x00000000eb200000)
  to   space 1024K, 0% used [0x00000000eb000000,0x00000000eb000000,0x00000000eb100000)
 ParOldGen       total 207872K, used 191675K [0x00000000c0000000, 0x00000000ccb00000, 0x00000000eab00000)
  object space 207872K, 92% used [0x00000000c0000000,0x00000000cbb2ec38,0x00000000ccb00000)
 Metaspace       used 70827K, committed 71936K, reserved 1114112K
  class space    used 7485K, committed 8000K, reserved 1048576K
}

Dll operation events (13 events):
Event: 0.072 Loaded shared library c:\Users\John Sung\.vscode\extensions\redhat.java-1.20.0-win32-x64\jre\17.0.7-win32-x86_64\bin\java.dll
Event: 0.629 Loaded shared library c:\Users\John Sung\.vscode\extensions\redhat.java-1.20.0-win32-x64\jre\17.0.7-win32-x86_64\bin\zip.dll
Event: 0.635 Loaded shared library C:\Users\John Sung\.vscode\extensions\redhat.java-1.20.0-win32-x64\jre\17.0.7-win32-x86_64\bin\instrument.dll
Event: 0.664 Loaded shared library C:\Users\John Sung\.vscode\extensions\redhat.java-1.20.0-win32-x64\jre\17.0.7-win32-x86_64\bin\net.dll
Event: 0.671 Loaded shared library C:\Users\John Sung\.vscode\extensions\redhat.java-1.20.0-win32-x64\jre\17.0.7-win32-x86_64\bin\nio.dll
Event: 0.682 Loaded shared library C:\Users\John Sung\.vscode\extensions\redhat.java-1.20.0-win32-x64\jre\17.0.7-win32-x86_64\bin\zip.dll
Event: 0.717 Loaded shared library C:\Users\John Sung\.vscode\extensions\redhat.java-1.20.0-win32-x64\jre\17.0.7-win32-x86_64\bin\jimage.dll
Event: 0.981 Loaded shared library c:\Users\John Sung\.vscode\extensions\redhat.java-1.20.0-win32-x64\jre\17.0.7-win32-x86_64\bin\verify.dll
Event: 4.633 Loaded shared library C:\Users\John Sung\AppData\Roaming\Code\User\globalStorage\redhat.java\1.20.0\config_win\org.eclipse.equinox.launcher\org.eclipse.equinox.launcher.win32.win32.x86_64_1.2.700.v20221108-1024\eclipse_11801.dll
Event: 16.628 Loaded shared library C:\Users\John Sung\.vscode\extensions\redhat.java-1.20.0-win32-x64\jre\17.0.7-win32-x86_64\bin\management.dll
Event: 16.636 Loaded shared library C:\Users\John Sung\.vscode\extensions\redhat.java-1.20.0-win32-x64\jre\17.0.7-win32-x86_64\bin\management_ext.dll
Event: 37.219 Loaded shared library C:\Users\John Sung\AppData\Local\Temp\jna-563224976\jna1673565800378358405.dll
Event: 42.184 Loaded shared library C:\Users\John Sung\.vscode\extensions\redhat.java-1.20.0-win32-x64\jre\17.0.7-win32-x86_64\bin\sunmscapi.dll

Deoptimization events (20 events):
Event: 577.558 Thread 0x0000020a49b828e0 Uncommon trap: trap_request=0xffffffc6 fr.pc=0x0000020a381165c8 relative=0x0000000000000788
Event: 577.558 Thread 0x0000020a49b828e0 Uncommon trap: reason=bimorphic_or_optimized_type_check action=maybe_recompile pc=0x0000020a381165c8 method=java.nio.file.Files.provider(Ljava/nio/file/Path;)Ljava/nio/file/spi/FileSystemProvider; @ 6 c2
Event: 577.558 Thread 0x0000020a49b828e0 DEOPT PACKING pc=0x0000020a381165c8 sp=0x0000001c52cfdff0
Event: 577.558 Thread 0x0000020a49b828e0 DEOPT UNPACKING pc=0x0000020a375e9ea3 sp=0x0000001c52cfdf48 mode 2
Event: 577.558 Thread 0x0000020a49b828e0 Uncommon trap: trap_request=0xffffffc6 fr.pc=0x0000020a37f81a9c relative=0x000000000000007c
Event: 577.558 Thread 0x0000020a49b828e0 Uncommon trap: reason=bimorphic_or_optimized_type_check action=maybe_recompile pc=0x0000020a37f81a9c method=java.nio.file.Files.provider(Ljava/nio/file/Path;)Ljava/nio/file/spi/FileSystemProvider; @ 6 c2
Event: 577.558 Thread 0x0000020a49b828e0 DEOPT PACKING pc=0x0000020a37f81a9c sp=0x0000001c52cfdfb0
Event: 577.558 Thread 0x0000020a49b828e0 DEOPT UNPACKING pc=0x0000020a375e9ea3 sp=0x0000001c52cfdf40 mode 2
Event: 577.559 Thread 0x0000020a49b828e0 Uncommon trap: trap_request=0xffffffde fr.pc=0x0000020a3806d574 relative=0x0000000000004354
Event: 577.559 Thread 0x0000020a49b828e0 Uncommon trap: reason=class_check action=maybe_recompile pc=0x0000020a3806d574 method=org.eclipse.jdt.internal.compiler.util.JrtFileSystem$2.visitFile(Ljava/nio/file/Path;Ljava/nio/file/attribute/BasicFileAttributes;)Ljava/nio/file/FileVisitResult; @ 33 c
Event: 577.559 Thread 0x0000020a49b828e0 DEOPT PACKING pc=0x0000020a3806d574 sp=0x0000001c52cfdff0
Event: 577.559 Thread 0x0000020a49b828e0 DEOPT UNPACKING pc=0x0000020a375e9ea3 sp=0x0000001c52cfdf78 mode 2
Event: 577.568 Thread 0x0000020a49b828e0 Uncommon trap: trap_request=0xffffffde fr.pc=0x0000020a3806d574 relative=0x0000000000004354
Event: 577.568 Thread 0x0000020a49b828e0 Uncommon trap: reason=class_check action=maybe_recompile pc=0x0000020a3806d574 method=org.eclipse.jdt.internal.compiler.util.JrtFileSystem$2.visitFile(Ljava/nio/file/Path;Ljava/nio/file/attribute/BasicFileAttributes;)Ljava/nio/file/FileVisitResult; @ 33 c
Event: 577.568 Thread 0x0000020a49b828e0 DEOPT PACKING pc=0x0000020a3806d574 sp=0x0000001c52cfdff0
Event: 577.568 Thread 0x0000020a49b828e0 DEOPT UNPACKING pc=0x0000020a375e9ea3 sp=0x0000001c52cfdf78 mode 2
Event: 577.573 Thread 0x0000020a49b828e0 Uncommon trap: trap_request=0xffffffde fr.pc=0x0000020a37e8f5d4 relative=0x00000000000042b4
Event: 577.573 Thread 0x0000020a49b828e0 Uncommon trap: reason=class_check action=maybe_recompile pc=0x0000020a37e8f5d4 method=org.eclipse.jdt.internal.compiler.util.JrtFileSystem$2.visitFile(Ljava/nio/file/Path;Ljava/nio/file/attribute/BasicFileAttributes;)Ljava/nio/file/FileVisitResult; @ 33 c
Event: 577.573 Thread 0x0000020a49b828e0 DEOPT PACKING pc=0x0000020a37e8f5d4 sp=0x0000001c52cfdf60
Event: 577.573 Thread 0x0000020a49b828e0 DEOPT UNPACKING pc=0x0000020a375e9ea3 sp=0x0000001c52cfdf70 mode 2

Classes unloaded (11 events):
Event: 16.850 Thread 0x0000020a46cf0dc0 Unloading class 0x000000010021a400 'java/lang/invoke/LambdaForm$MH+0x000000010021a400'
Event: 16.850 Thread 0x0000020a46cf0dc0 Unloading class 0x000000010021a000 'java/lang/invoke/LambdaForm$MH+0x000000010021a000'
Event: 16.850 Thread 0x0000020a46cf0dc0 Unloading class 0x0000000100219c00 'java/lang/invoke/LambdaForm$MH+0x0000000100219c00'
Event: 16.850 Thread 0x0000020a46cf0dc0 Unloading class 0x0000000100219800 'java/lang/invoke/LambdaForm$MH+0x0000000100219800'
Event: 16.850 Thread 0x0000020a46cf0dc0 Unloading class 0x0000000100219000 'java/lang/invoke/LambdaForm$BMH+0x0000000100219000'
Event: 16.850 Thread 0x0000020a46cf0dc0 Unloading class 0x0000000100218c00 'java/lang/invoke/LambdaForm$DMH+0x0000000100218c00'
Event: 16.850 Thread 0x0000020a46cf0dc0 Unloading class 0x0000000100216000 'java/lang/invoke/LambdaForm$DMH+0x0000000100216000'
Event: 99.837 Thread 0x0000020a46cf0dc0 Unloading class 0x00000001006c0400 'java/lang/invoke/LambdaForm$DMH+0x00000001006c0400'
Event: 99.837 Thread 0x0000020a46cf0dc0 Unloading class 0x00000001006c0000 'java/lang/invoke/LambdaForm$DMH+0x00000001006c0000'
Event: 99.837 Thread 0x0000020a46cf0dc0 Unloading class 0x00000001006bbc00 'java/lang/invoke/LambdaForm$DMH+0x00000001006bbc00'
Event: 99.837 Thread 0x0000020a46cf0dc0 Unloading class 0x00000001006bb800 'java/lang/invoke/LambdaForm$DMH+0x00000001006bb800'

Classes redefined (0 events):
No events

Internal exceptions (20 events):
Event: 576.800 Thread 0x0000020a482c93b0 Exception <a 'sun/nio/fs/WindowsException'{0x00000000eab0d028}> (0x00000000eab0d028) 
thrown [s\src\hotspot\share\prims\jni.cpp, line 516]
Event: 576.801 Thread 0x0000020a482c93b0 Exception <a 'sun/nio/fs/WindowsException'{0x00000000eab10d50}> (0x00000000eab10d50) 
thrown [s\src\hotspot\share\prims\jni.cpp, line 516]
Event: 576.802 Thread 0x0000020a482c93b0 Exception <a 'sun/nio/fs/WindowsException'{0x00000000eab14ce8}> (0x00000000eab14ce8) 
thrown [s\src\hotspot\share\prims\jni.cpp, line 516]
Event: 576.803 Thread 0x0000020a482c93b0 Exception <a 'sun/nio/fs/WindowsException'{0x00000000eab1a720}> (0x00000000eab1a720) 
thrown [s\src\hotspot\share\prims\jni.cpp, line 516]
Event: 576.803 Thread 0x0000020a482c93b0 Exception <a 'sun/nio/fs/WindowsException'{0x00000000eab1e110}> (0x00000000eab1e110) 
thrown [s\src\hotspot\share\prims\jni.cpp, line 516]
Event: 576.804 Thread 0x0000020a482c93b0 Exception <a 'sun/nio/fs/WindowsException'{0x00000000eab21d90}> (0x00000000eab21d90) 
thrown [s\src\hotspot\share\prims\jni.cpp, line 516]
Event: 576.834 Thread 0x0000020a482c93b0 Exception <a 'sun/nio/fs/WindowsException'{0x00000000eab77fc8}> (0x00000000eab77fc8) 
thrown [s\src\hotspot\share\prims\jni.cpp, line 516]
Event: 576.845 Thread 0x0000020a48c20000 Implicit null exception at 0x0000020a38172be6 to 0x0000020a38178510
Event: 576.846 Thread 0x0000020a48c20000 Implicit null exception at 0x0000020a381a5697 to 0x0000020a381a5e18
Event: 576.849 Thread 0x0000020a482c93b0 Exception <a 'sun/nio/fs/WindowsException'{0x00000000eab9b0b0}> (0x00000000eab9b0b0) 
thrown [s\src\hotspot\share\prims\jni.cpp, line 516]
Event: 576.856 Thread 0x0000020a482c93b0 Exception <a 'sun/nio/fs/WindowsException'{0x00000000eabb8d98}> (0x00000000eabb8d98) 
thrown [s\src\hotspot\share\prims\jni.cpp, line 516]
Event: 576.880 Thread 0x0000020a48c1e320 Implicit null exception at 0x0000020a381f28ac to 0x0000020a381f2a2c
Event: 576.900 Thread 0x0000020a49b840f0 Implicit null exception at 0x0000020a37e6a156 to 0x0000020a37e6ab9c
Event: 576.907 Thread 0x0000020a49b840f0 Implicit null exception at 0x0000020a37eb8abb to 0x0000020a37eb92bc
Event: 576.985 Thread 0x0000020a49b840f0 Implicit null exception at 0x0000020a37e2973c to 0x0000020a37e2a5e4
Event: 577.016 Thread 0x0000020a48c1e320 Exception <a 'java/lang/NoSuchMethodError'{0x00000000eac3a418}: static Lorg/eclipse/m2e/core/internal/project/registry/MavenProjectFacade$MavenProjectConfiguration;.<clinit>()V> (0x00000000eac3a418) 
thrown [s\src\hotspot\share\prims\jni.cpp, line 1107]
Event: 577.017 Thread 0x0000020a48c1e320 Exception <a 'java/lang/NoSuchMethodError'{0x00000000eac675e0}: static [J.<clinit>()V> (0x00000000eac675e0) 
thrown [s\src\hotspot\share\prims\jni.cpp, line 1107]
Event: 577.093 Thread 0x0000020a49b840f0 Exception <a 'sun/nio/fs/WindowsException'{0x00000000eac299e0}> (0x00000000eac299e0) 
thrown [s\src\hotspot\share\prims\jni.cpp, line 516]
Event: 577.100 Thread 0x0000020a49b840f0 Exception <a 'sun/nio/fs/WindowsException'{0x00000000eac3c208}> (0x00000000eac3c208) 
thrown [s\src\hotspot\share\prims\jni.cpp, line 516]
Event: 577.226 Thread 0x0000020a48c1c640 Exception <a 'java/io/FileNotFoundException'{0x00000000eac65540}> (0x00000000eac65540) 
thrown [s\src\hotspot\share\prims\jni.cpp, line 516]

VM Operations (20 events):
Event: 577.300 Executing VM operation: ParallelGCFailedAllocation
Event: 577.302 Executing VM operation: ParallelGCFailedAllocation done
Event: 577.336 Executing VM operation: ParallelGCFailedAllocation
Event: 577.339 Executing VM operation: ParallelGCFailedAllocation done
Event: 577.501 Executing VM operation: ParallelGCFailedAllocation
Event: 577.503 Executing VM operation: ParallelGCFailedAllocation done
Event: 577.565 Executing VM operation: ParallelGCFailedAllocation
Event: 577.568 Executing VM operation: ParallelGCFailedAllocation done
Event: 577.568 Executing VM operation: HandshakeAllThreads
Event: 577.569 Executing VM operation: HandshakeAllThreads done
Event: 577.581 Executing VM operation: ParallelGCFailedAllocation
Event: 577.583 Executing VM operation: ParallelGCFailedAllocation done
Event: 577.601 Executing VM operation: ParallelGCFailedAllocation
Event: 577.603 Executing VM operation: ParallelGCFailedAllocation done
Event: 577.606 Executing VM operation: HandshakeAllThreads
Event: 577.606 Executing VM operation: HandshakeAllThreads done
Event: 577.611 Executing VM operation: ParallelGCFailedAllocation
Event: 577.614 Executing VM operation: ParallelGCFailedAllocation done
Event: 577.621 Executing VM operation: ParallelGCFailedAllocation
Event: 577.623 Executing VM operation: ParallelGCFailedAllocation done

Events (20 events):
Event: 577.619 Thread 0x0000020a46d8e8b0 flushing nmethod 0x0000020a30a87390
Event: 577.619 Thread 0x0000020a46d8e8b0 flushing nmethod 0x0000020a30a95990
Event: 577.619 Thread 0x0000020a46d8e8b0 flushing nmethod 0x0000020a30ac1410
Event: 577.619 Thread 0x0000020a46d8e8b0 flushing nmethod 0x0000020a30ad7b90
Event: 577.620 Thread 0x0000020a46d8e8b0 flushing nmethod 0x0000020a30b09490
Event: 577.620 Thread 0x0000020a46d8e8b0 flushing nmethod 0x0000020a30c47010
Event: 577.621 Thread 0x0000020a46d8e8b0 flushing nmethod 0x0000020a30c4fd10
Event: 577.623 Thread 0x0000020a46d8e8b0 flushing nmethod 0x0000020a30cf3710
Event: 577.623 Thread 0x0000020a46d8e8b0 flushing nmethod 0x0000020a30cf7390
Event: 577.623 Thread 0x0000020a46d8e8b0 flushing nmethod 0x0000020a30cff290
Event: 577.623 Thread 0x0000020a46d8e8b0 flushing nmethod 0x0000020a30d11a90
Event: 577.623 Thread 0x0000020a46d8e8b0 flushing nmethod 0x0000020a30d40f90
Event: 577.623 Thread 0x0000020a46d8e8b0 flushing nmethod 0x0000020a30d48f10
Event: 577.623 Thread 0x0000020a46d8e8b0 flushing nmethod 0x0000020a30d75310
Event: 577.623 Thread 0x0000020a46d8e8b0 flushing nmethod 0x0000020a30db3590
Event: 577.624 Thread 0x0000020a46d8e8b0 flushing nmethod 0x0000020a30df5c10
Event: 577.624 Thread 0x0000020a46d8e8b0 flushing nmethod 0x0000020a30e1c110
Event: 577.624 Thread 0x0000020a46d8e8b0 flushing nmethod 0x0000020a30e81a90
Event: 577.624 Thread 0x0000020a46d8e8b0 flushing nmethod 0x0000020a30ea3b90
Event: 577.624 Thread 0x0000020a46d8e8b0 flushing nmethod 0x0000020a30f11510


Dynamic libraries:
0x00007ff62f530000 - 0x00007ff62f53e000 	c:\Users\John Sung\.vscode\extensions\redhat.java-1.20.0-win32-x64\jre\17.0.7-win32-x86_64\bin\java.exe
0x00007ff8f0850000 - 0x00007ff8f0a48000 	C:\Windows\SYSTEM32\ntdll.dll
0x00007ff8eeff0000 - 0x00007ff8ef0af000 	C:\Windows\System32\KERNEL32.DLL
0x00007ff8ee580000 - 0x00007ff8ee852000 	C:\Windows\System32\KERNELBASE.dll
0x00007ff8ee140000 - 0x00007ff8ee240000 	C:\Windows\System32\ucrtbase.dll
0x00007ff8aea20000 - 0x00007ff8aea37000 	c:\Users\John Sung\.vscode\extensions\redhat.java-1.20.0-win32-x64\jre\17.0.7-win32-x86_64\bin\jli.dll
0x00007ff8ef930000 - 0x00007ff8efad1000 	C:\Windows\System32\USER32.dll
0x00007ff8ee4c0000 - 0x00007ff8ee4e2000 	C:\Windows\System32\win32u.dll
0x00007ff8efae0000 - 0x00007ff8efb0b000 	C:\Windows\System32\GDI32.dll
0x00007ff8ee030000 - 0x00007ff8ee13f000 	C:\Windows\System32\gdi32full.dll
0x00007ff8ae570000 - 0x00007ff8ae589000 	c:\Users\John Sung\.vscode\extensions\redhat.java-1.20.0-win32-x64\jre\17.0.7-win32-x86_64\bin\VCRUNTIME140.dll
0x00007ff8ee3f0000 - 0x00007ff8ee48d000 	C:\Windows\System32\msvcp_win.dll
0x00007ff8db5a0000 - 0x00007ff8db83a000 	C:\Windows\WinSxS\amd64_microsoft.windows.common-controls_6595b64144ccf1df_6.0.19041.1110_none_60b5254171f9507e\COMCTL32.dll
0x00007ff8f03e0000 - 0x00007ff8f047e000 	C:\Windows\System32\msvcrt.dll
0x00007ff8efde0000 - 0x00007ff8efe12000 	C:\Windows\System32\IMM32.DLL
0x0000020a2d2f0000 - 0x0000020a2d304000 	C:\Windows\System32\umppc16812.dll
0x00007ff8c89a0000 - 0x00007ff8c89ac000 	c:\Users\John Sung\.vscode\extensions\redhat.java-1.20.0-win32-x64\jre\17.0.7-win32-x86_64\bin\vcruntime140_1.dll
0x00007ff89aee0000 - 0x00007ff89af71000 	c:\Users\John Sung\.vscode\extensions\redhat.java-1.20.0-win32-x64\jre\17.0.7-win32-x86_64\bin\msvcp140.dll
0x00007ff888f10000 - 0x00007ff889b58000 	c:\Users\John Sung\.vscode\extensions\redhat.java-1.20.0-win32-x64\jre\17.0.7-win32-x86_64\bin\server\jvm.dll
0x00007ff8ef300000 - 0x00007ff8ef3ae000 	C:\Windows\System32\ADVAPI32.dll
0x00007ff8f0150000 - 0x00007ff8f01ec000 	C:\Windows\System32\sechost.dll
0x00007ff8ef110000 - 0x00007ff8ef235000 	C:\Windows\System32\RPCRT4.dll
0x00007ff8d2e80000 - 0x00007ff8d2e89000 	C:\Windows\SYSTEM32\WSOCK32.dll
0x00007ff8efd10000 - 0x00007ff8efd7b000 	C:\Windows\System32\WS2_32.dll
0x00007ff8e0170000 - 0x00007ff8e0197000 	C:\Windows\SYSTEM32\WINMM.dll
0x00007ff8e3df0000 - 0x00007ff8e3dfa000 	C:\Windows\SYSTEM32\VERSION.dll
0x00007ff8ec720000 - 0x00007ff8ec732000 	C:\Windows\SYSTEM32\kernel.appcore.dll
0x00007ff8b89a0000 - 0x00007ff8b89aa000 	c:\Users\John Sung\.vscode\extensions\redhat.java-1.20.0-win32-x64\jre\17.0.7-win32-x86_64\bin\jimage.dll
0x00007ff8ec3f0000 - 0x00007ff8ec5d4000 	C:\Windows\SYSTEM32\DBGHELP.DLL
0x00007ff8d5290000 - 0x00007ff8d52c5000 	C:\Windows\SYSTEM32\dbgcore.DLL
0x00007ff8ee4f0000 - 0x00007ff8ee572000 	C:\Windows\System32\bcryptPrimitives.dll
0x00007ff8b8440000 - 0x00007ff8b844e000 	c:\Users\John Sung\.vscode\extensions\redhat.java-1.20.0-win32-x64\jre\17.0.7-win32-x86_64\bin\instrument.dll
0x00007ff89e080000 - 0x00007ff89e0a5000 	c:\Users\John Sung\.vscode\extensions\redhat.java-1.20.0-win32-x64\jre\17.0.7-win32-x86_64\bin\java.dll
0x00007ff8a4f70000 - 0x00007ff8a4f88000 	c:\Users\John Sung\.vscode\extensions\redhat.java-1.20.0-win32-x64\jre\17.0.7-win32-x86_64\bin\zip.dll
0x00007ff8ee890000 - 0x00007ff8eefd4000 	C:\Windows\System32\SHELL32.dll
0x00007ff8eb970000 - 0x00007ff8ec102000 	C:\Windows\SYSTEM32\windows.storage.dll
0x00007ff8f0480000 - 0x00007ff8f07d5000 	C:\Windows\System32\combase.dll
0x00007ff8ed840000 - 0x00007ff8ed870000 	C:\Windows\SYSTEM32\Wldp.dll
0x00007ff8ef250000 - 0x00007ff8ef2fd000 	C:\Windows\System32\SHCORE.dll
0x00007ff8efd80000 - 0x00007ff8efdd5000 	C:\Windows\System32\shlwapi.dll
0x00007ff8ede50000 - 0x00007ff8ede6f000 	C:\Windows\SYSTEM32\profapi.dll
0x00007ff8a2860000 - 0x00007ff8a2879000 	C:\Users\John Sung\.vscode\extensions\redhat.java-1.20.0-win32-x64\jre\17.0.7-win32-x86_64\bin\net.dll
0x00007ff8e6800000 - 0x00007ff8e690c000 	C:\Windows\SYSTEM32\WINHTTP.dll
0x00007ff8ed600000 - 0x00007ff8ed66a000 	C:\Windows\system32\mswsock.dll
0x00007ff89ac90000 - 0x00007ff89aca5000 	C:\Users\John Sung\.vscode\extensions\redhat.java-1.20.0-win32-x64\jre\17.0.7-win32-x86_64\bin\nio.dll
0x00007ff8b6710000 - 0x00007ff8b6720000 	c:\Users\John Sung\.vscode\extensions\redhat.java-1.20.0-win32-x64\jre\17.0.7-win32-x86_64\bin\verify.dll
0x00007ff89ad00000 - 0x00007ff89ad3e000 	C:\Users\John Sung\AppData\Roaming\Code\User\globalStorage\redhat.java\1.20.0\config_win\org.eclipse.equinox.launcher\org.eclipse.equinox.launcher.win32.win32.x86_64_1.2.700.v20221108-1024\eclipse_11801.dll
0x00007ff8efbe0000 - 0x00007ff8efd0a000 	C:\Windows\System32\ole32.dll
0x00007ff8c8a20000 - 0x00007ff8c8a29000 	C:\Users\John Sung\.vscode\extensions\redhat.java-1.20.0-win32-x64\jre\17.0.7-win32-x86_64\bin\management.dll
0x00007ff8b6910000 - 0x00007ff8b691b000 	C:\Users\John Sung\.vscode\extensions\redhat.java-1.20.0-win32-x64\jre\17.0.7-win32-x86_64\bin\management_ext.dll
0x00007ff8ef240000 - 0x00007ff8ef248000 	C:\Windows\System32\PSAPI.DLL
0x00007ff8ed8d0000 - 0x00007ff8ed8e8000 	C:\Windows\SYSTEM32\CRYPTSP.dll
0x00007ff8ecec0000 - 0x00007ff8ecef4000 	C:\Windows\system32\rsaenh.dll
0x00007ff8ee490000 - 0x00007ff8ee4b7000 	C:\Windows\System32\bcrypt.dll
0x00007ff8eddd0000 - 0x00007ff8eddfe000 	C:\Windows\SYSTEM32\USERENV.dll
0x00007ff8ed790000 - 0x00007ff8ed79c000 	C:\Windows\SYSTEM32\CRYPTBASE.dll
0x00007ff8ed310000 - 0x00007ff8ed34b000 	C:\Windows\SYSTEM32\IPHLPAPI.DLL
0x00007ff8ee880000 - 0x00007ff8ee888000 	C:\Windows\System32\NSI.dll
0x00007ff8e5710000 - 0x00007ff8e5727000 	C:\Windows\SYSTEM32\dhcpcsvc6.DLL
0x00007ff8e5650000 - 0x00007ff8e566d000 	C:\Windows\SYSTEM32\dhcpcsvc.DLL
0x00007ff8ed350000 - 0x00007ff8ed41a000 	C:\Windows\SYSTEM32\DNSAPI.dll
0x00007ff89f330000 - 0x00007ff89f375000 	C:\Users\John Sung\AppData\Local\Temp\jna-563224976\jna1673565800378358405.dll
0x00007ff8b6900000 - 0x00007ff8b690e000 	C:\Users\John Sung\.vscode\extensions\redhat.java-1.20.0-win32-x64\jre\17.0.7-win32-x86_64\bin\sunmscapi.dll
0x00007ff8ee290000 - 0x00007ff8ee3e6000 	C:\Windows\System32\CRYPT32.dll
0x00007ff8ed9e0000 - 0x00007ff8eda07000 	C:\Windows\SYSTEM32\ncrypt.dll
0x00007ff8ed9a0000 - 0x00007ff8ed9db000 	C:\Windows\SYSTEM32\NTASN1.dll
0x00007ff8e4350000 - 0x00007ff8e435a000 	C:\Windows\System32\rasadhlp.dll
0x00007ff8e60d0000 - 0x00007ff8e6150000 	C:\Windows\System32\fwpuclnt.dll

dbghelp: loaded successfully - version: 4.0.5 - missing functions: none
symbol engine: initialized successfully - sym options: 0x614 - pdb path: .;c:\Users\John Sung\.vscode\extensions\redhat.java-1.20.0-win32-x64\jre\17.0.7-win32-x86_64\bin;C:\Windows\SYSTEM32;C:\Windows\WinSxS\amd64_microsoft.windows.common-controls_6595b64144ccf1df_6.0.19041.1110_none_60b5254171f9507e;c:\Users\John Sung\.vscode\extensions\redhat.java-1.20.0-win32-x64\jre\17.0.7-win32-x86_64\bin\server;C:\Users\John Sung\AppData\Roaming\Code\User\globalStorage\redhat.java\1.20.0\config_win\org.eclipse.equinox.launcher\org.eclipse.equinox.launcher.win32.win32.x86_64_1.2.700.v20221108-1024;C:\Users\John Sung\AppData\Local\Temp\jna-563224976

VM Arguments:
jvm_args: --add-modules=ALL-SYSTEM --add-opens=java.base/java.util=ALL-UNNAMED --add-opens=java.base/java.lang=ALL-UNNAMED --add-opens=java.base/sun.nio.fs=ALL-UNNAMED -Declipse.application=org.eclipse.jdt.ls.core.id1 -Dosgi.bundles.defaultStartLevel=4 -Declipse.product=org.eclipse.jdt.ls.core.product -Djava.import.generatesMetadataFilesAtProjectRoot=false -Dfile.encoding=utf8 -XX:+UseParallelGC -XX:GCTimeRatio=4 -XX:AdaptiveSizePolicyWeight=90 -Dsun.zip.disableMemoryMapping=true -Xmx1G -Xms100m -Xlog:disable -javaagent:c:\Users\John Sung\.vscode\extensions\redhat.java-1.20.0-win32-x64\lombok\lombok-1.18.28.jar -XX:+HeapDumpOnOutOfMemoryError -XX:HeapDumpPath=c:\Users\John Sung\AppData\Roaming\Code\User\workspaceStorage\37f014769b6f50b4735773d030c886f1\redhat.java -Daether.dependencyCollector.impl=bf 
java_command: c:\Users\John Sung\.vscode\extensions\redhat.java-1.20.0-win32-x64\server\plugins\org.eclipse.equinox.launcher_1.6.500.v20230622-2056.jar -configuration c:\Users\John Sung\AppData\Roaming\Code\User\globalStorage\redhat.java\1.20.0\config_win -data c:\Users\John Sung\AppData\Roaming\Code\User\workspaceStorage\37f014769b6f50b4735773d030c886f1\redhat.java\jdt_ws
java_class_path (initial): c:\Users\John Sung\.vscode\extensions\redhat.java-1.20.0-win32-x64\server\plugins\org.eclipse.equinox.launcher_1.6.500.v20230622-2056.jar
Launcher Type: SUN_STANDARD

[Global flags]
    uintx AdaptiveSizePolicyWeight                 = 90                                        {product} {command line}
     intx CICompilerCount                          = 4                                         {product} {ergonomic}
    uintx GCTimeRatio                              = 4                                         {product} {command line}
     bool HeapDumpOnOutOfMemoryError               = true                                   {manageable} {command line}
    ccstr HeapDumpPath                             = c:\Users\John Sung\AppData\Roaming\Code\User\workspaceStorage\37f014769b6f50b4735773d030c886f1\redhat.java         {manageable} {command line}
   size_t InitialHeapSize                          = 104857600                                 {product} {command line}
   size_t MaxHeapSize                              = 1073741824                                {product} {command line}
   size_t MaxNewSize                               = 357564416                                 {product} {ergonomic}
   size_t MinHeapDeltaBytes                        = 524288                                    {product} {ergonomic}
   size_t MinHeapSize                              = 104857600                                 {product} {command line}
   size_t NewSize                                  = 34603008                                  {product} {ergonomic}
    uintx NonNMethodCodeHeapSize                   = 5839372                                {pd product} {ergonomic}
    uintx NonProfiledCodeHeapSize                  = 122909434                              {pd product} {ergonomic}
   size_t OldSize                                  = 70254592                                  {product} {ergonomic}
    uintx ProfiledCodeHeapSize                     = 122909434                              {pd product} {ergonomic}
    uintx ReservedCodeCacheSize                    = 251658240                              {pd product} {ergonomic}
     bool SegmentedCodeCache                       = true                                      {product} {ergonomic}
   size_t SoftMaxHeapSize                          = 1073741824                             {manageable} {ergonomic}
     bool UseCompressedClassPointers               = true                           {product lp64_product} {ergonomic}
     bool UseCompressedOops                        = true                           {product lp64_product} {ergonomic}
     bool UseLargePagesIndividualAllocation        = false                                  {pd product} {ergonomic}
     bool UseParallelGC                            = true                                      {product} {command line}

Logging:
Log output configuration:
 #0: stdout all=off uptime,level,tags
 #1: stderr all=off uptime,level,tags

Environment Variables:
JAVA_HOME=C:\Program Files\Java\jdk-19\
PATH=C:\Windows\system32;C:\Program Files\Java\jdk-19\\bin;C:\Windows;C:\Windows\System32\Wbem;C:\Windows\System32\WindowsPowerShell\v1.0\;C:\Windows\System32\OpenSSH\;C:\Program Files (x86)\IBM\Client Access\Emulator;C:\Program Files (x86)\IBM\Client Access\Shared;C:\Program Files (x86)\IBM\Client Access\;C:\Program Files\dotnet\;C:\Program Files\Microsoft SQL Server\Client SDK\ODBC\170\Tools\Binn\;C:\Program Files (x86)\Microsoft SQL Server\150\Tools\Binn\;C:\Program Files\Microsoft SQL Server\150\Tools\Binn\;C:\Program Files\Microsoft SQL Server\150\DTS\Binn\;C:\Program Files (x86)\Microsoft SQL Server\150\DTS\Binn\;C:\Program Files\Azure Data Studio\bin;D:\Git\Git\cmd;C:\Program Files\Calibre2\;C:\Program Files\Java\jdk-18.0.2.1\bin;D:\Maven\apache-maven-3.8.6\bin;C:\Program Files\PuTTY\;C:\Program Files\Java\jdk-19.0.2\bin;C:\Program Files\Docker\Docker\resources\bin;C:\Program Files\Cloudflare\Cloudflare WARP\;D:\Apps\nvm\nvm;C:\Program Files\nodejs;C:\Users\John Sung\AppData\Local\Microsoft\WindowsApps;C:\Users\John Sung\AppData\Local\Programs\Microsoft VS Code\bin;C:\Program Files\Azure Data Studio\bin;C:\src\flutter\bin;C:\Users\John Sung\AppData\Local\atom\bin;C:\Users\John Sung\AppData\Roaming\npm;C:\Users\John Sung\AppData\Local\GitHubDesktop\bin;C:\ProgramData\John Sung\GitHubDesktop\bin;C:\Users\John Sung\AppData\Local\Pub\Cache\bin;D:\Maven\apache-maven-3.8.6\bin;
USERNAME=John Sung
OS=Windows_NT
PROCESSOR_IDENTIFIER=Intel64 Family 6 Model 140 Stepping 1, GenuineIntel
TMP=C:\Users\JOHNSU~1\AppData\Local\Temp
TEMP=C:\Users\JOHNSU~1\AppData\Local\Temp



---------------  S Y S T E M  ---------------

OS:
 Windows 10 , 64 bit Build 19041 (10.0.19041.2364)
OS uptime: 0 days 1:17 hours
Hyper-V role detected

CPU: total 8 (initial active 8) (4 cores per cpu, 2 threads per core) family 6 model 140 stepping 1 microcode 0xa4, cx8, cmov, fxsr, ht, mmx, 3dnowpref, sse, sse2, sse3, ssse3, sse4.1, sse4.2, popcnt, lzcnt, tsc, tscinvbit, avx, avx2, aes, erms, clmul, bmi1, bmi2, adx, avx512f, avx512dq, avx512cd, avx512bw, avx512vl, sha, fma, vzeroupper, avx512_vpopcntdq, avx512_vpclmulqdq, avx512_vaes, avx512_vnni, clflush, clflushopt, clwb, avx512_vbmi2, avx512_vbmi, hv

Memory: 4k page, system-wide physical 16118M (2092M free)
TotalPageFile size 18166M (AvailPageFile size 6M)
current process WorkingSet (physical memory assigned to process): 573M, peak: 668M
current process commit charge ("private bytes"): 473M, peak: 583M

vm_info: OpenJDK 64-Bit Server VM (17.0.7+7) for windows-amd64 JRE (17.0.7+7), built on Apr 18 2023 22:10:42 by "temurin" with MS VC++ 16.7 (VS2019)

END.
