#
# There is insufficient memory for the Java Runtime Environment to continue.
# Native memory allocation (malloc) failed to allocate 301776 bytes for Chunk::new
# Possible reasons:
#   The system is out of physical RAM or swap space
#   The process is running with CompressedOops enabled, and the Java Heap may be blocking the growth of the native heap
# Possible solutions:
#   Reduce memory load on the system
#   Increase physical memory or swap space
#   Check if swap backing store is full
#   Decrease Java heap size (-Xmx/-Xms)
#   Decrease number of Java threads
#   Decrease Java thread stack sizes (-Xss)
#   Set larger code cache with -XX:ReservedCodeCacheSize=
#   JVM is running with Zero Based Compressed Oops mode in which the Java heap is
#     placed in the first 32GB address space. The Java Heap base address is the
#     maximum limit for the native heap growth. Please use -XX:HeapBaseMinAddress
#     to set the Java Heap base and to place the Java Heap above 32GB virtual address.
# This output file may be truncated or incomplete.
#
#  Out of Memory Error (arena.cpp:184), pid=17476, tid=26560
#
# JRE version: OpenJDK Runtime Environment (18.0.2.1+1) (build 18.0.2.1+1-1)
# Java VM: OpenJDK 64-Bit Server VM (18.0.2.1+1-1, mixed mode, sharing, tiered, compressed oops, compressed class ptrs, g1 gc, windows-amd64)
# No core dump will be written. Minidumps are not enabled by default on client versions of Windows
#

---------------  S U M M A R Y ------------

Command Line: -XX:+ShowCodeDetailsInExceptionMessages -Dspring.jmx.enabled=true -Dmanagement.endpoints.jmx.exposure.include=* -Dspring.application.admin.enabled=true -Dspring.boot.project.name=gareng -Djava.rmi.server.hostname=localhost com.gareng.app.gareng.GarengApplication

Host: 11th Gen Intel(R) Core(TM) i7-1165G7 @ 2.80GHz, 8 cores, 15G,  Windows 10 , 64 bit Build 19041 (10.0.19041.2364)
Time: Sat Oct 21 14:47:30 2023 SE Asia Standard Time elapsed time: 59.022016 seconds (0d 0h 0m 59s)

---------------  T H R E A D  ---------------

Current thread (0x00000259ae622b00):  JavaThread "C2 CompilerThread0" daemon [_thread_in_native, id=26560, stack(0x000000a558c00000,0x000000a558d00000)]


Current CompileTask:
C2:  59022 6958       4       org.h2.mvstore.MVStore::hasUnsavedChanges (96 bytes)

Stack: [0x000000a558c00000,0x000000a558d00000]
Native frames: (J=compiled Java code, j=interpreted, Vv=VM code, C=native code)
V  [jvm.dll+0x6993aa]
V  [jvm.dll+0x7f46dd]
V  [jvm.dll+0x7f5fee]
V  [jvm.dll+0x7f66a3]
V  [jvm.dll+0x25cf1f]
V  [jvm.dll+0xb8c2f]
V  [jvm.dll+0xb8fa5]
V  [jvm.dll+0x2c7e2f]
V  [jvm.dll+0x5a0d8e]
V  [jvm.dll+0x238453]
V  [jvm.dll+0x23170f]
V  [jvm.dll+0x22f3cb]
V  [jvm.dll+0x1ba01c]
V  [jvm.dll+0x23ee0a]
V  [jvm.dll+0x23d0f5]
V  [jvm.dll+0x7a6dd1]
V  [jvm.dll+0x7a120a]
V  [jvm.dll+0x698255]
C  [ucrtbase.dll+0x21bb2]
C  [KERNEL32.DLL+0x17614]
C  [ntdll.dll+0x526a1]


---------------  P R O C E S S  ---------------

Threads class SMR info:
_java_thread_list=0x00000259b80e1170, length=35, elements={
0x00000259ae5fcb30, 0x00000259ae5fd3e0, 0x00000259ae618150, 0x00000259ae618a00,
0x00000259ae61ce70, 0x00000259ae621640, 0x00000259ae622b00, 0x00000259ae627cf0,
0x00000259ae63a550, 0x00000259b28d2490, 0x00000259b28dc5c0, 0x00000259b3916a40,
0x00000259b394c4f0, 0x00000259b39d1520, 0x00000259b39cb4d0, 0x00000259b58c7470,
0x00000259b58c4920, 0x00000259b58c5c60, 0x00000259b58c6fa0, 0x00000259b58c7940,
0x00000259b58c82e0, 0x00000259b58c4df0, 0x00000259b58c5790, 0x00000259b58c6600,
0x00000259b745a290, 0x00000259b7458f50, 0x00000259b7455f30, 0x00000259b7455590,
0x00000259b7456da0, 0x00000259b74550c0, 0x00000259b7459420, 0x00000259b745ac30,
0x00000259b745baa0, 0x00000259b745b100, 0x00000259b745b5d0
}

Java Threads: ( => current thread )
  0x00000259ae5fcb30 JavaThread "Reference Handler" daemon [_thread_blocked, id=25228, stack(0x000000a558600000,0x000000a558700000)]
  0x00000259ae5fd3e0 JavaThread "Finalizer" daemon [_thread_blocked, id=2372, stack(0x000000a558700000,0x000000a558800000)]
  0x00000259ae618150 JavaThread "Signal Dispatcher" daemon [_thread_blocked, id=24948, stack(0x000000a558800000,0x000000a558900000)]
  0x00000259ae618a00 JavaThread "Attach Listener" daemon [_thread_blocked, id=6724, stack(0x000000a558900000,0x000000a558a00000)]
  0x00000259ae61ce70 JavaThread "Service Thread" daemon [_thread_blocked, id=26412, stack(0x000000a558a00000,0x000000a558b00000)]
  0x00000259ae621640 JavaThread "Monitor Deflation Thread" daemon [_thread_blocked, id=19124, stack(0x000000a558b00000,0x000000a558c00000)]
=>0x00000259ae622b00 JavaThread "C2 CompilerThread0" daemon [_thread_in_native, id=26560, stack(0x000000a558c00000,0x000000a558d00000)]
  0x00000259ae627cf0 JavaThread "C1 CompilerThread0" daemon [_thread_blocked, id=21960, stack(0x000000a558d00000,0x000000a558e00000)]
  0x00000259ae63a550 JavaThread "Sweeper thread" daemon [_thread_blocked, id=11700, stack(0x000000a558e00000,0x000000a558f00000)]
  0x00000259b28d2490 JavaThread "Notification Thread" daemon [_thread_blocked, id=25296, stack(0x000000a558f00000,0x000000a559000000)]
  0x00000259b28dc5c0 JavaThread "Common-Cleaner" daemon [_thread_blocked, id=11392, stack(0x000000a559100000,0x000000a559200000)]
  0x00000259b3916a40 JavaThread "RMI TCP Accept-0" daemon [_thread_in_native, id=22560, stack(0x000000a559c00000,0x000000a559d00000)]
  0x00000259b394c4f0 JavaThread "RMI TCP Connection(1)-127.0.0.1" daemon [_thread_in_native, id=18616, stack(0x000000a559d00000,0x000000a559e00000)]
  0x00000259b39d1520 JavaThread "RMI Scheduler(0)" daemon [_thread_blocked, id=4556, stack(0x000000a559e00000,0x000000a559f00000)]
  0x00000259b39cb4d0 JavaThread "JMX server connection timeout 19" daemon [_thread_blocked, id=23240, stack(0x000000a559f00000,0x000000a55a000000)]
  0x00000259b58c7470 JavaThread "MVStore background writer D:/TELE Project/gareng-app/gareng-app/gareng-back/src/main/resources/db.mv.db" daemon [_thread_blocked, id=25620, stack(0x000000a55a200000,0x000000a55a300000)]
  0x00000259b58c4920 JavaThread "HikariPool-1 housekeeper" daemon [_thread_blocked, id=13144, stack(0x000000a55a300000,0x000000a55a400000)]
  0x00000259b58c5c60 JavaThread "Catalina-utility-1" [_thread_blocked, id=17552, stack(0x000000a55a500000,0x000000a55a600000)]
  0x00000259b58c6fa0 JavaThread "Catalina-utility-2" [_thread_blocked, id=23532, stack(0x000000a55a600000,0x000000a55a700000)]
  0x00000259b58c7940 JavaThread "container-0" [_thread_blocked, id=21212, stack(0x000000a55a700000,0x000000a55a800000)]
  0x00000259b58c82e0 JavaThread "H2-serialization" daemon [_thread_blocked, id=19704, stack(0x000000a55a800000,0x000000a55a900000)]
  0x00000259b58c4df0 JavaThread "H2-save" daemon [_thread_blocked, id=13304, stack(0x000000a55a900000,0x000000a55aa00000)]
  0x00000259b58c5790 JavaThread "http-nio-8080-exec-1" daemon [_thread_blocked, id=12884, stack(0x000000a55aa00000,0x000000a55ab00000)]
  0x00000259b58c6600 JavaThread "http-nio-8080-exec-2" daemon [_thread_blocked, id=14404, stack(0x000000a55ab00000,0x000000a55ac00000)]
  0x00000259b745a290 JavaThread "http-nio-8080-exec-3" daemon [_thread_blocked, id=9368, stack(0x000000a55ac00000,0x000000a55ad00000)]
  0x00000259b7458f50 JavaThread "http-nio-8080-exec-4" daemon [_thread_blocked, id=6380, stack(0x000000a55ad00000,0x000000a55ae00000)]
  0x00000259b7455f30 JavaThread "http-nio-8080-exec-5" daemon [_thread_blocked, id=26516, stack(0x000000a55ae00000,0x000000a55af00000)]
  0x00000259b7455590 JavaThread "http-nio-8080-exec-6" daemon [_thread_blocked, id=14248, stack(0x000000a55af00000,0x000000a55b000000)]
  0x00000259b7456da0 JavaThread "http-nio-8080-exec-7" daemon [_thread_blocked, id=25328, stack(0x000000a55b000000,0x000000a55b100000)]
  0x00000259b74550c0 JavaThread "http-nio-8080-exec-8" daemon [_thread_blocked, id=25880, stack(0x000000a55b100000,0x000000a55b200000)]
  0x00000259b7459420 JavaThread "http-nio-8080-exec-9" daemon [_thread_blocked, id=13460, stack(0x000000a55b200000,0x000000a55b300000)]
  0x00000259b745ac30 JavaThread "http-nio-8080-exec-10" daemon [_thread_blocked, id=4088, stack(0x000000a55b300000,0x000000a55b400000)]
  0x00000259b745baa0 JavaThread "http-nio-8080-Poller" daemon [_thread_in_native, id=24256, stack(0x000000a55b400000,0x000000a55b500000)]
  0x00000259b745b100 JavaThread "http-nio-8080-Acceptor" daemon [_thread_in_native, id=20904, stack(0x000000a55b500000,0x000000a55b600000)]
  0x00000259b745b5d0 JavaThread "DestroyJavaVM" [_thread_blocked, id=12092, stack(0x000000a557f00000,0x000000a558000000)]

Other Threads:
  0x00000259ae5f91e0 VMThread "VM Thread" [stack: 0x000000a558500000,0x000000a558600000] [id=18336]
  0x00000259b28d4960 WatcherThread "VM Periodic Task Thread" [stack: 0x000000a559000000,0x000000a559100000] [id=18964]
  0x000002598b267300 WorkerThread "GC Thread#0" [stack: 0x000000a558000000,0x000000a558100000] [id=25468]
  0x00000259b39b6a60 WorkerThread "GC Thread#1" [stack: 0x000000a559300000,0x000000a559400000] [id=17568]
  0x00000259b33f6ba0 WorkerThread "GC Thread#2" [stack: 0x000000a559400000,0x000000a559500000] [id=25584]
  0x00000259b33f6e40 WorkerThread "GC Thread#3" [stack: 0x000000a559500000,0x000000a559600000] [id=20564]
  0x00000259b33f70e0 WorkerThread "GC Thread#4" [stack: 0x000000a559600000,0x000000a559700000] [id=19336]
  0x00000259b3898260 WorkerThread "GC Thread#5" [stack: 0x000000a559700000,0x000000a559800000] [id=16564]
  0x00000259b33df840 WorkerThread "GC Thread#6" [stack: 0x000000a559800000,0x000000a559900000] [id=6392]
  0x00000259b3898cc0 WorkerThread "GC Thread#7" [stack: 0x000000a559900000,0x000000a559a00000] [id=18376]
  0x000002598b277d10 ConcurrentGCThread "G1 Main Marker" [stack: 0x000000a558100000,0x000000a558200000] [id=26108]
  0x000002598b278dc0 WorkerThread "G1 Conc#0" [stack: 0x000000a558200000,0x000000a558300000] [id=4908]
  0x00000259b4106f40 WorkerThread "G1 Conc#1" [stack: 0x000000a55a100000,0x000000a55a200000] [id=8924]
  0x00000259ae49a540 ConcurrentGCThread "G1 Refine#0" [stack: 0x000000a558300000,0x000000a558400000] [id=16976]
  0x00000259b3887cd0 ConcurrentGCThread "G1 Refine#1" [stack: 0x000000a559a00000,0x000000a559b00000] [id=25192]
  0x00000259b3898910 ConcurrentGCThread "G1 Refine#2" [stack: 0x000000a559b00000,0x000000a559c00000] [id=25780]
  0x00000259ae49ac00 ConcurrentGCThread "G1 Service" [stack: 0x000000a558400000,0x000000a558500000] [id=21392]

Threads with active compile tasks:
C2 CompilerThread0    59063 6958       4       org.h2.mvstore.MVStore::hasUnsavedChanges (96 bytes)

VM state: not at safepoint (normal execution)

VM Mutex/Monitor currently owned by a thread: None

Heap address: 0x0000000704200000, size: 4030 MB, Compressed Oops mode: Zero based, Oop shift amount: 3

CDS archive(s) mapped at: [0x0000000800000000-0x0000000800ba0000-0x0000000800ba0000), size 12189696, SharedBaseAddress: 0x0000000800000000, ArchiveRelocationMode: 0.
Compressed class space mapped at: 0x0000000800c00000-0x0000000840c00000, reserved size: 1073741824
Narrow klass base: 0x0000000800000000, Narrow klass shift: 0, Narrow klass range: 0x100000000

GC Precious Log:
 CardTable entry size: 512
 Card Set container configuration: InlinePtr #cards 4 size 8 Array Of Cards #cards 16 size 48 Howl #buckets 8 coarsen threshold 3686 Howl Bitmap #cards 512 size 80 coarsen threshold 460 Card regions per heap region 1 cards per card region 4096
 CPUs: 8 total, 8 available
 Memory: 16118M
 Large Page Support: Disabled
 NUMA Support: Disabled
 Compressed Oops: Enabled (Zero based)
 Heap Region Size: 2M
 Heap Min Capacity: 8M
 Heap Initial Capacity: 252M
 Heap Max Capacity: 4030M
 Pre-touch: Disabled
 Parallel Workers: 8
 Concurrent Workers: 2
 Concurrent Refinement Workers: 8
 Periodic GC: Disabled

Heap:
 garbage-first heap   total 81920K, used 46179K [0x0000000704200000, 0x0000000800000000)
  region size 2048K, 11 young (22528K), 3 survivors (6144K)
 Metaspace       used 65302K, committed 66048K, reserved 1114112K
  class space    used 8755K, committed 9088K, reserved 1048576K

Heap Regions: E=young(eden), S=young(survivor), O=old, HS=humongous(starts), HC=humongous(continues), CS=collection set, F=free, OA=open archive, CA=closed archive, TAMS=top-at-mark-start (previous, next)
|   0|0x0000000704200000, 0x0000000704400000, 0x0000000704400000|100%| O|  |TAMS 0x0000000704400000, 0x0000000704200000| Untracked 
|   1|0x0000000704400000, 0x0000000704600000, 0x0000000704600000|100%| O|  |TAMS 0x0000000704600000, 0x0000000704400000| Untracked 
|   2|0x0000000704600000, 0x0000000704800000, 0x0000000704800000|100%| O|  |TAMS 0x0000000704800000, 0x0000000704600000| Untracked 
|   3|0x0000000704800000, 0x0000000704a00000, 0x0000000704a00000|100%|HS|  |TAMS 0x0000000704a00000, 0x0000000704800000| Complete 
|   4|0x0000000704a00000, 0x0000000704c00000, 0x0000000704c00000|100%| O|  |TAMS 0x0000000704c00000, 0x0000000704a00000| Untracked 
|   5|0x0000000704c00000, 0x0000000704e00000, 0x0000000704e00000|100%| O|  |TAMS 0x0000000704e00000, 0x0000000704c00000| Untracked 
|   6|0x0000000704e00000, 0x0000000705000000, 0x0000000705000000|100%| O|  |TAMS 0x0000000705000000, 0x0000000704e00000| Untracked 
|   7|0x0000000705000000, 0x0000000705200000, 0x0000000705200000|100%| O|  |TAMS 0x0000000705200000, 0x0000000705000000| Untracked 
|   8|0x0000000705200000, 0x0000000705326e00, 0x0000000705400000| 57%| O|  |TAMS 0x0000000705200000, 0x0000000705200000| Untracked 
|   9|0x0000000705400000, 0x0000000705600000, 0x0000000705600000|100%| O|  |TAMS 0x0000000705600000, 0x0000000705400000| Untracked 
|  10|0x0000000705600000, 0x0000000705800000, 0x0000000705800000|100%| O|  |TAMS 0x0000000705800000, 0x0000000705600000| Untracked 
|  11|0x0000000705800000, 0x0000000705a00000, 0x0000000705a00000|100%| O|  |TAMS 0x0000000705a00000, 0x0000000705800000| Untracked 
|  12|0x0000000705a00000, 0x0000000705c00000, 0x0000000705c00000|100%| O|  |TAMS 0x0000000705b98400, 0x0000000705a00000| Untracked 
|  13|0x0000000705c00000, 0x0000000705c00000, 0x0000000705e00000|  0%| F|  |TAMS 0x0000000705c00000, 0x0000000705c00000| Untracked 
|  14|0x0000000705e00000, 0x0000000705e00000, 0x0000000706000000|  0%| F|  |TAMS 0x0000000705e00000, 0x0000000705e00000| Untracked 
|  15|0x0000000706000000, 0x0000000706000000, 0x0000000706200000|  0%| F|  |TAMS 0x0000000706000000, 0x0000000706000000| Untracked 
|  16|0x0000000706200000, 0x0000000706200000, 0x0000000706400000|  0%| F|  |TAMS 0x0000000706200000, 0x0000000706200000| Untracked 
|  17|0x0000000706400000, 0x0000000706400000, 0x0000000706600000|  0%| F|  |TAMS 0x0000000706400000, 0x0000000706400000| Untracked 
|  18|0x0000000706600000, 0x00000007067f20d0, 0x0000000706800000| 97%| S|CS|TAMS 0x0000000706600000, 0x0000000706600000| Complete 
|  19|0x0000000706800000, 0x0000000706a00000, 0x0000000706a00000|100%| S|CS|TAMS 0x0000000706800000, 0x0000000706800000| Complete 
|  20|0x0000000706a00000, 0x0000000706c00000, 0x0000000706c00000|100%| S|CS|TAMS 0x0000000706a00000, 0x0000000706a00000| Complete 
|  21|0x0000000706c00000, 0x0000000706c00000, 0x0000000706e00000|  0%| F|  |TAMS 0x0000000706c00000, 0x0000000706c00000| Untracked 
|  22|0x0000000706e00000, 0x0000000706e00000, 0x0000000707000000|  0%| F|  |TAMS 0x0000000706e00000, 0x0000000706e00000| Untracked 
|  23|0x0000000707000000, 0x0000000707000000, 0x0000000707200000|  0%| F|  |TAMS 0x0000000707000000, 0x0000000707000000| Untracked 
|  24|0x0000000707200000, 0x0000000707200000, 0x0000000707400000|  0%| F|  |TAMS 0x0000000707200000, 0x0000000707200000| Untracked 
|  25|0x0000000707400000, 0x0000000707400000, 0x0000000707600000|  0%| F|  |TAMS 0x0000000707400000, 0x0000000707400000| Untracked 
|  26|0x0000000707600000, 0x0000000707600000, 0x0000000707800000|  0%| F|  |TAMS 0x0000000707600000, 0x0000000707600000| Untracked 
|  27|0x0000000707800000, 0x0000000707800000, 0x0000000707a00000|  0%| F|  |TAMS 0x0000000707800000, 0x0000000707800000| Untracked 
|  28|0x0000000707a00000, 0x0000000707a00000, 0x0000000707c00000|  0%| F|  |TAMS 0x0000000707a00000, 0x0000000707a00000| Untracked 
|  29|0x0000000707c00000, 0x0000000707c00000, 0x0000000707e00000|  0%| F|  |TAMS 0x0000000707c00000, 0x0000000707c00000| Untracked 
|  30|0x0000000707e00000, 0x0000000707e00000, 0x0000000708000000|  0%| F|  |TAMS 0x0000000707e00000, 0x0000000707e00000| Untracked 
|  31|0x0000000708000000, 0x0000000708000000, 0x0000000708200000|  0%| F|  |TAMS 0x0000000708000000, 0x0000000708000000| Untracked 
|  32|0x0000000708200000, 0x00000007083413c0, 0x0000000708400000| 62%| E|  |TAMS 0x0000000708200000, 0x0000000708200000| Complete 
|  33|0x0000000708400000, 0x0000000708600000, 0x0000000708600000|100%| E|CS|TAMS 0x0000000708400000, 0x0000000708400000| Complete 
|  34|0x0000000708600000, 0x0000000708800000, 0x0000000708800000|100%| E|CS|TAMS 0x0000000708600000, 0x0000000708600000| Complete 
|  35|0x0000000708800000, 0x0000000708a00000, 0x0000000708a00000|100%| E|CS|TAMS 0x0000000708800000, 0x0000000708800000| Complete 
|  61|0x000000070bc00000, 0x000000070be00000, 0x000000070be00000|100%| E|CS|TAMS 0x000000070bc00000, 0x000000070bc00000| Complete 
|  62|0x000000070be00000, 0x000000070c000000, 0x000000070c000000|100%| E|CS|TAMS 0x000000070be00000, 0x000000070be00000| Complete 
|  63|0x000000070c000000, 0x000000070c200000, 0x000000070c200000|100%| E|CS|TAMS 0x000000070c000000, 0x000000070c000000| Complete 
| 125|0x0000000713c00000, 0x0000000713e00000, 0x0000000713e00000|100%| E|CS|TAMS 0x0000000713c00000, 0x0000000713c00000| Complete 

Card table byte_map: [0x00000259a2db0000,0x00000259a3590000] _byte_map_base: 0x000002599f58f000

Marking Bits (Prev, Next): (CMBitMap*) 0x000002598b267850, (CMBitMap*) 0x000002598b267810
 Prev Bits: [0x00000259a7c70000, 0x00000259abb68000)
 Next Bits: [0x00000259a3d70000, 0x00000259a7c68000)

Polling page: 0x000002598b170000

Metaspace:

Usage:
  Non-class:     55.22 MB used.
      Class:      8.55 MB used.
       Both:     63.77 MB used.

Virtual space:
  Non-class space:       64.00 MB reserved,      55.62 MB ( 87%) committed,  1 nodes.
      Class space:        1.00 GB reserved,       8.88 MB ( <1%) committed,  1 nodes.
             Both:        1.06 GB reserved,      64.50 MB (  6%) committed. 

Chunk freelists:
   Non-Class:  110.00 KB
       Class:  3.13 MB
        Both:  3.23 MB

MaxMetaspaceSize: unlimited
CompressedClassSpaceSize: 1.00 GB
Initial GC threshold: 21.00 MB
Current GC threshold: 98.56 MB
CDS: on
MetaspaceReclaimPolicy: balanced
 - commit_granule_bytes: 65536.
 - commit_granule_words: 8192.
 - virtual_space_node_default_size: 8388608.
 - enlarge_chunks_in_place: 1.
 - new_chunks_are_fully_committed: 0.
 - uncommit_free_chunks: 1.
 - use_allocation_guard: 0.


Internal statistics:

num_allocs_failed_limit: 9.
num_arena_births: 1124.
num_arena_deaths: 0.
num_vsnodes_births: 2.
num_vsnodes_deaths: 0.
num_space_committed: 1032.
num_space_uncommitted: 0.
num_chunks_returned_to_freelist: 9.
num_chunks_taken_from_freelist: 3513.
num_chunk_merges: 9.
num_chunk_splits: 2470.
num_chunks_enlarged: 1889.
num_inconsistent_stats: 0.

CodeHeap 'non-profiled nmethods': size=120000Kb used=4110Kb max_used=4110Kb free=115889Kb
 bounds [0x000002599a640000, 0x000002599aa50000, 0x00000259a1b70000]
CodeHeap 'profiled nmethods': size=120000Kb used=12451Kb max_used=12451Kb free=107548Kb
 bounds [0x0000025993110000, 0x0000025993d40000, 0x000002599a640000]
CodeHeap 'non-nmethods': size=5760Kb used=1356Kb max_used=1414Kb free=4403Kb
 bounds [0x0000025992b70000, 0x0000025992de0000, 0x0000025993110000]
 total_blobs=6794 nmethods=6126 adapters=579
 compilation: enabled
              stopped_count=0, restarted_count=0
 full_count=0

Compilation events (20 events):
Event: 55.347 Thread 0x00000259ae627cf0 nmethod 6947 0x0000025993d38690 code [0x0000025993d388a0, 0x0000025993d38da8]
Event: 55.347 Thread 0x00000259ae627cf0 6950       3       jdk.internal.misc.Unsafe::pick (12 bytes)
Event: 55.347 Thread 0x00000259ae622b00 6951       4       org.h2.mvstore.cache.CacheLongKeyLIRS::getSegmentIndex (12 bytes)
Event: 55.347 Thread 0x00000259ae627cf0 nmethod 6950 0x000002599351f510 code [0x000002599351f6a0, 0x000002599351f798]
Event: 55.347 Thread 0x00000259ae627cf0 6948       3       java.util.concurrent.locks.AbstractQueuedSynchronizer$Node::getAndUnsetStatus (14 bytes)
Event: 55.347 Thread 0x00000259ae627cf0 nmethod 6948 0x0000025993d39010 code [0x0000025993d391c0, 0x0000025993d39488]
Event: 55.347 Thread 0x00000259ae627cf0 6949       3       jdk.internal.misc.Unsafe::getAndBitwiseAndInt (27 bytes)
Event: 55.347 Thread 0x00000259ae622b00 nmethod 6951 0x000002599aa42790 code [0x000002599aa42900, 0x000002599aa42998]
Event: 55.348 Thread 0x00000259ae627cf0 nmethod 6949 0x0000025993d39590 code [0x0000025993d39740, 0x0000025993d39988]
Event: 55.389 Thread 0x00000259ae627cf0 6952       3       java.util.concurrent.ScheduledThreadPoolExecutor$ScheduledFutureTask::compareTo (9 bytes)
Event: 55.389 Thread 0x00000259ae627cf0 nmethod 6952 0x0000025993d39a90 code [0x0000025993d39c40, 0x0000025993d39ea8]
Event: 55.389 Thread 0x00000259ae627cf0 6953       3       java.util.concurrent.ScheduledThreadPoolExecutor$ScheduledFutureTask::compareTo (101 bytes)
Event: 55.389 Thread 0x00000259ae627cf0 nmethod 6953 0x0000025993d39f90 code [0x0000025993d3a1a0, 0x0000025993d3a918]
Event: 56.541 Thread 0x00000259ae622b00 6955       4       org.h2.mvstore.Page$Leaf::getValue (18 bytes)
Event: 56.543 Thread 0x00000259ae622b00 nmethod 6955 0x000002599aa42e90 code [0x000002599aa43000, 0x000002599aa430b8]
Event: 57.160 Thread 0x00000259ae622b00 6956       4       org.h2.mvstore.Page::binarySearch (45 bytes)
Event: 57.161 Thread 0x00000259ae622b00 nmethod 6956 0x000002599aa43190 code [0x000002599aa43320, 0x000002599aa43418]
Event: 58.341 Thread 0x00000259ae622b00 6957       4       org.h2.mvstore.MVMap::beforeWrite (103 bytes)
Event: 58.342 Thread 0x00000259ae622b00 nmethod 6957 0x000002599aa43510 code [0x000002599aa43680, 0x000002599aa43758]
Event: 59.004 Thread 0x00000259ae622b00 6958       4       org.h2.mvstore.MVStore::hasUnsavedChanges (96 bytes)

GC Heap History (20 events):
Event: 2.518 GC heap before
{Heap before GC invocations=3 (full 0):
 garbage-first heap   total 258048K, used 15474K [0x0000000704200000, 0x0000000800000000)
  region size 2048K, 5 young (10240K), 3 survivors (6144K)
 Metaspace       used 21154K, committed 21504K, reserved 1114112K
  class space    used 2497K, committed 2688K, reserved 1048576K
}
Event: 2.523 GC heap after
{Heap after GC invocations=4 (full 0):
 garbage-first heap   total 258048K, used 13855K [0x0000000704200000, 0x0000000800000000)
  region size 2048K, 4 young (8192K), 4 survivors (8192K)
 Metaspace       used 21154K, committed 21504K, reserved 1114112K
  class space    used 2497K, committed 2688K, reserved 1048576K
}
Event: 3.451 GC heap before
{Heap before GC invocations=5 (full 0):
 garbage-first heap   total 61440K, used 42527K [0x0000000704200000, 0x0000000800000000)
  region size 2048K, 18 young (36864K), 4 survivors (8192K)
 Metaspace       used 24476K, committed 24832K, reserved 1114112K
  class space    used 2990K, committed 3136K, reserved 1048576K
}
Event: 3.461 GC heap after
{Heap after GC invocations=6 (full 0):
 garbage-first heap   total 61440K, used 15201K [0x0000000704200000, 0x0000000800000000)
  region size 2048K, 2 young (4096K), 2 survivors (4096K)
 Metaspace       used 24476K, committed 24832K, reserved 1114112K
  class space    used 2990K, committed 3136K, reserved 1048576K
}
Event: 3.532 GC heap before
{Heap before GC invocations=6 (full 0):
 garbage-first heap   total 61440K, used 17249K [0x0000000704200000, 0x0000000800000000)
  region size 2048K, 3 young (6144K), 2 survivors (4096K)
 Metaspace       used 24791K, committed 25152K, reserved 1114112K
  class space    used 3033K, committed 3200K, reserved 1048576K
}
Event: 3.538 GC heap after
{Heap after GC invocations=7 (full 0):
 garbage-first heap   total 61440K, used 15664K [0x0000000704200000, 0x0000000800000000)
  region size 2048K, 1 young (2048K), 1 survivors (2048K)
 Metaspace       used 24791K, committed 25152K, reserved 1114112K
  class space    used 3033K, committed 3200K, reserved 1048576K
}
Event: 4.360 GC heap before
{Heap before GC invocations=7 (full 0):
 garbage-first heap   total 61440K, used 40240K [0x0000000704200000, 0x0000000800000000)
  region size 2048K, 13 young (26624K), 1 survivors (2048K)
 Metaspace       used 29279K, committed 29760K, reserved 1114112K
  class space    used 3669K, committed 3904K, reserved 1048576K
}
Event: 4.370 GC heap after
{Heap after GC invocations=8 (full 0):
 garbage-first heap   total 159744K, used 18162K [0x0000000704200000, 0x0000000800000000)
  region size 2048K, 2 young (4096K), 2 survivors (4096K)
 Metaspace       used 29279K, committed 29760K, reserved 1114112K
  class space    used 3669K, committed 3904K, reserved 1048576K
}
Event: 5.119 GC heap before
{Heap before GC invocations=8 (full 0):
 garbage-first heap   total 159744K, used 42738K [0x0000000704200000, 0x0000000800000000)
  region size 2048K, 16 young (32768K), 2 survivors (4096K)
 Metaspace       used 35420K, committed 35968K, reserved 1114112K
  class space    used 4385K, committed 4672K, reserved 1048576K
}
Event: 5.130 GC heap after
{Heap after GC invocations=9 (full 0):
 garbage-first heap   total 159744K, used 20452K [0x0000000704200000, 0x0000000800000000)
  region size 2048K, 3 young (6144K), 3 survivors (6144K)
 Metaspace       used 35420K, committed 35968K, reserved 1114112K
  class space    used 4385K, committed 4672K, reserved 1048576K
}
Event: 6.490 GC heap before
{Heap before GC invocations=10 (full 0):
 garbage-first heap   total 81920K, used 65508K [0x0000000704200000, 0x0000000800000000)
  region size 2048K, 24 young (49152K), 3 survivors (6144K)
 Metaspace       used 45079K, committed 45632K, reserved 1114112K
  class space    used 5815K, committed 6080K, reserved 1048576K
}
Event: 6.497 GC heap after
{Heap after GC invocations=11 (full 0):
 garbage-first heap   total 81920K, used 25125K [0x0000000704200000, 0x0000000800000000)
  region size 2048K, 3 young (6144K), 3 survivors (6144K)
 Metaspace       used 45079K, committed 45632K, reserved 1114112K
  class space    used 5815K, committed 6080K, reserved 1048576K
}
Event: 6.546 GC heap before
{Heap before GC invocations=11 (full 0):
 garbage-first heap   total 81920K, used 27173K [0x0000000704200000, 0x0000000800000000)
  region size 2048K, 4 young (8192K), 3 survivors (6144K)
 Metaspace       used 45548K, committed 46080K, reserved 1114112K
  class space    used 5862K, committed 6144K, reserved 1048576K
}
Event: 6.550 GC heap after
{Heap after GC invocations=12 (full 0):
 garbage-first heap   total 81920K, used 24962K [0x0000000704200000, 0x0000000800000000)
  region size 2048K, 1 young (2048K), 1 survivors (2048K)
 Metaspace       used 45548K, committed 46080K, reserved 1114112K
  class space    used 5862K, committed 6144K, reserved 1048576K
}
Event: 7.569 GC heap before
{Heap before GC invocations=12 (full 0):
 garbage-first heap   total 81920K, used 59778K [0x0000000704200000, 0x0000000800000000)
  region size 2048K, 19 young (38912K), 1 survivors (2048K)
 Metaspace       used 54975K, committed 55616K, reserved 1114112K
  class space    used 7350K, committed 7680K, reserved 1048576K
}
Event: 7.573 GC heap after
{Heap after GC invocations=13 (full 0):
 garbage-first heap   total 81920K, used 25850K [0x0000000704200000, 0x0000000800000000)
  region size 2048K, 1 young (2048K), 1 survivors (2048K)
 Metaspace       used 54975K, committed 55616K, reserved 1114112K
  class space    used 7350K, committed 7680K, reserved 1048576K
}
Event: 8.361 GC heap before
{Heap before GC invocations=13 (full 0):
 garbage-first heap   total 81920K, used 52474K [0x0000000704200000, 0x0000000800000000)
  region size 2048K, 16 young (32768K), 1 survivors (2048K)
 Metaspace       used 59632K, committed 60288K, reserved 1114112K
  class space    used 7946K, committed 8256K, reserved 1048576K
}
Event: 8.368 GC heap after
{Heap after GC invocations=14 (full 0):
 garbage-first heap   total 81920K, used 28751K [0x0000000704200000, 0x0000000800000000)
  region size 2048K, 3 young (6144K), 3 survivors (6144K)
 Metaspace       used 59632K, committed 60288K, reserved 1114112K
  class space    used 7946K, committed 8256K, reserved 1048576K
}
Event: 9.246 GC heap before
{Heap before GC invocations=15 (full 0):
 garbage-first heap   total 81920K, used 61519K [0x0000000704200000, 0x0000000800000000)
  region size 2048K, 19 young (38912K), 3 survivors (6144K)
 Metaspace       used 62963K, committed 63680K, reserved 1114112K
  class space    used 8462K, committed 8768K, reserved 1048576K
}
Event: 9.253 GC heap after
{Heap after GC invocations=16 (full 0):
 garbage-first heap   total 81920K, used 31843K [0x0000000704200000, 0x0000000800000000)
  region size 2048K, 3 young (6144K), 3 survivors (6144K)
 Metaspace       used 62963K, committed 63680K, reserved 1114112K
  class space    used 8462K, committed 8768K, reserved 1048576K
}

Deoptimization events (20 events):
Event: 10.846 Thread 0x00000259b394c4f0 Uncommon trap: trap_request=0xffffff45 fr.pc=0x000002599a91c2a8 relative=0x00000000000014c8
Event: 10.846 Thread 0x00000259b394c4f0 Uncommon trap: reason=unstable_if action=reinterpret pc=0x000002599a91c2a8 method=java.lang.ClassLoader.defineClassSourceLocation(Ljava/security/ProtectionDomain;)Ljava/lang/String; @ 15 c2
Event: 10.846 Thread 0x00000259b394c4f0 DEOPT PACKING pc=0x000002599a91c2a8 sp=0x000000a559dfc7d0
Event: 10.846 Thread 0x00000259b394c4f0 DEOPT UNPACKING pc=0x0000025992bc5c23 sp=0x000000a559dfc728 mode 2
Event: 50.523 Thread 0x00000259b58c7470 Uncommon trap: trap_request=0xffffff45 fr.pc=0x000002599aa38b14 relative=0x0000000000000474
Event: 50.523 Thread 0x00000259b58c7470 Uncommon trap: reason=unstable_if action=reinterpret pc=0x000002599aa38b14 method=org.h2.mvstore.cache.CacheLongKeyLIRS$Segment.find(JI)Lorg/h2/mvstore/cache/CacheLongKeyLIRS$Entry; @ 19 c2
Event: 50.523 Thread 0x00000259b58c7470 DEOPT PACKING pc=0x000002599aa38b14 sp=0x000000a55a2fec40
Event: 50.523 Thread 0x00000259b58c7470 DEOPT UNPACKING pc=0x0000025992bc5c23 sp=0x000000a55a2feaf8 mode 2
Event: 50.523 Thread 0x00000259b58c7470 Uncommon trap: trap_request=0xffffff45 fr.pc=0x000002599aa373e4 relative=0x00000000000003c4
Event: 50.523 Thread 0x00000259b58c7470 Uncommon trap: reason=unstable_if action=reinterpret pc=0x000002599aa373e4 method=org.h2.mvstore.cache.CacheLongKeyLIRS$Segment.find(JI)Lorg/h2/mvstore/cache/CacheLongKeyLIRS$Entry; @ 19 c2
Event: 50.523 Thread 0x00000259b58c7470 DEOPT PACKING pc=0x000002599aa373e4 sp=0x000000a55a2fead0
Event: 50.523 Thread 0x00000259b58c7470 DEOPT UNPACKING pc=0x0000025992bc5c23 sp=0x000000a55a2fe9e8 mode 2
Event: 54.179 Thread 0x00000259b58c82e0 Uncommon trap: trap_request=0xffffff45 fr.pc=0x000002599aa392c8 relative=0x0000000000000148
Event: 54.179 Thread 0x00000259b58c82e0 Uncommon trap: reason=unstable_if action=reinterpret pc=0x000002599aa392c8 method=java.util.concurrent.locks.ReentrantLock$FairSync.initialTryLock()Z @ 10 c2
Event: 54.179 Thread 0x00000259b58c82e0 DEOPT PACKING pc=0x000002599aa392c8 sp=0x000000a55a8ff170
Event: 54.179 Thread 0x00000259b58c82e0 DEOPT UNPACKING pc=0x0000025992bc5c23 sp=0x000000a55a8ff128 mode 2
Event: 54.179 Thread 0x00000259b58c7470 Uncommon trap: trap_request=0xffffff45 fr.pc=0x000002599aa3d30c relative=0x000000000000290c
Event: 54.179 Thread 0x00000259b58c7470 Uncommon trap: reason=unstable_if action=reinterpret pc=0x000002599aa3d30c method=java.util.concurrent.locks.AbstractQueuedSynchronizer.hasQueuedThreads()Z @ 12 c2
Event: 54.179 Thread 0x00000259b58c7470 DEOPT PACKING pc=0x000002599aa3d30c sp=0x000000a55a2fecd0
Event: 54.179 Thread 0x00000259b58c7470 DEOPT UNPACKING pc=0x0000025992bc5c23 sp=0x000000a55a2feb08 mode 2

Classes loaded (20 events):
Event: 9.734 Loading class java/nio/ByteBufferAsLongBufferB
Event: 9.734 Loading class java/nio/ByteBufferAsLongBufferB done
Event: 10.568 Loading class javax/management/remote/rmi/RMIConnectionImpl$7
Event: 10.568 Loading class javax/management/remote/rmi/RMIConnectionImpl$7 done
Event: 10.568 Loading class com/sun/jmx/remote/util/OrderClassLoaders
Event: 10.568 Loading class com/sun/jmx/remote/util/OrderClassLoaders done
Event: 10.617 Loading class org/w3c/dom/Node
Event: 10.617 Loading class org/w3c/dom/Node done
Event: 10.617 Loading class org/w3c/dom/Document
Event: 10.617 Loading class org/w3c/dom/Document done
Event: 10.733 Loading class java/util/AbstractMap$SimpleEntry
Event: 10.734 Loading class java/util/AbstractMap$SimpleEntry done
Event: 10.784 Loading class jdk/internal/vm/annotation/ForceInline
Event: 10.784 Loading class jdk/internal/vm/annotation/ForceInline done
Event: 10.843 Loading class sun/reflect/misc/MethodUtil
Event: 10.844 Loading class sun/reflect/misc/MethodUtil done
Event: 10.844 Loading class sun/reflect/misc/MethodUtil$1
Event: 10.844 Loading class sun/reflect/misc/MethodUtil$1 done
Event: 10.846 Loading class java/security/AllPermissionCollection
Event: 10.846 Loading class java/security/AllPermissionCollection done

Classes unloaded (0 events):
No events

Classes redefined (0 events):
No events

Internal exceptions (20 events):
Event: 10.881 Thread 0x00000259b394c4f0 Exception <a 'java/lang/ClassNotFoundException'{0x00000007087bb0d8}: org/springframework/boot/actuate/endpoint/jmx/DataEndpointMBean> (0x00000007087bb0d8) 
thrown [s\open\src\hotspot\share\classfile\systemDictionary.cpp, line 255]
Event: 10.881 Thread 0x00000259b394c4f0 Exception <a 'java/lang/ClassNotFoundException'{0x00000007087bb490}: org/springframework/context/support/LiveBeansView> (0x00000007087bb490) 
thrown [s\open\src\hotspot\share\classfile\systemDictionary.cpp, line 255]
Event: 10.881 Thread 0x00000259b394c4f0 Exception <a 'java/lang/ClassNotFoundException'{0x00000007087bbaa0}: org/springframework/boot/actuate/endpoint/jmx/EndpointMBean> (0x00000007087bbaa0) 
thrown [s\open\src\hotspot\share\classfile\systemDictionary.cpp, line 255]
Event: 10.881 Thread 0x00000259b394c4f0 Exception <a 'java/lang/ClassNotFoundException'{0x00000007087bbe50}: org/springframework/boot/actuate/endpoint/jmx/DataEndpointMBean> (0x00000007087bbe50) 
thrown [s\open\src\hotspot\share\classfile\systemDictionary.cpp, line 255]
Event: 10.881 Thread 0x00000259b394c4f0 Exception <a 'java/lang/ClassNotFoundException'{0x00000007087bc1f8}: org/springframework/context/support/LiveBeansView> (0x00000007087bc1f8) 
thrown [s\open\src\hotspot\share\classfile\systemDictionary.cpp, line 255]
Event: 10.885 Thread 0x00000259b394c4f0 Exception <a 'java/lang/ClassNotFoundException'{0x000000070840a690}: org/springframework/boot/actuate/endpoint/jmx/EndpointMBean> (0x000000070840a690) 
thrown [s\open\src\hotspot\share\classfile\systemDictionary.cpp, line 255]
Event: 10.888 Thread 0x00000259b394c4f0 Exception <a 'java/lang/ClassNotFoundException'{0x0000000708456338}: org/springframework/boot/actuate/endpoint/jmx/DataEndpointMBean> (0x0000000708456338) 
thrown [s\open\src\hotspot\share\classfile\systemDictionary.cpp, line 255]
Event: 10.892 Thread 0x00000259b394c4f0 Exception <a 'java/lang/ClassNotFoundException'{0x00000007084a1ed0}: org/springframework/context/support/LiveBeansView> (0x00000007084a1ed0) 
thrown [s\open\src\hotspot\share\classfile\systemDictionary.cpp, line 255]
Event: 10.892 Thread 0x00000259b394c4f0 Exception <a 'java/lang/ClassNotFoundException'{0x00000007084a4ae0}: org/springframework/boot/actuate/endpoint/jmx/EndpointMBean> (0x00000007084a4ae0) 
thrown [s\open\src\hotspot\share\classfile\systemDictionary.cpp, line 255]
Event: 10.892 Thread 0x00000259b394c4f0 Exception <a 'java/lang/ClassNotFoundException'{0x00000007084a4eb0}: org/springframework/boot/actuate/endpoint/jmx/DataEndpointMBean> (0x00000007084a4eb0) 
thrown [s\open\src\hotspot\share\classfile\systemDictionary.cpp, line 255]
Event: 10.892 Thread 0x00000259b394c4f0 Exception <a 'java/lang/ClassNotFoundException'{0x00000007084a5278}: org/springframework/context/support/LiveBeansView> (0x00000007084a5278) 
thrown [s\open\src\hotspot\share\classfile\systemDictionary.cpp, line 255]
Event: 10.892 Thread 0x00000259b394c4f0 Exception <a 'java/lang/ClassNotFoundException'{0x00000007084a5630}: org/springframework/boot/actuate/endpoint/jmx/EndpointMBean> (0x00000007084a5630) 
thrown [s\open\src\hotspot\share\classfile\systemDictionary.cpp, line 255]
Event: 10.892 Thread 0x00000259b394c4f0 Exception <a 'java/lang/ClassNotFoundException'{0x00000007084a59e8}: org/springframework/boot/actuate/endpoint/jmx/DataEndpointMBean> (0x00000007084a59e8) 
thrown [s\open\src\hotspot\share\classfile\systemDictionary.cpp, line 255]
Event: 10.892 Thread 0x00000259b394c4f0 Exception <a 'java/lang/ClassNotFoundException'{0x00000007084a5d98}: org/springframework/context/support/LiveBeansView> (0x00000007084a5d98) 
thrown [s\open\src\hotspot\share\classfile\systemDictionary.cpp, line 255]
Event: 10.892 Thread 0x00000259b394c4f0 Exception <a 'java/lang/ClassNotFoundException'{0x00000007084a6150}: org/springframework/boot/actuate/endpoint/jmx/EndpointMBean> (0x00000007084a6150) 
thrown [s\open\src\hotspot\share\classfile\systemDictionary.cpp, line 255]
Event: 10.892 Thread 0x00000259b394c4f0 Exception <a 'java/lang/ClassNotFoundException'{0x00000007084a6508}: org/springframework/boot/actuate/endpoint/jmx/DataEndpointMBean> (0x00000007084a6508) 
thrown [s\open\src\hotspot\share\classfile\systemDictionary.cpp, line 255]
Event: 10.892 Thread 0x00000259b394c4f0 Exception <a 'java/lang/ClassNotFoundException'{0x00000007084a68b8}: org/springframework/context/support/LiveBeansView> (0x00000007084a68b8) 
thrown [s\open\src\hotspot\share\classfile\systemDictionary.cpp, line 255]
Event: 10.899 Thread 0x00000259b394c4f0 Exception <a 'java/lang/NoSuchMethodError'{0x00000007084cc868}: 'double java.lang.invoke.DirectMethodHandle$Holder.invokeInterface(java.lang.Object, java.lang.Object)'> (0x00000007084cc868) 
thrown [s\open\src\hotspot\share\interpreter\linkResolver.cpp, line 759]
Event: 50.523 Thread 0x00000259b58c7470 Implicit null exception at 0x000002599aa3876a to 0x000002599aa38af0
Event: 50.523 Thread 0x00000259b58c7470 Implicit null exception at 0x000002599aa370cd to 0x000002599aa373cc

VM Operations (20 events):
Event: 24.940 Executing VM operation: Cleanup
Event: 24.940 Executing VM operation: Cleanup done
Event: 25.945 Executing VM operation: Cleanup
Event: 25.945 Executing VM operation: Cleanup done
Event: 29.985 Executing VM operation: Cleanup
Event: 29.985 Executing VM operation: Cleanup done
Event: 46.139 Executing VM operation: Cleanup
Event: 46.139 Executing VM operation: Cleanup done
Event: 48.152 Executing VM operation: Cleanup
Event: 48.152 Executing VM operation: Cleanup done
Event: 51.193 Executing VM operation: Cleanup
Event: 51.193 Executing VM operation: Cleanup done
Event: 54.225 Executing VM operation: Cleanup
Event: 54.225 Executing VM operation: Cleanup done
Event: 55.226 Executing VM operation: Cleanup
Event: 55.226 Executing VM operation: Cleanup done
Event: 56.236 Executing VM operation: Cleanup
Event: 56.236 Executing VM operation: Cleanup done
Event: 57.249 Executing VM operation: Cleanup
Event: 57.249 Executing VM operation: Cleanup done

Events (20 events):
Event: 9.297 Thread 0x00000259b58c6600 Thread added: 0x00000259b58c6600
Event: 9.298 Thread 0x00000259b745a290 Thread added: 0x00000259b745a290
Event: 9.298 Thread 0x00000259b7458f50 Thread added: 0x00000259b7458f50
Event: 9.298 Thread 0x00000259b7455f30 Thread added: 0x00000259b7455f30
Event: 9.298 Thread 0x00000259b7455590 Thread added: 0x00000259b7455590
Event: 9.299 Thread 0x00000259b7456da0 Thread added: 0x00000259b7456da0
Event: 9.299 Thread 0x00000259b74550c0 Thread added: 0x00000259b74550c0
Event: 9.299 Thread 0x00000259b7459420 Thread added: 0x00000259b7459420
Event: 9.299 Thread 0x00000259b745ac30 Thread added: 0x00000259b745ac30
Event: 9.321 Thread 0x00000259b745baa0 Thread added: 0x00000259b745baa0
Event: 9.323 Thread 0x00000259b745b100 Thread added: 0x00000259b745b100
Event: 9.365 Thread 0x000002598b1eda90 Thread exited: 0x000002598b1eda90
Event: 9.365 Thread 0x00000259b745b5d0 Thread added: 0x00000259b745b5d0
Event: 9.672 Thread 0x00000259b2b8efa0 Thread exited: 0x00000259b2b8efa0
Event: 9.672 Thread 0x00000259b295a850 Thread exited: 0x00000259b295a850
Event: 10.444 Thread 0x00000259b58c7e10 Thread exited: 0x00000259b58c7e10
Event: 10.634 Thread 0x00000259b2b8efa0 Thread added: 0x00000259b2b8efa0
Event: 10.841 Thread 0x00000259ae63a550 flushing nmethod 0x000002599331fe90
Event: 10.845 Thread 0x00000259ae63a550 flushing nmethod 0x00000259938d2f90
Event: 11.152 Thread 0x00000259b2b8efa0 Thread exited: 0x00000259b2b8efa0


Dynamic libraries:
0x00007ff63da00000 - 0x00007ff63da0e000 	C:\Program Files\Java\jdk-18.0.2.1\bin\java.exe
0x00007ffc1f0f0000 - 0x00007ffc1f2e8000 	C:\Windows\SYSTEM32\ntdll.dll
0x00007ffc1d490000 - 0x00007ffc1d54f000 	C:\Windows\System32\KERNEL32.DLL
0x00007ffc1c920000 - 0x00007ffc1cbf2000 	C:\Windows\System32\KERNELBASE.dll
0x00007ffc1cf50000 - 0x00007ffc1d050000 	C:\Windows\System32\ucrtbase.dll
0x00007ffc0dd80000 - 0x00007ffc0dd9a000 	C:\Program Files\Java\jdk-18.0.2.1\bin\VCRUNTIME140.dll
0x00007ffc0dd60000 - 0x00007ffc0dd77000 	C:\Program Files\Java\jdk-18.0.2.1\bin\jli.dll
0x00007ffc1ea90000 - 0x00007ffc1ec31000 	C:\Windows\System32\USER32.dll
0x00007ffc1c8f0000 - 0x00007ffc1c912000 	C:\Windows\System32\win32u.dll
0x00007ffc1ea60000 - 0x00007ffc1ea8b000 	C:\Windows\System32\GDI32.dll
0x00007ffc042b0000 - 0x00007ffc0454a000 	C:\Windows\WinSxS\amd64_microsoft.windows.common-controls_6595b64144ccf1df_6.0.19041.1110_none_60b5254171f9507e\COMCTL32.dll
0x00007ffc1cc50000 - 0x00007ffc1cd5f000 	C:\Windows\System32\gdi32full.dll
0x00007ffc1ec40000 - 0x00007ffc1ecde000 	C:\Windows\System32\msvcrt.dll
0x00007ffc1c7e0000 - 0x00007ffc1c87d000 	C:\Windows\System32\msvcp_win.dll
0x00007ffc1e480000 - 0x00007ffc1e4b2000 	C:\Windows\System32\IMM32.DLL
0x000002598b190000 - 0x000002598b1a4000 	C:\Windows\System32\umppc17506.dll
0x00007ffc0fe00000 - 0x00007ffc0fe0c000 	C:\Program Files\Java\jdk-18.0.2.1\bin\vcruntime140_1.dll
0x00007ffbfdb30000 - 0x00007ffbfdbbd000 	C:\Program Files\Java\jdk-18.0.2.1\bin\msvcp140.dll
0x00007ffbc50d0000 - 0x00007ffbc5ce1000 	C:\Program Files\Java\jdk-18.0.2.1\bin\server\jvm.dll
0x00007ffc1d3e0000 - 0x00007ffc1d48e000 	C:\Windows\System32\ADVAPI32.dll
0x00007ffc1e940000 - 0x00007ffc1e9dc000 	C:\Windows\System32\sechost.dll
0x00007ffc1e190000 - 0x00007ffc1e2b5000 	C:\Windows\System32\RPCRT4.dll
0x00007ffc1d550000 - 0x00007ffc1d558000 	C:\Windows\System32\PSAPI.DLL
0x00007ffbf2e00000 - 0x00007ffbf2e09000 	C:\Windows\SYSTEM32\WSOCK32.dll
0x00007ffc1e2c0000 - 0x00007ffc1e32b000 	C:\Windows\System32\WS2_32.dll
0x00007ffc0ac00000 - 0x00007ffc0ac27000 	C:\Windows\SYSTEM32\WINMM.dll
0x00007ffc112e0000 - 0x00007ffc112ea000 	C:\Windows\SYSTEM32\VERSION.dll
0x00007ffc1afc0000 - 0x00007ffc1afd2000 	C:\Windows\SYSTEM32\kernel.appcore.dll
0x00007ffc0dd50000 - 0x00007ffc0dd5a000 	C:\Program Files\Java\jdk-18.0.2.1\bin\jimage.dll
0x00007ffc1a4c0000 - 0x00007ffc1a6a4000 	C:\Windows\SYSTEM32\DBGHELP.DLL
0x00007ffc03f50000 - 0x00007ffc03f85000 	C:\Windows\SYSTEM32\dbgcore.DLL
0x00007ffc1cd60000 - 0x00007ffc1cde2000 	C:\Windows\System32\bcryptPrimitives.dll
0x00007ffc04e80000 - 0x00007ffc04ea5000 	C:\Program Files\Java\jdk-18.0.2.1\bin\java.dll
0x00007ffbfda50000 - 0x00007ffbfdb26000 	C:\Program Files\Java\jdk-18.0.2.1\bin\jsvml.dll
0x00007ffc1d6e0000 - 0x00007ffc1de24000 	C:\Windows\System32\SHELL32.dll
0x00007ffc1a7b0000 - 0x00007ffc1af42000 	C:\Windows\SYSTEM32\windows.storage.dll
0x00007ffc1de30000 - 0x00007ffc1e185000 	C:\Windows\System32\combase.dll
0x00007ffc1c130000 - 0x00007ffc1c160000 	C:\Windows\SYSTEM32\Wldp.dll
0x00007ffc1ece0000 - 0x00007ffc1ed8d000 	C:\Windows\System32\SHCORE.dll
0x00007ffc1d380000 - 0x00007ffc1d3d5000 	C:\Windows\System32\shlwapi.dll
0x00007ffc1c6f0000 - 0x00007ffc1c70f000 	C:\Windows\SYSTEM32\profapi.dll
0x00007ffc04cd0000 - 0x00007ffc04ce3000 	C:\Program Files\Java\jdk-18.0.2.1\bin\net.dll
0x00007ffc16010000 - 0x00007ffc1611c000 	C:\Windows\SYSTEM32\WINHTTP.dll
0x00007ffc1bf10000 - 0x00007ffc1bf7a000 	C:\Windows\system32\mswsock.dll
0x00007ffc04870000 - 0x00007ffc04886000 	C:\Program Files\Java\jdk-18.0.2.1\bin\nio.dll
0x00007ffc041d0000 - 0x00007ffc041e8000 	C:\Program Files\Java\jdk-18.0.2.1\bin\zip.dll
0x00007ffc1bc10000 - 0x00007ffc1bcda000 	C:\Windows\SYSTEM32\DNSAPI.dll
0x00007ffc1bbd0000 - 0x00007ffc1bc0b000 	C:\Windows\SYSTEM32\IPHLPAPI.DLL
0x00007ffc1e470000 - 0x00007ffc1e478000 	C:\Windows\System32\NSI.dll
0x00007ffc12320000 - 0x00007ffc1232a000 	C:\Windows\System32\rasadhlp.dll
0x00007ffc14450000 - 0x00007ffc144d0000 	C:\Windows\System32\fwpuclnt.dll
0x00007ffc1c7b0000 - 0x00007ffc1c7d7000 	C:\Windows\System32\bcrypt.dll
0x00007ffc04e50000 - 0x00007ffc04e59000 	C:\Program Files\Java\jdk-18.0.2.1\bin\management.dll
0x00007ffc04c50000 - 0x00007ffc04c5b000 	C:\Program Files\Java\jdk-18.0.2.1\bin\management_ext.dll
0x00007ffc1c170000 - 0x00007ffc1c188000 	C:\Windows\SYSTEM32\CRYPTSP.dll
0x00007ffc1b7e0000 - 0x00007ffc1b814000 	C:\Windows\system32\rsaenh.dll
0x00007ffc1c670000 - 0x00007ffc1c69e000 	C:\Windows\SYSTEM32\USERENV.dll
0x00007ffc1c0a0000 - 0x00007ffc1c0ac000 	C:\Windows\SYSTEM32\CRYPTBASE.dll
0x00007ffc14220000 - 0x00007ffc14237000 	C:\Windows\SYSTEM32\dhcpcsvc6.DLL
0x00007ffc14070000 - 0x00007ffc1408d000 	C:\Windows\SYSTEM32\dhcpcsvc.DLL
0x00007ffc03ee0000 - 0x00007ffc03eee000 	C:\Program Files\Java\jdk-18.0.2.1\bin\sunmscapi.dll
0x00007ffc1cdf0000 - 0x00007ffc1cf46000 	C:\Windows\System32\CRYPT32.dll
0x00007ffc1c280000 - 0x00007ffc1c2a7000 	C:\Windows\SYSTEM32\ncrypt.dll
0x00007ffc1c240000 - 0x00007ffc1c27b000 	C:\Windows\SYSTEM32\NTASN1.dll
0x00007ffc03ed0000 - 0x00007ffc03ee0000 	C:\Program Files\Java\jdk-18.0.2.1\bin\verify.dll

dbghelp: loaded successfully - version: 4.0.5 - missing functions: none
symbol engine: initialized successfully - sym options: 0x614 - pdb path: .;C:\Program Files\Java\jdk-18.0.2.1\bin;C:\Windows\SYSTEM32;C:\Windows\WinSxS\amd64_microsoft.windows.common-controls_6595b64144ccf1df_6.0.19041.1110_none_60b5254171f9507e;C:\Program Files\Java\jdk-18.0.2.1\bin\server

VM Arguments:
jvm_args: -XX:+ShowCodeDetailsInExceptionMessages -Dspring.jmx.enabled=true -Dmanagement.endpoints.jmx.exposure.include=* -Dspring.application.admin.enabled=true -Dspring.boot.project.name=gareng -Djava.rmi.server.hostname=localhost 
java_command: com.gareng.app.gareng.GarengApplication
java_class_path (initial): D:\TELE Project\gareng-app\gareng-app\gareng-back\gareng\target\classes;C:\Users\John Sung\.m2\repository\org\springframework\boot\spring-boot-starter-actuator\3.1.0\spring-boot-starter-actuator-3.1.0.jar;C:\Users\John Sung\.m2\repository\org\springframework\boot\spring-boot-starter\3.1.0\spring-boot-starter-3.1.0.jar;C:\Users\John Sung\.m2\repository\org\springframework\boot\spring-boot\3.1.0\spring-boot-3.1.0.jar;C:\Users\John Sung\.m2\repository\org\springframework\boot\spring-boot-autoconfigure\3.1.0\spring-boot-autoconfigure-3.1.0.jar;C:\Users\John Sung\.m2\repository\org\springframework\boot\spring-boot-starter-logging\3.1.0\spring-boot-starter-logging-3.1.0.jar;C:\Users\John Sung\.m2\repository\ch\qos\logback\logback-classic\1.4.7\logback-classic-1.4.7.jar;C:\Users\John Sung\.m2\repository\ch\qos\logback\logback-core\1.4.7\logback-core-1.4.7.jar;C:\Users\John Sung\.m2\repository\org\apache\logging\log4j\log4j-to-slf4j\2.20.0\log4j-to-slf4j-2.20.0.jar;C:\Users\John Sung\.m2\repository\org\apache\logging\log4j\log4j-api\2.20.0\log4j-api-2.20.0.jar;C:\Users\John Sung\.m2\repository\org\slf4j\jul-to-slf4j\2.0.7\jul-to-slf4j-2.0.7.jar;C:\Users\John Sung\.m2\repository\jakarta\annotation\jakarta.annotation-api\2.1.1\jakarta.annotation-api-2.1.1.jar;C:\Users\John Sung\.m2\repository\org\yaml\snakeyaml\1.33\snakeyaml-1.33.jar;C:\Users\John Sung\.m2\repository\org\springframework\boot\spring-boot-actuator-autoconfigure\3.1.0\spring-boot-actuator-autoconfigure-3.1.0.jar;C:\Users\John Sung\.m2\repository\org\springframework\boot\spring-boot-actuator\3.1.0\spring-boot-actuator-3.1.0.jar;C:\Users\John Sung\.m2\repository\com\fasterxml\jackson\datatype\jackson-datatype-jsr310\2.15.0\jackson-datatype-jsr310-2.15.0.jar;C:\Users\John Sung\.m2\repository\io\micrometer\micrometer-observation\1.11.0\micrometer-observation-1.11.0.jar;C:\Users\John Sung\.m2\repository\io\micrometer\micrometer-commons\1.11.0\micrometer-commons-1.11.0.jar;C:\Users\John Sung\.m2\repository\io\micrometer\micrometer-core\1.11.0\micrometer-core-1.11.0.jar;C:\Users\John Sung\.m2\repository\org\hdrhistogram\HdrHistogram\2.1.12\HdrHistogram-2.1.12.jar;C:\Users\John Sung\.m2\repository\org\latencyutils\LatencyUtils\2.0.3\LatencyUtils-2.0.3.jar;C:\Users\John Sung\.m2\repository\org\springframework\boot\spring-boot-starter-data-jpa\3.1.0\spring-boot-starter-data-jpa-3.1.0.jar;C:\Users\John Sung\.m2\repository\org\springframework\boot\spring-boot-starter-aop\3.1.0\spring-boot-starter-aop-3.1.0.jar;C:\Users\John Sung\.m2\repository\org\springframework\spring-aop\6.0.9\spring-aop-6.0.9.jar;C:\Users\John Sung\.m2\repository\org\aspectj\aspectjweaver\1.9.19\aspectjweaver-1.9.19.jar;C:\Users\John Sung\.m2\repository\org\springframework\boot\spring-boot-starter-jdbc\3.1.0\spring-boot-starter-jdbc-3.1.0.jar;C:\Users\John Sung\.m2\repository\com\zaxxer\HikariCP\5.0.1\HikariCP-5.0.1.jar;C:\Users\John Sung\.m2\repository\org\springframework\spring-jdbc\6.0.9\spring-jdbc-6.0.9.jar;C:\Users\John Sung\.m2\repository\org\hibernate\orm\hibernate-core\6.2.2.Final\hibernate-core-6.2.2.Final.jar;C:\Users\John Sung\.m2\repository\jakarta\persistence\jakarta.persistence-api\3.1.0\jakarta.persistence-api-3.1.0.jar;C:\Users\John Sung\.m2\repository\jakarta\transaction\jakarta.transaction-api\2.0.1\jakarta.transaction-api-2.0.1.jar;C:\Users\John Sung\.m2\repository\org\jboss\logging\jboss-logging\3.5.0.Final\jboss-logging-3.5.0.Final.jar;C:\Users\John Sung\.m2\repository\org\hibernate\common\hibernate-commons-annotations\6.0.6.Final\hibernate-commons-annotations-6.0.6.Final.jar;C:\Users\John Sung\.m2\repository\io\smallrye\jandex\3.0.5\jandex-3.0.5.jar;C:\Users\John Sung\.m2\repository\com\fasterxml\classmate\1.5.1\classmate-1.5.1.jar;C:\Users\John Sung\.m2\repository\net\bytebuddy\byte-buddy\1.14.4\byte-buddy-1.14.4.jar;C:\Users\John Sung\.m2\repository\org\glassfish\jaxb\jaxb-runtime\4.0.2\jaxb-runtime-4.0.2.jar;C:\Users\John Sung\.m2\repository\org\glassfish\jaxb\jaxb-core\4.0.2\jaxb-core-4.0.2.jar;C:\Users\John Sung\.m2\repository\org\eclipse\angus\angus-activation\2.0.0\angus-activation-2.0.0.jar;C:\Users\John Sung\.m2\repository\org\glassfish\jaxb\txw2\4.0.2\txw2-4.0.2.jar;C:\Users\John Sung\.m2\repository\com\sun\istack\istack-commons-runtime\4.1.1\istack-commons-runtime-4.1.1.jar;C:\Users\John Sung\.m2\repository\jakarta\inject\jakarta.inject-api\2.0.1\jakarta.inject-api-2.0.1.jar;C:\Users\John Sung\.m2\repository\org\antlr\antlr4-runtime\4.10.1\antlr4-runtime-4.10.1.jar;C:\Users\John Sung\.m2\repository\org\springframework\data\spring-data-jpa\3.1.0\spring-data-jpa-3.1.0.jar;C:\Users\John Sung\.m2\repository\org\springframework\data\spring-data-commons\3.1.0\spring-data-commons-3.1.0.jar;C:\Users\John Sung\.m2\repository\org\springframework\spring-orm\6.0.9\spring-orm-6.0.9.jar;C:\Users\John Sung\.m2\repository\org\springframework\spring-context\6.0.9\spring-context-6.0.9.jar;C:\Users\John Sung\.m2\repository\org\springframework\spring-tx\6.0.9\spring-tx-6.0.9.jar;C:\Users\John Sung\.m2\repository\org\springframework\spring-beans\6.0.9\spring-beans-6.0.9.jar;C:\Users\John Sung\.m2\repository\org\slf4j\slf4j-api\2.0.7\slf4j-api-2.0.7.jar;C:\Users\John Sung\.m2\repository\org\springframework\spring-aspects\6.0.9\spring-aspects-6.0.9.jar;C:\Users\John Sung\.m2\repository\org\springframework\boot\spring-boot-starter-web\3.1.0\spring-boot-starter-web-3.1.0.jar;C:\Users\John Sung\.m2\repository\org\springframework\boot\spring-boot-starter-json\3.1.0\spring-boot-starter-json-3.1.0.jar;C:\Users\John Sung\.m2\repository\com\fasterxml\jackson\datatype\jackson-datatype-jdk8\2.15.0\jackson-datatype-jdk8-2.15.0.jar;C:\Users\John Sung\.m2\repository\com\fasterxml\jackson\module\jackson-module-parameter-names\2.15.0\jackson-module-parameter-names-2.15.0.jar;C:\Users\John Sung\.m2\repository\org\springframework\boot\spring-boot-starter-tomcat\3.1.0\spring-boot-starter-tomcat-3.1.0.jar;C:\Users\John Sung\.m2\repository\org\apache\tomcat\embed\tomcat-embed-core\10.1.8\tomcat-embed-core-10.1.8.jar;C:\Users\John Sung\.m2\repository\org\apache\tomcat\embed\tomcat-embed-el\10.1.8\tomcat-embed-el-10.1.8.jar;C:\Users\John Sung\.m2\repository\org\apache\tomcat\embed\tomcat-embed-websocket\10.1.8\tomcat-embed-websocket-10.1.8.jar;C:\Users\John Sung\.m2\repository\org\springframework\spring-web\6.0.9\spring-web-6.0.9.jar;C:\Users\John Sung\.m2\repository\org\springframework\spring-webmvc\6.0.9\spring-webmvc-6.0.9.jar;C:\Users\John Sung\.m2\repository\org\springframework\spring-expression\6.0.9\spring-expression-6.0.9.jar;C:\Users\John Sung\.m2\repository\com\h2database\h2\2.1.214\h2-2.1.214.jar;C:\Users\John Sung\.m2\repository\org\projectlombok\lombok\1.18.26\lombok-1.18.26.jar;C:\Users\John Sung\.m2\repository\jakarta\xml\bind\jakarta.xml.bind-api\4.0.0\jakarta.xml.bind-api-4.0.0.jar;C:\Users\John Sung\.m2\repository\jakarta\activation\jakarta.activation-api\2.1.2\jakarta.activation-api-2.1.2.jar;C:\Users\John Sung\.m2\repository\org\springframework\spring-core\6.0.9\spring-core-6.0.9.jar;C:\Users\John Sung\.m2\repository\org\springframework\spring-jcl\6.0.9\spring-jcl-6.0.9.jar;C:\Users\John Sung\.m2\repository\io\jsonwebtoken\jjwt-impl\0.11.5\jjwt-impl-0.11.5.jar;C:\Users\John Sung\.m2\repository\io\jsonwebtoken\jjwt-api\0.11.5\jjwt-api-0.11.5.jar;C:\Users\John Sung\.m2\repository\io\jsonwebtoken\jjwt-jackson\0.11.5\jjwt-jackson-0.11.5.jar;C:\Users\John Sung\.m2\repository\com\fasterxml\jackson\core\jackson-databind\2.15.0\jackson-databind-2.15.0.jar;C:\Users\John Sung\.m2\repository\com\fasterxml\jackson\core\jackson-annotations\2.15.0\jackson-annotations-2.15.0.jar;C:\Users\John Sung\.m2\repository\com\fasterxml\jackson\core\jackson-core\2.15.0\jackson-core-2.15.0.jar;C:\Users\John Sung\.m2\repository\org\mindrot\jbcrypt\0.4\jbcrypt-0.4.jar;D:\TELE Project\gareng-app\gareng-app\gareng-back\gareng\libs\FormValidation.jar
Launcher Type: SUN_STANDARD

[Global flags]
     intx CICompilerCount                          = 4                                         {product} {ergonomic}
     uint ConcGCThreads                            = 2                                         {product} {ergonomic}
     uint G1ConcRefinementThreads                  = 8                                         {product} {ergonomic}
   size_t G1HeapRegionSize                         = 2097152                                   {product} {ergonomic}
    uintx GCDrainStackTargetSize                   = 64                                        {product} {ergonomic}
   size_t InitialHeapSize                          = 264241152                                 {product} {ergonomic}
   size_t MarkStackSize                            = 4194304                                   {product} {ergonomic}
   size_t MaxHeapSize                              = 4225761280                                {product} {ergonomic}
   size_t MaxNewSize                               = 2535456768                                {product} {ergonomic}
   size_t MinHeapDeltaBytes                        = 2097152                                   {product} {ergonomic}
   size_t MinHeapSize                              = 8388608                                   {product} {ergonomic}
    uintx NonNMethodCodeHeapSize                   = 5839372                                {pd product} {ergonomic}
    uintx NonProfiledCodeHeapSize                  = 122909434                              {pd product} {ergonomic}
    uintx ProfiledCodeHeapSize                     = 122909434                              {pd product} {ergonomic}
    uintx ReservedCodeCacheSize                    = 251658240                              {pd product} {ergonomic}
     bool SegmentedCodeCache                       = true                                      {product} {ergonomic}
     bool ShowCodeDetailsInExceptionMessages       = true                                   {manageable} {command line}
   size_t SoftMaxHeapSize                          = 4225761280                             {manageable} {ergonomic}
     bool UseCompressedClassPointers               = true                           {product lp64_product} {ergonomic}
     bool UseCompressedOops                        = true                           {product lp64_product} {ergonomic}
     bool UseG1GC                                  = true                                      {product} {ergonomic}
     bool UseLargePagesIndividualAllocation        = false                                  {pd product} {ergonomic}

Logging:
Log output configuration:
 #0: stdout all=warning uptime,level,tags foldmultilines=false
 #1: stderr all=off uptime,level,tags foldmultilines=false

Environment Variables:
JAVA_HOME=C:\Program Files\Java\jdk-19\
PATH=C:\src\flutter\bin\cache\dart-sdk\bin\;C:\Windows\system32;C:\Program Files\Java\jdk-19\\bin;C:\Windows;C:\Windows\System32\Wbem;C:\Windows\System32\WindowsPowerShell\v1.0\;C:\Windows\System32\OpenSSH\;C:\Program Files (x86)\IBM\Client Access\Emulator;C:\Program Files (x86)\IBM\Client Access\Shared;C:\Program Files (x86)\IBM\Client Access\;C:\Program Files\dotnet\;C:\Program Files\Microsoft SQL Server\Client SDK\ODBC\170\Tools\Binn\;C:\Program Files (x86)\Microsoft SQL Server\150\Tools\Binn\;C:\Program Files\Microsoft SQL Server\150\Tools\Binn\;C:\Program Files\Microsoft SQL Server\150\DTS\Binn\;C:\Program Files (x86)\Microsoft SQL Server\150\DTS\Binn\;C:\Program Files\Azure Data Studio\bin;D:\Git\Git\cmd;C:\Program Files\Calibre2\;C:\Program Files\Java\jdk-18.0.2.1\bin;D:\Maven\apache-maven-3.8.6\bin;C:\Program Files\PuTTY\;C:\Program Files\Java\jdk-19.0.2\bin;C:\Program Files\Docker\Docker\resources\bin;C:\Program Files\Cloudflare\Cloudflare WARP\;D:\Apps\nvm\nvm;C:\Program Files\nodejs;C:\Program Files\apache-maven-3.8.6\bin;C:\Users\John Sung\AppData\Local\Programs\Python\Python311\Scripts\;C:\Users\John Sung\AppData\Local\Programs\Python\Python311\;C:\Users\John Sung\AppData\Local\Microsoft\WindowsApps;C:\Users\John Sung\AppData\Local\Programs\Microsoft VS Code\bin;C:\Program Files\Azure Data Studio\bin;C:\src\flutter\bin;C:\Users\John Sung\AppData\Local\atom\bin;C:\Users\John Sung\AppData\Roaming\npm;C:\Users\John Sung\AppData\Local\GitHubDesktop\bin;C:\ProgramData\John Sung\GitHubDesktop\bin;C:\Users\John Sung\AppData\Local\Pub\Cache\bin;D:\Maven\apache-maven-3.8.6\bin;
USERNAME=John Sung
LANG=en_US.UTF-8
OS=Windows_NT
PROCESSOR_IDENTIFIER=Intel64 Family 6 Model 140 Stepping 1, GenuineIntel



---------------  S Y S T E M  ---------------

OS:
 Windows 10 , 64 bit Build 19041 (10.0.19041.2364)
OS uptime: 3 days 5:46 hours
Hyper-V role detected

CPU: total 8 (initial active 8) (4 cores per cpu, 2 threads per core) family 6 model 140 stepping 1 microcode 0xa4, cx8, cmov, fxsr, ht, mmx, 3dnowpref, sse, sse2, sse3, ssse3, sse4.1, sse4.2, popcnt, lzcnt, tsc, tscinvbit, avx, avx2, aes, erms, clmul, bmi1, bmi2, adx, avx512f, avx512dq, avx512cd, avx512bw, avx512vl, sha, fma, vzeroupper, avx512_vpopcntdq, avx512_vpclmulqdq, avx512_vaes, avx512_vnni, clflush, clflushopt, clwb, avx512_vbmi2, avx512_vbmi, hv

Memory: 4k page, system-wide physical 16118M (3139M free)
TotalPageFile size 18166M (AvailPageFile size 329M)
current process WorkingSet (physical memory assigned to process): 235M, peak: 279M
current process commit charge ("private bytes"): 275M, peak: 393M

vm_info: OpenJDK 64-Bit Server VM (18.0.2.1+1-1) for windows-amd64 JRE (18.0.2.1+1-1), built on Aug 16 2022 01:44:29 by "mach5one" with MS VC++ 16.8 / 16.9 (VS2019)

END.
