#
# There is insufficient memory for the Java Runtime Environment to continue.
# Native memory allocation (mmap) failed to map 298844160 bytes for G1 virtual space
# Possible reasons:
#   The system is out of physical RAM or swap space
#   The process is running with CompressedOops enabled, and the Java Heap may be blocking the growth of the native heap
# Possible solutions:
#   Reduce memory load on the system
#   Increase physical memory or swap space
#   Check if swap backing store is full
#   Decrease Java heap size (-Xmx/-Xms)
#   Decrease number of Java threads
#   Decrease Java thread stack sizes (-Xss)
#   Set larger code cache with -XX:ReservedCodeCacheSize=
#   JVM is running with Unscaled Compressed Oops mode in which the Java heap is
#     placed in the first 4GB address space. The Java Heap base address is the
#     maximum limit for the native heap growth. Please use -XX:HeapBaseMinAddress
#     to set the Java Heap base and to place the Java Heap above 4GB virtual address.
# This output file may be truncated or incomplete.
#
#  Out of Memory Error (os_windows.cpp:3559), pid=14636, tid=18592
#
# JRE version: OpenJDK Runtime Environment Temurin-17.0.7+7 (17.0.7+7) (build 17.0.7+7)
# Java VM: OpenJDK 64-Bit Server VM Temurin-17.0.7+7 (17.0.7+7, mixed mode, emulated-client, tiered, compressed oops, compressed class ptrs, g1 gc, windows-amd64)
# No core dump will be written. Minidumps are not enabled by default on client versions of Windows
#

---------------  S U M M A R Y ------------

Command Line: -XX:+HeapDumpOnOutOfMemoryError -Xmx1024m -Dsts.lsp.client=vscode -Dsts.log.file=/dev/null -XX:TieredStopAtLevel=1 -Xlog:jni+resolve=off -Dspring.config.location=file:c:\Users\John Sung\.vscode\extensions\vmware.vscode-spring-boot-1.47.0\language-server\BOOT-INF\classes\application.properties org.springframework.ide.vscode.boot.app.BootLanguageServerBootApp

Host: 11th Gen Intel(R) Core(TM) i7-1165G7 @ 2.80GHz, 8 cores, 15G,  Windows 10 , 64 bit Build 19041 (10.0.19041.2364)
Time: Mon Jul 10 09:48:41 2023 SE Asia Standard Time elapsed time: 41.365423 seconds (0d 0h 0m 41s)

---------------  T H R E A D  ---------------

Current thread (0x000002ac8c48a330):  VMThread "VM Thread" [stack: 0x000000cd0a500000,0x000000cd0a600000] [id=18592]

Stack: [0x000000cd0a500000,0x000000cd0a600000]
Native frames: (J=compiled Java code, j=interpreted, Vv=VM code, C=native code)
V  [jvm.dll+0x67754a]
V  [jvm.dll+0x834304]
V  [jvm.dll+0x835aae]
V  [jvm.dll+0x836113]
V  [jvm.dll+0x24696f]
V  [jvm.dll+0x6743f9]
V  [jvm.dll+0x668c8a]
V  [jvm.dll+0x3061bb]
V  [jvm.dll+0x30d6a6]
V  [jvm.dll+0x35cece]
V  [jvm.dll+0x35d0ff]
V  [jvm.dll+0x2dd048]
V  [jvm.dll+0x2db20c]
V  [jvm.dll+0x2da7dc]
V  [jvm.dll+0x31e6db]
V  [jvm.dll+0x83a5bb]
V  [jvm.dll+0x83b2f4]
V  [jvm.dll+0x83b80c]
V  [jvm.dll+0x83bbe4]
V  [jvm.dll+0x83bcb0]
V  [jvm.dll+0x7e4e7a]
V  [jvm.dll+0x676395]
C  [ucrtbase.dll+0x21bb2]
C  [KERNEL32.DLL+0x17614]
C  [ntdll.dll+0x526a1]

VM_Operation (0x000000cd0c4fe750): G1CollectForAllocation, mode: safepoint, requested by thread 0x000002ac9256a600


---------------  P R O C E S S  ---------------

Threads class SMR info:
_java_thread_list=0x000002ac924d1df0, length=38, elements={
0x000002ac8c48d580, 0x000002ac8c48e130, 0x000002ac8c4cfa50, 0x000002ac8c4d2320,
0x000002ac8c4d31f0, 0x000002ac8c4d60d0, 0x000002ac8c4d6990, 0x000002ac8c4e57d0,
0x000002ac8c6f2e30, 0x000002ac8c6ec620, 0x000002ac8c5ae3a0, 0x000002ac91b500b0,
0x000002ac91c43a90, 0x000002ac922d2e70, 0x000002ac9222dfa0, 0x000002ac92358030,
0x000002ac92306060, 0x000002acffa4d990, 0x000002ac9228cbe0, 0x000002ac92484a70,
0x000002ac9249b960, 0x000002ac924a50b0, 0x000002ac92567ab0, 0x000002ac92567110,
0x000002ac92566c40, 0x000002ac9256a600, 0x000002ac92569790, 0x000002ac925675e0,
0x000002ac92567f80, 0x000002ac92568450, 0x000002ac92568920, 0x000002ac92569c60,
0x000002ac9256a130, 0x000002ac92568df0, 0x000002ac925692c0, 0x000002ac92648ac0,
0x000002ac92645f70, 0x000002ac92644760
}

Java Threads: ( => current thread )
  0x000002ac8c48d580 JavaThread "Reference Handler" daemon [_thread_blocked, id=4152, stack(0x000000cd0a600000,0x000000cd0a700000)]
  0x000002ac8c48e130 JavaThread "Finalizer" daemon [_thread_blocked, id=20936, stack(0x000000cd0a700000,0x000000cd0a800000)]
  0x000002ac8c4cfa50 JavaThread "Signal Dispatcher" daemon [_thread_blocked, id=17656, stack(0x000000cd0a800000,0x000000cd0a900000)]
  0x000002ac8c4d2320 JavaThread "Attach Listener" daemon [_thread_blocked, id=9172, stack(0x000000cd0a900000,0x000000cd0aa00000)]
  0x000002ac8c4d31f0 JavaThread "Service Thread" daemon [_thread_blocked, id=14356, stack(0x000000cd0aa00000,0x000000cd0ab00000)]
  0x000002ac8c4d60d0 JavaThread "Monitor Deflation Thread" daemon [_thread_blocked, id=10632, stack(0x000000cd0ab00000,0x000000cd0ac00000)]
  0x000002ac8c4d6990 JavaThread "C1 CompilerThread0" daemon [_thread_blocked, id=13840, stack(0x000000cd0ac00000,0x000000cd0ad00000)]
  0x000002ac8c4e57d0 JavaThread "Sweeper thread" daemon [_thread_blocked, id=11392, stack(0x000000cd0ad00000,0x000000cd0ae00000)]
  0x000002ac8c6f2e30 JavaThread "Notification Thread" daemon [_thread_blocked, id=20580, stack(0x000000cd0b000000,0x000000cd0b100000)]
  0x000002ac8c6ec620 JavaThread "Common-Cleaner" daemon [_thread_blocked, id=8100, stack(0x000000cd0b200000,0x000000cd0b300000)]
  0x000002ac8c5ae3a0 JavaThread "C1 CompilerThread1" daemon [_thread_blocked, id=12848, stack(0x000000cd09c00000,0x000000cd09d00000)]
  0x000002ac91b500b0 JavaThread "C1 CompilerThread2" daemon [_thread_blocked, id=10120, stack(0x000000cd0b600000,0x000000cd0b700000)]
  0x000002ac91c43a90 JavaThread "C1 CompilerThread3" daemon [_thread_blocked, id=18468, stack(0x000000cd0b800000,0x000000cd0b900000)]
  0x000002ac922d2e70 JavaThread "boundedElastic-evictor-1" daemon [_thread_blocked, id=17752, stack(0x000000cd0b700000,0x000000cd0b800000)]
  0x000002ac9222dfa0 JavaThread "boundedElastic-evictor-2" daemon [_thread_blocked, id=11140, stack(0x000000cd0ba00000,0x000000cd0bb00000)]
  0x000002ac92358030 JavaThread "pool-10-thread-1" [_thread_blocked, id=16992, stack(0x000000cd0bb00000,0x000000cd0bc00000)]
  0x000002ac92306060 JavaThread "LanguageServerApp-lifecycle" [_thread_blocked, id=6752, stack(0x000000cd0bc00000,0x000000cd0bd00000)]
  0x000002acffa4d990 JavaThread "DestroyJavaVM" [_thread_blocked, id=7100, stack(0x000000cd09f00000,0x000000cd0a000000)]
  0x000002ac9228cbe0 JavaThread "pool-11-thread-1" [_thread_in_native, id=2376, stack(0x000000cd0bd00000,0x000000cd0be00000)]
  0x000002ac92484a70 JavaThread "Simple-Language-Server main thread" daemon [_thread_blocked, id=19620, stack(0x000000cd0be00000,0x000000cd0bf00000)]
  0x000002ac9249b960 JavaThread "pool-6-thread-1" [_thread_blocked, id=8268, stack(0x000000cd0bf00000,0x000000cd0c000000)]
  0x000002ac924a50b0 JavaThread "ForkJoinPool.commonPool-worker-1" daemon [_thread_blocked, id=12996, stack(0x000000cd0c000000,0x000000cd0c100000)]
  0x000002ac92567ab0 JavaThread "ClassGraph-worker-0" daemon [_thread_blocked, id=4908, stack(0x000000cd0c100000,0x000000cd0c200000)]
  0x000002ac92567110 JavaThread "ClassGraph-worker-1" daemon [_thread_blocked, id=17792, stack(0x000000cd0c200000,0x000000cd0c300000)]
  0x000002ac92566c40 JavaThread "ClassGraph-worker-2" daemon [_thread_blocked, id=18124, stack(0x000000cd0c300000,0x000000cd0c400000)]
  0x000002ac9256a600 JavaThread "ClassGraph-worker-3" daemon [_thread_blocked, id=11680, stack(0x000000cd0c400000,0x000000cd0c500000)]
  0x000002ac92569790 JavaThread "ClassGraph-worker-4" daemon [_thread_blocked, id=15228, stack(0x000000cd0c500000,0x000000cd0c600000)]
  0x000002ac925675e0 JavaThread "ClassGraph-worker-5" daemon [_thread_blocked, id=18996, stack(0x000000cd0c600000,0x000000cd0c700000)]
  0x000002ac92567f80 JavaThread "ClassGraph-worker-6" daemon [_thread_blocked, id=4860, stack(0x000000cd0c700000,0x000000cd0c800000)]
  0x000002ac92568450 JavaThread "ClassGraph-worker-7" daemon [_thread_blocked, id=17072, stack(0x000000cd0c800000,0x000000cd0c900000)]
  0x000002ac92568920 JavaThread "ClassGraph-worker-8" daemon [_thread_blocked, id=4824, stack(0x000000cd0c900000,0x000000cd0ca00000)]
  0x000002ac92569c60 JavaThread "ClassGraph-worker-9" daemon [_thread_blocked, id=15356, stack(0x000000cd0ca00000,0x000000cd0cb00000)]
  0x000002ac9256a130 JavaThread "ClassGraph-worker-10" daemon [_thread_blocked, id=16192, stack(0x000000cd0cb00000,0x000000cd0cc00000)]
  0x000002ac92568df0 JavaThread "ClassGraph-worker-11" daemon [_thread_blocked, id=8856, stack(0x000000cd0cc00000,0x000000cd0cd00000)]
  0x000002ac925692c0 JavaThread "ClassGraph-worker-12" daemon [_thread_blocked, id=15792, stack(0x000000cd0cd00000,0x000000cd0ce00000)]
  0x000002ac92648ac0 JavaThread "ClassGraph-worker-13" daemon [_thread_blocked, id=8, stack(0x000000cd0ce00000,0x000000cd0cf00000)]
  0x000002ac92645f70 JavaThread "parallel-1" daemon [_thread_blocked, id=20788, stack(0x000000cd0cf00000,0x000000cd0d000000)]
  0x000002ac92644760 JavaThread "pool-3-thread-1" [_thread_blocked, id=19172, stack(0x000000cd0d000000,0x000000cd0d100000)]

Other Threads:
=>0x000002ac8c48a330 VMThread "VM Thread" [stack: 0x000000cd0a500000,0x000000cd0a600000] [id=18592]
  0x000002ac8c6f3b10 WatcherThread [stack: 0x000000cd0b100000,0x000000cd0b200000] [id=1724]
  0x000002acffa8c3c0 GCTaskThread "GC Thread#0" [stack: 0x000000cd0a000000,0x000000cd0a100000] [id=14348]
  0x000002ac918dfbf0 GCTaskThread "GC Thread#1" [stack: 0x000000cd09d00000,0x000000cd09e00000] [id=540]
  0x000002ac91880440 GCTaskThread "GC Thread#2" [stack: 0x000000cd09e00000,0x000000cd09f00000] [id=13048]
  0x000002ac918806f0 GCTaskThread "GC Thread#3" [stack: 0x000000cd0ae00000,0x000000cd0af00000] [id=20620]
  0x000002ac910170d0 GCTaskThread "GC Thread#4" [stack: 0x000000cd0af00000,0x000000cd0b000000] [id=8564]
  0x000002ac91017380 GCTaskThread "GC Thread#5" [stack: 0x000000cd0b300000,0x000000cd0b400000] [id=20356]
  0x000002ac919afb70 GCTaskThread "GC Thread#6" [stack: 0x000000cd0b400000,0x000000cd0b500000] [id=13008]
  0x000002ac919afe20 GCTaskThread "GC Thread#7" [stack: 0x000000cd0b500000,0x000000cd0b600000] [id=4592]
  0x000002acffa95300 ConcurrentGCThread "G1 Main Marker" [stack: 0x000000cd0a100000,0x000000cd0a200000] [id=12908]
  0x000002acffa964b0 ConcurrentGCThread "G1 Conc#0" [stack: 0x000000cd0a200000,0x000000cd0a300000] [id=17964]
  0x000002ac91d730e0 ConcurrentGCThread "G1 Conc#1" [stack: 0x000000cd0b900000,0x000000cd0ba00000] [id=7736]
  0x000002acffb0d530 ConcurrentGCThread "G1 Refine#0" [stack: 0x000000cd0a300000,0x000000cd0a400000] [id=15464]
  0x000002ac91f3b260 ConcurrentGCThread "G1 Refine#1" [stack: 0x000000cd0d100000,0x000000cd0d200000] [id=14248]
  0x000002ac91f3a6e0 ConcurrentGCThread "G1 Refine#2" [stack: 0x000000cd0d200000,0x000000cd0d300000] [id=21168]
  0x000002ac91f3a400 ConcurrentGCThread "G1 Refine#3" [stack: 0x000000cd0d300000,0x000000cd0d400000] [id=13568]
  0x000002ac91f39880 ConcurrentGCThread "G1 Refine#4" [stack: 0x000000cd0d400000,0x000000cd0d500000] [id=17980]
  0x000002acffb0df50 ConcurrentGCThread "G1 Service" [stack: 0x000000cd0a400000,0x000000cd0a500000] [id=14988]

Threads with active compile tasks:

VM state: at safepoint (normal execution)

VM Mutex/Monitor currently owned by a thread:  ([mutex/lock_event])
[0x000002acff2cca80] Threads_lock - owner thread: 0x000002ac8c48a330
[0x000002acffa4b560] Heap_lock - owner thread: 0x000002ac9256a600

Heap address: 0x00000000c0000000, size: 1024 MB, Compressed Oops mode: 32-bit

CDS archive(s) not mapped
Compressed class space mapped at: 0x0000000100000000-0x0000000140000000, reserved size: 1073741824
Narrow klass base: 0x0000000000000000, Narrow klass shift: 3, Narrow klass range: 0x140000000

GC Precious Log:
 CPUs: 8 total, 8 available
 Memory: 16118M
 Large Page Support: Disabled
 NUMA Support: Disabled
 Compressed Oops: Enabled (32-bit)
 Heap Region Size: 1M
 Heap Min Capacity: 8M
 Heap Initial Capacity: 252M
 Heap Max Capacity: 1G
 Pre-touch: Disabled
 Parallel Workers: 8
 Concurrent Workers: 2
 Concurrent Refinement Workers: 8
 Periodic GC: Disabled

Heap:
 garbage-first heap   total 319488K, used 103265K [0x00000000c0000000, 0x0000000100000000)
  region size 1024K, 13 young (13312K), 13 survivors (13312K)
 Metaspace       used 39130K, committed 39552K, reserved 1114112K
  class space    used 5128K, committed 5312K, reserved 1048576K

Heap Regions: E=young(eden), S=young(survivor), O=old, HS=humongous(starts), HC=humongous(continues), CS=collection set, F=free, OA=open archive, CA=closed archive, TAMS=top-at-mark-start (previous, next)
|   0|0x00000000c0000000, 0x00000000c0100000, 0x00000000c0100000|100%|HS|  |TAMS 0x00000000c0100000, 0x00000000c0000000| Complete 
|   1|0x00000000c0100000, 0x00000000c0200000, 0x00000000c0200000|100%| O|  |TAMS 0x00000000c0200000, 0x00000000c0100000| Untracked 
|   2|0x00000000c0200000, 0x00000000c0300000, 0x00000000c0300000|100%| O|  |TAMS 0x00000000c0300000, 0x00000000c0200000| Untracked 
|   3|0x00000000c0300000, 0x00000000c0400000, 0x00000000c0400000|100%| O|  |TAMS 0x00000000c0400000, 0x00000000c0300000| Untracked 
|   4|0x00000000c0400000, 0x00000000c0500000, 0x00000000c0500000|100%| O|  |TAMS 0x00000000c0500000, 0x00000000c0400000| Untracked 
|   5|0x00000000c0500000, 0x00000000c0600000, 0x00000000c0600000|100%| O|  |TAMS 0x00000000c0600000, 0x00000000c0500000| Untracked 
|   6|0x00000000c0600000, 0x00000000c0700000, 0x00000000c0700000|100%| O|  |TAMS 0x00000000c0700000, 0x00000000c0600000| Untracked 
|   7|0x00000000c0700000, 0x00000000c0800000, 0x00000000c0800000|100%| O|  |TAMS 0x00000000c0800000, 0x00000000c0700000| Untracked 
|   8|0x00000000c0800000, 0x00000000c0900000, 0x00000000c0900000|100%| O|  |TAMS 0x00000000c0900000, 0x00000000c0800000| Untracked 
|   9|0x00000000c0900000, 0x00000000c0a00000, 0x00000000c0a00000|100%| O|  |TAMS 0x00000000c0a00000, 0x00000000c0900000| Untracked 
|  10|0x00000000c0a00000, 0x00000000c0a00000, 0x00000000c0b00000|  0%| F|  |TAMS 0x00000000c0a00000, 0x00000000c0a00000| Untracked 
|  11|0x00000000c0b00000, 0x00000000c0c00000, 0x00000000c0c00000|100%| O|  |TAMS 0x00000000c0c00000, 0x00000000c0b00000| Untracked 
|  12|0x00000000c0c00000, 0x00000000c0d00000, 0x00000000c0d00000|100%| O|  |TAMS 0x00000000c0d00000, 0x00000000c0c00000| Untracked 
|  13|0x00000000c0d00000, 0x00000000c0e00000, 0x00000000c0e00000|100%| O|  |TAMS 0x00000000c0e00000, 0x00000000c0d00000| Untracked 
|  14|0x00000000c0e00000, 0x00000000c0f00000, 0x00000000c0f00000|100%| O|  |TAMS 0x00000000c0f00000, 0x00000000c0e00000| Untracked 
|  15|0x00000000c0f00000, 0x00000000c1000000, 0x00000000c1000000|100%| O|  |TAMS 0x00000000c1000000, 0x00000000c0f00000| Untracked 
|  16|0x00000000c1000000, 0x00000000c1100000, 0x00000000c1100000|100%| O|  |TAMS 0x00000000c1100000, 0x00000000c1000000| Untracked 
|  17|0x00000000c1100000, 0x00000000c1200000, 0x00000000c1200000|100%| O|  |TAMS 0x00000000c1200000, 0x00000000c1100000| Untracked 
|  18|0x00000000c1200000, 0x00000000c1300000, 0x00000000c1300000|100%| O|  |TAMS 0x00000000c1300000, 0x00000000c1200000| Untracked 
|  19|0x00000000c1300000, 0x00000000c1400000, 0x00000000c1400000|100%| O|  |TAMS 0x00000000c1400000, 0x00000000c1300000| Untracked 
|  20|0x00000000c1400000, 0x00000000c1500000, 0x00000000c1500000|100%| O|  |TAMS 0x00000000c1500000, 0x00000000c1400000| Untracked 
|  21|0x00000000c1500000, 0x00000000c1600000, 0x00000000c1600000|100%| O|  |TAMS 0x00000000c1600000, 0x00000000c1500000| Untracked 
|  22|0x00000000c1600000, 0x00000000c1700000, 0x00000000c1700000|100%| O|  |TAMS 0x00000000c1700000, 0x00000000c1600000| Untracked 
|  23|0x00000000c1700000, 0x00000000c1800000, 0x00000000c1800000|100%| O|  |TAMS 0x00000000c1800000, 0x00000000c1700000| Untracked 
|  24|0x00000000c1800000, 0x00000000c1900000, 0x00000000c1900000|100%| O|  |TAMS 0x00000000c1900000, 0x00000000c1800000| Untracked 
|  25|0x00000000c1900000, 0x00000000c1a00000, 0x00000000c1a00000|100%| O|  |TAMS 0x00000000c1a00000, 0x00000000c1900000| Untracked 
|  26|0x00000000c1a00000, 0x00000000c1b00000, 0x00000000c1b00000|100%| O|  |TAMS 0x00000000c1b00000, 0x00000000c1a00000| Untracked 
|  27|0x00000000c1b00000, 0x00000000c1c00000, 0x00000000c1c00000|100%| O|  |TAMS 0x00000000c1c00000, 0x00000000c1b00000| Untracked 
|  28|0x00000000c1c00000, 0x00000000c1d00000, 0x00000000c1d00000|100%| O|  |TAMS 0x00000000c1d00000, 0x00000000c1c00000| Untracked 
|  29|0x00000000c1d00000, 0x00000000c1e00000, 0x00000000c1e00000|100%| O|  |TAMS 0x00000000c1e00000, 0x00000000c1d00000| Untracked 
|  30|0x00000000c1e00000, 0x00000000c1f00000, 0x00000000c1f00000|100%| O|  |TAMS 0x00000000c1f00000, 0x00000000c1e00000| Untracked 
|  31|0x00000000c1f00000, 0x00000000c2000000, 0x00000000c2000000|100%| O|  |TAMS 0x00000000c2000000, 0x00000000c1f00000| Untracked 
|  32|0x00000000c2000000, 0x00000000c2100000, 0x00000000c2100000|100%| O|  |TAMS 0x00000000c2100000, 0x00000000c2000000| Untracked 
|  33|0x00000000c2100000, 0x00000000c2200000, 0x00000000c2200000|100%| O|  |TAMS 0x00000000c2200000, 0x00000000c2100000| Untracked 
|  34|0x00000000c2200000, 0x00000000c2300000, 0x00000000c2300000|100%| O|  |TAMS 0x00000000c2300000, 0x00000000c2200000| Untracked 
|  35|0x00000000c2300000, 0x00000000c2400000, 0x00000000c2400000|100%| O|  |TAMS 0x00000000c2400000, 0x00000000c2300000| Untracked 
|  36|0x00000000c2400000, 0x00000000c2500000, 0x00000000c2500000|100%| O|  |TAMS 0x00000000c2500000, 0x00000000c2400000| Untracked 
|  37|0x00000000c2500000, 0x00000000c2600000, 0x00000000c2600000|100%| O|  |TAMS 0x00000000c2600000, 0x00000000c2500000| Untracked 
|  38|0x00000000c2600000, 0x00000000c2700000, 0x00000000c2700000|100%| O|  |TAMS 0x00000000c2700000, 0x00000000c2600000| Untracked 
|  39|0x00000000c2700000, 0x00000000c2800000, 0x00000000c2800000|100%| O|  |TAMS 0x00000000c2800000, 0x00000000c2700000| Untracked 
|  40|0x00000000c2800000, 0x00000000c2900000, 0x00000000c2900000|100%| O|  |TAMS 0x00000000c2900000, 0x00000000c2800000| Untracked 
|  41|0x00000000c2900000, 0x00000000c2a00000, 0x00000000c2a00000|100%| O|  |TAMS 0x00000000c2900000, 0x00000000c2900000| Untracked 
|  42|0x00000000c2a00000, 0x00000000c2b00000, 0x00000000c2b00000|100%| O|  |TAMS 0x00000000c2b00000, 0x00000000c2a00000| Untracked 
|  43|0x00000000c2b00000, 0x00000000c2c00000, 0x00000000c2c00000|100%| O|  |TAMS 0x00000000c2c00000, 0x00000000c2b00000| Untracked 
|  44|0x00000000c2c00000, 0x00000000c2d00000, 0x00000000c2d00000|100%| O|  |TAMS 0x00000000c2d00000, 0x00000000c2c00000| Untracked 
|  45|0x00000000c2d00000, 0x00000000c2e00000, 0x00000000c2e00000|100%| O|  |TAMS 0x00000000c2e00000, 0x00000000c2d00000| Untracked 
|  46|0x00000000c2e00000, 0x00000000c2f00000, 0x00000000c2f00000|100%| O|  |TAMS 0x00000000c2f00000, 0x00000000c2e00000| Untracked 
|  47|0x00000000c2f00000, 0x00000000c3000000, 0x00000000c3000000|100%| O|  |TAMS 0x00000000c3000000, 0x00000000c2f00000| Untracked 
|  48|0x00000000c3000000, 0x00000000c3100000, 0x00000000c3100000|100%| O|  |TAMS 0x00000000c3100000, 0x00000000c3000000| Untracked 
|  49|0x00000000c3100000, 0x00000000c3200000, 0x00000000c3200000|100%| O|  |TAMS 0x00000000c3200000, 0x00000000c3100000| Untracked 
|  50|0x00000000c3200000, 0x00000000c3300000, 0x00000000c3300000|100%| O|  |TAMS 0x00000000c3300000, 0x00000000c3200000| Untracked 
|  51|0x00000000c3300000, 0x00000000c3400000, 0x00000000c3400000|100%| O|  |TAMS 0x00000000c3400000, 0x00000000c3300000| Untracked 
|  52|0x00000000c3400000, 0x00000000c3500000, 0x00000000c3500000|100%| O|  |TAMS 0x00000000c3500000, 0x00000000c3400000| Untracked 
|  53|0x00000000c3500000, 0x00000000c3600000, 0x00000000c3600000|100%| O|  |TAMS 0x00000000c3600000, 0x00000000c3500000| Untracked 
|  54|0x00000000c3600000, 0x00000000c3700000, 0x00000000c3700000|100%| O|  |TAMS 0x00000000c3700000, 0x00000000c3600000| Untracked 
|  55|0x00000000c3700000, 0x00000000c3800000, 0x00000000c3800000|100%| O|  |TAMS 0x00000000c3800000, 0x00000000c3700000| Untracked 
|  56|0x00000000c3800000, 0x00000000c3900000, 0x00000000c3900000|100%| O|  |TAMS 0x00000000c3900000, 0x00000000c3800000| Untracked 
|  57|0x00000000c3900000, 0x00000000c3a00000, 0x00000000c3a00000|100%| O|  |TAMS 0x00000000c3a00000, 0x00000000c3900000| Untracked 
|  58|0x00000000c3a00000, 0x00000000c3a00000, 0x00000000c3b00000|  0%| F|  |TAMS 0x00000000c3a00000, 0x00000000c3a00000| Untracked 
|  59|0x00000000c3b00000, 0x00000000c3c00000, 0x00000000c3c00000|100%| O|  |TAMS 0x00000000c3c00000, 0x00000000c3b00000| Untracked 
|  60|0x00000000c3c00000, 0x00000000c3d00000, 0x00000000c3d00000|100%|HS|  |TAMS 0x00000000c3d00000, 0x00000000c3c00000| Complete 
|  61|0x00000000c3d00000, 0x00000000c3e00000, 0x00000000c3e00000|100%| O|  |TAMS 0x00000000c3e00000, 0x00000000c3d00000| Untracked 
|  62|0x00000000c3e00000, 0x00000000c3f00000, 0x00000000c3f00000|100%| O|  |TAMS 0x00000000c3f00000, 0x00000000c3e00000| Untracked 
|  63|0x00000000c3f00000, 0x00000000c4000000, 0x00000000c4000000|100%| O|  |TAMS 0x00000000c4000000, 0x00000000c3f00000| Untracked 
|  64|0x00000000c4000000, 0x00000000c4100000, 0x00000000c4100000|100%| O|  |TAMS 0x00000000c4100000, 0x00000000c4000000| Untracked 
|  65|0x00000000c4100000, 0x00000000c4200000, 0x00000000c4200000|100%| O|  |TAMS 0x00000000c4200000, 0x00000000c4100000| Untracked 
|  66|0x00000000c4200000, 0x00000000c4300000, 0x00000000c4300000|100%| O|  |TAMS 0x00000000c4300000, 0x00000000c4200000| Untracked 
|  67|0x00000000c4300000, 0x00000000c4400000, 0x00000000c4400000|100%| O|  |TAMS 0x00000000c4400000, 0x00000000c4300000| Untracked 
|  68|0x00000000c4400000, 0x00000000c4500000, 0x00000000c4500000|100%| O|  |TAMS 0x00000000c4500000, 0x00000000c4400000| Untracked 
|  69|0x00000000c4500000, 0x00000000c4600000, 0x00000000c4600000|100%| O|  |TAMS 0x00000000c4600000, 0x00000000c4500000| Untracked 
|  70|0x00000000c4600000, 0x00000000c4700000, 0x00000000c4700000|100%| O|  |TAMS 0x00000000c4700000, 0x00000000c4600000| Untracked 
|  71|0x00000000c4700000, 0x00000000c4800000, 0x00000000c4800000|100%| O|  |TAMS 0x00000000c4800000, 0x00000000c4700000| Untracked 
|  72|0x00000000c4800000, 0x00000000c4900000, 0x00000000c4900000|100%| O|  |TAMS 0x00000000c4800000, 0x00000000c4800000| Untracked 
|  73|0x00000000c4900000, 0x00000000c4a00000, 0x00000000c4a00000|100%| O|  |TAMS 0x00000000c4900000, 0x00000000c4900000| Untracked 
|  74|0x00000000c4a00000, 0x00000000c4b00000, 0x00000000c4b00000|100%| O|  |TAMS 0x00000000c4a00000, 0x00000000c4a00000| Untracked 
|  75|0x00000000c4b00000, 0x00000000c4c00000, 0x00000000c4c00000|100%| O|  |TAMS 0x00000000c4b00000, 0x00000000c4b00000| Untracked 
|  76|0x00000000c4c00000, 0x00000000c4d00000, 0x00000000c4d00000|100%| O|  |TAMS 0x00000000c4c00000, 0x00000000c4c00000| Untracked 
|  77|0x00000000c4d00000, 0x00000000c4e00000, 0x00000000c4e00000|100%| O|  |TAMS 0x00000000c4d00000, 0x00000000c4d00000| Untracked 
|  78|0x00000000c4e00000, 0x00000000c4f00000, 0x00000000c4f00000|100%| O|  |TAMS 0x00000000c4e00000, 0x00000000c4e00000| Untracked 
|  79|0x00000000c4f00000, 0x00000000c5000000, 0x00000000c5000000|100%| O|  |TAMS 0x00000000c4f00000, 0x00000000c4f00000| Untracked 
|  80|0x00000000c5000000, 0x00000000c5100000, 0x00000000c5100000|100%| O|  |TAMS 0x00000000c5000000, 0x00000000c5000000| Untracked 
|  81|0x00000000c5100000, 0x00000000c5200000, 0x00000000c5200000|100%| O|  |TAMS 0x00000000c5100000, 0x00000000c5100000| Untracked 
|  82|0x00000000c5200000, 0x00000000c5300000, 0x00000000c5300000|100%| O|  |TAMS 0x00000000c5200000, 0x00000000c5200000| Untracked 
|  83|0x00000000c5300000, 0x00000000c5400000, 0x00000000c5400000|100%| O|  |TAMS 0x00000000c5300000, 0x00000000c5300000| Untracked 
|  84|0x00000000c5400000, 0x00000000c5500000, 0x00000000c5500000|100%| O|  |TAMS 0x00000000c5400000, 0x00000000c5400000| Untracked 
|  85|0x00000000c5500000, 0x00000000c5600000, 0x00000000c5600000|100%| O|  |TAMS 0x00000000c5500000, 0x00000000c5500000| Untracked 
|  86|0x00000000c5600000, 0x00000000c5700000, 0x00000000c5700000|100%| O|  |TAMS 0x00000000c5600000, 0x00000000c5600000| Untracked 
|  87|0x00000000c5700000, 0x00000000c5800000, 0x00000000c5800000|100%| O|  |TAMS 0x00000000c5700000, 0x00000000c5700000| Untracked 
|  88|0x00000000c5800000, 0x00000000c5900000, 0x00000000c5900000|100%| O|  |TAMS 0x00000000c5800000, 0x00000000c5800000| Untracked 
|  89|0x00000000c5900000, 0x00000000c5a00000, 0x00000000c5a00000|100%| O|  |TAMS 0x00000000c5900000, 0x00000000c5900000| Untracked 
|  90|0x00000000c5a00000, 0x00000000c5a78600, 0x00000000c5b00000| 47%| O|  |TAMS 0x00000000c5a00000, 0x00000000c5a00000| Untracked 
|  91|0x00000000c5b00000, 0x00000000c5b00000, 0x00000000c5c00000|  0%| F|  |TAMS 0x00000000c5b00000, 0x00000000c5b00000| Untracked 
|  92|0x00000000c5c00000, 0x00000000c5c00000, 0x00000000c5d00000|  0%| F|  |TAMS 0x00000000c5c00000, 0x00000000c5c00000| Untracked 
|  93|0x00000000c5d00000, 0x00000000c5d00000, 0x00000000c5e00000|  0%| F|  |TAMS 0x00000000c5d00000, 0x00000000c5d00000| Untracked 
|  94|0x00000000c5e00000, 0x00000000c5e00000, 0x00000000c5f00000|  0%| F|  |TAMS 0x00000000c5e00000, 0x00000000c5e00000| Untracked 
|  95|0x00000000c5f00000, 0x00000000c5f00000, 0x00000000c6000000|  0%| F|  |TAMS 0x00000000c5f00000, 0x00000000c5f00000| Untracked 
|  96|0x00000000c6000000, 0x00000000c6000000, 0x00000000c6100000|  0%| F|  |TAMS 0x00000000c6000000, 0x00000000c6000000| Untracked 
|  97|0x00000000c6100000, 0x00000000c6100000, 0x00000000c6200000|  0%| F|  |TAMS 0x00000000c6100000, 0x00000000c6100000| Untracked 
|  98|0x00000000c6200000, 0x00000000c6200000, 0x00000000c6300000|  0%| F|  |TAMS 0x00000000c6200000, 0x00000000c6200000| Untracked 
|  99|0x00000000c6300000, 0x00000000c6300000, 0x00000000c6400000|  0%| F|  |TAMS 0x00000000c6300000, 0x00000000c6300000| Untracked 
| 100|0x00000000c6400000, 0x00000000c6400000, 0x00000000c6500000|  0%| F|  |TAMS 0x00000000c6400000, 0x00000000c6400000| Untracked 
| 101|0x00000000c6500000, 0x00000000c6500000, 0x00000000c6600000|  0%| F|  |TAMS 0x00000000c6500000, 0x00000000c6500000| Untracked 
| 102|0x00000000c6600000, 0x00000000c6600000, 0x00000000c6700000|  0%| F|  |TAMS 0x00000000c6600000, 0x00000000c6600000| Untracked 
| 103|0x00000000c6700000, 0x00000000c6700000, 0x00000000c6800000|  0%| F|  |TAMS 0x00000000c6700000, 0x00000000c6700000| Untracked 
| 104|0x00000000c6800000, 0x00000000c6800000, 0x00000000c6900000|  0%| F|  |TAMS 0x00000000c6800000, 0x00000000c6800000| Untracked 
| 105|0x00000000c6900000, 0x00000000c6900000, 0x00000000c6a00000|  0%| F|  |TAMS 0x00000000c6900000, 0x00000000c6900000| Untracked 
| 106|0x00000000c6a00000, 0x00000000c6a00000, 0x00000000c6b00000|  0%| F|  |TAMS 0x00000000c6a00000, 0x00000000c6a00000| Untracked 
| 107|0x00000000c6b00000, 0x00000000c6b00000, 0x00000000c6c00000|  0%| F|  |TAMS 0x00000000c6b00000, 0x00000000c6b00000| Untracked 
| 108|0x00000000c6c00000, 0x00000000c6c00000, 0x00000000c6d00000|  0%| F|  |TAMS 0x00000000c6c00000, 0x00000000c6c00000| Untracked 
| 109|0x00000000c6d00000, 0x00000000c6d00000, 0x00000000c6e00000|  0%| F|  |TAMS 0x00000000c6d00000, 0x00000000c6d00000| Untracked 
| 110|0x00000000c6e00000, 0x00000000c6e00000, 0x00000000c6f00000|  0%| F|  |TAMS 0x00000000c6e00000, 0x00000000c6e00000| Untracked 
| 111|0x00000000c6f00000, 0x00000000c6f00000, 0x00000000c7000000|  0%| F|  |TAMS 0x00000000c6f00000, 0x00000000c6f00000| Untracked 
| 112|0x00000000c7000000, 0x00000000c7000000, 0x00000000c7100000|  0%| F|  |TAMS 0x00000000c7000000, 0x00000000c7000000| Untracked 
| 113|0x00000000c7100000, 0x00000000c7100000, 0x00000000c7200000|  0%| F|  |TAMS 0x00000000c7100000, 0x00000000c7100000| Untracked 
| 114|0x00000000c7200000, 0x00000000c7200000, 0x00000000c7300000|  0%| F|  |TAMS 0x00000000c7200000, 0x00000000c7200000| Untracked 
| 115|0x00000000c7300000, 0x00000000c7300000, 0x00000000c7400000|  0%| F|  |TAMS 0x00000000c7300000, 0x00000000c7300000| Untracked 
| 116|0x00000000c7400000, 0x00000000c7400000, 0x00000000c7500000|  0%| F|  |TAMS 0x00000000c7400000, 0x00000000c7400000| Untracked 
| 117|0x00000000c7500000, 0x00000000c7500000, 0x00000000c7600000|  0%| F|  |TAMS 0x00000000c7500000, 0x00000000c7500000| Untracked 
| 118|0x00000000c7600000, 0x00000000c7600000, 0x00000000c7700000|  0%| F|  |TAMS 0x00000000c7600000, 0x00000000c7600000| Untracked 
| 119|0x00000000c7700000, 0x00000000c7700000, 0x00000000c7800000|  0%| F|  |TAMS 0x00000000c7700000, 0x00000000c7700000| Untracked 
| 120|0x00000000c7800000, 0x00000000c7800000, 0x00000000c7900000|  0%| F|  |TAMS 0x00000000c7800000, 0x00000000c7800000| Untracked 
| 121|0x00000000c7900000, 0x00000000c7900000, 0x00000000c7a00000|  0%| F|  |TAMS 0x00000000c7900000, 0x00000000c7900000| Untracked 
| 122|0x00000000c7a00000, 0x00000000c7a00000, 0x00000000c7b00000|  0%| F|  |TAMS 0x00000000c7a00000, 0x00000000c7a00000| Untracked 
| 123|0x00000000c7b00000, 0x00000000c7b00000, 0x00000000c7c00000|  0%| F|  |TAMS 0x00000000c7b00000, 0x00000000c7b00000| Untracked 
| 124|0x00000000c7c00000, 0x00000000c7c00000, 0x00000000c7d00000|  0%| F|  |TAMS 0x00000000c7c00000, 0x00000000c7c00000| Untracked 
| 125|0x00000000c7d00000, 0x00000000c7d00000, 0x00000000c7e00000|  0%| F|  |TAMS 0x00000000c7d00000, 0x00000000c7d00000| Untracked 
| 126|0x00000000c7e00000, 0x00000000c7e00000, 0x00000000c7f00000|  0%| F|  |TAMS 0x00000000c7e00000, 0x00000000c7e00000| Untracked 
| 127|0x00000000c7f00000, 0x00000000c7f00000, 0x00000000c8000000|  0%| F|  |TAMS 0x00000000c7f00000, 0x00000000c7f00000| Untracked 
| 128|0x00000000c8000000, 0x00000000c8000000, 0x00000000c8100000|  0%| F|  |TAMS 0x00000000c8000000, 0x00000000c8000000| Untracked 
| 129|0x00000000c8100000, 0x00000000c8100000, 0x00000000c8200000|  0%| F|  |TAMS 0x00000000c8100000, 0x00000000c8100000| Untracked 
| 130|0x00000000c8200000, 0x00000000c8200000, 0x00000000c8300000|  0%| F|  |TAMS 0x00000000c8200000, 0x00000000c8200000| Untracked 
| 131|0x00000000c8300000, 0x00000000c8300000, 0x00000000c8400000|  0%| F|  |TAMS 0x00000000c8300000, 0x00000000c8300000| Untracked 
| 132|0x00000000c8400000, 0x00000000c8400000, 0x00000000c8500000|  0%| F|  |TAMS 0x00000000c8400000, 0x00000000c8400000| Untracked 
| 133|0x00000000c8500000, 0x00000000c8500000, 0x00000000c8600000|  0%| F|  |TAMS 0x00000000c8500000, 0x00000000c8500000| Untracked 
| 134|0x00000000c8600000, 0x00000000c8600000, 0x00000000c8700000|  0%| F|  |TAMS 0x00000000c8600000, 0x00000000c8600000| Untracked 
| 135|0x00000000c8700000, 0x00000000c8700000, 0x00000000c8800000|  0%| F|  |TAMS 0x00000000c8700000, 0x00000000c8700000| Untracked 
| 136|0x00000000c8800000, 0x00000000c8800000, 0x00000000c8900000|  0%| F|  |TAMS 0x00000000c8800000, 0x00000000c8800000| Untracked 
| 137|0x00000000c8900000, 0x00000000c8900000, 0x00000000c8a00000|  0%| F|  |TAMS 0x00000000c8900000, 0x00000000c8900000| Untracked 
| 138|0x00000000c8a00000, 0x00000000c8a00000, 0x00000000c8b00000|  0%| F|  |TAMS 0x00000000c8a00000, 0x00000000c8a00000| Untracked 
| 139|0x00000000c8b00000, 0x00000000c8b00000, 0x00000000c8c00000|  0%| F|  |TAMS 0x00000000c8b00000, 0x00000000c8b00000| Untracked 
| 140|0x00000000c8c00000, 0x00000000c8c00000, 0x00000000c8d00000|  0%| F|  |TAMS 0x00000000c8c00000, 0x00000000c8c00000| Untracked 
| 141|0x00000000c8d00000, 0x00000000c8d00000, 0x00000000c8e00000|  0%| F|  |TAMS 0x00000000c8d00000, 0x00000000c8d00000| Untracked 
| 142|0x00000000c8e00000, 0x00000000c8e00000, 0x00000000c8f00000|  0%| F|  |TAMS 0x00000000c8e00000, 0x00000000c8e00000| Untracked 
| 143|0x00000000c8f00000, 0x00000000c8f00000, 0x00000000c9000000|  0%| F|  |TAMS 0x00000000c8f00000, 0x00000000c8f00000| Untracked 
| 144|0x00000000c9000000, 0x00000000c9000000, 0x00000000c9100000|  0%| F|  |TAMS 0x00000000c9000000, 0x00000000c9000000| Untracked 
| 145|0x00000000c9100000, 0x00000000c9100000, 0x00000000c9200000|  0%| F|  |TAMS 0x00000000c9100000, 0x00000000c9100000| Untracked 
| 146|0x00000000c9200000, 0x00000000c925fe68, 0x00000000c9300000| 37%| S|CS|TAMS 0x00000000c9200000, 0x00000000c9200000| Complete 
| 147|0x00000000c9300000, 0x00000000c9400000, 0x00000000c9400000|100%| S|CS|TAMS 0x00000000c9300000, 0x00000000c9300000| Complete 
| 148|0x00000000c9400000, 0x00000000c9500000, 0x00000000c9500000|100%| S|CS|TAMS 0x00000000c9400000, 0x00000000c9400000| Complete 
| 149|0x00000000c9500000, 0x00000000c9600000, 0x00000000c9600000|100%| S|CS|TAMS 0x00000000c9500000, 0x00000000c9500000| Complete 
| 150|0x00000000c9600000, 0x00000000c9700000, 0x00000000c9700000|100%| S|CS|TAMS 0x00000000c9600000, 0x00000000c9600000| Complete 
| 151|0x00000000c9700000, 0x00000000c9800000, 0x00000000c9800000|100%| S|CS|TAMS 0x00000000c9700000, 0x00000000c9700000| Complete 
| 152|0x00000000c9800000, 0x00000000c9900000, 0x00000000c9900000|100%| S|CS|TAMS 0x00000000c9800000, 0x00000000c9800000| Complete 
| 153|0x00000000c9900000, 0x00000000c9a00000, 0x00000000c9a00000|100%| S|CS|TAMS 0x00000000c9900000, 0x00000000c9900000| Complete 
| 154|0x00000000c9a00000, 0x00000000c9b00000, 0x00000000c9b00000|100%| S|CS|TAMS 0x00000000c9a00000, 0x00000000c9a00000| Complete 
| 155|0x00000000c9b00000, 0x00000000c9c00000, 0x00000000c9c00000|100%| S|CS|TAMS 0x00000000c9b00000, 0x00000000c9b00000| Complete 
| 156|0x00000000c9c00000, 0x00000000c9d00000, 0x00000000c9d00000|100%| S|CS|TAMS 0x00000000c9c00000, 0x00000000c9c00000| Complete 
| 157|0x00000000c9d00000, 0x00000000c9e00000, 0x00000000c9e00000|100%| S|CS|TAMS 0x00000000c9d00000, 0x00000000c9d00000| Complete 
| 158|0x00000000c9e00000, 0x00000000c9e00000, 0x00000000c9f00000|  0%| F|  |TAMS 0x00000000c9e00000, 0x00000000c9e00000| Untracked 
| 159|0x00000000c9f00000, 0x00000000c9f00000, 0x00000000ca000000|  0%| F|  |TAMS 0x00000000c9f00000, 0x00000000c9f00000| Untracked 
| 160|0x00000000ca000000, 0x00000000ca000000, 0x00000000ca100000|  0%| F|  |TAMS 0x00000000ca000000, 0x00000000ca000000| Untracked 
| 161|0x00000000ca100000, 0x00000000ca100000, 0x00000000ca200000|  0%| F|  |TAMS 0x00000000ca100000, 0x00000000ca100000| Untracked 
| 162|0x00000000ca200000, 0x00000000ca200000, 0x00000000ca300000|  0%| F|  |TAMS 0x00000000ca200000, 0x00000000ca200000| Untracked 
| 163|0x00000000ca300000, 0x00000000ca300000, 0x00000000ca400000|  0%| F|  |TAMS 0x00000000ca300000, 0x00000000ca300000| Untracked 
| 164|0x00000000ca400000, 0x00000000ca400000, 0x00000000ca500000|  0%| F|  |TAMS 0x00000000ca400000, 0x00000000ca400000| Untracked 
| 165|0x00000000ca500000, 0x00000000ca600000, 0x00000000ca600000|100%| S|CS|TAMS 0x00000000ca500000, 0x00000000ca500000| Complete 
| 166|0x00000000ca600000, 0x00000000ca600000, 0x00000000ca700000|  0%| F|  |TAMS 0x00000000ca600000, 0x00000000ca600000| Untracked 
| 167|0x00000000ca700000, 0x00000000ca700000, 0x00000000ca800000|  0%| F|  |TAMS 0x00000000ca700000, 0x00000000ca700000| Untracked 
| 168|0x00000000ca800000, 0x00000000ca800000, 0x00000000ca900000|  0%| F|  |TAMS 0x00000000ca800000, 0x00000000ca800000| Untracked 
| 169|0x00000000ca900000, 0x00000000ca900000, 0x00000000caa00000|  0%| F|  |TAMS 0x00000000ca900000, 0x00000000ca900000| Untracked 
| 170|0x00000000caa00000, 0x00000000caa00000, 0x00000000cab00000|  0%| F|  |TAMS 0x00000000caa00000, 0x00000000caa00000| Untracked 
| 171|0x00000000cab00000, 0x00000000cab00000, 0x00000000cac00000|  0%| F|  |TAMS 0x00000000cab00000, 0x00000000cab00000| Untracked 
| 172|0x00000000cac00000, 0x00000000cac00000, 0x00000000cad00000|  0%| F|  |TAMS 0x00000000cac00000, 0x00000000cac00000| Untracked 
| 173|0x00000000cad00000, 0x00000000cad00000, 0x00000000cae00000|  0%| F|  |TAMS 0x00000000cad00000, 0x00000000cad00000| Untracked 
| 174|0x00000000cae00000, 0x00000000cae00000, 0x00000000caf00000|  0%| F|  |TAMS 0x00000000cae00000, 0x00000000cae00000| Untracked 
| 175|0x00000000caf00000, 0x00000000caf00000, 0x00000000cb000000|  0%| F|  |TAMS 0x00000000caf00000, 0x00000000caf00000| Untracked 
| 176|0x00000000cb000000, 0x00000000cb000000, 0x00000000cb100000|  0%| F|  |TAMS 0x00000000cb000000, 0x00000000cb000000| Untracked 
| 177|0x00000000cb100000, 0x00000000cb100000, 0x00000000cb200000|  0%| F|  |TAMS 0x00000000cb100000, 0x00000000cb100000| Untracked 
| 178|0x00000000cb200000, 0x00000000cb200000, 0x00000000cb300000|  0%| F|  |TAMS 0x00000000cb200000, 0x00000000cb200000| Untracked 
| 179|0x00000000cb300000, 0x00000000cb300000, 0x00000000cb400000|  0%| F|  |TAMS 0x00000000cb300000, 0x00000000cb300000| Untracked 
| 180|0x00000000cb400000, 0x00000000cb400000, 0x00000000cb500000|  0%| F|  |TAMS 0x00000000cb400000, 0x00000000cb400000| Untracked 
| 181|0x00000000cb500000, 0x00000000cb500000, 0x00000000cb600000|  0%| F|  |TAMS 0x00000000cb500000, 0x00000000cb500000| Untracked 
| 182|0x00000000cb600000, 0x00000000cb600000, 0x00000000cb700000|  0%| F|  |TAMS 0x00000000cb600000, 0x00000000cb600000| Untracked 
| 183|0x00000000cb700000, 0x00000000cb700000, 0x00000000cb800000|  0%| F|  |TAMS 0x00000000cb700000, 0x00000000cb700000| Untracked 
| 184|0x00000000cb800000, 0x00000000cb800000, 0x00000000cb900000|  0%| F|  |TAMS 0x00000000cb800000, 0x00000000cb800000| Untracked 
| 185|0x00000000cb900000, 0x00000000cb900000, 0x00000000cba00000|  0%| F|  |TAMS 0x00000000cb900000, 0x00000000cb900000| Untracked 
| 186|0x00000000cba00000, 0x00000000cba00000, 0x00000000cbb00000|  0%| F|  |TAMS 0x00000000cba00000, 0x00000000cba00000| Untracked 
| 187|0x00000000cbb00000, 0x00000000cbb00000, 0x00000000cbc00000|  0%| F|  |TAMS 0x00000000cbb00000, 0x00000000cbb00000| Untracked 
| 188|0x00000000cbc00000, 0x00000000cbc00000, 0x00000000cbd00000|  0%| F|  |TAMS 0x00000000cbc00000, 0x00000000cbc00000| Untracked 
| 189|0x00000000cbd00000, 0x00000000cbd00000, 0x00000000cbe00000|  0%| F|  |TAMS 0x00000000cbd00000, 0x00000000cbd00000| Untracked 
| 190|0x00000000cbe00000, 0x00000000cbe00000, 0x00000000cbf00000|  0%| F|  |TAMS 0x00000000cbe00000, 0x00000000cbe00000| Untracked 
| 191|0x00000000cbf00000, 0x00000000cbf00000, 0x00000000cc000000|  0%| F|  |TAMS 0x00000000cbf00000, 0x00000000cbf00000| Untracked 
| 192|0x00000000cc000000, 0x00000000cc000000, 0x00000000cc100000|  0%| F|  |TAMS 0x00000000cc000000, 0x00000000cc000000| Untracked 
| 193|0x00000000cc100000, 0x00000000cc100000, 0x00000000cc200000|  0%| F|  |TAMS 0x00000000cc100000, 0x00000000cc100000| Untracked 
| 194|0x00000000cc200000, 0x00000000cc200000, 0x00000000cc300000|  0%| F|  |TAMS 0x00000000cc200000, 0x00000000cc200000| Untracked 
| 195|0x00000000cc300000, 0x00000000cc300000, 0x00000000cc400000|  0%| F|  |TAMS 0x00000000cc300000, 0x00000000cc300000| Untracked 
| 196|0x00000000cc400000, 0x00000000cc400000, 0x00000000cc500000|  0%| F|  |TAMS 0x00000000cc400000, 0x00000000cc400000| Untracked 
| 197|0x00000000cc500000, 0x00000000cc500000, 0x00000000cc600000|  0%| F|  |TAMS 0x00000000cc500000, 0x00000000cc500000| Untracked 
| 198|0x00000000cc600000, 0x00000000cc600000, 0x00000000cc700000|  0%| F|  |TAMS 0x00000000cc600000, 0x00000000cc600000| Untracked 
| 199|0x00000000cc700000, 0x00000000cc700000, 0x00000000cc800000|  0%| F|  |TAMS 0x00000000cc700000, 0x00000000cc700000| Untracked 
| 200|0x00000000cc800000, 0x00000000cc800000, 0x00000000cc900000|  0%| F|  |TAMS 0x00000000cc800000, 0x00000000cc800000| Untracked 
| 201|0x00000000cc900000, 0x00000000cc900000, 0x00000000cca00000|  0%| F|  |TAMS 0x00000000cc900000, 0x00000000cc900000| Untracked 
| 202|0x00000000cca00000, 0x00000000cca00000, 0x00000000ccb00000|  0%| F|  |TAMS 0x00000000cca00000, 0x00000000cca00000| Untracked 
| 203|0x00000000ccb00000, 0x00000000ccb00000, 0x00000000ccc00000|  0%| F|  |TAMS 0x00000000ccb00000, 0x00000000ccb00000| Untracked 
| 204|0x00000000ccc00000, 0x00000000ccc00000, 0x00000000ccd00000|  0%| F|  |TAMS 0x00000000ccc00000, 0x00000000ccc00000| Untracked 
| 205|0x00000000ccd00000, 0x00000000ccd00000, 0x00000000cce00000|  0%| F|  |TAMS 0x00000000ccd00000, 0x00000000ccd00000| Untracked 
| 206|0x00000000cce00000, 0x00000000cce00000, 0x00000000ccf00000|  0%| F|  |TAMS 0x00000000cce00000, 0x00000000cce00000| Untracked 
| 207|0x00000000ccf00000, 0x00000000ccf00000, 0x00000000cd000000|  0%| F|  |TAMS 0x00000000ccf00000, 0x00000000ccf00000| Untracked 
| 208|0x00000000cd000000, 0x00000000cd000000, 0x00000000cd100000|  0%| F|  |TAMS 0x00000000cd000000, 0x00000000cd000000| Untracked 
| 209|0x00000000cd100000, 0x00000000cd100000, 0x00000000cd200000|  0%| F|  |TAMS 0x00000000cd100000, 0x00000000cd100000| Untracked 
| 210|0x00000000cd200000, 0x00000000cd200000, 0x00000000cd300000|  0%| F|  |TAMS 0x00000000cd200000, 0x00000000cd200000| Untracked 
| 211|0x00000000cd300000, 0x00000000cd300000, 0x00000000cd400000|  0%| F|  |TAMS 0x00000000cd300000, 0x00000000cd300000| Untracked 
| 212|0x00000000cd400000, 0x00000000cd400000, 0x00000000cd500000|  0%| F|  |TAMS 0x00000000cd400000, 0x00000000cd400000| Untracked 
| 213|0x00000000cd500000, 0x00000000cd500000, 0x00000000cd600000|  0%| F|  |TAMS 0x00000000cd500000, 0x00000000cd500000| Untracked 
| 214|0x00000000cd600000, 0x00000000cd600000, 0x00000000cd700000|  0%| F|  |TAMS 0x00000000cd600000, 0x00000000cd600000| Untracked 
| 215|0x00000000cd700000, 0x00000000cd700000, 0x00000000cd800000|  0%| F|  |TAMS 0x00000000cd700000, 0x00000000cd700000| Untracked 
| 216|0x00000000cd800000, 0x00000000cd800000, 0x00000000cd900000|  0%| F|  |TAMS 0x00000000cd800000, 0x00000000cd800000| Untracked 
| 217|0x00000000cd900000, 0x00000000cd900000, 0x00000000cda00000|  0%| F|  |TAMS 0x00000000cd900000, 0x00000000cd900000| Untracked 
| 218|0x00000000cda00000, 0x00000000cda00000, 0x00000000cdb00000|  0%| F|  |TAMS 0x00000000cda00000, 0x00000000cda00000| Untracked 
| 219|0x00000000cdb00000, 0x00000000cdb00000, 0x00000000cdc00000|  0%| F|  |TAMS 0x00000000cdb00000, 0x00000000cdb00000| Untracked 
| 220|0x00000000cdc00000, 0x00000000cdc00000, 0x00000000cdd00000|  0%| F|  |TAMS 0x00000000cdc00000, 0x00000000cdc00000| Untracked 
| 221|0x00000000cdd00000, 0x00000000cdd00000, 0x00000000cde00000|  0%| F|  |TAMS 0x00000000cdd00000, 0x00000000cdd00000| Untracked 
| 222|0x00000000cde00000, 0x00000000cde00000, 0x00000000cdf00000|  0%| F|  |TAMS 0x00000000cde00000, 0x00000000cde00000| Untracked 
| 223|0x00000000cdf00000, 0x00000000cdf00000, 0x00000000ce000000|  0%| F|  |TAMS 0x00000000cdf00000, 0x00000000cdf00000| Untracked 
| 224|0x00000000ce000000, 0x00000000ce000000, 0x00000000ce100000|  0%| F|  |TAMS 0x00000000ce000000, 0x00000000ce000000| Untracked 
| 225|0x00000000ce100000, 0x00000000ce100000, 0x00000000ce200000|  0%| F|  |TAMS 0x00000000ce100000, 0x00000000ce100000| Untracked 
| 226|0x00000000ce200000, 0x00000000ce200000, 0x00000000ce300000|  0%| F|  |TAMS 0x00000000ce200000, 0x00000000ce200000| Untracked 
| 227|0x00000000ce300000, 0x00000000ce300000, 0x00000000ce400000|  0%| F|  |TAMS 0x00000000ce300000, 0x00000000ce300000| Untracked 
| 228|0x00000000ce400000, 0x00000000ce400000, 0x00000000ce500000|  0%| F|  |TAMS 0x00000000ce400000, 0x00000000ce400000| Untracked 
| 229|0x00000000ce500000, 0x00000000ce500000, 0x00000000ce600000|  0%| F|  |TAMS 0x00000000ce500000, 0x00000000ce500000| Untracked 
| 230|0x00000000ce600000, 0x00000000ce600000, 0x00000000ce700000|  0%| F|  |TAMS 0x00000000ce600000, 0x00000000ce600000| Untracked 
| 231|0x00000000ce700000, 0x00000000ce700000, 0x00000000ce800000|  0%| F|  |TAMS 0x00000000ce700000, 0x00000000ce700000| Untracked 
| 232|0x00000000ce800000, 0x00000000ce800000, 0x00000000ce900000|  0%| F|  |TAMS 0x00000000ce800000, 0x00000000ce800000| Untracked 
| 233|0x00000000ce900000, 0x00000000ce900000, 0x00000000cea00000|  0%| F|  |TAMS 0x00000000ce900000, 0x00000000ce900000| Untracked 
| 234|0x00000000cea00000, 0x00000000cea00000, 0x00000000ceb00000|  0%| F|  |TAMS 0x00000000cea00000, 0x00000000cea00000| Untracked 
| 235|0x00000000ceb00000, 0x00000000ceb00000, 0x00000000cec00000|  0%| F|  |TAMS 0x00000000ceb00000, 0x00000000ceb00000| Untracked 
| 236|0x00000000cec00000, 0x00000000cec00000, 0x00000000ced00000|  0%| F|  |TAMS 0x00000000cec00000, 0x00000000cec00000| Untracked 
| 237|0x00000000ced00000, 0x00000000ced00000, 0x00000000cee00000|  0%| F|  |TAMS 0x00000000ced00000, 0x00000000ced00000| Untracked 
| 238|0x00000000cee00000, 0x00000000cee00000, 0x00000000cef00000|  0%| F|  |TAMS 0x00000000cee00000, 0x00000000cee00000| Untracked 
| 239|0x00000000cef00000, 0x00000000cef00000, 0x00000000cf000000|  0%| F|  |TAMS 0x00000000cef00000, 0x00000000cef00000| Untracked 
| 240|0x00000000cf000000, 0x00000000cf000000, 0x00000000cf100000|  0%| F|  |TAMS 0x00000000cf000000, 0x00000000cf000000| Untracked 
| 241|0x00000000cf100000, 0x00000000cf100000, 0x00000000cf200000|  0%| F|  |TAMS 0x00000000cf100000, 0x00000000cf100000| Untracked 
| 242|0x00000000cf200000, 0x00000000cf200000, 0x00000000cf300000|  0%| F|  |TAMS 0x00000000cf200000, 0x00000000cf200000| Untracked 
| 243|0x00000000cf300000, 0x00000000cf300000, 0x00000000cf400000|  0%| F|  |TAMS 0x00000000cf300000, 0x00000000cf300000| Untracked 
| 244|0x00000000cf400000, 0x00000000cf400000, 0x00000000cf500000|  0%| F|  |TAMS 0x00000000cf400000, 0x00000000cf400000| Untracked 
| 245|0x00000000cf500000, 0x00000000cf500000, 0x00000000cf600000|  0%| F|  |TAMS 0x00000000cf500000, 0x00000000cf500000| Untracked 
| 246|0x00000000cf600000, 0x00000000cf600000, 0x00000000cf700000|  0%| F|  |TAMS 0x00000000cf600000, 0x00000000cf600000| Untracked 
| 247|0x00000000cf700000, 0x00000000cf700000, 0x00000000cf800000|  0%| F|  |TAMS 0x00000000cf700000, 0x00000000cf700000| Untracked 
| 248|0x00000000cf800000, 0x00000000cf800000, 0x00000000cf900000|  0%| F|  |TAMS 0x00000000cf800000, 0x00000000cf800000| Untracked 
| 249|0x00000000cf900000, 0x00000000cf900000, 0x00000000cfa00000|  0%| F|  |TAMS 0x00000000cf900000, 0x00000000cf900000| Untracked 
| 250|0x00000000cfa00000, 0x00000000cfa00000, 0x00000000cfb00000|  0%| F|  |TAMS 0x00000000cfa00000, 0x00000000cfa00000| Untracked 
| 251|0x00000000cfb00000, 0x00000000cfb00000, 0x00000000cfc00000|  0%| F|  |TAMS 0x00000000cfb00000, 0x00000000cfb00000| Untracked 
| 252|0x00000000cfc00000, 0x00000000cfc00000, 0x00000000cfd00000|  0%| F|  |TAMS 0x00000000cfc00000, 0x00000000cfc00000| Untracked 
| 253|0x00000000cfd00000, 0x00000000cfd00000, 0x00000000cfe00000|  0%| F|  |TAMS 0x00000000cfd00000, 0x00000000cfd00000| Untracked 
| 254|0x00000000cfe00000, 0x00000000cfe00000, 0x00000000cff00000|  0%| F|  |TAMS 0x00000000cfe00000, 0x00000000cfe00000| Untracked 
| 255|0x00000000cff00000, 0x00000000cff00000, 0x00000000d0000000|  0%| F|  |TAMS 0x00000000cff00000, 0x00000000cff00000| Untracked 
| 256|0x00000000d0000000, 0x00000000d0000000, 0x00000000d0100000|  0%| F|  |TAMS 0x00000000d0000000, 0x00000000d0000000| Untracked 
| 257|0x00000000d0100000, 0x00000000d0100000, 0x00000000d0200000|  0%| F|  |TAMS 0x00000000d0100000, 0x00000000d0100000| Untracked 
| 258|0x00000000d0200000, 0x00000000d0200000, 0x00000000d0300000|  0%| F|  |TAMS 0x00000000d0200000, 0x00000000d0200000| Untracked 
| 259|0x00000000d0300000, 0x00000000d0300000, 0x00000000d0400000|  0%| F|  |TAMS 0x00000000d0300000, 0x00000000d0300000| Untracked 
| 260|0x00000000d0400000, 0x00000000d0400000, 0x00000000d0500000|  0%| F|  |TAMS 0x00000000d0400000, 0x00000000d0400000| Untracked 
| 261|0x00000000d0500000, 0x00000000d0500000, 0x00000000d0600000|  0%| F|  |TAMS 0x00000000d0500000, 0x00000000d0500000| Untracked 
| 262|0x00000000d0600000, 0x00000000d0600000, 0x00000000d0700000|  0%| F|  |TAMS 0x00000000d0600000, 0x00000000d0600000| Untracked 
| 263|0x00000000d0700000, 0x00000000d0700000, 0x00000000d0800000|  0%| F|  |TAMS 0x00000000d0700000, 0x00000000d0700000| Untracked 
| 264|0x00000000d0800000, 0x00000000d0800000, 0x00000000d0900000|  0%| F|  |TAMS 0x00000000d0800000, 0x00000000d0800000| Untracked 
| 265|0x00000000d0900000, 0x00000000d0900000, 0x00000000d0a00000|  0%| F|  |TAMS 0x00000000d0900000, 0x00000000d0900000| Untracked 
| 266|0x00000000d0a00000, 0x00000000d0a00000, 0x00000000d0b00000|  0%| F|  |TAMS 0x00000000d0a00000, 0x00000000d0a00000| Untracked 
| 267|0x00000000d0b00000, 0x00000000d0b00000, 0x00000000d0c00000|  0%| F|  |TAMS 0x00000000d0b00000, 0x00000000d0b00000| Untracked 
| 268|0x00000000d0c00000, 0x00000000d0c00000, 0x00000000d0d00000|  0%| F|  |TAMS 0x00000000d0c00000, 0x00000000d0c00000| Untracked 
| 269|0x00000000d0d00000, 0x00000000d0d00000, 0x00000000d0e00000|  0%| F|  |TAMS 0x00000000d0d00000, 0x00000000d0d00000| Untracked 
| 270|0x00000000d0e00000, 0x00000000d0e00000, 0x00000000d0f00000|  0%| F|  |TAMS 0x00000000d0e00000, 0x00000000d0e00000| Untracked 
| 271|0x00000000d0f00000, 0x00000000d0f00000, 0x00000000d1000000|  0%| F|  |TAMS 0x00000000d0f00000, 0x00000000d0f00000| Untracked 
| 272|0x00000000d1000000, 0x00000000d1000000, 0x00000000d1100000|  0%| F|  |TAMS 0x00000000d1000000, 0x00000000d1000000| Untracked 
| 273|0x00000000d1100000, 0x00000000d1100000, 0x00000000d1200000|  0%| F|  |TAMS 0x00000000d1100000, 0x00000000d1100000| Untracked 
| 274|0x00000000d1200000, 0x00000000d1200000, 0x00000000d1300000|  0%| F|  |TAMS 0x00000000d1200000, 0x00000000d1200000| Untracked 
| 275|0x00000000d1300000, 0x00000000d1300000, 0x00000000d1400000|  0%| F|  |TAMS 0x00000000d1300000, 0x00000000d1300000| Untracked 
| 276|0x00000000d1400000, 0x00000000d1400000, 0x00000000d1500000|  0%| F|  |TAMS 0x00000000d1400000, 0x00000000d1400000| Untracked 
| 277|0x00000000d1500000, 0x00000000d1500000, 0x00000000d1600000|  0%| F|  |TAMS 0x00000000d1500000, 0x00000000d1500000| Untracked 
| 278|0x00000000d1600000, 0x00000000d1600000, 0x00000000d1700000|  0%| F|  |TAMS 0x00000000d1600000, 0x00000000d1600000| Untracked 
| 279|0x00000000d1700000, 0x00000000d1700000, 0x00000000d1800000|  0%| F|  |TAMS 0x00000000d1700000, 0x00000000d1700000| Untracked 
| 280|0x00000000d1800000, 0x00000000d1800000, 0x00000000d1900000|  0%| F|  |TAMS 0x00000000d1800000, 0x00000000d1800000| Untracked 
| 281|0x00000000d1900000, 0x00000000d1900000, 0x00000000d1a00000|  0%| F|  |TAMS 0x00000000d1900000, 0x00000000d1900000| Untracked 
| 282|0x00000000d1a00000, 0x00000000d1a00000, 0x00000000d1b00000|  0%| F|  |TAMS 0x00000000d1a00000, 0x00000000d1a00000| Untracked 
| 283|0x00000000d1b00000, 0x00000000d1b00000, 0x00000000d1c00000|  0%| F|  |TAMS 0x00000000d1b00000, 0x00000000d1b00000| Untracked 
| 284|0x00000000d1c00000, 0x00000000d1c00000, 0x00000000d1d00000|  0%| F|  |TAMS 0x00000000d1c00000, 0x00000000d1c00000| Untracked 
| 285|0x00000000d1d00000, 0x00000000d1d00000, 0x00000000d1e00000|  0%| F|  |TAMS 0x00000000d1d00000, 0x00000000d1d00000| Untracked 
| 286|0x00000000d1e00000, 0x00000000d1e00000, 0x00000000d1f00000|  0%| F|  |TAMS 0x00000000d1e00000, 0x00000000d1e00000| Untracked 
| 287|0x00000000d1f00000, 0x00000000d1f00000, 0x00000000d2000000|  0%| F|  |TAMS 0x00000000d1f00000, 0x00000000d1f00000| Untracked 
| 288|0x00000000d2000000, 0x00000000d2000000, 0x00000000d2100000|  0%| F|  |TAMS 0x00000000d2000000, 0x00000000d2000000| Untracked 
| 289|0x00000000d2100000, 0x00000000d2100000, 0x00000000d2200000|  0%| F|  |TAMS 0x00000000d2100000, 0x00000000d2100000| Untracked 
| 290|0x00000000d2200000, 0x00000000d2200000, 0x00000000d2300000|  0%| F|  |TAMS 0x00000000d2200000, 0x00000000d2200000| Untracked 
| 291|0x00000000d2300000, 0x00000000d2300000, 0x00000000d2400000|  0%| F|  |TAMS 0x00000000d2300000, 0x00000000d2300000| Untracked 
| 292|0x00000000d2400000, 0x00000000d2400000, 0x00000000d2500000|  0%| F|  |TAMS 0x00000000d2400000, 0x00000000d2400000| Untracked 
| 293|0x00000000d2500000, 0x00000000d2500000, 0x00000000d2600000|  0%| F|  |TAMS 0x00000000d2500000, 0x00000000d2500000| Untracked 
| 294|0x00000000d2600000, 0x00000000d2600000, 0x00000000d2700000|  0%| F|  |TAMS 0x00000000d2600000, 0x00000000d2600000| Untracked 
| 295|0x00000000d2700000, 0x00000000d2700000, 0x00000000d2800000|  0%| F|  |TAMS 0x00000000d2700000, 0x00000000d2700000| Untracked 
| 296|0x00000000d2800000, 0x00000000d2800000, 0x00000000d2900000|  0%| F|  |TAMS 0x00000000d2800000, 0x00000000d2800000| Untracked 
| 297|0x00000000d2900000, 0x00000000d2900000, 0x00000000d2a00000|  0%| F|  |TAMS 0x00000000d2900000, 0x00000000d2900000| Untracked 
| 298|0x00000000d2a00000, 0x00000000d2a00000, 0x00000000d2b00000|  0%| F|  |TAMS 0x00000000d2a00000, 0x00000000d2a00000| Untracked 
| 299|0x00000000d2b00000, 0x00000000d2b00000, 0x00000000d2c00000|  0%| F|  |TAMS 0x00000000d2b00000, 0x00000000d2b00000| Untracked 
| 300|0x00000000d2c00000, 0x00000000d2c00000, 0x00000000d2d00000|  0%| F|  |TAMS 0x00000000d2c00000, 0x00000000d2c00000| Untracked 
| 301|0x00000000d2d00000, 0x00000000d2d00000, 0x00000000d2e00000|  0%| F|  |TAMS 0x00000000d2d00000, 0x00000000d2d00000| Untracked 
| 302|0x00000000d2e00000, 0x00000000d2e00000, 0x00000000d2f00000|  0%| F|  |TAMS 0x00000000d2e00000, 0x00000000d2e00000| Untracked 
| 303|0x00000000d2f00000, 0x00000000d2f00000, 0x00000000d3000000|  0%| F|  |TAMS 0x00000000d2f00000, 0x00000000d2f00000| Untracked 
| 304|0x00000000d3000000, 0x00000000d3000000, 0x00000000d3100000|  0%| F|  |TAMS 0x00000000d3000000, 0x00000000d3000000| Untracked 
| 305|0x00000000d3100000, 0x00000000d3100000, 0x00000000d3200000|  0%| F|  |TAMS 0x00000000d3100000, 0x00000000d3100000| Untracked 
| 306|0x00000000d3200000, 0x00000000d3200000, 0x00000000d3300000|  0%| F|  |TAMS 0x00000000d3200000, 0x00000000d3200000| Untracked 
| 307|0x00000000d3300000, 0x00000000d3300000, 0x00000000d3400000|  0%| F|  |TAMS 0x00000000d3300000, 0x00000000d3300000| Untracked 
| 308|0x00000000d3400000, 0x00000000d3400000, 0x00000000d3500000|  0%| F|  |TAMS 0x00000000d3400000, 0x00000000d3400000| Untracked 
| 309|0x00000000d3500000, 0x00000000d3500000, 0x00000000d3600000|  0%| F|  |TAMS 0x00000000d3500000, 0x00000000d3500000| Untracked 
| 310|0x00000000d3600000, 0x00000000d3600000, 0x00000000d3700000|  0%| F|  |TAMS 0x00000000d3600000, 0x00000000d3600000| Untracked 
| 311|0x00000000d3700000, 0x00000000d3700000, 0x00000000d3800000|  0%| F|  |TAMS 0x00000000d3700000, 0x00000000d3700000| Untracked 

Card table byte_map: [0x000002ac87610000,0x000002ac87810000] _byte_map_base: 0x000002ac87010000

Marking Bits (Prev, Next): (CMBitMap*) 0x000002acffa8ca10, (CMBitMap*) 0x000002acffa8c9d0
 Prev Bits: [0x000002ac88a10000, 0x000002ac89a10000)
 Next Bits: [0x000002ac87a10000, 0x000002ac88a10000)

Polling page: 0x000002acff550000

Metaspace:

Usage:
  Non-class:     33.20 MB used.
      Class:      5.01 MB used.
       Both:     38.21 MB used.

Virtual space:
  Non-class space:       64.00 MB reserved,      33.44 MB ( 52%) committed,  1 nodes.
      Class space:        1.00 GB reserved,       5.19 MB ( <1%) committed,  1 nodes.
             Both:        1.06 GB reserved,      38.62 MB (  4%) committed. 

Chunk freelists:
   Non-Class:  13.98 MB
       Class:  10.73 MB
        Both:  24.72 MB

MaxMetaspaceSize: unlimited
CompressedClassSpaceSize: 1.00 GB
Initial GC threshold: 21.00 MB
Current GC threshold: 64.38 MB
CDS: off
MetaspaceReclaimPolicy: balanced
 - commit_granule_bytes: 65536.
 - commit_granule_words: 8192.
 - virtual_space_node_default_size: 8388608.
 - enlarge_chunks_in_place: 1.
 - new_chunks_are_fully_committed: 0.
 - uncommit_free_chunks: 1.
 - use_allocation_guard: 0.
 - handle_deallocations: 1.


Internal statistics:

num_allocs_failed_limit: 6.
num_arena_births: 498.
num_arena_deaths: 0.
num_vsnodes_births: 2.
num_vsnodes_deaths: 0.
num_space_committed: 618.
num_space_uncommitted: 0.
num_chunks_returned_to_freelist: 6.
num_chunks_taken_from_freelist: 1679.
num_chunk_merges: 6.
num_chunk_splits: 1145.
num_chunks_enlarged: 846.
num_inconsistent_stats: 0.

CodeCache: size=49152Kb used=9518Kb max_used=9518Kb free=39633Kb
 bounds [0x000002ac83fd0000, 0x000002ac84920000, 0x000002ac86fd0000]
 total_blobs=4571 nmethods=4023 adapters=471
 compilation: enabled
              stopped_count=0, restarted_count=0
 full_count=0

Compilation events (20 events):
Event: 41.081 Thread 0x000002ac91b500b0 4013       1       io.github.classgraph.ClasspathElementModule$1$1::<init> (16 bytes)
Event: 41.081 Thread 0x000002ac8c5ae3a0 4008       1       jdk.internal.jimage.BasicImageReader::releaseByteBuffer (16 bytes)
Event: 41.081 Thread 0x000002ac8c5ae3a0 nmethod 4008 0x000002ac8490df10 code [0x000002ac8490e0a0, 0x000002ac8490e1e8]
Event: 41.081 Thread 0x000002ac91b500b0 nmethod 4013 0x000002ac8490e290 code [0x000002ac8490e420, 0x000002ac8490e5f8]
Event: 41.082 Thread 0x000002ac91b500b0 4020       1       io.github.classgraph.Classfile::extendScanningUpwards (585 bytes)
Event: 41.082 Thread 0x000002ac8c5ae3a0 4017       1       io.github.classgraph.Classfile::readInterfaces (63 bytes)
Event: 41.083 Thread 0x000002ac8c4d6990 nmethod 4000 0x000002ac8490e690 code [0x000002ac8490ea40, 0x000002ac8490f9b8]
Event: 41.083 Thread 0x000002ac8c4d6990 4019   !   1       nonapi.io.github.classgraph.fileslice.reader.ClassfileReader::close (43 bytes)
Event: 41.083 Thread 0x000002ac8c4d6990 nmethod 4019 0x000002ac84910290 code [0x000002ac84910440, 0x000002ac84910618]
Event: 41.083 Thread 0x000002ac8c4d6990 4021       1       io.github.classgraph.Classfile::readBasicClassInfo (339 bytes)
Event: 41.083 Thread 0x000002ac8c5ae3a0 nmethod 4017 0x000002ac84910710 code [0x000002ac849108e0, 0x000002ac84910bf8]
Event: 41.083 Thread 0x000002ac8c5ae3a0 4018       1       java.nio.HeapByteBuffer::get (64 bytes)
Event: 41.084 Thread 0x000002ac8c5ae3a0 nmethod 4018 0x000002ac84910d90 code [0x000002ac84910f80, 0x000002ac84911318]
Event: 41.085 Thread 0x000002ac91b500b0 nmethod 4020 0x000002ac84911510 code [0x000002ac84911980, 0x000002ac84912888]
Event: 41.085 Thread 0x000002ac8c4d6990 nmethod 4021 0x000002ac84913410 code [0x000002ac84913780, 0x000002ac849145e8]
Event: 41.111 Thread 0x000002ac91c43a90 nmethod 4001 0x000002ac84914e90 code [0x000002ac849156c0, 0x000002ac84918208]
Event: 41.119 Thread 0x000002ac91b500b0 4022  s!   1       jdk.internal.loader.URLClassPath::getLoader (196 bytes)
Event: 41.121 Thread 0x000002ac91b500b0 nmethod 4022 0x000002ac84919c90 code [0x000002ac84919f40, 0x000002ac8491aa68]
Event: 41.350 Thread 0x000002ac91b500b0 4023       1       java.util.concurrent.locks.ReentrantLock$NonfairSync::tryAcquire (27 bytes)
Event: 41.350 Thread 0x000002ac91b500b0 nmethod 4023 0x000002ac8491b710 code [0x000002ac8491b8a0, 0x000002ac8491ba18]

GC Heap History (20 events):
Event: 40.438 GC heap after
{Heap after GC invocations=11 (full 0):
 garbage-first heap   total 61440K, used 29312K [0x00000000c0000000, 0x0000000100000000)
  region size 1024K, 3 young (3072K), 3 survivors (3072K)
 Metaspace       used 38831K, committed 39168K, reserved 1114112K
  class space    used 5087K, committed 5248K, reserved 1048576K
}
Event: 40.480 GC heap before
{Heap before GC invocations=11 (full 0):
 garbage-first heap   total 61440K, used 44672K [0x00000000c0000000, 0x0000000100000000)
  region size 1024K, 19 young (19456K), 3 survivors (3072K)
 Metaspace       used 38831K, committed 39168K, reserved 1114112K
  class space    used 5087K, committed 5248K, reserved 1048576K
}
Event: 40.484 GC heap after
{Heap after GC invocations=12 (full 0):
 garbage-first heap   total 159744K, used 32761K [0x00000000c0000000, 0x0000000100000000)
  region size 1024K, 3 young (3072K), 3 survivors (3072K)
 Metaspace       used 38831K, committed 39168K, reserved 1114112K
  class space    used 5087K, committed 5248K, reserved 1048576K
}
Event: 40.650 GC heap before
{Heap before GC invocations=12 (full 0):
 garbage-first heap   total 159744K, used 107513K [0x00000000c0000000, 0x0000000100000000)
  region size 1024K, 77 young (78848K), 3 survivors (3072K)
 Metaspace       used 38926K, committed 39296K, reserved 1114112K
  class space    used 5104K, committed 5248K, reserved 1048576K
}
Event: 40.661 GC heap after
{Heap after GC invocations=13 (full 0):
 garbage-first heap   total 159744K, used 50817K [0x00000000c0000000, 0x0000000100000000)
  region size 1024K, 10 young (10240K), 10 survivors (10240K)
 Metaspace       used 38926K, committed 39296K, reserved 1114112K
  class space    used 5104K, committed 5248K, reserved 1048576K
}
Event: 41.014 GC heap before
{Heap before GC invocations=13 (full 0):
 garbage-first heap   total 159744K, used 105089K [0x00000000c0000000, 0x0000000100000000)
  region size 1024K, 63 young (64512K), 10 survivors (10240K)
 Metaspace       used 38928K, committed 39296K, reserved 1114112K
  class space    used 5104K, committed 5248K, reserved 1048576K
}
Event: 41.027 GC heap after
{Heap after GC invocations=14 (full 0):
 garbage-first heap   total 159744K, used 67914K [0x00000000c0000000, 0x0000000100000000)
  region size 1024K, 8 young (8192K), 8 survivors (8192K)
 Metaspace       used 38928K, committed 39296K, reserved 1114112K
  class space    used 5104K, committed 5248K, reserved 1048576K
}
Event: 41.085 GC heap before
{Heap before GC invocations=14 (full 0):
 garbage-first heap   total 159744K, used 109898K [0x00000000c0000000, 0x0000000100000000)
  region size 1024K, 49 young (50176K), 8 survivors (8192K)
 Metaspace       used 39019K, committed 39360K, reserved 1114112K
  class space    used 5115K, committed 5248K, reserved 1048576K
}
Event: 41.111 GC heap after
{Heap after GC invocations=15 (full 0):
 garbage-first heap   total 159744K, used 79987K [0x00000000c0000000, 0x0000000100000000)
  region size 1024K, 7 young (7168K), 7 survivors (7168K)
 Metaspace       used 39019K, committed 39360K, reserved 1114112K
  class space    used 5115K, committed 5248K, reserved 1048576K
}
Event: 41.123 GC heap before
{Heap before GC invocations=15 (full 0):
 garbage-first heap   total 159744K, used 113779K [0x00000000c0000000, 0x0000000100000000)
  region size 1024K, 41 young (41984K), 7 survivors (7168K)
 Metaspace       used 39084K, committed 39488K, reserved 1114112K
  class space    used 5123K, committed 5312K, reserved 1048576K
}
Event: 41.128 GC heap after
{Heap after GC invocations=16 (full 0):
 garbage-first heap   total 319488K, used 83232K [0x00000000c0000000, 0x0000000100000000)
  region size 1024K, 3 young (3072K), 3 survivors (3072K)
 Metaspace       used 39084K, committed 39488K, reserved 1114112K
  class space    used 5123K, committed 5312K, reserved 1048576K
}
Event: 41.187 GC heap before
{Heap before GC invocations=16 (full 0):
 garbage-first heap   total 319488K, used 198944K [0x00000000c0000000, 0x0000000100000000)
  region size 1024K, 117 young (119808K), 3 survivors (3072K)
 Metaspace       used 39130K, committed 39552K, reserved 1114112K
  class space    used 5128K, committed 5312K, reserved 1048576K
}
Event: 41.190 GC heap after
{Heap after GC invocations=17 (full 0):
 garbage-first heap   total 319488K, used 87299K [0x00000000c0000000, 0x0000000100000000)
  region size 1024K, 7 young (7168K), 7 survivors (7168K)
 Metaspace       used 39130K, committed 39552K, reserved 1114112K
  class space    used 5128K, committed 5312K, reserved 1048576K
}
Event: 41.249 GC heap before
{Heap before GC invocations=18 (full 0):
 garbage-first heap   total 319488K, used 228611K [0x00000000c0000000, 0x0000000100000000)
  region size 1024K, 147 young (150528K), 7 survivors (7168K)
 Metaspace       used 39130K, committed 39552K, reserved 1114112K
  class space    used 5128K, committed 5312K, reserved 1048576K
}
Event: 41.254 GC heap after
{Heap after GC invocations=19 (full 0):
 garbage-first heap   total 319488K, used 91634K [0x00000000c0000000, 0x0000000100000000)
  region size 1024K, 12 young (12288K), 12 survivors (12288K)
 Metaspace       used 39130K, committed 39552K, reserved 1114112K
  class space    used 5128K, committed 5312K, reserved 1048576K
}
Event: 41.256 GC heap before
{Heap before GC invocations=19 (full 0):
 garbage-first heap   total 319488K, used 93682K [0x00000000c0000000, 0x0000000100000000)
  region size 1024K, 15 young (15360K), 12 survivors (12288K)
 Metaspace       used 39130K, committed 39552K, reserved 1114112K
  class space    used 5128K, committed 5312K, reserved 1048576K
}
Event: 41.260 GC heap after
{Heap after GC invocations=20 (full 0):
 garbage-first heap   total 319488K, used 92423K [0x00000000c0000000, 0x0000000100000000)
  region size 1024K, 2 young (2048K), 2 survivors (2048K)
 Metaspace       used 39130K, committed 39552K, reserved 1114112K
  class space    used 5128K, committed 5312K, reserved 1048576K
}
Event: 41.308 GC heap before
{Heap before GC invocations=20 (full 0):
 garbage-first heap   total 319488K, used 239879K [0x00000000c0000000, 0x0000000100000000)
  region size 1024K, 147 young (150528K), 2 survivors (2048K)
 Metaspace       used 39130K, committed 39552K, reserved 1114112K
  class space    used 5128K, committed 5312K, reserved 1048576K
}
Event: 41.312 GC heap after
{Heap after GC invocations=21 (full 0):
 garbage-first heap   total 319488K, used 97071K [0x00000000c0000000, 0x0000000100000000)
  region size 1024K, 7 young (7168K), 7 survivors (7168K)
 Metaspace       used 39130K, committed 39552K, reserved 1114112K
  class space    used 5128K, committed 5312K, reserved 1048576K
}
Event: 41.354 GC heap before
{Heap before GC invocations=21 (full 0):
 garbage-first heap   total 319488K, used 245551K [0x00000000c0000000, 0x0000000100000000)
  region size 1024K, 153 young (156672K), 7 survivors (7168K)
 Metaspace       used 39130K, committed 39552K, reserved 1114112K
  class space    used 5128K, committed 5312K, reserved 1048576K
}

Dll operation events (7 events):
Event: 0.014 Loaded shared library c:\Users\John Sung\.vscode\extensions\redhat.java-1.20.0-win32-x64\jre\17.0.7-win32-x86_64\bin\java.dll
Event: 0.251 Loaded shared library C:\Users\John Sung\.vscode\extensions\redhat.java-1.20.0-win32-x64\jre\17.0.7-win32-x86_64\bin\net.dll
Event: 0.254 Loaded shared library C:\Users\John Sung\.vscode\extensions\redhat.java-1.20.0-win32-x64\jre\17.0.7-win32-x86_64\bin\nio.dll
Event: 0.684 Loaded shared library C:\Users\John Sung\.vscode\extensions\redhat.java-1.20.0-win32-x64\jre\17.0.7-win32-x86_64\bin\zip.dll
Event: 33.561 Loaded shared library C:\Users\John Sung\.vscode\extensions\redhat.java-1.20.0-win32-x64\jre\17.0.7-win32-x86_64\bin\jimage.dll
Event: 40.023 Loaded shared library C:\Users\John Sung\.vscode\extensions\redhat.java-1.20.0-win32-x64\jre\17.0.7-win32-x86_64\bin\management.dll
Event: 40.026 Loaded shared library C:\Users\John Sung\.vscode\extensions\redhat.java-1.20.0-win32-x64\jre\17.0.7-win32-x86_64\bin\management_ext.dll

Deoptimization events (10 events):
Event: 37.138 Thread 0x000002acffa4d990 DEOPT PACKING pc=0x000002ac845d5799 sp=0x000000cd09ffd360
Event: 37.139 Thread 0x000002acffa4d990 DEOPT UNPACKING pc=0x000002ac8402ace3 sp=0x000000cd09ffc840 mode 3
Event: 40.233 Thread 0x000002ac92484a70 DEOPT PACKING pc=0x000002ac847b1ab5 sp=0x000000cd0befd3f0
Event: 40.233 Thread 0x000002ac92484a70 DEOPT UNPACKING pc=0x000002ac8402ace3 sp=0x000000cd0befc918 mode 3
Event: 40.269 Thread 0x000002ac9228cbe0 DEOPT PACKING pc=0x000002ac8457aa01 sp=0x000000cd0bdfdae0
Event: 40.269 Thread 0x000002ac9228cbe0 DEOPT UNPACKING pc=0x000002ac8402ace3 sp=0x000000cd0bdfcf70 mode 3
Event: 40.287 Thread 0x000002ac92484a70 DEOPT PACKING pc=0x000002ac84554897 sp=0x000000cd0beff090
Event: 40.287 Thread 0x000002ac92484a70 DEOPT UNPACKING pc=0x000002ac8402ace3 sp=0x000000cd0befe4e8 mode 3
Event: 40.335 Thread 0x000002ac924a50b0 DEOPT PACKING pc=0x000002ac847cee2b sp=0x000000cd0c0fe920
Event: 40.335 Thread 0x000002ac924a50b0 DEOPT UNPACKING pc=0x000002ac8402ace3 sp=0x000000cd0c0fde68 mode 3

Classes unloaded (0 events):
No events

Classes redefined (0 events):
No events

Internal exceptions (20 events):
Event: 40.369 Thread 0x000002ac92567110 Exception <a 'sun/nio/fs/WindowsException'{0x00000000c288a5d8}> (0x00000000c288a5d8) 
thrown [s\src\hotspot\share\prims\jni.cpp, line 516]
Event: 40.369 Thread 0x000002ac92567110 Exception <a 'sun/nio/fs/WindowsException'{0x00000000c288a990}> (0x00000000c288a990) 
thrown [s\src\hotspot\share\prims\jni.cpp, line 516]
Event: 40.370 Thread 0x000002ac92567110 Exception <a 'sun/nio/fs/WindowsException'{0x00000000c288b398}> (0x00000000c288b398) 
thrown [s\src\hotspot\share\prims\jni.cpp, line 516]
Event: 40.370 Thread 0x000002ac92567110 Exception <a 'sun/nio/fs/WindowsException'{0x00000000c288b768}> (0x00000000c288b768) 
thrown [s\src\hotspot\share\prims\jni.cpp, line 516]
Event: 40.370 Thread 0x000002ac92567110 Exception <a 'sun/nio/fs/WindowsException'{0x00000000c288c168}> (0x00000000c288c168) 
thrown [s\src\hotspot\share\prims\jni.cpp, line 516]
Event: 40.370 Thread 0x000002ac92567110 Exception <a 'sun/nio/fs/WindowsException'{0x00000000c288c528}> (0x00000000c288c528) 
thrown [s\src\hotspot\share\prims\jni.cpp, line 516]
Event: 40.370 Thread 0x000002ac92567110 Exception <a 'sun/nio/fs/WindowsException'{0x00000000c288cf30}> (0x00000000c288cf30) 
thrown [s\src\hotspot\share\prims\jni.cpp, line 516]
Event: 40.370 Thread 0x000002ac92567110 Exception <a 'sun/nio/fs/WindowsException'{0x00000000c288d300}> (0x00000000c288d300) 
thrown [s\src\hotspot\share\prims\jni.cpp, line 516]
Event: 40.370 Thread 0x000002ac92567110 Exception <a 'sun/nio/fs/WindowsException'{0x00000000c288dd28}> (0x00000000c288dd28) 
thrown [s\src\hotspot\share\prims\jni.cpp, line 516]
Event: 40.370 Thread 0x000002ac92567110 Exception <a 'sun/nio/fs/WindowsException'{0x00000000c288e118}> (0x00000000c288e118) 
thrown [s\src\hotspot\share\prims\jni.cpp, line 516]
Event: 40.370 Thread 0x000002ac92567110 Exception <a 'sun/nio/fs/WindowsException'{0x00000000c27b46e8}> (0x00000000c27b46e8) 
thrown [s\src\hotspot\share\prims\jni.cpp, line 516]
Event: 40.370 Thread 0x000002ac92567110 Exception <a 'sun/nio/fs/WindowsException'{0x00000000c27b4af0}> (0x00000000c27b4af0) 
thrown [s\src\hotspot\share\prims\jni.cpp, line 516]
Event: 40.371 Thread 0x000002ac92567110 Exception <a 'sun/nio/fs/WindowsException'{0x00000000c27b5520}> (0x00000000c27b5520) 
thrown [s\src\hotspot\share\prims\jni.cpp, line 516]
Event: 40.371 Thread 0x000002ac92567110 Exception <a 'sun/nio/fs/WindowsException'{0x00000000c27b5920}> (0x00000000c27b5920) 
thrown [s\src\hotspot\share\prims\jni.cpp, line 516]
Event: 40.517 Thread 0x000002ac925692c0 Exception <a 'sun/nio/fs/WindowsException'{0x00000000c8d597b0}> (0x00000000c8d597b0) 
thrown [s\src\hotspot\share\prims\jni.cpp, line 516]
Event: 40.517 Thread 0x000002ac92566c40 Exception <a 'sun/nio/fs/WindowsException'{0x00000000c8ddf5b8}> (0x00000000c8ddf5b8) 
thrown [s\src\hotspot\share\prims\jni.cpp, line 516]
Event: 40.518 Thread 0x000002ac925675e0 Exception <a 'sun/nio/fs/WindowsException'{0x00000000c8dc0040}> (0x00000000c8dc0040) 
thrown [s\src\hotspot\share\prims\jni.cpp, line 516]
Event: 40.518 Thread 0x000002ac92648ac0 Exception <a 'sun/nio/fs/WindowsException'{0x00000000c8c65588}> (0x00000000c8c65588) 
thrown [s\src\hotspot\share\prims\jni.cpp, line 516]
Event: 40.519 Thread 0x000002ac925692c0 Exception <a 'sun/nio/fs/WindowsException'{0x00000000c8d5c118}> (0x00000000c8d5c118) 
thrown [s\src\hotspot\share\prims\jni.cpp, line 516]
Event: 40.520 Thread 0x000002ac92566c40 Exception <a 'sun/nio/fs/WindowsException'{0x00000000c8de1f28}> (0x00000000c8de1f28) 
thrown [s\src\hotspot\share\prims\jni.cpp, line 516]

VM Operations (20 events):
Event: 41.190 Executing VM operation: G1CollectForAllocation done
Event: 41.208 Executing VM operation: G1Concurrent
Event: 41.212 Executing VM operation: G1Concurrent done
Event: 41.243 Executing VM operation: G1Concurrent
Event: 41.245 Executing VM operation: G1Concurrent done
Event: 41.248 Executing VM operation: G1CollectForAllocation
Event: 41.249 Executing VM operation: G1CollectForAllocation done
Event: 41.249 Executing VM operation: G1CollectForAllocation
Event: 41.254 Executing VM operation: G1CollectForAllocation done
Event: 41.255 Executing VM operation: G1CollectForAllocation
Event: 41.256 Executing VM operation: G1CollectForAllocation done
Event: 41.256 Executing VM operation: G1CollectForAllocation
Event: 41.260 Executing VM operation: G1CollectForAllocation done
Event: 41.308 Executing VM operation: G1CollectForAllocation
Event: 41.308 Executing VM operation: G1CollectForAllocation done
Event: 41.308 Executing VM operation: G1CollectForAllocation
Event: 41.312 Executing VM operation: G1CollectForAllocation done
Event: 41.354 Executing VM operation: G1CollectForAllocation
Event: 41.354 Executing VM operation: G1CollectForAllocation done
Event: 41.354 Executing VM operation: G1CollectForAllocation

Events (20 events):
Event: 40.526 loading class java/util/DoubleSummaryStatistics
Event: 40.526 loading class java/util/function/DoubleConsumer
Event: 40.526 loading class java/util/function/DoubleConsumer done
Event: 40.527 loading class java/util/DoubleSummaryStatistics done
Event: 40.527 loading class java/util/stream/Collectors$1PairBox
Event: 40.527 loading class java/util/stream/Collectors$1PairBox done
Event: 40.527 loading class java/util/concurrent/locks/AbstractQueuedSynchronizer$SharedNode
Event: 40.527 loading class java/util/concurrent/locks/AbstractQueuedSynchronizer$SharedNode done
Event: 40.527 loading class jdk/internal/module/SystemModuleFinders$ModuleContentSpliterator
Event: 40.527 loading class jdk/internal/module/SystemModuleFinders$ModuleContentSpliterator done
Event: 40.527 loading class jdk/internal/jimage/ImageReader$Directory
Event: 40.528 loading class jdk/internal/jimage/ImageReader$Node
Event: 40.528 loading class jdk/internal/jimage/ImageReader$Node done
Event: 40.528 loading class jdk/internal/jimage/ImageReader$Directory done
Event: 40.528 loading class jdk/internal/jimage/ImageReader$SharedImageReader$LocationVisitor
Event: 40.528 loading class jdk/internal/jimage/ImageReader$SharedImageReader$LocationVisitor done
Event: 40.529 loading class java/nio/ByteBufferAsIntBufferL
Event: 40.529 loading class java/nio/ByteBufferAsIntBufferL done
Event: 40.529 loading class jdk/internal/jimage/ImageReader$Resource
Event: 40.529 loading class jdk/internal/jimage/ImageReader$Resource done


Dynamic libraries:
0x00007ff62f530000 - 0x00007ff62f53e000 	c:\Users\John Sung\.vscode\extensions\redhat.java-1.20.0-win32-x64\jre\17.0.7-win32-x86_64\bin\java.exe
0x00007ff8f0850000 - 0x00007ff8f0a48000 	C:\Windows\SYSTEM32\ntdll.dll
0x00007ff8eeff0000 - 0x00007ff8ef0af000 	C:\Windows\System32\KERNEL32.DLL
0x00007ff8ee580000 - 0x00007ff8ee852000 	C:\Windows\System32\KERNELBASE.dll
0x00007ff8ee140000 - 0x00007ff8ee240000 	C:\Windows\System32\ucrtbase.dll
0x00007ff8ae570000 - 0x00007ff8ae589000 	c:\Users\John Sung\.vscode\extensions\redhat.java-1.20.0-win32-x64\jre\17.0.7-win32-x86_64\bin\VCRUNTIME140.dll
0x00007ff8aea20000 - 0x00007ff8aea37000 	c:\Users\John Sung\.vscode\extensions\redhat.java-1.20.0-win32-x64\jre\17.0.7-win32-x86_64\bin\jli.dll
0x00007ff8ef930000 - 0x00007ff8efad1000 	C:\Windows\System32\USER32.dll
0x00007ff8db5a0000 - 0x00007ff8db83a000 	C:\Windows\WinSxS\amd64_microsoft.windows.common-controls_6595b64144ccf1df_6.0.19041.1110_none_60b5254171f9507e\COMCTL32.dll
0x00007ff8ee4c0000 - 0x00007ff8ee4e2000 	C:\Windows\System32\win32u.dll
0x00007ff8f03e0000 - 0x00007ff8f047e000 	C:\Windows\System32\msvcrt.dll
0x00007ff8efae0000 - 0x00007ff8efb0b000 	C:\Windows\System32\GDI32.dll
0x00007ff8ee030000 - 0x00007ff8ee13f000 	C:\Windows\System32\gdi32full.dll
0x00007ff8ee3f0000 - 0x00007ff8ee48d000 	C:\Windows\System32\msvcp_win.dll
0x00007ff8efde0000 - 0x00007ff8efe12000 	C:\Windows\System32\IMM32.DLL
0x000002acff570000 - 0x000002acff584000 	C:\Windows\System32\umppc16812.dll
0x00007ff8c89a0000 - 0x00007ff8c89ac000 	c:\Users\John Sung\.vscode\extensions\redhat.java-1.20.0-win32-x64\jre\17.0.7-win32-x86_64\bin\vcruntime140_1.dll
0x00007ff89aee0000 - 0x00007ff89af71000 	c:\Users\John Sung\.vscode\extensions\redhat.java-1.20.0-win32-x64\jre\17.0.7-win32-x86_64\bin\msvcp140.dll
0x00007ff888f10000 - 0x00007ff889b58000 	c:\Users\John Sung\.vscode\extensions\redhat.java-1.20.0-win32-x64\jre\17.0.7-win32-x86_64\bin\server\jvm.dll
0x00007ff8ef300000 - 0x00007ff8ef3ae000 	C:\Windows\System32\ADVAPI32.dll
0x00007ff8f0150000 - 0x00007ff8f01ec000 	C:\Windows\System32\sechost.dll
0x00007ff8ef110000 - 0x00007ff8ef235000 	C:\Windows\System32\RPCRT4.dll
0x00007ff8d2e80000 - 0x00007ff8d2e89000 	C:\Windows\SYSTEM32\WSOCK32.dll
0x00007ff8efd10000 - 0x00007ff8efd7b000 	C:\Windows\System32\WS2_32.dll
0x00007ff8e0170000 - 0x00007ff8e0197000 	C:\Windows\SYSTEM32\WINMM.dll
0x00007ff8e3df0000 - 0x00007ff8e3dfa000 	C:\Windows\SYSTEM32\VERSION.dll
0x00007ff8ec720000 - 0x00007ff8ec732000 	C:\Windows\SYSTEM32\kernel.appcore.dll
0x00007ff8b89a0000 - 0x00007ff8b89aa000 	c:\Users\John Sung\.vscode\extensions\redhat.java-1.20.0-win32-x64\jre\17.0.7-win32-x86_64\bin\jimage.dll
0x00007ff8ec3f0000 - 0x00007ff8ec5d4000 	C:\Windows\SYSTEM32\DBGHELP.DLL
0x00007ff8d5290000 - 0x00007ff8d52c5000 	C:\Windows\SYSTEM32\dbgcore.DLL
0x00007ff8ee4f0000 - 0x00007ff8ee572000 	C:\Windows\System32\bcryptPrimitives.dll
0x00007ff89e080000 - 0x00007ff89e0a5000 	c:\Users\John Sung\.vscode\extensions\redhat.java-1.20.0-win32-x64\jre\17.0.7-win32-x86_64\bin\java.dll
0x00007ff8a4f70000 - 0x00007ff8a4f88000 	c:\Users\John Sung\.vscode\extensions\redhat.java-1.20.0-win32-x64\jre\17.0.7-win32-x86_64\bin\zip.dll
0x00007ff8ee890000 - 0x00007ff8eefd4000 	C:\Windows\System32\SHELL32.dll
0x00007ff8eb970000 - 0x00007ff8ec102000 	C:\Windows\SYSTEM32\windows.storage.dll
0x00007ff8f0480000 - 0x00007ff8f07d5000 	C:\Windows\System32\combase.dll
0x00007ff8ed840000 - 0x00007ff8ed870000 	C:\Windows\SYSTEM32\Wldp.dll
0x00007ff8ef250000 - 0x00007ff8ef2fd000 	C:\Windows\System32\SHCORE.dll
0x00007ff8efd80000 - 0x00007ff8efdd5000 	C:\Windows\System32\shlwapi.dll
0x00007ff8ede50000 - 0x00007ff8ede6f000 	C:\Windows\SYSTEM32\profapi.dll
0x00007ff8a2860000 - 0x00007ff8a2879000 	C:\Users\John Sung\.vscode\extensions\redhat.java-1.20.0-win32-x64\jre\17.0.7-win32-x86_64\bin\net.dll
0x00007ff8e6800000 - 0x00007ff8e690c000 	C:\Windows\SYSTEM32\WINHTTP.dll
0x00007ff8ed600000 - 0x00007ff8ed66a000 	C:\Windows\system32\mswsock.dll
0x00007ff89ac90000 - 0x00007ff89aca5000 	C:\Users\John Sung\.vscode\extensions\redhat.java-1.20.0-win32-x64\jre\17.0.7-win32-x86_64\bin\nio.dll
0x00007ff8ed8d0000 - 0x00007ff8ed8e8000 	C:\Windows\SYSTEM32\CRYPTSP.dll
0x00007ff8ecec0000 - 0x00007ff8ecef4000 	C:\Windows\system32\rsaenh.dll
0x00007ff8ee490000 - 0x00007ff8ee4b7000 	C:\Windows\System32\bcrypt.dll
0x00007ff8eddd0000 - 0x00007ff8eddfe000 	C:\Windows\SYSTEM32\USERENV.dll
0x00007ff8ed790000 - 0x00007ff8ed79c000 	C:\Windows\SYSTEM32\CRYPTBASE.dll
0x00007ff8ed310000 - 0x00007ff8ed34b000 	C:\Windows\SYSTEM32\IPHLPAPI.DLL
0x00007ff8ee880000 - 0x00007ff8ee888000 	C:\Windows\System32\NSI.dll
0x00007ff8e5710000 - 0x00007ff8e5727000 	C:\Windows\SYSTEM32\dhcpcsvc6.DLL
0x00007ff8e5650000 - 0x00007ff8e566d000 	C:\Windows\SYSTEM32\dhcpcsvc.DLL
0x00007ff8ed350000 - 0x00007ff8ed41a000 	C:\Windows\SYSTEM32\DNSAPI.dll
0x00007ff8c8a20000 - 0x00007ff8c8a29000 	C:\Users\John Sung\.vscode\extensions\redhat.java-1.20.0-win32-x64\jre\17.0.7-win32-x86_64\bin\management.dll
0x00007ff8b6910000 - 0x00007ff8b691b000 	C:\Users\John Sung\.vscode\extensions\redhat.java-1.20.0-win32-x64\jre\17.0.7-win32-x86_64\bin\management_ext.dll
0x00007ff8ef240000 - 0x00007ff8ef248000 	C:\Windows\System32\PSAPI.DLL

dbghelp: loaded successfully - version: 4.0.5 - missing functions: none
symbol engine: initialized successfully - sym options: 0x614 - pdb path: .;c:\Users\John Sung\.vscode\extensions\redhat.java-1.20.0-win32-x64\jre\17.0.7-win32-x86_64\bin;C:\Windows\SYSTEM32;C:\Windows\WinSxS\amd64_microsoft.windows.common-controls_6595b64144ccf1df_6.0.19041.1110_none_60b5254171f9507e;c:\Users\John Sung\.vscode\extensions\redhat.java-1.20.0-win32-x64\jre\17.0.7-win32-x86_64\bin\server

VM Arguments:
jvm_args: -XX:+HeapDumpOnOutOfMemoryError -Xmx1024m -Dsts.lsp.client=vscode -Dsts.log.file=/dev/null -XX:TieredStopAtLevel=1 -Xlog:jni+resolve=off -Dspring.config.location=file:c:\Users\John Sung\.vscode\extensions\vmware.vscode-spring-boot-1.47.0\language-server\BOOT-INF\classes\application.properties 
java_command: org.springframework.ide.vscode.boot.app.BootLanguageServerBootApp
java_class_path (initial): c:\Users\John Sung\.vscode\extensions\vmware.vscode-spring-boot-1.47.0\language-server\BOOT-INF\classes;c:\Users\John Sung\.vscode\extensions\vmware.vscode-spring-boot-1.47.0\language-server\BOOT-INF\lib\annotations-24.0.1.jar;c:\Users\John Sung\.vscode\extensions\vmware.vscode-spring-boot-1.47.0\language-server\BOOT-INF\lib\antlr-runtime-3.5.3.jar;c:\Users\John Sung\.vscode\extensions\vmware.vscode-spring-boot-1.47.0\language-server\BOOT-INF\lib\antlr4-4.11.1.jar;c:\Users\John Sung\.vscode\extensions\vmware.vscode-spring-boot-1.47.0\language-server\BOOT-INF\lib\antlr4-runtime-4.11.1.jar;c:\Users\John Sung\.vscode\extensions\vmware.vscode-spring-boot-1.47.0\language-server\BOOT-INF\lib\aopalliance-1.0.jar;c:\Users\John Sung\.vscode\extensions\vmware.vscode-spring-boot-1.47.0\language-server\BOOT-INF\lib\asm-9.5.jar;c:\Users\John Sung\.vscode\extensions\vmware.vscode-spring-boot-1.47.0\language-server\BOOT-INF\lib\asm-analysis-9.5.jar;c:\Users\John Sung\.vscode\extensions\vmware.vscode-spring-boot-1.47.0\language-server\BOOT-INF\lib\asm-tree-9.5.jar;c:\Users\John Sung\.vscode\extensions\vmware.vscode-spring-boot-1.47.0\language-server\BOOT-INF\lib\asm-util-9.5.jar;c:\Users\John Sung\.vscode\extensions\vmware.vscode-spring-boot-1.47.0\language-server\BOOT-INF\lib\auto-common-1.2.1.jar;c:\Users\John Sung\.vscode\extensions\vmware.vscode-spring-boot-1.47.0\language-server\BOOT-INF\lib\auto-value-annotations-1.9.jar;c:\Users\John Sung\.vscode\extensions\vmware.vscode-spring-boot-1.47.0\language-server\BOOT-INF\lib\caffeine-3.1.2.jar;c:\Users\John Sung\.vscode\extensions\vmware.vscode-spring-boot-1.47.0\language-server\BOOT-INF\lib\checker-qual-3.12.0.jar;c:\Users\John Sung\.vscode\extensions\vmware.vscode-spring-boot-1.47.0\language-server\BOOT-INF\lib\classgraph-4.8.149.jar;c:\Users\John Sung\.vscode\extensions\vmware.vscode-spring-boot-1.47.0\language-server\BOOT-INF\lib\commons-codec-1.15.jar;c:\Users\John Sung\.vscode\extensions\vmware.vs
Launcher Type: SUN_STANDARD

[Global flags]
     intx CICompilerCount                          = 4                                         {product} {ergonomic}
     uint ConcGCThreads                            = 2                                         {product} {ergonomic}
     uint G1ConcRefinementThreads                  = 8                                         {product} {ergonomic}
   size_t G1HeapRegionSize                         = 1048576                                   {product} {ergonomic}
    uintx GCDrainStackTargetSize                   = 64                                        {product} {ergonomic}
     bool HeapDumpOnOutOfMemoryError               = true                                   {manageable} {command line}
   size_t InitialHeapSize                          = 264241152                                 {product} {ergonomic}
   size_t MarkStackSize                            = 4194304                                   {product} {ergonomic}
   size_t MaxHeapSize                              = 1073741824                                {product} {command line}
   size_t MaxNewSize                               = 643825664                                 {product} {ergonomic}
   size_t MinHeapDeltaBytes                        = 1048576                                   {product} {ergonomic}
   size_t MinHeapSize                              = 8388608                                   {product} {ergonomic}
    uintx NonProfiledCodeHeapSize                  = 0                                      {pd product} {ergonomic}
     bool ProfileInterpreter                       = false                                  {pd product} {command line}
    uintx ProfiledCodeHeapSize                     = 0                                      {pd product} {ergonomic}
   size_t SoftMaxHeapSize                          = 1073741824                             {manageable} {ergonomic}
     intx TieredStopAtLevel                        = 1                                         {product} {command line}
     bool UseCompressedClassPointers               = true                           {product lp64_product} {ergonomic}
     bool UseCompressedOops                        = true                           {product lp64_product} {ergonomic}
     bool UseG1GC                                  = true                                      {product} {ergonomic}
     bool UseLargePagesIndividualAllocation        = false                                  {pd product} {ergonomic}

Logging:
Log output configuration:
 #0: stdout all=warning,jni+resolve=off uptime,level,tags
 #1: stderr all=off uptime,level,tags

Environment Variables:
JAVA_HOME=C:\Program Files\Java\jdk-19\
PATH=C:\Windows\system32;C:\Program Files\Java\jdk-19\\bin;C:\Windows;C:\Windows\System32\Wbem;C:\Windows\System32\WindowsPowerShell\v1.0\;C:\Windows\System32\OpenSSH\;C:\Program Files (x86)\IBM\Client Access\Emulator;C:\Program Files (x86)\IBM\Client Access\Shared;C:\Program Files (x86)\IBM\Client Access\;C:\Program Files\dotnet\;C:\Program Files\Microsoft SQL Server\Client SDK\ODBC\170\Tools\Binn\;C:\Program Files (x86)\Microsoft SQL Server\150\Tools\Binn\;C:\Program Files\Microsoft SQL Server\150\Tools\Binn\;C:\Program Files\Microsoft SQL Server\150\DTS\Binn\;C:\Program Files (x86)\Microsoft SQL Server\150\DTS\Binn\;C:\Program Files\Azure Data Studio\bin;D:\Git\Git\cmd;C:\Program Files\Calibre2\;C:\Program Files\Java\jdk-18.0.2.1\bin;D:\Maven\apache-maven-3.8.6\bin;C:\Program Files\PuTTY\;C:\Program Files\Java\jdk-19.0.2\bin;C:\Program Files\Docker\Docker\resources\bin;C:\Program Files\Cloudflare\Cloudflare WARP\;D:\Apps\nvm\nvm;C:\Program Files\nodejs;C:\Users\John Sung\AppData\Local\Microsoft\WindowsApps;C:\Users\John Sung\AppData\Local\Programs\Microsoft VS Code\bin;C:\Program Files\Azure Data Studio\bin;C:\src\flutter\bin;C:\Users\John Sung\AppData\Local\atom\bin;C:\Users\John Sung\AppData\Roaming\npm;C:\Users\John Sung\AppData\Local\GitHubDesktop\bin;C:\ProgramData\John Sung\GitHubDesktop\bin;C:\Users\John Sung\AppData\Local\Pub\Cache\bin;D:\Maven\apache-maven-3.8.6\bin;
USERNAME=John Sung
OS=Windows_NT
PROCESSOR_IDENTIFIER=Intel64 Family 6 Model 140 Stepping 1, GenuineIntel
TMP=C:\Users\JOHNSU~1\AppData\Local\Temp
TEMP=C:\Users\JOHNSU~1\AppData\Local\Temp



---------------  S Y S T E M  ---------------

OS:
 Windows 10 , 64 bit Build 19041 (10.0.19041.2364)
OS uptime: 0 days 1:18 hours
Hyper-V role detected

CPU: total 8 (initial active 8) (4 cores per cpu, 2 threads per core) family 6 model 140 stepping 1 microcode 0xa4, cx8, cmov, fxsr, ht, mmx, 3dnowpref, sse, sse2, sse3, ssse3, sse4.1, sse4.2, popcnt, lzcnt, tsc, tscinvbit, avx, avx2, aes, erms, clmul, bmi1, bmi2, adx, avx512f, avx512dq, avx512cd, avx512bw, avx512vl, sha, fma, vzeroupper, avx512_vpopcntdq, avx512_vpclmulqdq, avx512_vaes, avx512_vnni, clflush, clflushopt, clwb, avx512_vbmi2, avx512_vbmi, hv

Memory: 4k page, system-wide physical 16118M (2344M free)
TotalPageFile size 18166M (AvailPageFile size 271M)
current process WorkingSet (physical memory assigned to process): 428M, peak: 428M
current process commit charge ("private bytes"): 464M, peak: 749M

vm_info: OpenJDK 64-Bit Server VM (17.0.7+7) for windows-amd64 JRE (17.0.7+7), built on Apr 18 2023 22:10:42 by "temurin" with MS VC++ 16.7 (VS2019)

END.
