#
# There is insufficient memory for the Java Runtime Environment to continue.
# Native memory allocation (malloc) failed to allocate 1048576 bytes for AllocateHeap
# Possible reasons:
#   The system is out of physical RAM or swap space
#   The process is running with CompressedOops enabled, and the Java Heap may be blocking the growth of the native heap
# Possible solutions:
#   Reduce memory load on the system
#   Increase physical memory or swap space
#   Check if swap backing store is full
#   Decrease Java heap size (-Xmx/-Xms)
#   Decrease number of Java threads
#   Decrease Java thread stack sizes (-Xss)
#   Set larger code cache with -XX:ReservedCodeCacheSize=
#   JVM is running with Unscaled Compressed Oops mode in which the Java heap is
#     placed in the first 4GB address space. The Java Heap base address is the
#     maximum limit for the native heap growth. Please use -XX:HeapBaseMinAddress
#     to set the Java Heap base and to place the Java Heap above 4GB virtual address.
# This output file may be truncated or incomplete.
#
#  Out of Memory Error (allocation.cpp:44), pid=15672, tid=8760
#
# JRE version: OpenJDK Runtime Environment Temurin-17.0.7+7 (17.0.7+7) (build 17.0.7+7)
# Java VM: OpenJDK 64-Bit Server VM Temurin-17.0.7+7 (17.0.7+7, mixed mode, emulated-client, tiered, compressed oops, compressed class ptrs, g1 gc, windows-amd64)
# No core dump will be written. Minidumps are not enabled by default on client versions of Windows
#

---------------  S U M M A R Y ------------

Command Line: -XX:+HeapDumpOnOutOfMemoryError -Xmx1024m -Dsts.lsp.client=vscode -Dsts.log.file=/dev/null -XX:TieredStopAtLevel=1 -Xlog:jni+resolve=off -Dspring.config.location=file:c:\Users\23020224\.vscode\extensions\vmware.vscode-spring-boot-1.47.0\language-server\BOOT-INF\classes\application.properties org.springframework.ide.vscode.boot.app.BootLanguageServerBootApp

Host: 11th Gen Intel(R) Core(TM) i7-1165G7 @ 2.80GHz, 8 cores, 15G,  Windows 10 , 64 bit Build 19041 (10.0.19041.2364)
Time: Fri Jun 30 15:26:24 2023 SE Asia Standard Time elapsed time: 3126.023359 seconds (0d 0h 52m 6s)

---------------  T H R E A D  ---------------

Current thread (0x000002640d65b250):  VMThread "VM Thread" [stack: 0x0000006b84300000,0x0000006b84400000] [id=8760]

Stack: [0x0000006b84300000,0x0000006b84400000]
Native frames: (J=compiled Java code, j=interpreted, Vv=VM code, C=native code)
V  [jvm.dll+0x67754a]
V  [jvm.dll+0x834304]
V  [jvm.dll+0x835aae]
V  [jvm.dll+0x836113]
V  [jvm.dll+0x24696f]
V  [jvm.dll+0xa681f]
V  [jvm.dll+0x2f73f3]
V  [jvm.dll+0x2f30f0]
V  [jvm.dll+0x2db6c7]
V  [jvm.dll+0x31e777]
V  [jvm.dll+0x83a5bb]
V  [jvm.dll+0x83b2f4]
V  [jvm.dll+0x83b80c]
V  [jvm.dll+0x83bbe4]
V  [jvm.dll+0x83bcb0]
V  [jvm.dll+0x7e4e7a]
V  [jvm.dll+0x676395]
C  [ucrtbase.dll+0x21bb2]
C  [KERNEL32.DLL+0x17614]
C  [ntdll.dll+0x526a1]

VM_Operation (0x0000006b859ff000): G1CollectFull, mode: safepoint, requested by thread 0x0000026412f52470


---------------  P R O C E S S  ---------------

Threads class SMR info:
_java_thread_list=0x0000026413484b90, length=22, elements={
0x000002640d63fc40, 0x000002640d640700, 0x000002640d6499f0, 0x000002640d6a5420,
0x000002640d6a5ce0, 0x000002640d64dff0, 0x000002640d64e960, 0x000002640d6a6990,
0x000002640d8a2800, 0x000002640d8b02f0, 0x0000026412faa050, 0x0000026412b9e040,
0x0000026412f52470, 0x0000026413234970, 0x00000264006ae2b0, 0x00000264127a77f0,
0x00000264133b99f0, 0x00000264133ce970, 0x0000026413604db0, 0x000002641360a450,
0x0000026413607dd0, 0x0000026413607430
}

Java Threads: ( => current thread )
  0x000002640d63fc40 JavaThread "Reference Handler" daemon [_thread_blocked, id=17968, stack(0x0000006b84400000,0x0000006b84500000)]
  0x000002640d640700 JavaThread "Finalizer" daemon [_thread_blocked, id=23448, stack(0x0000006b84500000,0x0000006b84600000)]
  0x000002640d6499f0 JavaThread "Signal Dispatcher" daemon [_thread_blocked, id=17148, stack(0x0000006b84600000,0x0000006b84700000)]
  0x000002640d6a5420 JavaThread "Attach Listener" daemon [_thread_blocked, id=17544, stack(0x0000006b84700000,0x0000006b84800000)]
  0x000002640d6a5ce0 JavaThread "Service Thread" daemon [_thread_blocked, id=22296, stack(0x0000006b84800000,0x0000006b84900000)]
  0x000002640d64dff0 JavaThread "Monitor Deflation Thread" daemon [_thread_blocked, id=25460, stack(0x0000006b84900000,0x0000006b84a00000)]
  0x000002640d64e960 JavaThread "C1 CompilerThread0" daemon [_thread_blocked, id=14292, stack(0x0000006b84a00000,0x0000006b84b00000)]
  0x000002640d6a6990 JavaThread "Sweeper thread" daemon [_thread_blocked, id=1508, stack(0x0000006b84b00000,0x0000006b84c00000)]
  0x000002640d8a2800 JavaThread "Notification Thread" daemon [_thread_blocked, id=17916, stack(0x0000006b84d00000,0x0000006b84e00000)]
  0x000002640d8b02f0 JavaThread "Common-Cleaner" daemon [_thread_blocked, id=22692, stack(0x0000006b84f00000,0x0000006b85000000)]
  0x0000026412faa050 JavaThread "boundedElastic-evictor-1" daemon [_thread_blocked, id=24452, stack(0x0000006b85700000,0x0000006b85800000)]
  0x0000026412b9e040 JavaThread "boundedElastic-evictor-2" daemon [_thread_blocked, id=23036, stack(0x0000006b85800000,0x0000006b85900000)]
  0x0000026412f52470 JavaThread "pool-10-thread-1" [_thread_blocked, id=13800, stack(0x0000006b85900000,0x0000006b85a00000)]
  0x0000026413234970 JavaThread "LanguageServerApp-lifecycle" [_thread_blocked, id=21440, stack(0x0000006b85b00000,0x0000006b85c00000)]
  0x00000264006ae2b0 JavaThread "DestroyJavaVM" [_thread_blocked, id=6504, stack(0x0000006b83d00000,0x0000006b83e00000)]
  0x00000264127a77f0 JavaThread "pool-11-thread-1" [_thread_in_native, id=14836, stack(0x0000006b85c00000,0x0000006b85d00000)]
  0x00000264133b99f0 JavaThread "Simple-Language-Server main thread" daemon [_thread_blocked, id=25520, stack(0x0000006b85d00000,0x0000006b85e00000)]
  0x00000264133ce970 JavaThread "pool-6-thread-1" [_thread_blocked, id=592, stack(0x0000006b86100000,0x0000006b86200000)]
  0x0000026413604db0 JavaThread "parallel-1" daemon [_thread_blocked, id=17652, stack(0x0000006b87300000,0x0000006b87400000)]
  0x000002641360a450 JavaThread "pool-4-thread-1" [_thread_blocked, id=12600, stack(0x0000006b87400000,0x0000006b87500000)]
  0x0000026413607dd0 JavaThread "parallel-2" daemon [_thread_blocked, id=10272, stack(0x0000006b87500000,0x0000006b87600000)]
  0x0000026413607430 JavaThread "parallel-3" daemon [_thread_blocked, id=25560, stack(0x0000006b86800000,0x0000006b86900000)]

Other Threads:
=>0x000002640d65b250 VMThread "VM Thread" [stack: 0x0000006b84300000,0x0000006b84400000] [id=8760]
  0x000002640d8a6ce0 WatcherThread [stack: 0x0000006b84e00000,0x0000006b84f00000] [id=25856]
  0x000002640202cde0 GCTaskThread "GC Thread#0" [stack: 0x0000006b83e00000,0x0000006b83f00000] [id=26512]
  0x0000026412882e60 GCTaskThread "GC Thread#1" [stack: 0x0000006b85000000,0x0000006b85100000] [id=15952]
  0x00000264128ce050 GCTaskThread "GC Thread#2" [stack: 0x0000006b85100000,0x0000006b85200000] [id=8732]
  0x000002641285d3d0 GCTaskThread "GC Thread#3" [stack: 0x0000006b85200000,0x0000006b85300000] [id=25728]
  0x000002641285d680 GCTaskThread "GC Thread#4" [stack: 0x0000006b85300000,0x0000006b85400000] [id=8024]
  0x000002641285d930 GCTaskThread "GC Thread#5" [stack: 0x0000006b85400000,0x0000006b85500000] [id=19044]
  0x0000026412847c70 GCTaskThread "GC Thread#6" [stack: 0x0000006b85500000,0x0000006b85600000] [id=19236]
  0x00000264129bc060 GCTaskThread "GC Thread#7" [stack: 0x0000006b85600000,0x0000006b85700000] [id=11464]
  0x0000026402035c30 ConcurrentGCThread "G1 Main Marker" [stack: 0x0000006b83f00000,0x0000006b84000000] [id=26292]
  0x0000026402036550 ConcurrentGCThread "G1 Conc#0" [stack: 0x0000006b84000000,0x0000006b84100000] [id=14312]
  0x0000026412c1d3e0 ConcurrentGCThread "G1 Conc#1" [stack: 0x0000006b85a00000,0x0000006b85b00000] [id=1920]
  0x00000264020ae9c0 ConcurrentGCThread "G1 Refine#0" [stack: 0x0000006b84100000,0x0000006b84200000] [id=22904]
  0x00000264136aa440 ConcurrentGCThread "G1 Refine#1" [stack: 0x0000006b87600000,0x0000006b87700000] [id=26492]
  0x0000026414144a50 ConcurrentGCThread "G1 Refine#2" [stack: 0x0000006b87800000,0x0000006b87900000] [id=20372]
  0x00000264134eaf00 ConcurrentGCThread "G1 Refine#3" [stack: 0x0000006b84c00000,0x0000006b84d00000] [id=26296]
  0x000002640d4b2540 ConcurrentGCThread "G1 Service" [stack: 0x0000006b84200000,0x0000006b84300000] [id=25772]

Threads with active compile tasks:

VM state: at safepoint (normal execution)

VM Mutex/Monitor currently owned by a thread:  ([mutex/lock_event])
[0x00000264005ee1d0] Threads_lock - owner thread: 0x000002640d65b250
[0x0000026401fee330] Heap_lock - owner thread: 0x0000026412f52470

Heap address: 0x00000000c0000000, size: 1024 MB, Compressed Oops mode: 32-bit

CDS archive(s) not mapped
Compressed class space mapped at: 0x0000000100000000-0x0000000140000000, reserved size: 1073741824
Narrow klass base: 0x0000000000000000, Narrow klass shift: 3, Narrow klass range: 0x140000000

GC Precious Log:
 CPUs: 8 total, 8 available
 Memory: 16118M
 Large Page Support: Disabled
 NUMA Support: Disabled
 Compressed Oops: Enabled (32-bit)
 Heap Region Size: 1M
 Heap Min Capacity: 8M
 Heap Initial Capacity: 252M
 Heap Max Capacity: 1G
 Pre-touch: Disabled
 Parallel Workers: 8
 Concurrent Workers: 2
 Concurrent Refinement Workers: 8
 Periodic GC: Disabled

Heap:
 garbage-first heap   total 122880K, used 36606K [0x00000000c0000000, 0x0000000100000000)
  region size 1024K, 1 young (1024K), 0 survivors (0K)
 Metaspace       used 64161K, committed 64960K, reserved 1114112K
  class space    used 9109K, committed 9408K, reserved 1048576K

Heap Regions: E=young(eden), S=young(survivor), O=old, HS=humongous(starts), HC=humongous(continues), CS=collection set, F=free, OA=open archive, CA=closed archive, TAMS=top-at-mark-start (previous, next)
|   0|0x00000000c0000000, 0x00000000c0100000, 0x00000000c0100000|100%|HS|  |TAMS 0x00000000c0100000, 0x00000000c0000000| Untracked 
|   1|0x00000000c0100000, 0x00000000c01fffe8, 0x00000000c0200000| 99%| O|  |TAMS 0x00000000c01fffe8, 0x00000000c0100000| Untracked 
|   2|0x00000000c0200000, 0x00000000c0300000, 0x00000000c0300000|100%| O|  |TAMS 0x00000000c0300000, 0x00000000c0200000| Untracked 
|   3|0x00000000c0300000, 0x00000000c03ffff0, 0x00000000c0400000| 99%| O|  |TAMS 0x00000000c03ffff0, 0x00000000c0300000| Untracked 
|   4|0x00000000c0400000, 0x00000000c0500000, 0x00000000c0500000|100%| O|  |TAMS 0x00000000c0500000, 0x00000000c0400000| Untracked 
|   5|0x00000000c0500000, 0x00000000c05ffff8, 0x00000000c0600000| 99%| O|  |TAMS 0x00000000c05ffff8, 0x00000000c0500000| Untracked 
|   6|0x00000000c0600000, 0x00000000c06fffd0, 0x00000000c0700000| 99%| O|  |TAMS 0x00000000c06fffd0, 0x00000000c0600000| Untracked 
|   7|0x00000000c0700000, 0x00000000c0800000, 0x00000000c0800000|100%| O|  |TAMS 0x00000000c0800000, 0x00000000c0700000| Untracked 
|   8|0x00000000c0800000, 0x00000000c08ffff8, 0x00000000c0900000| 99%| O|  |TAMS 0x00000000c08ffff8, 0x00000000c0800000| Untracked 
|   9|0x00000000c0900000, 0x00000000c09fffe8, 0x00000000c0a00000| 99%| O|  |TAMS 0x00000000c09fffe8, 0x00000000c0900000| Untracked 
|  10|0x00000000c0a00000, 0x00000000c0afffe8, 0x00000000c0b00000| 99%| O|  |TAMS 0x00000000c0afffe8, 0x00000000c0a00000| Untracked 
|  11|0x00000000c0b00000, 0x00000000c0bfff78, 0x00000000c0c00000| 99%| O|  |TAMS 0x00000000c0bfff78, 0x00000000c0b00000| Untracked 
|  12|0x00000000c0c00000, 0x00000000c0d00000, 0x00000000c0d00000|100%| O|  |TAMS 0x00000000c0d00000, 0x00000000c0c00000| Untracked 
|  13|0x00000000c0d00000, 0x00000000c0dfffe0, 0x00000000c0e00000| 99%| O|  |TAMS 0x00000000c0dfffe0, 0x00000000c0d00000| Untracked 
|  14|0x00000000c0e00000, 0x00000000c0effff0, 0x00000000c0f00000| 99%| O|  |TAMS 0x00000000c0effff0, 0x00000000c0e00000| Untracked 
|  15|0x00000000c0f00000, 0x00000000c1000000, 0x00000000c1000000|100%| O|  |TAMS 0x00000000c1000000, 0x00000000c0f00000| Untracked 
|  16|0x00000000c1000000, 0x00000000c10ffff0, 0x00000000c1100000| 99%| O|  |TAMS 0x00000000c10ffff0, 0x00000000c1000000| Untracked 
|  17|0x00000000c1100000, 0x00000000c11fffb0, 0x00000000c1200000| 99%| O|  |TAMS 0x00000000c11fffb0, 0x00000000c1100000| Untracked 
|  18|0x00000000c1200000, 0x00000000c12fffc8, 0x00000000c1300000| 99%| O|  |TAMS 0x00000000c12fffc8, 0x00000000c1200000| Untracked 
|  19|0x00000000c1300000, 0x00000000c13fffc8, 0x00000000c1400000| 99%| O|  |TAMS 0x00000000c13fffc8, 0x00000000c1300000| Untracked 
|  20|0x00000000c1400000, 0x00000000c14ffff0, 0x00000000c1500000| 99%| O|  |TAMS 0x00000000c14ffff0, 0x00000000c1400000| Untracked 
|  21|0x00000000c1500000, 0x00000000c15fffb8, 0x00000000c1600000| 99%| O|  |TAMS 0x00000000c15fffb8, 0x00000000c1500000| Untracked 
|  22|0x00000000c1600000, 0x00000000c16f62f8, 0x00000000c1700000| 96%| O|  |TAMS 0x00000000c16f62f8, 0x00000000c1600000| Untracked 
|  23|0x00000000c1700000, 0x00000000c17ffff0, 0x00000000c1800000| 99%| O|  |TAMS 0x00000000c17ffff0, 0x00000000c1700000| Untracked 
|  24|0x00000000c1800000, 0x00000000c18ffd78, 0x00000000c1900000| 99%| O|  |TAMS 0x00000000c18ffd78, 0x00000000c1800000| Untracked 
|  25|0x00000000c1900000, 0x00000000c19ffff8, 0x00000000c1a00000| 99%| O|  |TAMS 0x00000000c19ffff8, 0x00000000c1900000| Untracked 
|  26|0x00000000c1a00000, 0x00000000c1afffc8, 0x00000000c1b00000| 99%| O|  |TAMS 0x00000000c1afffc8, 0x00000000c1a00000| Untracked 
|  27|0x00000000c1b00000, 0x00000000c1bffff0, 0x00000000c1c00000| 99%| O|  |TAMS 0x00000000c1bffff0, 0x00000000c1b00000| Untracked 
|  28|0x00000000c1c00000, 0x00000000c1cfffe0, 0x00000000c1d00000| 99%| O|  |TAMS 0x00000000c1cfffe0, 0x00000000c1c00000| Untracked 
|  29|0x00000000c1d00000, 0x00000000c1e00000, 0x00000000c1e00000|100%| O|  |TAMS 0x00000000c1e00000, 0x00000000c1d00000| Untracked 
|  30|0x00000000c1e00000, 0x00000000c1f00000, 0x00000000c1f00000|100%| O|  |TAMS 0x00000000c1f00000, 0x00000000c1e00000| Untracked 
|  31|0x00000000c1f00000, 0x00000000c1ffffd0, 0x00000000c2000000| 99%| O|  |TAMS 0x00000000c1ffffd0, 0x00000000c1f00000| Untracked 
|  32|0x00000000c2000000, 0x00000000c20ffff0, 0x00000000c2100000| 99%| O|  |TAMS 0x00000000c20ffff0, 0x00000000c2000000| Untracked 
|  33|0x00000000c2100000, 0x00000000c2200000, 0x00000000c2200000|100%| O|  |TAMS 0x00000000c2200000, 0x00000000c2100000| Untracked 
|  34|0x00000000c2200000, 0x00000000c22c9b98, 0x00000000c2300000| 78%| O|  |TAMS 0x00000000c2200000, 0x00000000c2200000| Untracked 
|  35|0x00000000c2300000, 0x00000000c23ffff0, 0x00000000c2400000| 99%| O|  |TAMS 0x00000000c23ffff0, 0x00000000c2300000| Untracked 
|  36|0x00000000c2400000, 0x00000000c2400088, 0x00000000c2500000|  0%| O|  |TAMS 0x00000000c2400000, 0x00000000c2400000| Untracked 
|  37|0x00000000c2500000, 0x00000000c2500000, 0x00000000c2600000|  0%| F|  |TAMS 0x00000000c2500000, 0x00000000c2500000| Untracked 
|  38|0x00000000c2600000, 0x00000000c2600000, 0x00000000c2700000|  0%| F|  |TAMS 0x00000000c2600000, 0x00000000c2600000| Untracked 
|  39|0x00000000c2700000, 0x00000000c2700000, 0x00000000c2800000|  0%| F|  |TAMS 0x00000000c2700000, 0x00000000c2700000| Untracked 
|  40|0x00000000c2800000, 0x00000000c2800000, 0x00000000c2900000|  0%| F|  |TAMS 0x00000000c2800000, 0x00000000c2800000| Untracked 
|  41|0x00000000c2900000, 0x00000000c2900000, 0x00000000c2a00000|  0%| F|  |TAMS 0x00000000c2900000, 0x00000000c2900000| Untracked 
|  42|0x00000000c2a00000, 0x00000000c2a00000, 0x00000000c2b00000|  0%| F|  |TAMS 0x00000000c2a00000, 0x00000000c2a00000| Untracked 
|  43|0x00000000c2b00000, 0x00000000c2b00000, 0x00000000c2c00000|  0%| F|  |TAMS 0x00000000c2b00000, 0x00000000c2b00000| Untracked 
|  44|0x00000000c2c00000, 0x00000000c2c00000, 0x00000000c2d00000|  0%| F|  |TAMS 0x00000000c2c00000, 0x00000000c2c00000| Untracked 
|  45|0x00000000c2d00000, 0x00000000c2d00000, 0x00000000c2e00000|  0%| F|  |TAMS 0x00000000c2d00000, 0x00000000c2d00000| Untracked 
|  46|0x00000000c2e00000, 0x00000000c2e00000, 0x00000000c2f00000|  0%| F|  |TAMS 0x00000000c2e00000, 0x00000000c2e00000| Untracked 
|  47|0x00000000c2f00000, 0x00000000c2f00000, 0x00000000c3000000|  0%| F|  |TAMS 0x00000000c2f00000, 0x00000000c2f00000| Untracked 
|  48|0x00000000c3000000, 0x00000000c3000000, 0x00000000c3100000|  0%| F|  |TAMS 0x00000000c3000000, 0x00000000c3000000| Untracked 
|  49|0x00000000c3100000, 0x00000000c3100000, 0x00000000c3200000|  0%| F|  |TAMS 0x00000000c3100000, 0x00000000c3100000| Untracked 
|  50|0x00000000c3200000, 0x00000000c3200000, 0x00000000c3300000|  0%| F|  |TAMS 0x00000000c3200000, 0x00000000c3200000| Untracked 
|  51|0x00000000c3300000, 0x00000000c3300000, 0x00000000c3400000|  0%| F|  |TAMS 0x00000000c3300000, 0x00000000c3300000| Untracked 
|  52|0x00000000c3400000, 0x00000000c3400000, 0x00000000c3500000|  0%| F|  |TAMS 0x00000000c3400000, 0x00000000c3400000| Untracked 
|  53|0x00000000c3500000, 0x00000000c3500000, 0x00000000c3600000|  0%| F|  |TAMS 0x00000000c3500000, 0x00000000c3500000| Untracked 
|  54|0x00000000c3600000, 0x00000000c3600000, 0x00000000c3700000|  0%| F|  |TAMS 0x00000000c3600000, 0x00000000c3600000| Untracked 
|  55|0x00000000c3700000, 0x00000000c3700000, 0x00000000c3800000|  0%| F|  |TAMS 0x00000000c3700000, 0x00000000c3700000| Untracked 
|  56|0x00000000c3800000, 0x00000000c3800000, 0x00000000c3900000|  0%| F|  |TAMS 0x00000000c3800000, 0x00000000c3800000| Untracked 
|  57|0x00000000c3900000, 0x00000000c3900000, 0x00000000c3a00000|  0%| F|  |TAMS 0x00000000c3900000, 0x00000000c3900000| Untracked 
|  58|0x00000000c3a00000, 0x00000000c3a00000, 0x00000000c3b00000|  0%| F|  |TAMS 0x00000000c3a00000, 0x00000000c3a00000| Untracked 
|  59|0x00000000c3b00000, 0x00000000c3b00000, 0x00000000c3c00000|  0%| F|  |TAMS 0x00000000c3b00000, 0x00000000c3b00000| Untracked 
|  60|0x00000000c3c00000, 0x00000000c3c00000, 0x00000000c3d00000|  0%| F|  |TAMS 0x00000000c3c00000, 0x00000000c3c00000| Untracked 
|  61|0x00000000c3d00000, 0x00000000c3d00000, 0x00000000c3e00000|  0%| F|  |TAMS 0x00000000c3d00000, 0x00000000c3d00000| Untracked 
|  62|0x00000000c3e00000, 0x00000000c3e00000, 0x00000000c3f00000|  0%| F|  |TAMS 0x00000000c3e00000, 0x00000000c3e00000| Untracked 
|  63|0x00000000c3f00000, 0x00000000c3f00000, 0x00000000c4000000|  0%| F|  |TAMS 0x00000000c3f00000, 0x00000000c3f00000| Untracked 
|  64|0x00000000c4000000, 0x00000000c4000000, 0x00000000c4100000|  0%| F|  |TAMS 0x00000000c4000000, 0x00000000c4000000| Untracked 
|  65|0x00000000c4100000, 0x00000000c4100000, 0x00000000c4200000|  0%| F|  |TAMS 0x00000000c4100000, 0x00000000c4100000| Untracked 
|  66|0x00000000c4200000, 0x00000000c4200000, 0x00000000c4300000|  0%| F|  |TAMS 0x00000000c4200000, 0x00000000c4200000| Untracked 
|  67|0x00000000c4300000, 0x00000000c4300000, 0x00000000c4400000|  0%| F|  |TAMS 0x00000000c4300000, 0x00000000c4300000| Untracked 
|  68|0x00000000c4400000, 0x00000000c4400000, 0x00000000c4500000|  0%| F|  |TAMS 0x00000000c4400000, 0x00000000c4400000| Untracked 
|  69|0x00000000c4500000, 0x00000000c4500000, 0x00000000c4600000|  0%| F|  |TAMS 0x00000000c4500000, 0x00000000c4500000| Untracked 
|  70|0x00000000c4600000, 0x00000000c4600000, 0x00000000c4700000|  0%| F|  |TAMS 0x00000000c4600000, 0x00000000c4600000| Untracked 
|  71|0x00000000c4700000, 0x00000000c4700000, 0x00000000c4800000|  0%| F|  |TAMS 0x00000000c4700000, 0x00000000c4700000| Untracked 
|  72|0x00000000c4800000, 0x00000000c4800000, 0x00000000c4900000|  0%| F|  |TAMS 0x00000000c4800000, 0x00000000c4800000| Untracked 
|  73|0x00000000c4900000, 0x00000000c4900000, 0x00000000c4a00000|  0%| F|  |TAMS 0x00000000c4900000, 0x00000000c4900000| Untracked 
|  74|0x00000000c4a00000, 0x00000000c4a00000, 0x00000000c4b00000|  0%| F|  |TAMS 0x00000000c4a00000, 0x00000000c4a00000| Untracked 
|  75|0x00000000c4b00000, 0x00000000c4b00000, 0x00000000c4c00000|  0%| F|  |TAMS 0x00000000c4b00000, 0x00000000c4b00000| Untracked 
|  76|0x00000000c4c00000, 0x00000000c4c00000, 0x00000000c4d00000|  0%| F|  |TAMS 0x00000000c4c00000, 0x00000000c4c00000| Untracked 
|  77|0x00000000c4d00000, 0x00000000c4d00000, 0x00000000c4e00000|  0%| F|  |TAMS 0x00000000c4d00000, 0x00000000c4d00000| Untracked 
|  78|0x00000000c4e00000, 0x00000000c4e00000, 0x00000000c4f00000|  0%| F|  |TAMS 0x00000000c4e00000, 0x00000000c4e00000| Untracked 
|  79|0x00000000c4f00000, 0x00000000c4f00000, 0x00000000c5000000|  0%| F|  |TAMS 0x00000000c4f00000, 0x00000000c4f00000| Untracked 
|  80|0x00000000c5000000, 0x00000000c5000000, 0x00000000c5100000|  0%| F|  |TAMS 0x00000000c5000000, 0x00000000c5000000| Untracked 
|  81|0x00000000c5100000, 0x00000000c5100000, 0x00000000c5200000|  0%| F|  |TAMS 0x00000000c5100000, 0x00000000c5100000| Untracked 
|  82|0x00000000c5200000, 0x00000000c5200000, 0x00000000c5300000|  0%| F|  |TAMS 0x00000000c5200000, 0x00000000c5200000| Untracked 
|  83|0x00000000c5300000, 0x00000000c5300000, 0x00000000c5400000|  0%| F|  |TAMS 0x00000000c5300000, 0x00000000c5300000| Untracked 
|  84|0x00000000c5400000, 0x00000000c5400000, 0x00000000c5500000|  0%| F|  |TAMS 0x00000000c5400000, 0x00000000c5400000| Untracked 
|  85|0x00000000c5500000, 0x00000000c5500000, 0x00000000c5600000|  0%| F|  |TAMS 0x00000000c5500000, 0x00000000c5500000| Untracked 
|  86|0x00000000c5600000, 0x00000000c5600000, 0x00000000c5700000|  0%| F|  |TAMS 0x00000000c5600000, 0x00000000c5600000| Untracked 
|  87|0x00000000c5700000, 0x00000000c5700000, 0x00000000c5800000|  0%| F|  |TAMS 0x00000000c5700000, 0x00000000c5700000| Untracked 
|  88|0x00000000c5800000, 0x00000000c5800000, 0x00000000c5900000|  0%| F|  |TAMS 0x00000000c5800000, 0x00000000c5800000| Untracked 
|  89|0x00000000c5900000, 0x00000000c5900000, 0x00000000c5a00000|  0%| F|  |TAMS 0x00000000c5900000, 0x00000000c5900000| Untracked 
|  90|0x00000000c5a00000, 0x00000000c5a00000, 0x00000000c5b00000|  0%| F|  |TAMS 0x00000000c5a00000, 0x00000000c5a00000| Untracked 
|  91|0x00000000c5b00000, 0x00000000c5b00000, 0x00000000c5c00000|  0%| F|  |TAMS 0x00000000c5b00000, 0x00000000c5b00000| Untracked 
|  92|0x00000000c5c00000, 0x00000000c5c00000, 0x00000000c5d00000|  0%| F|  |TAMS 0x00000000c5c00000, 0x00000000c5c00000| Untracked 
|  93|0x00000000c5d00000, 0x00000000c5d00000, 0x00000000c5e00000|  0%| F|  |TAMS 0x00000000c5d00000, 0x00000000c5d00000| Untracked 
|  94|0x00000000c5e00000, 0x00000000c5e00000, 0x00000000c5f00000|  0%| F|  |TAMS 0x00000000c5e00000, 0x00000000c5e00000| Untracked 
|  95|0x00000000c5f00000, 0x00000000c5f00000, 0x00000000c6000000|  0%| F|  |TAMS 0x00000000c5f00000, 0x00000000c5f00000| Untracked 
|  96|0x00000000c6000000, 0x00000000c6000000, 0x00000000c6100000|  0%| F|  |TAMS 0x00000000c6000000, 0x00000000c6000000| Untracked 
|  97|0x00000000c6100000, 0x00000000c6100000, 0x00000000c6200000|  0%| F|  |TAMS 0x00000000c6100000, 0x00000000c6100000| Untracked 
|  98|0x00000000c6200000, 0x00000000c6200000, 0x00000000c6300000|  0%| F|  |TAMS 0x00000000c6200000, 0x00000000c6200000| Untracked 
|  99|0x00000000c6300000, 0x00000000c6300000, 0x00000000c6400000|  0%| F|  |TAMS 0x00000000c6300000, 0x00000000c6300000| Untracked 
| 100|0x00000000c6400000, 0x00000000c6400000, 0x00000000c6500000|  0%| F|  |TAMS 0x00000000c6400000, 0x00000000c6400000| Untracked 
| 101|0x00000000c6500000, 0x00000000c6500000, 0x00000000c6600000|  0%| F|  |TAMS 0x00000000c6500000, 0x00000000c6500000| Untracked 
| 102|0x00000000c6600000, 0x00000000c6600000, 0x00000000c6700000|  0%| F|  |TAMS 0x00000000c6600000, 0x00000000c6600000| Untracked 
| 103|0x00000000c6700000, 0x00000000c6700000, 0x00000000c6800000|  0%| F|  |TAMS 0x00000000c6700000, 0x00000000c6700000| Untracked 
| 104|0x00000000c6800000, 0x00000000c6800000, 0x00000000c6900000|  0%| F|  |TAMS 0x00000000c6800000, 0x00000000c6800000| Untracked 
| 105|0x00000000c6900000, 0x00000000c6900000, 0x00000000c6a00000|  0%| F|  |TAMS 0x00000000c6900000, 0x00000000c6900000| Untracked 
| 106|0x00000000c6a00000, 0x00000000c6a00000, 0x00000000c6b00000|  0%| F|  |TAMS 0x00000000c6a00000, 0x00000000c6a00000| Untracked 
| 107|0x00000000c6b00000, 0x00000000c6b00000, 0x00000000c6c00000|  0%| F|  |TAMS 0x00000000c6b00000, 0x00000000c6b00000| Untracked 
| 108|0x00000000c6c00000, 0x00000000c6c00000, 0x00000000c6d00000|  0%| F|  |TAMS 0x00000000c6c00000, 0x00000000c6c00000| Untracked 
| 109|0x00000000c6d00000, 0x00000000c6d00000, 0x00000000c6e00000|  0%| F|  |TAMS 0x00000000c6d00000, 0x00000000c6d00000| Untracked 
| 110|0x00000000c6e00000, 0x00000000c6e00000, 0x00000000c6f00000|  0%| F|  |TAMS 0x00000000c6e00000, 0x00000000c6e00000| Untracked 
| 111|0x00000000c6f00000, 0x00000000c6f00000, 0x00000000c7000000|  0%| F|  |TAMS 0x00000000c6f00000, 0x00000000c6f00000| Untracked 
| 112|0x00000000c7000000, 0x00000000c7000000, 0x00000000c7100000|  0%| F|  |TAMS 0x00000000c7000000, 0x00000000c7000000| Untracked 
| 113|0x00000000c7100000, 0x00000000c7100000, 0x00000000c7200000|  0%| F|  |TAMS 0x00000000c7100000, 0x00000000c7100000| Untracked 
| 114|0x00000000c7200000, 0x00000000c7200000, 0x00000000c7300000|  0%| F|  |TAMS 0x00000000c7200000, 0x00000000c7200000| Untracked 
| 115|0x00000000c7300000, 0x00000000c7300000, 0x00000000c7400000|  0%| F|  |TAMS 0x00000000c7300000, 0x00000000c7300000| Untracked 
| 116|0x00000000c7400000, 0x00000000c7400000, 0x00000000c7500000|  0%| F|  |TAMS 0x00000000c7400000, 0x00000000c7400000| Untracked 
| 117|0x00000000c7500000, 0x00000000c7500000, 0x00000000c7600000|  0%| F|  |TAMS 0x00000000c7500000, 0x00000000c7500000| Untracked 
| 118|0x00000000c7600000, 0x00000000c7600000, 0x00000000c7700000|  0%| F|  |TAMS 0x00000000c7600000, 0x00000000c7600000| Untracked 
| 119|0x00000000c7700000, 0x00000000c771e128, 0x00000000c7800000| 11%| E|  |TAMS 0x00000000c7700000, 0x00000000c7700000| Complete 

Card table byte_map: [0x00000264087d0000,0x00000264089d0000] _byte_map_base: 0x00000264081d0000

Marking Bits (Prev, Next): (CMBitMap*) 0x000002640202d340, (CMBitMap*) 0x000002640202d300
 Prev Bits: [0x0000026409bd0000, 0x000002640abd0000)
 Next Bits: [0x0000026408bd0000, 0x0000026409bd0000)

Polling page: 0x0000026400750000

Metaspace:

Usage:
  Non-class:     53.76 MB used.
      Class:      8.90 MB used.
       Both:     62.66 MB used.

Virtual space:
  Non-class space:       64.00 MB reserved,      54.25 MB ( 85%) committed,  1 nodes.
      Class space:        1.00 GB reserved,       9.19 MB ( <1%) committed,  1 nodes.
             Both:        1.06 GB reserved,      63.44 MB (  6%) committed. 

Chunk freelists:
   Non-Class:  9.54 MB
       Class:  6.92 MB
        Both:  16.47 MB

MaxMetaspaceSize: unlimited
CompressedClassSpaceSize: 1.00 GB
Initial GC threshold: 21.00 MB
Current GC threshold: 105.75 MB
CDS: off
MetaspaceReclaimPolicy: balanced
 - commit_granule_bytes: 65536.
 - commit_granule_words: 8192.
 - virtual_space_node_default_size: 8388608.
 - enlarge_chunks_in_place: 1.
 - new_chunks_are_fully_committed: 0.
 - uncommit_free_chunks: 1.
 - use_allocation_guard: 0.
 - handle_deallocations: 1.


Internal statistics:

num_allocs_failed_limit: 6.
num_arena_births: 686.
num_arena_deaths: 224.
num_vsnodes_births: 2.
num_vsnodes_deaths: 0.
num_space_committed: 1015.
num_space_uncommitted: 0.
num_chunks_returned_to_freelist: 275.
num_chunks_taken_from_freelist: 2751.
num_chunk_merges: 95.
num_chunk_splits: 1929.
num_chunks_enlarged: 1449.
num_inconsistent_stats: 0.

CodeCache: size=49152Kb used=17122Kb max_used=18599Kb free=32029Kb
 bounds [0x0000026404d20000, 0x0000026405f50000, 0x0000026407d20000]
 total_blobs=10361 nmethods=9724 adapters=564
 compilation: enabled
              stopped_count=0, restarted_count=0
 full_count=0

Compilation events (20 events):
Event: 2736.553 Thread 0x000002640d64e960 9903       1       java.lang.invoke.LambdaForm$DMH/0x000000010092f000::newInvokeSpecial (23 bytes)
Event: 2736.553 Thread 0x000002640d64e960 nmethod 9903 0x0000026405640990 code [0x0000026405640b40, 0x0000026405640cc8]
Event: 2736.553 Thread 0x000002640d64e960 9904       1       java.lang.ProcessImpl$$Lambda$1210/0x0000000100673a68::<init> (10 bytes)
Event: 2736.553 Thread 0x000002640d64e960 nmethod 9904 0x0000026405640690 code [0x0000026405640820, 0x00000264056408f8]
Event: 2736.553 Thread 0x000002640d64e960 9906       1       java.lang.ProcessHandleImpl::getInternal (13 bytes)
Event: 2736.553 Thread 0x000002640d64e960 nmethod 9906 0x0000026405640310 code [0x00000264056404a0, 0x0000026405640608]
Event: 2736.553 Thread 0x000002640d64e960 9907       1       java.lang.ProcessImpl$2::<init> (20 bytes)
Event: 2736.553 Thread 0x000002640d64e960 nmethod 9907 0x000002640563ff90 code [0x0000026405640120, 0x0000026405640298]
Event: 2736.553 Thread 0x000002640d64e960 9908       1       java.lang.ProcessImpl$2::run (5 bytes)
Event: 2736.553 Thread 0x000002640d64e960 nmethod 9908 0x000002640563fc90 code [0x000002640563fe20, 0x000002640563ff08]
Event: 2736.553 Thread 0x000002640d64e960 9909       1       java.lang.ProcessImpl$2::run (242 bytes)
Event: 2736.554 Thread 0x000002640d64e960 nmethod 9909 0x000002640563e610 code [0x000002640563e8c0, 0x000002640563f658]
Event: 2736.554 Thread 0x000002640d64e960 9910       1       java.lang.ProcessImpl::waitFor (136 bytes)
Event: 2736.554 Thread 0x000002640d64e960 nmethod 9910 0x000002640563dd90 code [0x000002640563dfa0, 0x000002640563e3b8]
Event: 2736.776 Thread 0x000002640d64e960 9911   !   1       java.io.FilterOutputStream::close (183 bytes)
Event: 2736.808 Thread 0x000002640d64e960 nmethod 9911 0x000002640563cc10 code [0x000002640563ce20, 0x000002640563d2f8]
Event: 2736.808 Thread 0x000002640d64e960 9913       1       java.lang.ProcessImpl$$Lambda$1210/0x0000000100673a68::run (8 bytes)
Event: 2736.808 Thread 0x000002640d64e960 nmethod 9913 0x000002640563c910 code [0x000002640563caa0, 0x000002640563cb88]
Event: 2736.808 Thread 0x000002640d64e960 9914       1       java.lang.ProcessImpl::lambda$new$0 (6 bytes)
Event: 2736.809 Thread 0x000002640d64e960 nmethod 9914 0x000002640563c610 code [0x000002640563c7a0, 0x000002640563c868]

GC Heap History (20 events):
Event: 3016.915 GC heap before
{Heap before GC invocations=357 (full 282):
 garbage-first heap   total 122880K, used 36606K [0x00000000c0000000, 0x0000000100000000)
  region size 1024K, 1 young (1024K), 0 survivors (0K)
 Metaspace       used 64161K, committed 64960K, reserved 1114112K
  class space    used 9109K, committed 9408K, reserved 1048576K
}
Event: 3016.982 GC heap after
{Heap after GC invocations=358 (full 283):
 garbage-first heap   total 122880K, used 36606K [0x00000000c0000000, 0x0000000100000000)
  region size 1024K, 0 young (0K), 0 survivors (0K)
 Metaspace       used 64161K, committed 64960K, reserved 1114112K
  class space    used 9109K, committed 9408K, reserved 1048576K
}
Event: 3027.482 GC heap before
{Heap before GC invocations=358 (full 283):
 garbage-first heap   total 122880K, used 36606K [0x00000000c0000000, 0x0000000100000000)
  region size 1024K, 1 young (1024K), 0 survivors (0K)
 Metaspace       used 64161K, committed 64960K, reserved 1114112K
  class space    used 9109K, committed 9408K, reserved 1048576K
}
Event: 3027.541 GC heap after
{Heap after GC invocations=359 (full 284):
 garbage-first heap   total 122880K, used 36606K [0x00000000c0000000, 0x0000000100000000)
  region size 1024K, 0 young (0K), 0 survivors (0K)
 Metaspace       used 64161K, committed 64960K, reserved 1114112K
  class space    used 9109K, committed 9408K, reserved 1048576K
}
Event: 3038.031 GC heap before
{Heap before GC invocations=359 (full 284):
 garbage-first heap   total 122880K, used 36606K [0x00000000c0000000, 0x0000000100000000)
  region size 1024K, 1 young (1024K), 0 survivors (0K)
 Metaspace       used 64161K, committed 64960K, reserved 1114112K
  class space    used 9109K, committed 9408K, reserved 1048576K
}
Event: 3038.106 GC heap after
{Heap after GC invocations=360 (full 285):
 garbage-first heap   total 122880K, used 36606K [0x00000000c0000000, 0x0000000100000000)
  region size 1024K, 0 young (0K), 0 survivors (0K)
 Metaspace       used 64161K, committed 64960K, reserved 1114112K
  class space    used 9109K, committed 9408K, reserved 1048576K
}
Event: 3048.575 GC heap before
{Heap before GC invocations=360 (full 285):
 garbage-first heap   total 122880K, used 36606K [0x00000000c0000000, 0x0000000100000000)
  region size 1024K, 1 young (1024K), 0 survivors (0K)
 Metaspace       used 64161K, committed 64960K, reserved 1114112K
  class space    used 9109K, committed 9408K, reserved 1048576K
}
Event: 3048.646 GC heap after
{Heap after GC invocations=361 (full 286):
 garbage-first heap   total 122880K, used 36606K [0x00000000c0000000, 0x0000000100000000)
  region size 1024K, 0 young (0K), 0 survivors (0K)
 Metaspace       used 64161K, committed 64960K, reserved 1114112K
  class space    used 9109K, committed 9408K, reserved 1048576K
}
Event: 3059.145 GC heap before
{Heap before GC invocations=361 (full 286):
 garbage-first heap   total 122880K, used 36606K [0x00000000c0000000, 0x0000000100000000)
  region size 1024K, 1 young (1024K), 0 survivors (0K)
 Metaspace       used 64161K, committed 64960K, reserved 1114112K
  class space    used 9109K, committed 9408K, reserved 1048576K
}
Event: 3059.221 GC heap after
{Heap after GC invocations=362 (full 287):
 garbage-first heap   total 122880K, used 36606K [0x00000000c0000000, 0x0000000100000000)
  region size 1024K, 0 young (0K), 0 survivors (0K)
 Metaspace       used 64161K, committed 64960K, reserved 1114112K
  class space    used 9109K, committed 9408K, reserved 1048576K
}
Event: 3069.698 GC heap before
{Heap before GC invocations=362 (full 287):
 garbage-first heap   total 122880K, used 36606K [0x00000000c0000000, 0x0000000100000000)
  region size 1024K, 1 young (1024K), 0 survivors (0K)
 Metaspace       used 64161K, committed 64960K, reserved 1114112K
  class space    used 9109K, committed 9408K, reserved 1048576K
}
Event: 3069.765 GC heap after
{Heap after GC invocations=363 (full 288):
 garbage-first heap   total 122880K, used 36606K [0x00000000c0000000, 0x0000000100000000)
  region size 1024K, 0 young (0K), 0 survivors (0K)
 Metaspace       used 64161K, committed 64960K, reserved 1114112K
  class space    used 9109K, committed 9408K, reserved 1048576K
}
Event: 3080.830 GC heap before
{Heap before GC invocations=363 (full 288):
 garbage-first heap   total 122880K, used 36606K [0x00000000c0000000, 0x0000000100000000)
  region size 1024K, 1 young (1024K), 0 survivors (0K)
 Metaspace       used 64161K, committed 64960K, reserved 1114112K
  class space    used 9109K, committed 9408K, reserved 1048576K
}
Event: 3080.906 GC heap after
{Heap after GC invocations=364 (full 289):
 garbage-first heap   total 122880K, used 36606K [0x00000000c0000000, 0x0000000100000000)
  region size 1024K, 0 young (0K), 0 survivors (0K)
 Metaspace       used 64161K, committed 64960K, reserved 1114112K
  class space    used 9109K, committed 9408K, reserved 1048576K
}
Event: 3092.330 GC heap before
{Heap before GC invocations=364 (full 289):
 garbage-first heap   total 122880K, used 36606K [0x00000000c0000000, 0x0000000100000000)
  region size 1024K, 1 young (1024K), 0 survivors (0K)
 Metaspace       used 64161K, committed 64960K, reserved 1114112K
  class space    used 9109K, committed 9408K, reserved 1048576K
}
Event: 3092.402 GC heap after
{Heap after GC invocations=365 (full 290):
 garbage-first heap   total 122880K, used 36606K [0x00000000c0000000, 0x0000000100000000)
  region size 1024K, 0 young (0K), 0 survivors (0K)
 Metaspace       used 64161K, committed 64960K, reserved 1114112K
  class space    used 9109K, committed 9408K, reserved 1048576K
}
Event: 3102.942 GC heap before
{Heap before GC invocations=365 (full 290):
 garbage-first heap   total 122880K, used 36606K [0x00000000c0000000, 0x0000000100000000)
  region size 1024K, 1 young (1024K), 0 survivors (0K)
 Metaspace       used 64161K, committed 64960K, reserved 1114112K
  class space    used 9109K, committed 9408K, reserved 1048576K
}
Event: 3103.020 GC heap after
{Heap after GC invocations=366 (full 291):
 garbage-first heap   total 122880K, used 36606K [0x00000000c0000000, 0x0000000100000000)
  region size 1024K, 0 young (0K), 0 survivors (0K)
 Metaspace       used 64161K, committed 64960K, reserved 1114112K
  class space    used 9109K, committed 9408K, reserved 1048576K
}
Event: 3113.278 GC heap before
{Heap before GC invocations=366 (full 291):
 garbage-first heap   total 122880K, used 36606K [0x00000000c0000000, 0x0000000100000000)
  region size 1024K, 1 young (1024K), 0 survivors (0K)
 Metaspace       used 64161K, committed 64960K, reserved 1114112K
  class space    used 9109K, committed 9408K, reserved 1048576K
}
Event: 3113.309 GC heap after
{Heap after GC invocations=367 (full 292):
 garbage-first heap   total 122880K, used 36606K [0x00000000c0000000, 0x0000000100000000)
  region size 1024K, 0 young (0K), 0 survivors (0K)
 Metaspace       used 64161K, committed 64960K, reserved 1114112K
  class space    used 9109K, committed 9408K, reserved 1048576K
}

Dll operation events (10 events):
Event: 0.036 Loaded shared library c:\Users\23020224\.vscode\extensions\redhat.java-1.19.0-win32-x64\jre\17.0.7-win32-x86_64\bin\java.dll
Event: 1.217 Loaded shared library C:\Users\23020224\.vscode\extensions\redhat.java-1.19.0-win32-x64\jre\17.0.7-win32-x86_64\bin\net.dll
Event: 1.225 Loaded shared library C:\Users\23020224\.vscode\extensions\redhat.java-1.19.0-win32-x64\jre\17.0.7-win32-x86_64\bin\nio.dll
Event: 1.250 Loaded shared library C:\Users\23020224\.vscode\extensions\redhat.java-1.19.0-win32-x64\jre\17.0.7-win32-x86_64\bin\zip.dll
Event: 3.781 Loaded shared library C:\Users\23020224\.vscode\extensions\redhat.java-1.19.0-win32-x64\jre\17.0.7-win32-x86_64\bin\jimage.dll
Event: 13.858 Loaded shared library C:\Users\23020224\.vscode\extensions\redhat.java-1.19.0-win32-x64\jre\17.0.7-win32-x86_64\bin\management.dll
Event: 13.899 Loaded shared library C:\Users\23020224\.vscode\extensions\redhat.java-1.19.0-win32-x64\jre\17.0.7-win32-x86_64\bin\management_ext.dll
Event: 16.331 Loaded shared library C:\Users\23020224\.vscode\extensions\redhat.java-1.19.0-win32-x64\jre\17.0.7-win32-x86_64\bin\sunmscapi.dll
Event: 32.718 Loaded shared library c:\Users\23020224\.vscode\extensions\redhat.java-1.19.0-win32-x64\jre\17.0.7-win32-x86_64\bin\verify.dll
Event: 39.183 Loaded shared library C:\Users\23020224\AppData\Local\Temp\snappy-1.1.8-f041859d-93ad-4daa-b43c-0e309dd4946e-snappyjava.dll

Deoptimization events (20 events):
Event: 34.257 Thread 0x00000264133cc7c0 DEOPT PACKING pc=0x0000026405b665f4 sp=0x0000006b862fdc00
Event: 34.257 Thread 0x00000264133cc7c0 DEOPT UNPACKING pc=0x0000026404d7ace3 sp=0x0000006b862fd130 mode 0
Event: 34.257 Thread 0x00000264133cc7c0 DEOPT PACKING pc=0x0000026405b9211c sp=0x0000006b862fde30
Event: 34.257 Thread 0x00000264133cc7c0 DEOPT UNPACKING pc=0x0000026404d7ace3 sp=0x0000006b862fd338 mode 0
Event: 34.258 Thread 0x00000264133cc7c0 DEOPT PACKING pc=0x0000026405af49f4 sp=0x0000006b862fdf20
Event: 34.258 Thread 0x00000264133cc7c0 DEOPT UNPACKING pc=0x0000026404d7ace3 sp=0x0000006b862fd418 mode 0
Event: 34.258 Thread 0x00000264133cc7c0 DEOPT PACKING pc=0x0000026405aed274 sp=0x0000006b862fdff0
Event: 34.258 Thread 0x00000264133cc7c0 DEOPT UNPACKING pc=0x0000026404d7ace3 sp=0x0000006b862fd4c8 mode 0
Event: 34.258 Thread 0x00000264133cc7c0 DEOPT PACKING pc=0x0000026405ac10a4 sp=0x0000006b862fe0a0
Event: 34.258 Thread 0x00000264133cc7c0 DEOPT UNPACKING pc=0x0000026404d7ace3 sp=0x0000006b862fd620 mode 0
Event: 34.258 Thread 0x00000264133cc7c0 DEOPT PACKING pc=0x0000026405b826ac sp=0x0000006b862fe3c0
Event: 34.258 Thread 0x00000264133cc7c0 DEOPT UNPACKING pc=0x0000026404d7ace3 sp=0x0000006b862fd850 mode 0
Event: 34.281 Thread 0x00000264133cc7c0 DEOPT PACKING pc=0x000002640529d273 sp=0x0000006b862fd800
Event: 34.281 Thread 0x00000264133cc7c0 DEOPT UNPACKING pc=0x0000026404d7ace3 sp=0x0000006b862fcd20 mode 3
Event: 38.942 Thread 0x0000026413604410 DEOPT PACKING pc=0x0000026405da2f0c sp=0x0000006b869fdf70
Event: 38.942 Thread 0x0000026413604410 DEOPT UNPACKING pc=0x0000026404d7ace3 sp=0x0000006b869fd4b8 mode 0
Event: 38.945 Thread 0x0000026413604410 DEOPT PACKING pc=0x0000026405da2f6c sp=0x0000006b869fe2a0
Event: 38.945 Thread 0x0000026413604410 DEOPT UNPACKING pc=0x0000026404d7ace3 sp=0x0000006b869fd7f0 mode 0
Event: 38.945 Thread 0x0000026413604410 DEOPT PACKING pc=0x0000026405da2f6c sp=0x0000006b869fe530
Event: 38.945 Thread 0x0000026413604410 DEOPT UNPACKING pc=0x0000026404d7ace3 sp=0x0000006b869fda80 mode 0

Classes unloaded (20 events):
Event: 149.726 Thread 0x000002640d65b250 Unloading class 0x0000000100399400 'java/lang/invoke/LambdaForm$MH+0x0000000100399400'
Event: 149.726 Thread 0x000002640d65b250 Unloading class 0x0000000100399000 'java/lang/invoke/LambdaForm$MH+0x0000000100399000'
Event: 149.726 Thread 0x000002640d65b250 Unloading class 0x0000000100091c00 'java/lang/invoke/LambdaForm$MH+0x0000000100091c00'
Event: 149.726 Thread 0x000002640d65b250 Unloading class 0x0000000100091800 'java/lang/invoke/LambdaForm$MH+0x0000000100091800'
Event: 149.726 Thread 0x000002640d65b250 Unloading class 0x0000000100091400 'java/lang/invoke/LambdaForm$MH+0x0000000100091400'
Event: 149.726 Thread 0x000002640d65b250 Unloading class 0x0000000100091000 'java/lang/invoke/LambdaForm$MH+0x0000000100091000'
Event: 149.726 Thread 0x000002640d65b250 Unloading class 0x0000000100090c00 'java/lang/invoke/LambdaForm$MH+0x0000000100090c00'
Event: 149.726 Thread 0x000002640d65b250 Unloading class 0x0000000100090800 'java/lang/invoke/LambdaForm$MH+0x0000000100090800'
Event: 149.726 Thread 0x000002640d65b250 Unloading class 0x0000000100090400 'java/lang/invoke/LambdaForm$MH+0x0000000100090400'
Event: 149.726 Thread 0x000002640d65b250 Unloading class 0x0000000100090000 'java/lang/invoke/LambdaForm$MH+0x0000000100090000'
Event: 149.726 Thread 0x000002640d65b250 Unloading class 0x000000010008b800 'java/lang/invoke/LambdaForm$MH+0x000000010008b800'
Event: 149.726 Thread 0x000002640d65b250 Unloading class 0x000000010008b400 'java/lang/invoke/LambdaForm$MH+0x000000010008b400'
Event: 149.726 Thread 0x000002640d65b250 Unloading class 0x000000010008b000 'java/lang/invoke/LambdaForm$MH+0x000000010008b000'
Event: 149.726 Thread 0x000002640d65b250 Unloading class 0x000000010008ac00 'java/lang/invoke/LambdaForm$MH+0x000000010008ac00'
Event: 149.726 Thread 0x000002640d65b250 Unloading class 0x000000010008a800 'java/lang/invoke/LambdaForm$MH+0x000000010008a800'
Event: 149.726 Thread 0x000002640d65b250 Unloading class 0x000000010008a400 'java/lang/invoke/LambdaForm$MH+0x000000010008a400'
Event: 149.726 Thread 0x000002640d65b250 Unloading class 0x0000000100089c00 'java/lang/invoke/LambdaForm$MH+0x0000000100089c00'
Event: 149.726 Thread 0x000002640d65b250 Unloading class 0x0000000100089400 'java/lang/invoke/LambdaForm$MH+0x0000000100089400'
Event: 149.726 Thread 0x000002640d65b250 Unloading class 0x0000000100088c00 'java/lang/invoke/LambdaForm$MH+0x0000000100088c00'
Event: 149.726 Thread 0x000002640d65b250 Unloading class 0x0000000100088400 'java/lang/invoke/LambdaForm$MH+0x0000000100088400'

Classes redefined (0 events):
No events

Internal exceptions (20 events):
Event: 40.602 Thread 0x0000026413604410 Exception <a 'sun/nio/fs/WindowsException'{0x00000000dfe8b430}> (0x00000000dfe8b430) 
thrown [s\src\hotspot\share\prims\jni.cpp, line 516]
Event: 40.602 Thread 0x0000026413604410 Exception <a 'sun/nio/fs/WindowsException'{0x00000000dfe8b810}> (0x00000000dfe8b810) 
thrown [s\src\hotspot\share\prims\jni.cpp, line 516]
Event: 40.603 Thread 0x0000026413604410 Exception <a 'sun/nio/fs/WindowsException'{0x00000000dfebc0e0}> (0x00000000dfebc0e0) 
thrown [s\src\hotspot\share\prims\jni.cpp, line 516]
Event: 40.604 Thread 0x0000026413604410 Exception <a 'sun/nio/fs/WindowsException'{0x00000000dfebc488}> (0x00000000dfebc488) 
thrown [s\src\hotspot\share\prims\jni.cpp, line 516]
Event: 40.604 Thread 0x0000026413604410 Exception <a 'sun/nio/fs/WindowsException'{0x00000000dfebd428}> (0x00000000dfebd428) 
thrown [s\src\hotspot\share\prims\jni.cpp, line 516]
Event: 40.604 Thread 0x0000026413604410 Exception <a 'sun/nio/fs/WindowsException'{0x00000000dfebd7e8}> (0x00000000dfebd7e8) 
thrown [s\src\hotspot\share\prims\jni.cpp, line 516]
Event: 40.604 Thread 0x0000026413604410 Exception <a 'sun/nio/fs/WindowsException'{0x00000000dfedeb60}> (0x00000000dfedeb60) 
thrown [s\src\hotspot\share\prims\jni.cpp, line 516]
Event: 40.604 Thread 0x0000026413604410 Exception <a 'sun/nio/fs/WindowsException'{0x00000000dfedef00}> (0x00000000dfedef00) 
thrown [s\src\hotspot\share\prims\jni.cpp, line 516]
Event: 40.604 Thread 0x0000026413604410 Exception <a 'sun/nio/fs/WindowsException'{0x00000000dfedfe88}> (0x00000000dfedfe88) 
thrown [s\src\hotspot\share\prims\jni.cpp, line 516]
Event: 40.604 Thread 0x0000026413604410 Exception <a 'sun/nio/fs/WindowsException'{0x00000000dfee0248}> (0x00000000dfee0248) 
thrown [s\src\hotspot\share\prims\jni.cpp, line 516]
Event: 40.606 Thread 0x0000026413604410 Exception <a 'sun/nio/fs/WindowsException'{0x00000000dfd171b8}> (0x00000000dfd171b8) 
thrown [s\src\hotspot\share\prims\jni.cpp, line 516]
Event: 40.607 Thread 0x0000026413604410 Exception <a 'sun/nio/fs/WindowsException'{0x00000000dfd17578}> (0x00000000dfd17578) 
thrown [s\src\hotspot\share\prims\jni.cpp, line 516]
Event: 40.607 Thread 0x0000026413604410 Exception <a 'sun/nio/fs/WindowsException'{0x00000000dfd18a80}> (0x00000000dfd18a80) 
thrown [s\src\hotspot\share\prims\jni.cpp, line 516]
Event: 40.607 Thread 0x0000026413604410 Exception <a 'sun/nio/fs/WindowsException'{0x00000000dfd18e60}> (0x00000000dfd18e60) 
thrown [s\src\hotspot\share\prims\jni.cpp, line 516]
Event: 40.608 Thread 0x0000026413604410 Exception <a 'sun/nio/fs/WindowsException'{0x00000000dfd413b0}> (0x00000000dfd413b0) 
thrown [s\src\hotspot\share\prims\jni.cpp, line 516]
Event: 40.608 Thread 0x0000026413604410 Exception <a 'sun/nio/fs/WindowsException'{0x00000000dfd41768}> (0x00000000dfd41768) 
thrown [s\src\hotspot\share\prims\jni.cpp, line 516]
Event: 40.608 Thread 0x0000026413604410 Exception <a 'sun/nio/fs/WindowsException'{0x00000000dfd42c60}> (0x00000000dfd42c60) 
thrown [s\src\hotspot\share\prims\jni.cpp, line 516]
Event: 40.608 Thread 0x0000026413604410 Exception <a 'sun/nio/fs/WindowsException'{0x00000000dfd43038}> (0x00000000dfd43038) 
thrown [s\src\hotspot\share\prims\jni.cpp, line 516]
Event: 74.014 Thread 0x0000026412f52470 Exception <a 'java/lang/NoSuchMethodError'{0x00000000dfb02268}: 'void java.lang.invoke.DirectMethodHandle$Holder.invokeStatic(java.lang.Object, long)'> (0x00000000dfb02268) 
thrown [s\src\hotspot\share\interpreter\linkResolver.cpp, line 759]
Event: 74.014 Thread 0x0000026412f52470 Exception <a 'java/lang/NoSuchMethodError'{0x00000000dfb07618}: 'java.lang.Object java.lang.invoke.DirectMethodHandle$Holder.newInvokeSpecial(java.lang.Object, long)'> (0x00000000dfb07618) 
thrown [s\src\hotspot\share\interpreter\linkResolver.cpp, line 759]

VM Operations (20 events):
Event: 3016.982 Executing VM operation: G1CollectFull done
Event: 3027.482 Executing VM operation: G1CollectFull
Event: 3027.541 Executing VM operation: G1CollectFull done
Event: 3038.030 Executing VM operation: G1CollectFull
Event: 3038.107 Executing VM operation: G1CollectFull done
Event: 3048.575 Executing VM operation: G1CollectFull
Event: 3048.646 Executing VM operation: G1CollectFull done
Event: 3059.144 Executing VM operation: G1CollectFull
Event: 3059.221 Executing VM operation: G1CollectFull done
Event: 3069.698 Executing VM operation: G1CollectFull
Event: 3069.765 Executing VM operation: G1CollectFull done
Event: 3080.830 Executing VM operation: G1CollectFull
Event: 3080.907 Executing VM operation: G1CollectFull done
Event: 3092.329 Executing VM operation: G1CollectFull
Event: 3092.402 Executing VM operation: G1CollectFull done
Event: 3102.942 Executing VM operation: G1CollectFull
Event: 3103.020 Executing VM operation: G1CollectFull done
Event: 3113.278 Executing VM operation: G1CollectFull
Event: 3113.309 Executing VM operation: G1CollectFull done
Event: 3126.018 Executing VM operation: G1CollectFull

Events (20 events):
Event: 53.625 Thread 0x0000026413604410 Thread exited: 0x0000026413604410
Event: 73.965 loading class java/lang/ProcessBuilder
Event: 73.965 loading class java/lang/ProcessBuilder done
Event: 73.965 loading class java/lang/ProcessImpl
Event: 73.966 loading class java/lang/ProcessImpl done
Event: 74.014 loading class java/lang/ProcessImpl$2
Event: 74.015 loading class java/lang/ProcessImpl$2 done
Event: 74.015 loading class java/lang/Process$PipeInputStream
Event: 74.015 loading class java/lang/Process$PipeInputStream done
Event: 74.016 loading class jdk/internal/event/ProcessStartEvent
Event: 74.016 loading class jdk/internal/event/ProcessStartEvent done
Event: 75.080 Thread 0x00000264133ba860 Thread exited: 0x00000264133ba860
Event: 76.143 Thread 0x00000264133ba390 Thread exited: 0x00000264133ba390
Event: 76.143 Thread 0x00000264133b9ec0 Thread exited: 0x00000264133b9ec0
Event: 81.204 Thread 0x00000264133cf7e0 Thread exited: 0x00000264133cf7e0
Event: 94.877 Thread 0x00000264133cc7c0 Thread exited: 0x00000264133cc7c0
Event: 154.888 Thread 0x00000264136035a0 Thread exited: 0x00000264136035a0
Event: 214.896 Thread 0x000002641360adf0 Thread exited: 0x000002641360adf0
Event: 274.911 Thread 0x0000026413603f40 Thread exited: 0x0000026413603f40
Event: 334.918 Thread 0x00000264133cfcb0 Thread exited: 0x00000264133cfcb0


Dynamic libraries:
0x00007ff79b330000 - 0x00007ff79b33e000 	c:\Users\23020224\.vscode\extensions\redhat.java-1.19.0-win32-x64\jre\17.0.7-win32-x86_64\bin\java.exe
0x00007ffea60b0000 - 0x00007ffea62a8000 	C:\Windows\SYSTEM32\ntdll.dll
0x00007ffea5a60000 - 0x00007ffea5b1f000 	C:\Windows\System32\KERNEL32.DLL
0x00007ffea3ce0000 - 0x00007ffea3fb2000 	C:\Windows\System32\KERNELBASE.dll
0x00007ffea3960000 - 0x00007ffea3a60000 	C:\Windows\System32\ucrtbase.dll
0x00007ffe93ed0000 - 0x00007ffe93ee7000 	c:\Users\23020224\.vscode\extensions\redhat.java-1.19.0-win32-x64\jre\17.0.7-win32-x86_64\bin\jli.dll
0x00007ffea44e0000 - 0x00007ffea4681000 	C:\Windows\System32\USER32.dll
0x00007ffea3cb0000 - 0x00007ffea3cd2000 	C:\Windows\System32\win32u.dll
0x00007ffea44b0000 - 0x00007ffea44db000 	C:\Windows\System32\GDI32.dll
0x00007ffea37a0000 - 0x00007ffea38af000 	C:\Windows\System32\gdi32full.dll
0x00007ffea3bc0000 - 0x00007ffea3c5d000 	C:\Windows\System32\msvcp_win.dll
0x00007ffe92030000 - 0x00007ffe92049000 	c:\Users\23020224\.vscode\extensions\redhat.java-1.19.0-win32-x64\jre\17.0.7-win32-x86_64\bin\VCRUNTIME140.dll
0x00007ffe916d0000 - 0x00007ffe9196a000 	C:\Windows\WinSxS\amd64_microsoft.windows.common-controls_6595b64144ccf1df_6.0.19041.1110_none_60b5254171f9507e\COMCTL32.dll
0x00007ffea46a0000 - 0x00007ffea473e000 	C:\Windows\System32\msvcrt.dll
0x00007ffea5bc0000 - 0x00007ffea5bf2000 	C:\Windows\System32\IMM32.DLL
0x0000026400770000 - 0x0000026400784000 	C:\Windows\System32\umppc16812.dll
0x00007ffe93a10000 - 0x00007ffe93a1c000 	c:\Users\23020224\.vscode\extensions\redhat.java-1.19.0-win32-x64\jre\17.0.7-win32-x86_64\bin\vcruntime140_1.dll
0x00007ffe5a840000 - 0x00007ffe5a8d1000 	c:\Users\23020224\.vscode\extensions\redhat.java-1.19.0-win32-x64\jre\17.0.7-win32-x86_64\bin\msvcp140.dll
0x00007ffe0fb60000 - 0x00007ffe107a8000 	c:\Users\23020224\.vscode\extensions\redhat.java-1.19.0-win32-x64\jre\17.0.7-win32-x86_64\bin\server\jvm.dll
0x00007ffea59a0000 - 0x00007ffea5a4e000 	C:\Windows\System32\ADVAPI32.dll
0x00007ffea5b20000 - 0x00007ffea5bbc000 	C:\Windows\System32\sechost.dll
0x00007ffea5cb0000 - 0x00007ffea5dd5000 	C:\Windows\System32\RPCRT4.dll
0x00007ffe94640000 - 0x00007ffe94649000 	C:\Windows\SYSTEM32\WSOCK32.dll
0x00007ffea54c0000 - 0x00007ffea552b000 	C:\Windows\System32\WS2_32.dll
0x00007ffe956a0000 - 0x00007ffe956c7000 	C:\Windows\SYSTEM32\WINMM.dll
0x00007ffe99f50000 - 0x00007ffe99f5a000 	C:\Windows\SYSTEM32\VERSION.dll
0x00007ffea1f80000 - 0x00007ffea1f92000 	C:\Windows\SYSTEM32\kernel.appcore.dll
0x00007ffe937a0000 - 0x00007ffe937aa000 	c:\Users\23020224\.vscode\extensions\redhat.java-1.19.0-win32-x64\jre\17.0.7-win32-x86_64\bin\jimage.dll
0x00007ffea1c50000 - 0x00007ffea1e34000 	C:\Windows\SYSTEM32\DBGHELP.DLL
0x00007ffe8ab10000 - 0x00007ffe8ab45000 	C:\Windows\SYSTEM32\dbgcore.DLL
0x00007ffea4030000 - 0x00007ffea40b2000 	C:\Windows\System32\bcryptPrimitives.dll
0x00007ffe68320000 - 0x00007ffe68345000 	c:\Users\23020224\.vscode\extensions\redhat.java-1.19.0-win32-x64\jre\17.0.7-win32-x86_64\bin\java.dll
0x00007ffe915c0000 - 0x00007ffe915d8000 	c:\Users\23020224\.vscode\extensions\redhat.java-1.19.0-win32-x64\jre\17.0.7-win32-x86_64\bin\zip.dll
0x00007ffea4c40000 - 0x00007ffea5384000 	C:\Windows\System32\SHELL32.dll
0x00007ffea11d0000 - 0x00007ffea1962000 	C:\Windows\SYSTEM32\windows.storage.dll
0x00007ffea4150000 - 0x00007ffea44a5000 	C:\Windows\System32\combase.dll
0x00007ffea3080000 - 0x00007ffea30b0000 	C:\Windows\SYSTEM32\Wldp.dll
0x00007ffea4740000 - 0x00007ffea47ed000 	C:\Windows\System32\SHCORE.dll
0x00007ffea5390000 - 0x00007ffea53e5000 	C:\Windows\System32\shlwapi.dll
0x00007ffea36b0000 - 0x00007ffea36cf000 	C:\Windows\SYSTEM32\profapi.dll
0x00007ffe8b650000 - 0x00007ffe8b669000 	C:\Users\23020224\.vscode\extensions\redhat.java-1.19.0-win32-x64\jre\17.0.7-win32-x86_64\bin\net.dll
0x00007ffe9c000000 - 0x00007ffe9c10c000 	C:\Windows\SYSTEM32\WINHTTP.dll
0x00007ffea2e60000 - 0x00007ffea2eca000 	C:\Windows\system32\mswsock.dll
0x00007ffe6cc00000 - 0x00007ffe6cc15000 	C:\Users\23020224\.vscode\extensions\redhat.java-1.19.0-win32-x64\jre\17.0.7-win32-x86_64\bin\nio.dll
0x00007ffea3130000 - 0x00007ffea3148000 	C:\Windows\SYSTEM32\CRYPTSP.dll
0x00007ffea2720000 - 0x00007ffea2754000 	C:\Windows\system32\rsaenh.dll
0x00007ffea3770000 - 0x00007ffea3797000 	C:\Windows\System32\bcrypt.dll
0x00007ffea3670000 - 0x00007ffea369e000 	C:\Windows\SYSTEM32\USERENV.dll
0x00007ffea2ff0000 - 0x00007ffea2ffc000 	C:\Windows\SYSTEM32\CRYPTBASE.dll
0x00007ffea2b60000 - 0x00007ffea2b9b000 	C:\Windows\SYSTEM32\IPHLPAPI.DLL
0x00007ffea4690000 - 0x00007ffea4698000 	C:\Windows\System32\NSI.dll
0x00007ffe9b2f0000 - 0x00007ffe9b307000 	C:\Windows\SYSTEM32\dhcpcsvc6.DLL
0x00007ffe9b2d0000 - 0x00007ffe9b2ed000 	C:\Windows\SYSTEM32\dhcpcsvc.DLL
0x00007ffea2ba0000 - 0x00007ffea2c6a000 	C:\Windows\SYSTEM32\DNSAPI.dll
0x00007ffe93f00000 - 0x00007ffe93f09000 	C:\Users\23020224\.vscode\extensions\redhat.java-1.19.0-win32-x64\jre\17.0.7-win32-x86_64\bin\management.dll
0x00007ffe93ef0000 - 0x00007ffe93efb000 	C:\Users\23020224\.vscode\extensions\redhat.java-1.19.0-win32-x64\jre\17.0.7-win32-x86_64\bin\management_ext.dll
0x00007ffea47f0000 - 0x00007ffea47f8000 	C:\Windows\System32\PSAPI.DLL
0x00007ffe93890000 - 0x00007ffe9389e000 	C:\Users\23020224\.vscode\extensions\redhat.java-1.19.0-win32-x64\jre\17.0.7-win32-x86_64\bin\sunmscapi.dll
0x00007ffea3a60000 - 0x00007ffea3bb6000 	C:\Windows\System32\CRYPT32.dll
0x00007ffea3240000 - 0x00007ffea3267000 	C:\Windows\SYSTEM32\ncrypt.dll
0x00007ffea3200000 - 0x00007ffea323b000 	C:\Windows\SYSTEM32\NTASN1.dll
0x00007ffe99f60000 - 0x00007ffe99f6a000 	C:\Windows\System32\rasadhlp.dll
0x00007ffe9b670000 - 0x00007ffe9b6f0000 	C:\Windows\System32\fwpuclnt.dll
0x00007ffe92610000 - 0x00007ffe92620000 	c:\Users\23020224\.vscode\extensions\redhat.java-1.19.0-win32-x64\jre\17.0.7-win32-x86_64\bin\verify.dll
0x0000000000420000 - 0x00000000004e7000 	C:\Users\23020224\AppData\Local\Temp\snappy-1.1.8-f041859d-93ad-4daa-b43c-0e309dd4946e-snappyjava.dll

dbghelp: loaded successfully - version: 4.0.5 - missing functions: none
symbol engine: initialized successfully - sym options: 0x614 - pdb path: .;c:\Users\23020224\.vscode\extensions\redhat.java-1.19.0-win32-x64\jre\17.0.7-win32-x86_64\bin;C:\Windows\SYSTEM32;C:\Windows\WinSxS\amd64_microsoft.windows.common-controls_6595b64144ccf1df_6.0.19041.1110_none_60b5254171f9507e;c:\Users\23020224\.vscode\extensions\redhat.java-1.19.0-win32-x64\jre\17.0.7-win32-x86_64\bin\server;C:\Users\23020224\AppData\Local\Temp

VM Arguments:
jvm_args: -XX:+HeapDumpOnOutOfMemoryError -Xmx1024m -Dsts.lsp.client=vscode -Dsts.log.file=/dev/null -XX:TieredStopAtLevel=1 -Xlog:jni+resolve=off -Dspring.config.location=file:c:\Users\23020224\.vscode\extensions\vmware.vscode-spring-boot-1.47.0\language-server\BOOT-INF\classes\application.properties 
java_command: org.springframework.ide.vscode.boot.app.BootLanguageServerBootApp
java_class_path (initial): c:\Users\23020224\.vscode\extensions\vmware.vscode-spring-boot-1.47.0\language-server\BOOT-INF\classes;c:\Users\23020224\.vscode\extensions\vmware.vscode-spring-boot-1.47.0\language-server\BOOT-INF\lib\annotations-24.0.1.jar;c:\Users\23020224\.vscode\extensions\vmware.vscode-spring-boot-1.47.0\language-server\BOOT-INF\lib\antlr-runtime-3.5.3.jar;c:\Users\23020224\.vscode\extensions\vmware.vscode-spring-boot-1.47.0\language-server\BOOT-INF\lib\antlr4-4.11.1.jar;c:\Users\23020224\.vscode\extensions\vmware.vscode-spring-boot-1.47.0\language-server\BOOT-INF\lib\antlr4-runtime-4.11.1.jar;c:\Users\23020224\.vscode\extensions\vmware.vscode-spring-boot-1.47.0\language-server\BOOT-INF\lib\aopalliance-1.0.jar;c:\Users\23020224\.vscode\extensions\vmware.vscode-spring-boot-1.47.0\language-server\BOOT-INF\lib\asm-9.5.jar;c:\Users\23020224\.vscode\extensions\vmware.vscode-spring-boot-1.47.0\language-server\BOOT-INF\lib\asm-analysis-9.5.jar;c:\Users\23020224\.vscode\extensions\vmware.vscode-spring-boot-1.47.0\language-server\BOOT-INF\lib\asm-tree-9.5.jar;c:\Users\23020224\.vscode\extensions\vmware.vscode-spring-boot-1.47.0\language-server\BOOT-INF\lib\asm-util-9.5.jar;c:\Users\23020224\.vscode\extensions\vmware.vscode-spring-boot-1.47.0\language-server\BOOT-INF\lib\auto-common-1.2.1.jar;c:\Users\23020224\.vscode\extensions\vmware.vscode-spring-boot-1.47.0\language-server\BOOT-INF\lib\auto-value-annotations-1.9.jar;c:\Users\23020224\.vscode\extensions\vmware.vscode-spring-boot-1.47.0\language-server\BOOT-INF\lib\caffeine-3.1.2.jar;c:\Users\23020224\.vscode\extensions\vmware.vscode-spring-boot-1.47.0\language-server\BOOT-INF\lib\checker-qual-3.12.0.jar;c:\Users\23020224\.vscode\extensions\vmware.vscode-spring-boot-1.47.0\language-server\BOOT-INF\lib\classgraph-4.8.149.jar;c:\Users\23020224\.vscode\extensions\vmware.vscode-spring-boot-1.47.0\language-server\BOOT-INF\lib\commons-codec-1.15.jar;c:\Users\23020224\.vscode\extensions\vmware.vscode-spring-boot-
Launcher Type: SUN_STANDARD

[Global flags]
     intx CICompilerCount                          = 4                                         {product} {ergonomic}
     uint ConcGCThreads                            = 2                                         {product} {ergonomic}
     uint G1ConcRefinementThreads                  = 8                                         {product} {ergonomic}
   size_t G1HeapRegionSize                         = 1048576                                   {product} {ergonomic}
    uintx GCDrainStackTargetSize                   = 64                                        {product} {ergonomic}
     bool HeapDumpOnOutOfMemoryError               = true                                   {manageable} {command line}
   size_t InitialHeapSize                          = 264241152                                 {product} {ergonomic}
   size_t MarkStackSize                            = 4194304                                   {product} {ergonomic}
   size_t MaxHeapSize                              = 1073741824                                {product} {command line}
   size_t MaxNewSize                               = 643825664                                 {product} {ergonomic}
   size_t MinHeapDeltaBytes                        = 1048576                                   {product} {ergonomic}
   size_t MinHeapSize                              = 8388608                                   {product} {ergonomic}
    uintx NonProfiledCodeHeapSize                  = 0                                      {pd product} {ergonomic}
     bool ProfileInterpreter                       = false                                  {pd product} {command line}
    uintx ProfiledCodeHeapSize                     = 0                                      {pd product} {ergonomic}
   size_t SoftMaxHeapSize                          = 1073741824                             {manageable} {ergonomic}
     intx TieredStopAtLevel                        = 1                                         {product} {command line}
     bool UseCompressedClassPointers               = true                           {product lp64_product} {ergonomic}
     bool UseCompressedOops                        = true                           {product lp64_product} {ergonomic}
     bool UseG1GC                                  = true                                      {product} {ergonomic}
     bool UseLargePagesIndividualAllocation        = false                                  {pd product} {ergonomic}

Logging:
Log output configuration:
 #0: stdout all=warning,jni+resolve=off uptime,level,tags
 #1: stderr all=off uptime,level,tags

Environment Variables:
JAVA_HOME=C:\Program Files\Java\jdk-19\
PATH=C:\Windows\system32;C:\Program Files\Java\jdk-19\\bin;C:\Windows;C:\Windows\System32\Wbem;C:\Windows\System32\WindowsPowerShell\v1.0\;C:\Windows\System32\OpenSSH\;C:\Program Files (x86)\IBM\Client Access\Emulator;C:\Program Files (x86)\IBM\Client Access\Shared;C:\Program Files (x86)\IBM\Client Access\;C:\Program Files\dotnet\;C:\Program Files\Microsoft SQL Server\Client SDK\ODBC\170\Tools\Binn\;C:\Program Files (x86)\Microsoft SQL Server\150\Tools\Binn\;C:\Program Files\Microsoft SQL Server\150\Tools\Binn\;C:\Program Files\Microsoft SQL Server\150\DTS\Binn\;C:\Program Files (x86)\Microsoft SQL Server\150\DTS\Binn\;C:\Program Files\Azure Data Studio\bin;D:\Git\Git\cmd;C:\Program Files\Calibre2\;C:\Program Files\Java\jdk-18.0.2.1\bin;D:\Maven\apache-maven-3.8.6\bin;C:\Program Files\PuTTY\;C:\Program Files\Java\jdk-19.0.2\bin;C:\Program Files\Docker\Docker\resources\bin;C:\Program Files\Cloudflare\Cloudflare WARP\;D:\Apps\nvm\nvm;C:\Program Files\nodejs;C:\Users\23020224\AppData\Local\Microsoft\WindowsApps;D:\Apps\Visual Studio Code\Microsoft VS Code\bin;C:\Users\23020224\AppData\Local\GitHubDesktop\bin;D:\Apps\nvm\nvm;C:\Program Files\nodejs;D:\flutter\flutter\bin;
USERNAME=23020224
OS=Windows_NT
PROCESSOR_IDENTIFIER=Intel64 Family 6 Model 140 Stepping 1, GenuineIntel
TMP=C:\Users\23020224\AppData\Local\Temp
TEMP=C:\Users\23020224\AppData\Local\Temp



---------------  S Y S T E M  ---------------

OS:
 Windows 10 , 64 bit Build 19041 (10.0.19041.2364)
OS uptime: 6 days 23:34 hours
Hyper-V role detected

CPU: total 8 (initial active 8) (4 cores per cpu, 2 threads per core) family 6 model 140 stepping 1 microcode 0xa4, cx8, cmov, fxsr, ht, mmx, 3dnowpref, sse, sse2, sse3, ssse3, sse4.1, sse4.2, popcnt, lzcnt, tsc, tscinvbit, avx, avx2, aes, erms, clmul, bmi1, bmi2, adx, avx512f, avx512dq, avx512cd, avx512bw, avx512vl, sha, fma, vzeroupper, avx512_vpopcntdq, avx512_vpclmulqdq, avx512_vaes, avx512_vnni, clflush, clflushopt, clwb, avx512_vbmi2, avx512_vbmi, hv

Memory: 4k page, system-wide physical 16118M (4148M free)
TotalPageFile size 18166M (AvailPageFile size 97M)
current process WorkingSet (physical memory assigned to process): 148M, peak: 1110M
current process commit charge ("private bytes"): 306M, peak: 1100M

vm_info: OpenJDK 64-Bit Server VM (17.0.7+7) for windows-amd64 JRE (17.0.7+7), built on Apr 18 2023 22:10:42 by "temurin" with MS VC++ 16.7 (VS2019)

END.
